 {
  "@timestamp": "2021-11-27T21:47:04.580Z",
  "event_id": 11,
  "provider": "Microsoft-Windows-Sysmon",
  "source": "Sysmon",
  "computer_name": "HR-DESK-02",
  "message": "File created:",
  "image": "C:\\Windows\\System32\\spoolsv.exe",
  "targetfilename": "C:\\Users\\LOCAL SERVICE\\Documents\\file_39.tmp",
  "processid": 7195
 },
 {
  "@timestamp": "2021-02-26T00:16:15.962Z",
  "event_id": 1,
  "provider": "Microsoft-Windows-Sysmon",
  "source": "Sysmon",
  "computer_name": "EXCH01",
  "message": "Process Create:",
  "image": "C:\\Windows\\System32\\spoolsv.exe",
  "commandline": "\"C:\\Windows\\System32\\spoolsv.exe\" --flag-9867 --config-5",
  "user": "ABYAH\\jane.doe",
  "processid": 2095
 },
 {
  "@timestamp": "2021-04-04T13:31:00.613Z",
  "event_id": 8,
  "provider": "Microsoft-Windows-Sysmon",
  "source": "Sysmon",
  "computer_name": "SQL01",
  "message": "Sysmon event 8"
 },
 {
  "@timestamp": "2021-07-15T01:24:14.817Z",
  "event_id": 6013,
  "provider": "System",
  "source": "System",
  "computer_name": "HR-DESK-02",
  "message": "The system uptime is 6710243 seconds."
 },
 {
  "@timestamp": "2021-06-02T09:37:18.897Z",
  "event_id": 1,
  "provider": "Microsoft-Windows-Sysmon",
  "source": "Sysmon",
  "computer_name": "CLIENT05",
  "message": "Process Create:",
  "image": "C:\\Windows\\System32\\winlogon.exe",
  "commandline": "\"C:\\Windows\\System32\\winlogon.exe\" --flag-5173 --config-5",
  "user": "ABYAH\\admin",
  "processid": 1592
 },
 {
  "@timestamp": "2021-10-25T06:45:14.681Z",
  "event_id": 6013,
  "provider": "System",
  "source": "System",
  "computer_name": "CLIENT03",
  "message": "The system uptime is 7093284 seconds."
 },
 {
  "@timestamp": "2021-08-07T04:54:10.494Z",
  "event_id": 6005,
  "provider": "System",
  "source": "System",
  "computer_name": "FILE01",
  "message": "The Event log service was started."
 },
 {
  "@timestamp": "2021-05-07T13:42:08.948Z",
  "event_id": 4634,
  "provider": "Security-Auditing",
  "source": "Security-Auditing",
  "computer_name": "APP01",
  "message": "An account was logged off.",
  "target_account_name": "LOCAL SERVICE"
 },
 {
  "@timestamp": "2021-02-22T16:54:32.751Z",
  "event_id": 11,
  "provider": "Microsoft-Windows-Sysmon",
  "source": "Sysmon",
  "computer_name": "APP01",
  "message": "File created:",
  "image": "C:\\Windows\\explorer.exe",
  "targetfilename": "C:\\Users\\ABYAH\\klee\\Documents\\file_6.tmp",
  "processid": 9745
 },
 {
  "@timestamp": "2021-03-21T07:46:19.940Z",
  "event_id": 10,
  "provider": "Microsoft-Windows-Sysmon",
  "source": "Sysmon",
  "computer_name": "HR-DESK-02",
  "message": "Sysmon event 10"
 },
 {
  "@timestamp": "2021-04-07T17:21:51.345Z",
  "event_id": 11,
  "provider": "Microsoft-Windows-Sysmon",
  "source": "Sysmon",
  "computer_name": "CLIENT02",
  "message": "File created:",
  "image": "C:\\Windows\\System32\\spoolsv.exe",
  "targetfilename": "C:\\Users\\ABYAH\\admin\\Documents\\file_18.tmp",
  "processid": 5615
 },
 {
  "@timestamp": "2021-04-08T07:16:12.934Z",
  "event_id": 3,
  "provider": "Microsoft-Windows-Sysmon",
  "source": "Sysmon",
  "computer_name": "TEST-01",
  "message": "Network connection detected:",
  "image": "C:\\Windows\\System32\\svchost.exe",
  "user": "ABYAH\\rbrown",
  "destinationip": "8.8.8.8",
  "destinationport": "443",
  "protocol": "tcp"
 },
 {
  "@timestamp": "2021-01-12T23:17:23.984Z",
  "event_id": 6006,
  "provider": "System",
  "source": "System",
  "computer_name": "HR-DESK-01",
  "message": "The Event log service was stopped."
 },
 {
  "@timestamp": "2021-06-26T14:25:37.829Z",
  "event_id": 6013,
  "provider": "System",
  "source": "System",
  "computer_name": "DEV-01",
  "message": "The system uptime is 4600507 seconds."
 },
 {
  "@timestamp": "2021-07-12T18:30:54.377Z",
  "event_id": 11,
  "provider": "Microsoft-Windows-Sysmon",
  "source": "Sysmon",
  "computer_name": "CLIENT01",
  "message": "File created:",
  "image": "C:\\Program Files\\Microsoft Office\\root\\Office16\\WINWORD.EXE",
  "targetfilename": "C:\\Users\\ABYAH\\rbrown\\Documents\\file_51.tmp",
  "processid": 7335
 },
 {
  "@timestamp": "2021-04-09T04:05:11.451Z",
  "event_id": 10,
  "provider": "Microsoft-Windows-Sysmon",
  "source": "Sysmon",
  "computer_name": "HR-DESK-02",
  "message": "Sysmon event 10"
 },
 {
  "@timestamp": "2021-10-10T16:05:52.449Z",
  "event_id": 4624,
  "provider": "Security-Auditing",
  "source": "Security-Auditing",
  "computer_name": "CLIENT04",
  "message": "An account was successfully logged on.",
  "subject_security_id": "S-1-5-18",
  "subject_account_name": "CLIENT04$",
  "subject_account_domain": "ABYAH",
  "logon_logon_type": "8",
  "new_logon_account_name": "john.smith",
  "new_logon_authentication_package": "Kerberos",
  "network_source_address": "192.168.1.10"
 },
 {
  "@timestamp": "2021-07-10T14:11:07.973Z",
  "event_id": 6006,
  "provider": "System",
  "source": "System",
  "computer_name": "HR-DESK-01",
  "message": "The Event log service was stopped."
 },
 {
  "@timestamp": "2021-06-25T22:37:07.372Z",
  "event_id": 1,
  "provider": "Microsoft-Windows-Sysmon",
  "source": "Sysmon",
  "computer_name": "CLIENT01",
  "message": "Process Create:",
  "image": "C:\\Program Files\\Microsoft Office\\root\\Office16\\EXCEL.EXE",
  "commandline": "\"C:\\Program Files\\Microsoft Office\\root\\Office16\\EXCEL.EXE\" --flag-3975 --config-7",
  "user": "ABYAH\\asmith",
  "processid": 3007
 },
 {
  "@timestamp": "2021-04-26T05:26:52.219Z",
  "event_id": 7,
  "provider": "Microsoft-Windows-Sysmon",
  "source": "Sysmon",
  "computer_name": "EXCH01",
  "message": "Image loaded:",
  "image": "C:\\Program Files\\Microsoft Office\\root\\Office16\\EXCEL.EXE",
  "imageloaded": "C:\\Windows\\System32\\user32.dll",
  "processid": 6189
 },
 {
  "@timestamp": "2021-04-22T14:14:06.797Z",
  "event_id": 3,
  "provider": "Microsoft-Windows-Sysmon",
  "source": "Sysmon",
  "computer_name": "HR-DESK-02",
  "message": "Network connection detected:",
  "image": "C:\\Windows\\System32\\lsass.exe",
  "user": "WORKGROUP\\User1",
  "destinationip": "8.8.8.8",
  "destinationport": "80",
  "protocol": "tcp"
 },
 {
  "@timestamp": "2021-03-05T03:05:23.847Z",
  "event_id": 4634,
  "provider": "Security-Auditing",
  "source": "Security-Auditing",
  "computer_name": "CLIENT05",
  "message": "An account was logged off.",
  "target_account_name": "svc_monitor"
 },
 {
  "@timestamp": "2021-03-07T11:52:42.386Z",
  "event_id": 4634,
  "provider": "Security-Auditing",
  "source": "Security-Auditing",
  "computer_name": "CLIENT04",
  "message": "An account was logged off.",
  "target_account_name": "john.smith"
 },
 {
  "@timestamp": "2021-05-28T21:41:56.795Z",
  "event_id": 3,
  "provider": "Microsoft-Windows-Sysmon",
  "source": "Sysmon",
  "computer_name": "CLIENT02",
  "message": "Network connection detected:",
  "image": "C:\\Windows\\System32\\winlogon.exe",
  "user": "ABYAH\\svc_backup",
  "destinationip": "142.250.80.46",
  "destinationport": "80",
  "protocol": "tcp"
 },
 {
  "@timestamp": "2021-12-17T13:50:21.996Z",
  "event_id": 4776,
  "provider": "Security-Auditing",
  "source": "Security-Auditing",
  "computer_name": "DC01",
  "message": "The credential validation occurred.",
  "package_authentication_package": "MICROSOFT_AUTHENTICATION_PACKAGE_V1_0",
  "account_account_name": "bwilson",
  "computer_computer_name": "DC01"
 },
 {
  "@timestamp": "2021-03-19T13:25:43.431Z",
  "event_id": 3,
  "provider": "Microsoft-Windows-Sysmon",
  "source": "Sysmon",
  "computer_name": "IT-DESK-01",
  "message": "Network connection detected:",
  "image": "C:\\Windows\\System32\\lsass.exe",
  "user": "ABYAH\\svc_backup",
  "destinationip": "142.250.80.46",
  "destinationport": "443",
  "protocol": "tcp"
 },
 {
  "@timestamp": "2021-11-27T01:59:48.744Z",
  "event_id": 4624,
  "provider": "Security-Auditing",
  "source": "Security-Auditing",
  "computer_name": "DC02",
  "message": "An account was successfully logged on.",
  "subject_security_id": "S-1-5-18",
  "subject_account_name": "DC02$",
  "subject_account_domain": "ABYAH",
  "logon_logon_type": "10",
  "new_logon_account_name": "jdoe",
  "new_logon_authentication_package": "Negotiate",
  "network_source_address": "192.168.1.104"
 },
 {
  "@timestamp": "2021-11-17T21:02:02.125Z",
  "event_id": 10,
  "provider": "Microsoft-Windows-Sysmon",
  "source": "Sysmon",
  "computer_name": "CLIENT04",
  "message": "Sysmon event 10"
 },
 {
  "@timestamp": "2021-03-11T14:42:54.299Z",
  "event_id": 8,
  "provider": "Microsoft-Windows-Sysmon",
  "source": "Sysmon",
  "computer_name": "CLIENT03",
  "message": "Sysmon event 8"
 },
 {
  "@timestamp": "2021-10-23T03:49:58.322Z",
  "event_id": 4624,
  "provider": "Security-Auditing",
  "source": "Security-Auditing",
  "computer_name": "CLIENT01",
  "message": "An account was successfully logged on.",
  "subject_security_id": "S-1-5-18",
  "subject_account_name": "CLIENT01$",
  "subject_account_domain": "ABYAH",
  "logon_logon_type": "11",
  "new_logon_account_name": "User2",
  "new_logon_authentication_package": "NTLM",
  "network_source_address": "192.168.1.105"
 },
 {
  "@timestamp": "2021-04-04T06:24:39.454Z",
  "event_id": 11,
  "provider": "Microsoft-Windows-Sysmon",
  "source": "Sysmon",
  "computer_name": "DC02",
  "message": "File created:",
  "image": "C:\\Windows\\System32\\lsass.exe",
  "targetfilename": "C:\\Users\\ABYAH\\bwilson\\Documents\\file_45.tmp",
  "processid": 3525
 },
 {
  "@timestamp": "2021-10-24T20:54:31.902Z",
  "event_id": 6013,
  "provider": "System",
  "source": "System",
  "computer_name": "FILE01",
  "message": "The system uptime is 4229397 seconds."
 },
 {
  "@timestamp": "2021-04-05T05:09:40.809Z",
  "event_id": 6006,
  "provider": "System",
  "source": "System",
  "computer_name": "EXCH01",
  "message": "The Event log service was stopped."
 },
 {
  "@timestamp": "2021-10-20T05:00:18.472Z",
  "event_id": 8,
  "provider": "Microsoft-Windows-Sysmon",
  "source": "Sysmon",
  "computer_name": "DEV-02",
  "message": "Sysmon event 8"
 },
 {
  "@timestamp": "2021-04-14T13:05:32.458Z",
  "event_id": 11,
  "provider": "Microsoft-Windows-Sysmon",
  "source": "Sysmon",
  "computer_name": "APP01",
  "message": "File created:",
  "image": "C:\\Windows\\explorer.exe",
  "targetfilename": "C:\\Users\\ABYAH\\mperez\\Documents\\file_5.tmp",
  "processid": 8692
 },
 {
  "@timestamp": "2021-09-06T12:38:31.906Z",
  "event_id": 4624,
  "provider": "Security-Auditing",
  "source": "Security-Auditing",
  "computer_name": "DC02",
  "message": "An account was successfully logged on.",
  "subject_security_id": "S-1-5-18",
  "subject_account_name": "DC02$",
  "subject_account_domain": "ABYAH",
  "logon_logon_type": "2",
  "new_logon_account_name": "john.smith",
  "new_logon_authentication_package": "NTLM",
  "network_source_address": "10.0.0.15"
 },
 {
  "@timestamp": "2021-01-16T03:09:25.202Z",
  "event_id": 15,
  "provider": "Microsoft-Windows-Sysmon",
  "source": "Sysmon",
  "computer_name": "WEB01",
  "message": "FileCreateStreamHash:",
  "image": "C:\\Program Files\\WindowsApps\\...\\RuntimeBroker.exe",
  "targetfilename": "C:\\Users\\NETWORK SERVICE\\Downloads\\setup_6.exe:Zone.Identifier"
 },
 {
  "@timestamp": "2021-11-06T22:05:54.604Z",
  "event_id": 15,
  "provider": "Microsoft-Windows-Sysmon",
  "source": "Sysmon",
  "computer_name": "TEST-01",
  "message": "FileCreateStreamHash:",
  "image": "C:\\Program Files\\Microsoft Office\\root\\Office16\\WINWORD.EXE",
  "targetfilename": "C:\\Users\\ABYAH\\john.smith\\Downloads\\setup_7.exe:Zone.Identifier"
 },
 {
  "@timestamp": "2021-08-07T10:28:48.368Z",
  "event_id": 15,
  "provider": "Microsoft-Windows-Sysmon",
  "source": "Sysmon",
  "computer_name": "HR-DESK-01",
  "message": "FileCreateStreamHash:",
  "image": "C:\\Windows\\System32\\winlogon.exe",
  "targetfilename": "C:\\Users\\ABYAH\\klee\\Downloads\\setup_3.exe:Zone.Identifier"
 },
 {
  "@timestamp": "2021-12-17T00:40:06.872Z",
  "event_id": 4776,
  "provider": "Security-Auditing",
  "source": "Security-Auditing",
  "computer_name": "FILE01",
  "message": "The credential validation occurred.",
  "package_authentication_package": "MICROSOFT_AUTHENTICATION_PACKAGE_V1_0",
  "account_account_name": "asmith",
  "computer_computer_name": "FILE01"
 },
 {
  "@timestamp": "2021-12-27T21:43:40.980Z",
  "event_id": 7,
  "provider": "Microsoft-Windows-Sysmon",
  "source": "Sysmon",
  "computer_name": "APP01",
  "message": "Image loaded:",
  "image": "C:\\Windows\\explorer.exe",
  "imageloaded": "C:\\Windows\\System32\\ntdll.dll",
  "processid": 3926
 },
 {
  "@timestamp": "2021-10-11T06:23:41.150Z",
  "event_id": 7,
  "provider": "Microsoft-Windows-Sysmon",
  "source": "Sysmon",
  "computer_name": "FILE01",
  "message": "Image loaded:",
  "image": "C:\\Windows\\System32\\svchost.exe",
  "imageloaded": "C:\\Windows\\System32\\advapi32.dll",
  "processid": 4968
 },
 {
  "@timestamp": "2021-09-02T08:25:43.912Z",
  "event_id": 11,
  "provider": "Microsoft-Windows-Sysmon",
  "source": "Sysmon",
  "computer_name": "WEB01",
  "message": "File created:",
  "image": "C:\\Program Files\\Microsoft Office\\root\\Office16\\WINWORD.EXE",
  "targetfilename": "C:\\Users\\LOCAL SERVICE\\Documents\\file_63.tmp",
  "processid": 5518
 },
 {
  "@timestamp": "2021-04-28T17:19:49.224Z",
  "event_id": 4776,
  "provider": "Security-Auditing",
  "source": "Security-Auditing",
  "computer_name": "CLIENT04",
  "message": "The credential validation occurred.",
  "package_authentication_package": "MICROSOFT_AUTHENTICATION_PACKAGE_V1_0",
  "account_account_name": "SYSTEM",
  "computer_computer_name": "CLIENT04"
 },
 {
  "@timestamp": "2021-07-06T12:42:03.620Z",
  "event_id": 7,
  "provider": "Microsoft-Windows-Sysmon",
  "source": "Sysmon",
  "computer_name": "CLIENT01",
  "message": "Image loaded:",
  "image": "C:\\Windows\\System32\\svchost.exe",
  "imageloaded": "C:\\Windows\\System32\\user32.dll",
  "processid": 7542
 },
 {
  "@timestamp": "2021-06-24T08:50:30.146Z",
  "event_id": 1100,
  "provider": "Security-Auditing",
  "source": "Security-Auditing",
  "computer_name": "SQL01",
  "message": "Security event 1100 occurred.",
  "details": "Event ID 1100 logged for ABYAH\\rbrown"
 },
 {
  "@timestamp": "2021-11-22T02:23:05.538Z",
  "event_id": 6005,
  "provider": "System",
  "source": "System",
  "computer_name": "FILE01",
  "message": "The Event log service was started."
 },
 {
  "@timestamp": "2021-06-14T08:01:36.786Z",
  "event_id": 7,
  "provider": "Microsoft-Windows-Sysmon",
  "source": "Sysmon",
  "computer_name": "CLIENT04",
  "message": "Image loaded:",
  "image": "C:\\Program Files\\Microsoft Edge\\msedge.exe",
  "imageloaded": "C:\\Windows\\System32\\kernel32.dll",
  "processid": 7159
 },
 {
  "@timestamp": "2021-09-16T11:51:11.161Z",
  "event_id": 4776,
  "provider": "Security-Auditing",
  "source": "Security-Auditing",
  "computer_name": "IT-DESK-01",
  "message": "The credential validation occurred.",
  "package_authentication_package": "MICROSOFT_AUTHENTICATION_PACKAGE_V1_0",
  "account_account_name": "User1",
  "computer_computer_name": "IT-DESK-01"
 },
 {
  "@timestamp": "2021-03-14T05:42:00.172Z",
  "event_id": 4624,
  "provider": "Security-Auditing",
  "source": "Security-Auditing",
  "computer_name": "CLIENT02",
  "message": "An account was successfully logged on.",
  "subject_security_id": "S-1-5-18",
  "subject_account_name": "CLIENT02$",
  "subject_account_domain": "ABYAH",
  "logon_logon_type": "11",
  "new_logon_account_name": "asmith",
  "new_logon_authentication_package": "Negotiate",
  "network_source_address": "192.168.1.10"
 },
 {
  "@timestamp": "2021-04-19T07:48:45.540Z",
  "event_id": 4634,
  "provider": "Security-Auditing",
  "source": "Security-Auditing",
  "computer_name": "SQL01",
  "message": "An account was logged off.",
  "target_account_name": "asmith"
 },
 {
  "@timestamp": "2021-07-02T18:33:30.320Z",
  "event_id": 10,
  "provider": "Microsoft-Windows-Sysmon",
  "source": "Sysmon",
  "computer_name": "IT-DESK-01",
  "message": "Sysmon event 10"
 },
 {
  "@timestamp": "2021-02-26T19:49:11.235Z",
  "event_id": 6013,
  "provider": "System",
  "source": "System",
  "computer_name": "CLIENT01",
  "message": "The system uptime is 7445889 seconds."
 },
 {
  "@timestamp": "2021-09-20T15:41:34.530Z",
  "event_id": 11,
  "provider": "Microsoft-Windows-Sysmon",
  "source": "Sysmon",
  "computer_name": "DEV-02",
  "message": "File created:",
  "image": "C:\\Windows\\System32\\lsass.exe",
  "targetfilename": "C:\\Users\\ABYAH\\ogarcia\\Documents\\file_46.tmp",
  "processid": 4886
 },
 {
  "@timestamp": "2021-02-20T02:40:49.491Z",
  "event_id": 3,
  "provider": "Microsoft-Windows-Sysmon",
  "source": "Sysmon",
  "computer_name": "EXCH01",
  "message": "Network connection detected:",
  "image": "C:\\Windows\\System32\\spoolsv.exe",
  "user": "ABYAH\\lnguyen",
  "destinationip": "10.0.0.1",
  "destinationport": "53",
  "protocol": "tcp"
 },
 {
  "@timestamp": "2021-03-08T03:09:02.262Z",
  "event_id": 1102,
  "provider": "Security-Auditing",
  "source": "Security-Auditing",
  "computer_name": "CLIENT04",
  "message": "Security event 1102 occurred.",
  "details": "Event ID 1102 logged for WORKGROUP\\User1"
 },
 {
  "@timestamp": "2021-08-26T12:17:18.676Z",
  "event_id": 4634,
  "provider": "Security-Auditing",
  "source": "Security-Auditing",
  "computer_name": "CLIENT05",
  "message": "An account was logged off.",
  "target_account_name": "rbrown"
 },
 {
  "@timestamp": "2021-01-05T13:35:29.505Z",
  "event_id": 15,
  "provider": "Microsoft-Windows-Sysmon",
  "source": "Sysmon",
  "computer_name": "DC02",
  "message": "FileCreateStreamHash:",
  "image": "C:\\Windows\\System32\\lsass.exe",
  "targetfilename": "C:\\Users\\SYSTEM\\Downloads\\setup_5.exe:Zone.Identifier"
 },
 {
  "@timestamp": "2021-10-15T18:28:59.416Z",
  "event_id": 6013,
  "provider": "System",
  "source": "System",
  "computer_name": "CLIENT03",
  "message": "The system uptime is 1593623 seconds."
 },
 {
  "@timestamp": "2021-12-02T08:54:21.133Z",
  "event_id": 4776,
  "provider": "Security-Auditing",
  "source": "Security-Auditing",
  "computer_name": "HR-DESK-02",
  "message": "The credential validation occurred.",
  "package_authentication_package": "MICROSOFT_AUTHENTICATION_PACKAGE_V1_0",
  "account_account_name": "admin",
  "computer_computer_name": "HR-DESK-02"
 },
 {
  "@timestamp": "2021-08-07T01:37:47.495Z",
  "event_id": 4776,
  "provider": "Security-Auditing",
  "source": "Security-Auditing",
  "computer_name": "CLIENT01",
  "message": "The credential validation occurred.",
  "package_authentication_package": "MICROSOFT_AUTHENTICATION_PACKAGE_V1_0",
  "account_account_name": "rbrown",
  "computer_computer_name": "CLIENT01"
 },
 {
  "@timestamp": "2021-08-03T03:56:40.679Z",
  "event_id": 10,
  "provider": "Microsoft-Windows-Sysmon",
  "source": "Sysmon",
  "computer_name": "IT-DESK-01",
  "message": "Sysmon event 10"
 },
 {
  "@timestamp": "2021-04-02T22:23:37.577Z",
  "event_id": 3,
  "provider": "Microsoft-Windows-Sysmon",
  "source": "Sysmon",
  "computer_name": "CLIENT04",
  "message": "Network connection detected:",
  "image": "C:\\Program Files\\WindowsApps\\...\\RuntimeBroker.exe",
  "user": "ABYAH\\mperez",
  "destinationip": "8.8.8.8",
  "destinationport": "443",
  "protocol": "tcp"
 },
 {
  "@timestamp": "2021-08-14T21:13:27.406Z",
  "event_id": 4634,
  "provider": "Security-Auditing",
  "source": "Security-Auditing",
  "computer_name": "FILE01",
  "message": "An account was logged off.",
  "target_account_name": "bwilson"
 },
 {
  "@timestamp": "2021-09-20T17:53:36.881Z",
  "event_id": 4634,
  "provider": "Security-Auditing",
  "source": "Security-Auditing",
  "computer_name": "CLIENT03",
  "message": "An account was logged off.",
  "target_account_name": "ogarcia"
 },
 {
  "@timestamp": "2021-11-14T07:19:21.871Z",
  "event_id": 6013,
  "provider": "System",
  "source": "System",
  "computer_name": "HR-DESK-02",
  "message": "The system uptime is 4491020 seconds."
 },
 {
  "@timestamp": "2021-05-20T03:25:36.717Z",
  "event_id": 7,
  "provider": "Microsoft-Windows-Sysmon",
  "source": "Sysmon",
  "computer_name": "SQL01",
  "message": "Image loaded:",
  "image": "C:\\Program Files\\Microsoft Office\\root\\Office16\\EXCEL.EXE",
  "imageloaded": "C:\\Windows\\System32\\ws2_32.dll",
  "processid": 5007
 },
 {
  "@timestamp": "2021-05-08T18:56:17.998Z",
  "event_id": 3,
  "provider": "Microsoft-Windows-Sysmon",
  "source": "Sysmon",
  "computer_name": "IT-DESK-01",
  "message": "Network connection detected:",
  "image": "C:\\Program Files\\Microsoft Office\\root\\Office16\\EXCEL.EXE",
  "user": "WORKGROUP\\User1",
  "destinationip": "142.250.80.46",
  "destinationport": "53",
  "protocol": "tcp"
 },
 {
  "@timestamp": "2021-01-19T10:32:26.231Z",
  "event_id": 1102,
  "provider": "Security-Auditing",
  "source": "Security-Auditing",
  "computer_name": "CLIENT01",
  "message": "Security event 1102 occurred.",
  "details": "Event ID 1102 logged for ABYAH\\bwilson"
 },
 {
  "@timestamp": "2021-10-28T08:06:15.261Z",
  "event_id": 8,
  "provider": "Microsoft-Windows-Sysmon",
  "source": "Sysmon",
  "computer_name": "DEV-02",
  "message": "Sysmon event 8"
 },
 {
  "@timestamp": "2021-01-23T05:07:55.590Z",
  "event_id": 4624,
  "provider": "Security-Auditing",
  "source": "Security-Auditing",
  "computer_name": "APP01",
  "message": "An account was successfully logged on.",
  "subject_security_id": "S-1-5-18",
  "subject_account_name": "APP01$",
  "subject_account_domain": "ABYAH",
  "logon_logon_type": "2",
  "new_logon_account_name": "User1",
  "new_logon_authentication_package": "Kerberos",
  "network_source_address": "10.0.0.15"
 },
 {
  "@timestamp": "2021-11-23T13:23:21.583Z",
  "event_id": 1102,
  "provider": "Security-Auditing",
  "source": "Security-Auditing",
  "computer_name": "CLIENT03",
  "message": "Security event 1102 occurred.",
  "details": "Event ID 1102 logged for ABYAH\\rbrown"
 },
 {
  "@timestamp": "2021-01-10T08:36:27.968Z",
  "event_id": 3,
  "provider": "Microsoft-Windows-Sysmon",
  "source": "Sysmon",
  "computer_name": "DC01",
  "message": "Network connection detected:",
  "image": "C:\\Windows\\System32\\svchost.exe",
  "user": "ABYAH\\mperez",
  "destinationip": "10.0.0.1",
  "destinationport": "3389",
  "protocol": "tcp"
 },
 {
  "@timestamp": "2021-01-05T23:55:22.209Z",
  "event_id": 3,
  "provider": "Microsoft-Windows-Sysmon",
  "source": "Sysmon",
  "computer_name": "DC02",
  "message": "Network connection detected:",
  "image": "C:\\Program Files\\Microsoft Office\\root\\Office16\\WINWORD.EXE",
  "user": "WORKGROUP\\User1",
  "destinationip": "1.1.1.1",
  "destinationport": "80",
  "protocol": "tcp"
 },
 {
  "@timestamp": "2021-09-23T19:25:12.438Z",
  "event_id": 1100,
  "provider": "Security-Auditing",
  "source": "Security-Auditing",
  "computer_name": "CLIENT05",
  "message": "Security event 1100 occurred.",
  "details": "Event ID 1100 logged for ABYAH\\ogarcia"
 },
 {
  "@timestamp": "2021-02-19T19:13:04.367Z",
  "event_id": 1100,
  "provider": "Security-Auditing",
  "source": "Security-Auditing",
  "computer_name": "HR-DESK-02",
  "message": "Security event 1100 occurred.",
  "details": "Event ID 1100 logged for SYSTEM"
 },
 {
  "@timestamp": "2021-07-13T07:05:04.328Z",
  "event_id": 10,
  "provider": "Microsoft-Windows-Sysmon",
  "source": "Sysmon",
  "computer_name": "CLIENT04",
  "message": "Sysmon event 10"
 },
 {
  "@timestamp": "2021-03-07T13:10:59.786Z",
  "event_id": 10,
  "provider": "Microsoft-Windows-Sysmon",
  "source": "Sysmon",
  "computer_name": "CLIENT03",
  "message": "Sysmon event 10"
 },
 {
  "@timestamp": "2021-05-06T08:26:13.771Z",
  "event_id": 1,
  "provider": "Microsoft-Windows-Sysmon",
  "source": "Sysmon",
  "computer_name": "IT-DESK-01",
  "message": "Process Create:",
  "image": "C:\\Program Files\\Microsoft Office\\root\\Office16\\WINWORD.EXE",
  "commandline": "\"C:\\Program Files\\Microsoft Office\\root\\Office16\\WINWORD.EXE\" --flag-2765 --config-1",
  "user": "ABYAH\\lnguyen",
  "processid": 5935
 },
 {
  "@timestamp": "2021-12-23T21:51:42.505Z",
  "event_id": 1100,
  "provider": "Security-Auditing",
  "source": "Security-Auditing",
  "computer_name": "DEV-02",
  "message": "Security event 1100 occurred.",
  "details": "Event ID 1100 logged for WORKGROUP\\User1"
 },
 {
  "@timestamp": "2021-12-23T04:36:55.387Z",
  "event_id": 10,
  "provider": "Microsoft-Windows-Sysmon",
  "source": "Sysmon",
  "computer_name": "CLIENT04",
  "message": "Sysmon event 10"
 },
 {
  "@timestamp": "2021-11-22T15:28:56.392Z",
  "event_id": 4624,
  "provider": "Security-Auditing",
  "source": "Security-Auditing",
  "computer_name": "SQL01",
  "message": "An account was successfully logged on.",
  "subject_security_id": "S-1-5-18",
  "subject_account_name": "SQL01$",
  "subject_account_domain": "ABYAH",
  "logon_logon_type": "2",
  "new_logon_account_name": "asmith",
  "new_logon_authentication_package": "Kerberos",
  "network_source_address": "192.168.50.1"
 },
 {
  "@timestamp": "2021-01-05T07:34:50.910Z",
  "event_id": 4624,
  "provider": "Security-Auditing",
  "source": "Security-Auditing",
  "computer_name": "CLIENT04",
  "message": "An account was successfully logged on.",
  "subject_security_id": "S-1-5-18",
  "subject_account_name": "CLIENT04$",
  "subject_account_domain": "ABYAH",
  "logon_logon_type": "10",
  "new_logon_account_name": "lnguyen",
  "new_logon_authentication_package": "Negotiate",
  "network_source_address": "192.168.1.102"
 },
 {
  "@timestamp": "2021-07-11T05:28:48.444Z",
  "event_id": 1102,
  "provider": "Security-Auditing",
  "source": "Security-Auditing",
  "computer_name": "HR-DESK-02",
  "message": "Security event 1102 occurred.",
  "details": "Event ID 1102 logged for WORKGROUP\\User2"
 },
 {
  "@timestamp": "2021-09-05T19:50:14.109Z",
  "event_id": 15,
  "provider": "Microsoft-Windows-Sysmon",
  "source": "Sysmon",
  "computer_name": "APP01",
  "message": "FileCreateStreamHash:",
  "image": "C:\\Program Files\\Microsoft Office\\root\\Office16\\WINWORD.EXE",
  "targetfilename": "C:\\Users\\ABYAH\\abyah\\Downloads\\setup_3.exe:Zone.Identifier"
 },
 {
  "@timestamp": "2021-04-07T00:14:01.324Z",
  "event_id": 6006,
  "provider": "System",
  "source": "System",
  "computer_name": "WEB01",
  "message": "The Event log service was stopped."
 },
 {
  "@timestamp": "2021-12-23T03:42:57.538Z",
  "event_id": 6013,
  "provider": "System",
  "source": "System",
  "computer_name": "SQL01",
  "message": "The system uptime is 7755347 seconds."
 },
 {
  "@timestamp": "2021-08-20T19:22:48.933Z",
  "event_id": 4624,
  "provider": "Security-Auditing",
  "source": "Security-Auditing",
  "computer_name": "APP01",
  "message": "An account was successfully logged on.",
  "subject_security_id": "S-1-5-18",
  "subject_account_name": "APP01$",
  "subject_account_domain": "ABYAH",
  "logon_logon_type": "10",
  "new_logon_account_name": "svc_backup",
  "new_logon_authentication_package": "Negotiate",
  "network_source_address": "10.0.0.10"
 },
 {
  "@timestamp": "2021-01-03T05:58:14.852Z",
  "event_id": 1,
  "provider": "Microsoft-Windows-Sysmon",
  "source": "Sysmon",
  "computer_name": "EXCH01",
  "message": "Process Create:",
  "image": "C:\\Program Files\\Microsoft Office\\root\\Office16\\EXCEL.EXE",
  "commandline": "\"C:\\Program Files\\Microsoft Office\\root\\Office16\\EXCEL.EXE\" --flag-5232 --config-8",
  "user": "ABYAH\\rbrown",
  "processid": 3795
 },
 {
  "@timestamp": "2021-03-18T09:29:04.918Z",
  "event_id": 4776,
  "provider": "Security-Auditing",
  "source": "Security-Auditing",
  "computer_name": "DC02",
  "message": "The credential validation occurred.",
  "package_authentication_package": "MICROSOFT_AUTHENTICATION_PACKAGE_V1_0",
  "account_account_name": "klee",
  "computer_computer_name": "DC02"
 },
 {
  "@timestamp": "2021-03-22T04:18:03.482Z",
  "event_id": 4624,
  "provider": "Security-Auditing",
  "source": "Security-Auditing",
  "computer_name": "FILE01",
  "message": "An account was successfully logged on.",
  "subject_security_id": "S-1-5-18",
  "subject_account_name": "FILE01$",
  "subject_account_domain": "ABYAH",
  "logon_logon_type": "2",
  "new_logon_account_name": "LOCAL SERVICE",
  "new_logon_authentication_package": "Kerberos",
  "network_source_address": "10.0.0.15"
 },
 {
  "@timestamp": "2021-12-25T03:53:58.587Z",
  "event_id": 11,
  "provider": "Microsoft-Windows-Sysmon",
  "source": "Sysmon",
  "computer_name": "IT-DESK-01",
  "message": "File created:",
  "image": "C:\\Program Files\\Microsoft Office\\root\\Office16\\EXCEL.EXE",
  "targetfilename": "C:\\Users\\ABYAH\\john.smith\\Documents\\file_83.tmp",
  "processid": 9113
 },
 {
  "@timestamp": "2021-05-02T12:23:40.654Z",
  "event_id": 6005,
  "provider": "System",
  "source": "System",
  "computer_name": "FILE01",
  "message": "The Event log service was started."
 },
 {
  "@timestamp": "2021-06-17T02:11:09.424Z",
  "event_id": 1100,
  "provider": "Security-Auditing",
  "source": "Security-Auditing",
  "computer_name": "APP01",
  "message": "Security event 1100 occurred.",
  "details": "Event ID 1100 logged for ABYAH\\asmith"
 },
 {
  "@timestamp": "2021-05-23T08:58:32.842Z",
  "event_id": 6006,
  "provider": "System",
  "source": "System",
  "computer_name": "TEST-01",
  "message": "The Event log service was stopped."
 },
 {
  "@timestamp": "2021-10-25T02:50:11.202Z",
  "event_id": 3,
  "provider": "Microsoft-Windows-Sysmon",
  "source": "Sysmon",
  "computer_name": "IT-DESK-01",
  "message": "Network connection detected:",
  "image": "C:\\Program Files\\Microsoft Office\\root\\Office16\\WINWORD.EXE",
  "user": "ABYAH\\abyah",
  "destinationip": "1.1.1.1",
  "destinationport": "80",
  "protocol": "tcp"
 },
 {
  "@timestamp": "2021-09-02T07:44:22.804Z",
  "event_id": 4624,
  "provider": "Security-Auditing",
  "source": "Security-Auditing",
  "computer_name": "IT-DESK-01",
  "message": "An account was successfully logged on.",
  "subject_security_id": "S-1-5-18",
  "subject_account_name": "IT-DESK-01$",
  "subject_account_domain": "ABYAH",
  "logon_logon_type": "11",
  "new_logon_account_name": "jdoe",
  "new_logon_authentication_package": "NTLM",
  "network_source_address": "10.0.0.25"
 },
 {
  "@timestamp": "2021-05-23T01:51:40.330Z",
  "event_id": 11,
  "provider": "Microsoft-Windows-Sysmon",
  "source": "Sysmon",
  "computer_name": "DEV-01",
  "message": "File created:",
  "image": "C:\\Windows\\System32\\lsass.exe",
  "targetfilename": "C:\\Users\\NETWORK SERVICE\\Documents\\file_77.tmp",
  "processid": 3474
 },
 {
  "@timestamp": "2021-12-25T03:31:06.276Z",
  "event_id": 6005,
  "provider": "System",
  "source": "System",
  "computer_name": "CLIENT04",
  "message": "The Event log service was started."
 },
 {
  "@timestamp": "2021-04-18T14:11:10.121Z",
  "event_id": 1100,
  "provider": "Security-Auditing",
  "source": "Security-Auditing",
  "computer_name": "CLIENT01",
  "message": "Security event 1100 occurred.",
  "details": "Event ID 1100 logged for ABYAH\\admin"
 },
 {
  "@timestamp": "2021-07-06T12:43:20.801Z",
  "event_id": 6005,
  "provider": "System",
  "source": "System",
  "computer_name": "WEB01",
  "message": "The Event log service was started."
 },
 {
  "@timestamp": "2021-12-24T00:44:34.936Z",
  "event_id": 10,
  "provider": "Microsoft-Windows-Sysmon",
  "source": "Sysmon",
  "computer_name": "EXCH01",
  "message": "Sysmon event 10"
 },
 {
  "@timestamp": "2021-01-10T16:53:33.611Z",
  "event_id": 6005,
  "provider": "System",
  "source": "System",
  "computer_name": "IT-DESK-01",
  "message": "The Event log service was started."
 },
 {
  "@timestamp": "2021-01-26T05:00:55.483Z",
  "event_id": 6006,
  "provider": "System",
  "source": "System",
  "computer_name": "IT-DESK-01",
  "message": "The Event log service was stopped."
 },
 {
  "@timestamp": "2021-04-26T21:28:31.363Z",
  "event_id": 8,
  "provider": "Microsoft-Windows-Sysmon",
  "source": "Sysmon",
  "computer_name": "CLIENT04",
  "message": "Sysmon event 8"
 },
 {
  "@timestamp": "2021-10-24T10:26:14.374Z",
  "event_id": 3,
  "provider": "Microsoft-Windows-Sysmon",
  "source": "Sysmon",
  "computer_name": "FILE01",
  "message": "Network connection detected:",
  "image": "C:\\Program Files\\WindowsApps\\...\\RuntimeBroker.exe",
  "user": "ABYAH\\abyah",
  "destinationip": "1.1.1.1",
  "destinationport": "3389",
  "protocol": "tcp"
 },
 {
  "@timestamp": "2021-10-05T00:26:05.508Z",
  "event_id": 8,
  "provider": "Microsoft-Windows-Sysmon",
  "source": "Sysmon",
  "computer_name": "CLIENT05",
  "message": "Sysmon event 8"
 },
 {
  "@timestamp": "2021-01-21T11:36:46.261Z",
  "event_id": 4634,
  "provider": "Security-Auditing",
  "source": "Security-Auditing",
  "computer_name": "APP01",
  "message": "An account was logged off.",
  "target_account_name": "asmith"
 },
 {
  "@timestamp": "2021-07-07T01:09:37.425Z",
  "event_id": 6005,
  "provider": "System",
  "source": "System",
  "computer_name": "CLIENT04",
  "message": "The Event log service was started."
 },
 {
  "@timestamp": "2021-08-22T23:51:09.761Z",
  "event_id": 6013,
  "provider": "System",
  "source": "System",
  "computer_name": "CLIENT01",
  "message": "The system uptime is 6955263 seconds."
 },
 {
  "@timestamp": "2021-07-03T10:42:16.738Z",
  "event_id": 6005,
  "provider": "System",
  "source": "System",
  "computer_name": "HR-DESK-02",
  "message": "The Event log service was started."
 },
 {
  "@timestamp": "2021-04-24T03:14:41.651Z",
  "event_id": 1102,
  "provider": "Security-Auditing",
  "source": "Security-Auditing",
  "computer_name": "EXCH01",
  "message": "Security event 1102 occurred.",
  "details": "Event ID 1102 logged for ABYAH\\ogarcia"
 },
 {
  "@timestamp": "2021-04-23T05:04:52.757Z",
  "event_id": 1,
  "provider": "Microsoft-Windows-Sysmon",
  "source": "Sysmon",
  "computer_name": "TEST-01",
  "message": "Process Create:",
  "image": "C:\\Program Files\\Microsoft Office\\root\\Office16\\EXCEL.EXE",
  "commandline": "\"C:\\Program Files\\Microsoft Office\\root\\Office16\\EXCEL.EXE\" --flag-2371 --config-3",
  "user": "WORKGROUP\\User1",
  "processid": 3487
 },
 {
  "@timestamp": "2021-09-22T03:45:23.651Z",
  "event_id": 4672,
  "provider": "Security-Auditing",
  "source": "Security-Auditing",
  "computer_name": "CLIENT03",
  "message": "Special privileges assigned to new logon.",
  "subject_account_name": "LOCAL SERVICE",
  "privileges": "SeTcbPrivilege SeBackupPrivilege SeDebugPrivilege"
 },
 {
  "@timestamp": "2021-08-13T09:57:00.206Z",
  "event_id": 6013,
  "provider": "System",
  "source": "System",
  "computer_name": "TEST-01",
  "message": "The system uptime is 9878585 seconds."
 },
 {
  "@timestamp": "2021-01-13T09:19:48.236Z",
  "event_id": 6006,
  "provider": "System",
  "source": "System",
  "computer_name": "TEST-01",
  "message": "The Event log service was stopped."
 },
 {
  "@timestamp": "2021-10-17T15:28:40.637Z",
  "event_id": 11,
  "provider": "Microsoft-Windows-Sysmon",
  "source": "Sysmon",
  "computer_name": "FILE01",
  "message": "File created:",
  "image": "C:\\Windows\\System32\\svchost.exe",
  "targetfilename": "C:\\Users\\ABYAH\\admin\\Documents\\file_62.tmp",
  "processid": 5006
 },
 {
  "@timestamp": "2021-07-24T09:49:47.221Z",
  "event_id": 10,
  "provider": "Microsoft-Windows-Sysmon",
  "source": "Sysmon",
  "computer_name": "CLIENT03",
  "message": "Sysmon event 10"
 },
 {
  "@timestamp": "2021-02-20T04:45:59.546Z",
  "event_id": 4672,
  "provider": "Security-Auditing",
  "source": "Security-Auditing",
  "computer_name": "FILE01",
  "message": "Special privileges assigned to new logon.",
  "subject_account_name": "abyah",
  "privileges": "SeTcbPrivilege SeBackupPrivilege SeDebugPrivilege"
 },
 {
  "@timestamp": "2021-05-23T02:02:18.267Z",
  "event_id": 3,
  "provider": "Microsoft-Windows-Sysmon",
  "source": "Sysmon",
  "computer_name": "DC01",
  "message": "Network connection detected:",
  "image": "C:\\Program Files\\Microsoft Office\\root\\Office16\\WINWORD.EXE",
  "user": "ABYAH\\bwilson",
  "destinationip": "13.107.42.14",
  "destinationport": "53",
  "protocol": "tcp"
 },
 {
  "@timestamp": "2021-10-25T22:55:07.192Z",
  "event_id": 4634,
  "provider": "Security-Auditing",
  "source": "Security-Auditing",
  "computer_name": "DEV-02",
  "message": "An account was logged off.",
  "target_account_name": "lnguyen"
 },
 {
  "@timestamp": "2021-10-23T16:06:41.264Z",
  "event_id": 1100,
  "provider": "Security-Auditing",
  "source": "Security-Auditing",
  "computer_name": "CLIENT02",
  "message": "Security event 1100 occurred.",
  "details": "Event ID 1100 logged for ABYAH\\asmith"
 },
 {
  "@timestamp": "2021-01-08T13:27:26.121Z",
  "event_id": 4776,
  "provider": "Security-Auditing",
  "source": "Security-Auditing",
  "computer_name": "DC01",
  "message": "The credential validation occurred.",
  "package_authentication_package": "MICROSOFT_AUTHENTICATION_PACKAGE_V1_0",
  "account_account_name": "jdoe",
  "computer_computer_name": "DC01"
 },
 {
  "@timestamp": "2021-06-07T23:10:34.444Z",
  "event_id": 11,
  "provider": "Microsoft-Windows-Sysmon",
  "source": "Sysmon",
  "computer_name": "DC01",
  "message": "File created:",
  "image": "C:\\Windows\\System32\\svchost.exe",
  "targetfilename": "C:\\Users\\NETWORK SERVICE\\Documents\\file_25.tmp",
  "processid": 9912
 },
 {
  "@timestamp": "2021-06-26T05:17:15.642Z",
  "event_id": 4634,
  "provider": "Security-Auditing",
  "source": "Security-Auditing",
  "computer_name": "DC02",
  "message": "An account was logged off.",
  "target_account_name": "SYSTEM"
 },
 {
  "@timestamp": "2021-07-27T19:10:42.897Z",
  "event_id": 10,
  "provider": "Microsoft-Windows-Sysmon",
  "source": "Sysmon",
  "computer_name": "FILE01",
  "message": "Sysmon event 10"
 },
 {
  "@timestamp": "2021-09-23T13:10:52.568Z",
  "event_id": 4624,
  "provider": "Security-Auditing",
  "source": "Security-Auditing",
  "computer_name": "HR-DESK-01",
  "message": "An account was successfully logged on.",
  "subject_security_id": "S-1-5-18",
  "subject_account_name": "HR-DESK-01$",
  "subject_account_domain": "ABYAH",
  "logon_logon_type": "11",
  "new_logon_account_name": "NETWORK SERVICE",
  "new_logon_authentication_package": "Negotiate",
  "network_source_address": "10.0.0.15"
 },
 {
  "@timestamp": "2021-11-26T06:13:52.595Z",
  "event_id": 3,
  "provider": "Microsoft-Windows-Sysmon",
  "source": "Sysmon",
  "computer_name": "HR-DESK-01",
  "message": "Network connection detected:",
  "image": "C:\\Program Files\\Microsoft Office\\root\\Office16\\WINWORD.EXE",
  "user": "ABYAH\\jane.doe",
  "destinationip": "142.250.80.46",
  "destinationport": "80",
  "protocol": "tcp"
 },
 {
  "@timestamp": "2021-07-15T03:15:27.665Z",
  "event_id": 4634,
  "provider": "Security-Auditing",
  "source": "Security-Auditing",
  "computer_name": "FILE01",
  "message": "An account was logged off.",
  "target_account_name": "john.smith"
 },
 {
  "@timestamp": "2021-03-22T16:50:10.305Z",
  "event_id": 4634,
  "provider": "Security-Auditing",
  "source": "Security-Auditing",
  "computer_name": "EXCH01",
  "message": "An account was logged off.",
  "target_account_name": "SYSTEM"
 },
 {
  "@timestamp": "2021-09-24T07:22:57.291Z",
  "event_id": 11,
  "provider": "Microsoft-Windows-Sysmon",
  "source": "Sysmon",
  "computer_name": "TEST-01",
  "message": "File created:",
  "image": "C:\\Program Files\\Google\\Chrome\\chrome.exe",
  "targetfilename": "C:\\Users\\ABYAH\\jdoe\\Documents\\file_60.tmp",
  "processid": 2037
 },
 {
  "@timestamp": "2021-08-13T03:41:02.532Z",
  "event_id": 6006,
  "provider": "System",
  "source": "System",
  "computer_name": "DEV-01",
  "message": "The Event log service was stopped."
 },
 {
  "@timestamp": "2021-11-18T16:06:54.769Z",
  "event_id": 11,
  "provider": "Microsoft-Windows-Sysmon",
  "source": "Sysmon",
  "computer_name": "DC01",
  "message": "File created:",
  "image": "C:\\Windows\\System32\\spoolsv.exe",
  "targetfilename": "C:\\Users\\ABYAH\\bwilson\\Documents\\file_35.tmp",
  "processid": 5052
 },
 {
  "@timestamp": "2021-07-04T14:58:32.811Z",
  "event_id": 10,
  "provider": "Microsoft-Windows-Sysmon",
  "source": "Sysmon",
  "computer_name": "IT-DESK-01",
  "message": "Sysmon event 10"
 },
 {
  "@timestamp": "2021-09-23T09:22:42.609Z",
  "event_id": 6013,
  "provider": "System",
  "source": "System",
  "computer_name": "CLIENT01",
  "message": "The system uptime is 3089617 seconds."
 },
 {
  "@timestamp": "2021-12-27T12:34:24.882Z",
  "event_id": 1,
  "provider": "Microsoft-Windows-Sysmon",
  "source": "Sysmon",
  "computer_name": "CLIENT05",
  "message": "Process Create:",
  "image": "C:\\Program Files\\WindowsApps\\...\\RuntimeBroker.exe",
  "commandline": "\"C:\\Program Files\\WindowsApps\\...\\RuntimeBroker.exe\" --flag-3798 --config-6",
  "user": "ABYAH\\admin",
  "processid": 2543
 },
 {
  "@timestamp": "2021-10-19T05:21:20.328Z",
  "event_id": 1100,
  "provider": "Security-Auditing",
  "source": "Security-Auditing",
  "computer_name": "DEV-02",
  "message": "Security event 1100 occurred.",
  "details": "Event ID 1100 logged for ABYAH\\abyah"
 },
 {
  "@timestamp": "2021-03-19T19:01:28.374Z",
  "event_id": 11,
  "provider": "Microsoft-Windows-Sysmon",
  "source": "Sysmon",
  "computer_name": "CLIENT03",
  "message": "File created:",
  "image": "C:\\Windows\\System32\\svchost.exe",
  "targetfilename": "C:\\Users\\ABYAH\\svc_backup\\Documents\\file_81.tmp",
  "processid": 8785
 },
 {
  "@timestamp": "2021-02-25T14:36:39.505Z",
  "event_id": 6013,
  "provider": "System",
  "source": "System",
  "computer_name": "CLIENT03",
  "message": "The system uptime is 8227407 seconds."
 },
 {
  "@timestamp": "2021-05-22T21:31:16.672Z",
  "event_id": 4624,
  "provider": "Security-Auditing",
  "source": "Security-Auditing",
  "computer_name": "IT-DESK-01",
  "message": "An account was successfully logged on.",
  "subject_security_id": "S-1-5-18",
  "subject_account_name": "IT-DESK-01$",
  "subject_account_domain": "ABYAH",
  "logon_logon_type": "10",
  "new_logon_account_name": "john.smith",
  "new_logon_authentication_package": "NTLM",
  "network_source_address": "10.10.10.10"
 },
 {
  "@timestamp": "2021-09-07T19:51:32.967Z",
  "event_id": 10,
  "provider": "Microsoft-Windows-Sysmon",
  "source": "Sysmon",
  "computer_name": "SQL01",
  "message": "Sysmon event 10"
 },
 {
  "@timestamp": "2021-08-17T20:21:13.508Z",
  "event_id": 6013,
  "provider": "System",
  "source": "System",
  "computer_name": "CLIENT03",
  "message": "The system uptime is 9856370 seconds."
 },
 {
  "@timestamp": "2021-10-18T00:16:18.423Z",
  "event_id": 1102,
  "provider": "Security-Auditing",
  "source": "Security-Auditing",
  "computer_name": "CLIENT03",
  "message": "Security event 1102 occurred.",
  "details": "Event ID 1102 logged for ABYAH\\jdoe"
 },
 {
  "@timestamp": "2021-06-06T03:53:56.132Z",
  "event_id": 4672,
  "provider": "Security-Auditing",
  "source": "Security-Auditing",
  "computer_name": "DC01",
  "message": "Special privileges assigned to new logon.",
  "subject_account_name": "jane.doe",
  "privileges": "SeTcbPrivilege SeBackupPrivilege SeDebugPrivilege"
 },
 {
  "@timestamp": "2021-07-10T17:38:57.162Z",
  "event_id": 4672,
  "provider": "Security-Auditing",
  "source": "Security-Auditing",
  "computer_name": "HR-DESK-01",
  "message": "Special privileges assigned to new logon.",
  "subject_account_name": "svc_backup",
  "privileges": "SeTcbPrivilege SeBackupPrivilege SeDebugPrivilege"
 },
 {
  "@timestamp": "2021-05-12T16:06:49.326Z",
  "event_id": 1102,
  "provider": "Security-Auditing",
  "source": "Security-Auditing",
  "computer_name": "TEST-01",
  "message": "Security event 1102 occurred.",
  "details": "Event ID 1102 logged for ABYAH\\bwilson"
 },
 {
  "@timestamp": "2021-11-26T01:21:30.412Z",
  "event_id": 1102,
  "provider": "Security-Auditing",
  "source": "Security-Auditing",
  "computer_name": "EXCH01",
  "message": "Security event 1102 occurred.",
  "details": "Event ID 1102 logged for WORKGROUP\\User1"
 },
 {
  "@timestamp": "2021-05-27T23:06:35.455Z",
  "event_id": 10,
  "provider": "Microsoft-Windows-Sysmon",
  "source": "Sysmon",
  "computer_name": "DEV-01",
  "message": "Sysmon event 10"
 },
 {
  "@timestamp": "2021-06-01T01:00:13.147Z",
  "event_id": 4776,
  "provider": "Security-Auditing",
  "source": "Security-Auditing",
  "computer_name": "IT-DESK-01",
  "message": "The credential validation occurred.",
  "package_authentication_package": "MICROSOFT_AUTHENTICATION_PACKAGE_V1_0",
  "account_account_name": "SYSTEM",
  "computer_computer_name": "IT-DESK-01"
 },
 {
  "@timestamp": "2021-11-07T00:58:22.496Z",
  "event_id": 11,
  "provider": "Microsoft-Windows-Sysmon",
  "source": "Sysmon",
  "computer_name": "CLIENT05",
  "message": "File created:",
  "image": "C:\\Program Files\\WindowsApps\\...\\RuntimeBroker.exe",
  "targetfilename": "C:\\Users\\ABYAH\\jdoe\\Documents\\file_38.tmp",
  "processid": 2590
 },
 {
  "@timestamp": "2021-07-15T18:03:32.879Z",
  "event_id": 4776,
  "provider": "Security-Auditing",
  "source": "Security-Auditing",
  "computer_name": "CLIENT03",
  "message": "The credential validation occurred.",
  "package_authentication_package": "MICROSOFT_AUTHENTICATION_PACKAGE_V1_0",
  "account_account_name": "svc_backup",
  "computer_computer_name": "CLIENT03"
 },
 {
  "@timestamp": "2021-03-14T20:51:02.131Z",
  "event_id": 4624,
  "provider": "Security-Auditing",
  "source": "Security-Auditing",
  "computer_name": "DEV-01",
  "message": "An account was successfully logged on.",
  "subject_security_id": "S-1-5-18",
  "subject_account_name": "DEV-01$",
  "subject_account_domain": "ABYAH",
  "logon_logon_type": "2",
  "new_logon_account_name": "jdoe",
  "new_logon_authentication_package": "NTLM",
  "network_source_address": "10.0.0.25"
 },
 {
  "@timestamp": "2021-05-10T09:16:08.715Z",
  "event_id": 8,
  "provider": "Microsoft-Windows-Sysmon",
  "source": "Sysmon",
  "computer_name": "CLIENT01",
  "message": "Sysmon event 8"
 },
 {
  "@timestamp": "2021-11-11T13:35:57.510Z",
  "event_id": 4624,
  "provider": "Security-Auditing",
  "source": "Security-Auditing",
  "computer_name": "CLIENT02",
  "message": "An account was successfully logged on.",
  "subject_security_id": "S-1-5-18",
  "subject_account_name": "CLIENT02$",
  "subject_account_domain": "ABYAH",
  "logon_logon_type": "10",
  "new_logon_account_name": "admin",
  "new_logon_authentication_package": "Negotiate",
  "network_source_address": "10.0.0.20"
 },
 {
  "@timestamp": "2021-02-11T11:39:38.546Z",
  "event_id": 4624,
  "provider": "Security-Auditing",
  "source": "Security-Auditing",
  "computer_name": "APP01",
  "message": "An account was successfully logged on.",
  "subject_security_id": "S-1-5-18",
  "subject_account_name": "APP01$",
  "subject_account_domain": "ABYAH",
  "logon_logon_type": "11",
  "new_logon_account_name": "admin",
  "new_logon_authentication_package": "Negotiate",
  "network_source_address": "192.168.1.100"
 },
 {
  "@timestamp": "2021-02-20T00:21:15.320Z",
  "event_id": 6013,
  "provider": "System",
  "source": "System",
  "computer_name": "FILE01",
  "message": "The system uptime is 5047520 seconds."
 },
 {
  "@timestamp": "2021-08-13T09:34:18.801Z",
  "event_id": 4624,
  "provider": "Security-Auditing",
  "source": "Security-Auditing",
  "computer_name": "CLIENT03",
  "message": "An account was successfully logged on.",
  "subject_security_id": "S-1-5-18",
  "subject_account_name": "CLIENT03$",
  "subject_account_domain": "ABYAH",
  "logon_logon_type": "10",
  "new_logon_account_name": "klee",
  "new_logon_authentication_package": "Kerberos",
  "network_source_address": "10.0.0.20"
 },
 {
  "@timestamp": "2021-04-18T07:20:00.600Z",
  "event_id": 6013,
  "provider": "System",
  "source": "System",
  "computer_name": "WEB01",
  "message": "The system uptime is 1472974 seconds."
 },
 {
  "@timestamp": "2021-03-23T19:03:00.858Z",
  "event_id": 7,
  "provider": "Microsoft-Windows-Sysmon",
  "source": "Sysmon",
  "computer_name": "WEB01",
  "message": "Image loaded:",
  "image": "C:\\Windows\\explorer.exe",
  "imageloaded": "C:\\Windows\\System32\\ntdll.dll",
  "processid": 7461
 },
