 {
  "@timestamp": "2021-07-18T14:05:42.845Z",
  "event_id": 1,
  "provider": "Microsoft-Windows-Sysmon",
  "source": "Sysmon",
  "computer_name": "EXCH01",
  "message": "Process Create:",
  "image": "C:\\Program Files\\Microsoft Office\\root\\Office16\\EXCEL.EXE",
  "commandline": "\"C:\\Program Files\\Microsoft Office\\root\\Office16\\EXCEL.EXE\" --flag-7251 --config-4",
  "user": "ABYAH\\lnguyen",
  "processid": 9253
 },
 {
  "@timestamp": "2021-08-23T15:51:19.952Z",
  "event_id": 8,
  "provider": "Microsoft-Windows-Sysmon",
  "source": "Sysmon",
  "computer_name": "CLIENT05",
  "message": "Sysmon event 8"
 },
 {
  "@timestamp": "2021-07-14T03:33:09.397Z",
  "event_id": 6006,
  "provider": "System",
  "source": "System",
  "computer_name": "DEV-02",
  "message": "The Event log service was stopped."
 },
 {
  "@timestamp": "2021-03-16T16:23:56.339Z",
  "event_id": 11,
  "provider": "Microsoft-Windows-Sysmon",
  "source": "Sysmon",
  "computer_name": "CLIENT02",
  "message": "File created:",
  "image": "C:\\Program Files\\Microsoft Office\\root\\Office16\\EXCEL.EXE",
  "targetfilename": "C:\\Users\\LOCAL SERVICE\\Documents\\file_81.tmp",
  "processid": 2040
 },
 {
  "@timestamp": "2021-07-07T22:16:43.685Z",
  "event_id": 1102,
  "provider": "Security-Auditing",
  "source": "Security-Auditing",
  "computer_name": "FILE01",
  "message": "Security event 1102 occurred.",
  "details": "Event ID 1102 logged for ABYAH\\jane.doe"
 },
 {
  "@timestamp": "2021-10-28T18:53:51.636Z",
  "event_id": 4672,
  "provider": "Security-Auditing",
  "source": "Security-Auditing",
  "computer_name": "CLIENT01",
  "message": "Special privileges assigned to new logon.",
  "subject_account_name": "asmith",
  "privileges": "SeTcbPrivilege SeBackupPrivilege SeDebugPrivilege"
 },
 {
  "@timestamp": "2021-01-15T22:52:07.316Z",
  "event_id": 15,
  "provider": "Microsoft-Windows-Sysmon",
  "source": "Sysmon",
  "computer_name": "DC01",
  "message": "FileCreateStreamHash:",
  "image": "C:\\Program Files\\Microsoft Edge\\msedge.exe",
  "targetfilename": "C:\\Users\\ABYAH\\ogarcia\\Downloads\\setup_3.exe:Zone.Identifier"
 },
 {
  "@timestamp": "2021-06-14T14:59:50.594Z",
  "event_id": 1,
  "provider": "Microsoft-Windows-Sysmon",
  "source": "Sysmon",
  "computer_name": "CLIENT02",
  "message": "Process Create:",
  "image": "C:\\Program Files\\Microsoft Office\\root\\Office16\\EXCEL.EXE",
  "commandline": "\"C:\\Program Files\\Microsoft Office\\root\\Office16\\EXCEL.EXE\" --flag-2164 --config-6",
  "user": "ABYAH\\jane.doe",
  "processid": 5356
 },
 {
  "@timestamp": "2021-05-11T13:35:37.957Z",
  "event_id": 1100,
  "provider": "Security-Auditing",
  "source": "Security-Auditing",
  "computer_name": "DC01",
  "message": "Security event 1100 occurred.",
  "details": "Event ID 1100 logged for ABYAH\\admin"
 },
 {
  "@timestamp": "2021-06-15T20:25:31.905Z",
  "event_id": 4634,
  "provider": "Security-Auditing",
  "source": "Security-Auditing",
  "computer_name": "CLIENT03",
  "message": "An account was logged off.",
  "target_account_name": "jdoe"
 },
 {
  "@timestamp": "2021-07-13T08:30:25.147Z",
  "event_id": 8,
  "provider": "Microsoft-Windows-Sysmon",
  "source": "Sysmon",
  "computer_name": "HR-DESK-02",
  "message": "Sysmon event 8"
 },
 {
  "@timestamp": "2021-11-05T18:27:19.437Z",
  "event_id": 4672,
  "provider": "Security-Auditing",
  "source": "Security-Auditing",
  "computer_name": "CLIENT04",
  "message": "Special privileges assigned to new logon.",
  "subject_account_name": "SYSTEM",
  "privileges": "SeTcbPrivilege SeBackupPrivilege SeDebugPrivilege"
 },
 {
  "@timestamp": "2021-05-19T19:34:33.606Z",
  "event_id": 3,
  "provider": "Microsoft-Windows-Sysmon",
  "source": "Sysmon",
  "computer_name": "DC02",
  "message": "Network connection detected:",
  "image": "C:\\Windows\\System32\\lsass.exe",
  "user": "ABYAH\\rbrown",
  "destinationip": "13.107.42.14",
  "destinationport": "443",
  "protocol": "tcp"
 },
 {
  "@timestamp": "2021-06-10T23:17:09.270Z",
  "event_id": 1102,
  "provider": "Security-Auditing",
  "source": "Security-Auditing",
  "computer_name": "IT-DESK-01",
  "message": "Security event 1102 occurred.",
  "details": "Event ID 1102 logged for ABYAH\\svc_monitor"
 },
 {
  "@timestamp": "2021-07-20T05:38:52.649Z",
  "event_id": 4634,
  "provider": "Security-Auditing",
  "source": "Security-Auditing",
  "computer_name": "DC02",
  "message": "An account was logged off.",
  "target_account_name": "john.smith"
 },
 {
  "@timestamp": "2021-01-02T12:51:30.243Z",
  "event_id": 4776,
  "provider": "Security-Auditing",
  "source": "Security-Auditing",
  "computer_name": "CLIENT02",
  "message": "The credential validation occurred.",
  "package_authentication_package": "MICROSOFT_AUTHENTICATION_PACKAGE_V1_0",
  "account_account_name": "jane.doe",
  "computer_computer_name": "CLIENT02"
 },
 {
  "@timestamp": "2021-04-06T02:16:15.156Z",
  "event_id": 6013,
  "provider": "System",
  "source": "System",
  "computer_name": "DC02",
  "message": "The system uptime is 3354455 seconds."
 },
 {
  "@timestamp": "2021-01-03T03:58:07.920Z",
  "event_id": 4776,
  "provider": "Security-Auditing",
  "source": "Security-Auditing",
  "computer_name": "CLIENT01",
  "message": "The credential validation occurred.",
  "package_authentication_package": "MICROSOFT_AUTHENTICATION_PACKAGE_V1_0",
  "account_account_name": "User1",
  "computer_computer_name": "CLIENT01"
 },
 {
  "@timestamp": "2021-09-18T10:21:33.610Z",
  "event_id": 7,
  "provider": "Microsoft-Windows-Sysmon",
  "source": "Sysmon",
  "computer_name": "CLIENT02",
  "message": "Image loaded:",
  "image": "C:\\Program Files\\WindowsApps\\...\\RuntimeBroker.exe",
  "imageloaded": "C:\\Windows\\System32\\user32.dll",
  "processid": 7087
 },
 {
  "@timestamp": "2021-02-11T02:17:12.521Z",
  "event_id": 6005,
  "provider": "System",
  "source": "System",
  "computer_name": "HR-DESK-01",
  "message": "The Event log service was started."
 },
 {
  "@timestamp": "2021-06-03T14:36:56.659Z",
  "event_id": 7,
  "provider": "Microsoft-Windows-Sysmon",
  "source": "Sysmon",
  "computer_name": "EXCH01",
  "message": "Image loaded:",
  "image": "C:\\Windows\\System32\\lsass.exe",
  "imageloaded": "C:\\Windows\\System32\\ntdll.dll",
  "processid": 9219
 },
 {
  "@timestamp": "2021-07-14T19:27:56.353Z",
  "event_id": 4634,
  "provider": "Security-Auditing",
  "source": "Security-Auditing",
  "computer_name": "CLIENT05",
  "message": "An account was logged off.",
  "target_account_name": "mperez"
 },
 {
  "@timestamp": "2021-07-22T08:04:29.769Z",
  "event_id": 3,
  "provider": "Microsoft-Windows-Sysmon",
  "source": "Sysmon",
  "computer_name": "TEST-01",
  "message": "Network connection detected:",
  "image": "C:\\Windows\\System32\\spoolsv.exe",
  "user": "ABYAH\\rbrown",
  "destinationip": "13.107.42.14",
  "destinationport": "443",
  "protocol": "tcp"
 },
 {
  "@timestamp": "2021-12-14T04:16:55.534Z",
  "event_id": 6013,
  "provider": "System",
  "source": "System",
  "computer_name": "WEB01",
  "message": "The system uptime is 5242532 seconds."
 },
 {
  "@timestamp": "2021-11-18T09:08:27.637Z",
  "event_id": 8,
  "provider": "Microsoft-Windows-Sysmon",
  "source": "Sysmon",
  "computer_name": "HR-DESK-01",
  "message": "Sysmon event 8"
 },
 {
  "@timestamp": "2021-04-14T15:36:46.958Z",
  "event_id": 15,
  "provider": "Microsoft-Windows-Sysmon",
  "source": "Sysmon",
  "computer_name": "IT-DESK-01",
  "message": "FileCreateStreamHash:",
  "image": "C:\\Windows\\System32\\lsass.exe",
  "targetfilename": "C:\\Users\\WORKGROUP\\User1\\Downloads\\setup_1.exe:Zone.Identifier"
 },
 {
  "@timestamp": "2021-02-20T01:43:50.735Z",
  "event_id": 4624,
  "provider": "Security-Auditing",
  "source": "Security-Auditing",
  "computer_name": "DEV-01",
  "message": "An account was successfully logged on.",
  "subject_security_id": "S-1-5-18",
  "subject_account_name": "DEV-01$",
  "subject_account_domain": "ABYAH",
  "logon_logon_type": "10",
  "new_logon_account_name": "asmith",
  "new_logon_authentication_package": "NTLM",
  "network_source_address": "192.168.50.1"
 },
 {
  "@timestamp": "2021-11-15T05:06:58.231Z",
  "event_id": 15,
  "provider": "Microsoft-Windows-Sysmon",
  "source": "Sysmon",
  "computer_name": "TEST-01",
  "message": "FileCreateStreamHash:",
  "image": "C:\\Windows\\System32\\svchost.exe",
  "targetfilename": "C:\\Users\\ABYAH\\abyah\\Downloads\\setup_2.exe:Zone.Identifier"
 },
 {
  "@timestamp": "2021-11-09T11:46:50.491Z",
  "event_id": 15,
  "provider": "Microsoft-Windows-Sysmon",
  "source": "Sysmon",
  "computer_name": "DC02",
  "message": "FileCreateStreamHash:",
  "image": "C:\\Program Files\\Microsoft Edge\\msedge.exe",
  "targetfilename": "C:\\Users\\WORKGROUP\\User1\\Downloads\\setup_3.exe:Zone.Identifier"
 },
 {
  "@timestamp": "2021-01-04T12:21:27.517Z",
  "event_id": 15,
  "provider": "Microsoft-Windows-Sysmon",
  "source": "Sysmon",
  "computer_name": "APP01",
  "message": "FileCreateStreamHash:",
  "image": "C:\\Program Files\\WindowsApps\\...\\RuntimeBroker.exe",
  "targetfilename": "C:\\Users\\ABYAH\\bwilson\\Downloads\\setup_4.exe:Zone.Identifier"
 },
 {
  "@timestamp": "2021-09-05T09:12:46.234Z",
  "event_id": 3,
  "provider": "Microsoft-Windows-Sysmon",
  "source": "Sysmon",
  "computer_name": "DC02",
  "message": "Network connection detected:",
  "image": "C:\\Program Files\\Microsoft Office\\root\\Office16\\WINWORD.EXE",
  "user": "ABYAH\\rbrown",
  "destinationip": "142.250.80.46",
  "destinationport": "443",
  "protocol": "tcp"
 },
 {
  "@timestamp": "2021-04-02T20:31:20.420Z",
  "event_id": 1102,
  "provider": "Security-Auditing",
  "source": "Security-Auditing",
  "computer_name": "DC01",
  "message": "Security event 1102 occurred.",
  "details": "Event ID 1102 logged for LOCAL SERVICE"
 },
 {
  "@timestamp": "2021-03-02T04:56:18.641Z",
  "event_id": 10,
  "provider": "Microsoft-Windows-Sysmon",
  "source": "Sysmon",
  "computer_name": "CLIENT02",
  "message": "Sysmon event 10"
 },
 {
  "@timestamp": "2021-06-01T23:38:13.855Z",
  "event_id": 6006,
  "provider": "System",
  "source": "System",
  "computer_name": "CLIENT02",
  "message": "The Event log service was stopped."
 },
 {
  "@timestamp": "2021-01-05T08:17:00.409Z",
  "event_id": 3,
  "provider": "Microsoft-Windows-Sysmon",
  "source": "Sysmon",
  "computer_name": "IT-DESK-01",
  "message": "Network connection detected:",
  "image": "C:\\Windows\\System32\\svchost.exe",
  "user": "WORKGROUP\\User1",
  "destinationip": "1.1.1.1",
  "destinationport": "80",
  "protocol": "tcp"
 },
 {
  "@timestamp": "2021-11-18T05:15:43.436Z",
  "event_id": 4624,
  "provider": "Security-Auditing",
  "source": "Security-Auditing",
  "computer_name": "WEB01",
  "message": "An account was successfully logged on.",
  "subject_security_id": "S-1-5-18",
  "subject_account_name": "WEB01$",
  "subject_account_domain": "ABYAH",
  "logon_logon_type": "8",
  "new_logon_account_name": "svc_backup",
  "new_logon_authentication_package": "Negotiate",
  "network_source_address": "10.0.0.20"
 },
 {
  "@timestamp": "2021-06-11T08:28:25.166Z",
  "event_id": 8,
  "provider": "Microsoft-Windows-Sysmon",
  "source": "Sysmon",
  "computer_name": "HR-DESK-02",
  "message": "Sysmon event 8"
 },
 {
  "@timestamp": "2021-06-11T09:35:59.209Z",
  "event_id": 1100,
  "provider": "Security-Auditing",
  "source": "Security-Auditing",
  "computer_name": "CLIENT01",
  "message": "Security event 1100 occurred.",
  "details": "Event ID 1100 logged for ABYAH\\rbrown"
 },
 {
  "@timestamp": "2021-07-04T10:57:43.352Z",
  "event_id": 4634,
  "provider": "Security-Auditing",
  "source": "Security-Auditing",
  "computer_name": "HR-DESK-02",
  "message": "An account was logged off.",
  "target_account_name": "bwilson"
 },
 {
  "@timestamp": "2021-08-23T01:53:08.170Z",
  "event_id": 4672,
  "provider": "Security-Auditing",
  "source": "Security-Auditing",
  "computer_name": "FILE01",
  "message": "Special privileges assigned to new logon.",
  "subject_account_name": "User2",
  "privileges": "SeTcbPrivilege SeBackupPrivilege SeDebugPrivilege"
 },
 {
  "@timestamp": "2021-11-08T18:03:27.261Z",
  "event_id": 4634,
  "provider": "Security-Auditing",
  "source": "Security-Auditing",
  "computer_name": "CLIENT01",
  "message": "An account was logged off.",
  "target_account_name": "abyah"
 },
 {
  "@timestamp": "2021-09-06T09:51:28.584Z",
  "event_id": 1102,
  "provider": "Security-Auditing",
  "source": "Security-Auditing",
  "computer_name": "CLIENT04",
  "message": "Security event 1102 occurred.",
  "details": "Event ID 1102 logged for WORKGROUP\\User2"
 },
 {
  "@timestamp": "2021-04-15T03:44:38.212Z",
  "event_id": 4634,
  "provider": "Security-Auditing",
  "source": "Security-Auditing",
  "computer_name": "DC02",
  "message": "An account was logged off.",
  "target_account_name": "asmith"
 },
 {
  "@timestamp": "2021-10-23T11:20:29.783Z",
  "event_id": 1100,
  "provider": "Security-Auditing",
  "source": "Security-Auditing",
  "computer_name": "CLIENT01",
  "message": "Security event 1100 occurred.",
  "details": "Event ID 1100 logged for ABYAH\\rbrown"
 },
 {
  "@timestamp": "2021-11-06T05:02:53.823Z",
  "event_id": 7,
  "provider": "Microsoft-Windows-Sysmon",
  "source": "Sysmon",
  "computer_name": "HR-DESK-02",
  "message": "Image loaded:",
  "image": "C:\\Program Files\\Microsoft Edge\\msedge.exe",
  "imageloaded": "C:\\Windows\\System32\\advapi32.dll",
  "processid": 6328
 },
 {
  "@timestamp": "2021-04-13T08:56:13.501Z",
  "event_id": 4624,
  "provider": "Security-Auditing",
  "source": "Security-Auditing",
  "computer_name": "CLIENT02",
  "message": "An account was successfully logged on.",
  "subject_security_id": "S-1-5-18",
  "subject_account_name": "CLIENT02$",
  "subject_account_domain": "ABYAH",
  "logon_logon_type": "10",
  "new_logon_account_name": "SYSTEM",
  "new_logon_authentication_package": "Kerberos",
  "network_source_address": "192.168.1.104"
 },
 {
  "@timestamp": "2021-05-05T05:44:48.824Z",
  "event_id": 4672,
  "provider": "Security-Auditing",
  "source": "Security-Auditing",
  "computer_name": "SQL01",
  "message": "Special privileges assigned to new logon.",
  "subject_account_name": "User1",
  "privileges": "SeTcbPrivilege SeBackupPrivilege SeDebugPrivilege"
 },
 {
  "@timestamp": "2021-03-15T12:45:32.344Z",
  "event_id": 4624,
  "provider": "Security-Auditing",
  "source": "Security-Auditing",
  "computer_name": "APP01",
  "message": "An account was successfully logged on.",
  "subject_security_id": "S-1-5-18",
  "subject_account_name": "APP01$",
  "subject_account_domain": "ABYAH",
  "logon_logon_type": "10",
  "new_logon_account_name": "svc_backup",
  "new_logon_authentication_package": "Negotiate",
  "network_source_address": "192.168.50.1"
 },
 {
  "@timestamp": "2021-06-22T15:06:03.716Z",
  "event_id": 4624,
  "provider": "Security-Auditing",
  "source": "Security-Auditing",
  "computer_name": "TEST-01",
  "message": "An account was successfully logged on.",
  "subject_security_id": "S-1-5-18",
  "subject_account_name": "TEST-01$",
  "subject_account_domain": "ABYAH",
  "logon_logon_type": "8",
  "new_logon_account_name": "jane.doe",
  "new_logon_authentication_package": "Negotiate",
  "network_source_address": "10.0.0.15"
 },
 {
  "@timestamp": "2021-01-19T01:57:03.781Z",
  "event_id": 6006,
  "provider": "System",
  "source": "System",
  "computer_name": "DC01",
  "message": "The Event log service was stopped."
 },
 {
  "@timestamp": "2021-11-16T14:56:21.390Z",
  "event_id": 4672,
  "provider": "Security-Auditing",
  "source": "Security-Auditing",
  "computer_name": "HR-DESK-02",
  "message": "Special privileges assigned to new logon.",
  "subject_account_name": "ogarcia",
  "privileges": "SeTcbPrivilege SeBackupPrivilege SeDebugPrivilege"
 },
 {
  "@timestamp": "2021-03-18T21:19:29.769Z",
  "event_id": 1102,
  "provider": "Security-Auditing",
  "source": "Security-Auditing",
  "computer_name": "DEV-01",
  "message": "Security event 1102 occurred.",
  "details": "Event ID 1102 logged for ABYAH\\svc_sql"
 },
 {
  "@timestamp": "2021-04-06T22:18:52.487Z",
  "event_id": 6005,
  "provider": "System",
  "source": "System",
  "computer_name": "EXCH01",
  "message": "The Event log service was started."
 },
 {
  "@timestamp": "2021-06-10T23:26:47.305Z",
  "event_id": 6013,
  "provider": "System",
  "source": "System",
  "computer_name": "SQL01",
  "message": "The system uptime is 5685083 seconds."
 },
 {
  "@timestamp": "2021-02-27T16:23:06.906Z",
  "event_id": 6006,
  "provider": "System",
  "source": "System",
  "computer_name": "CLIENT04",
  "message": "The Event log service was stopped."
 },
 {
  "@timestamp": "2021-12-27T18:23:58.693Z",
  "event_id": 8,
  "provider": "Microsoft-Windows-Sysmon",
  "source": "Sysmon",
  "computer_name": "CLIENT05",
  "message": "Sysmon event 8"
 },
 {
  "@timestamp": "2021-12-08T14:47:20.257Z",
  "event_id": 6013,
  "provider": "System",
  "source": "System",
  "computer_name": "CLIENT01",
  "message": "The system uptime is 3159129 seconds."
 },
 {
  "@timestamp": "2021-11-05T02:00:36.263Z",
  "event_id": 6013,
  "provider": "System",
  "source": "System",
  "computer_name": "CLIENT02",
  "message": "The system uptime is 3187202 seconds."
 },
 {
  "@timestamp": "2021-06-16T18:40:23.959Z",
  "event_id": 3,
  "provider": "Microsoft-Windows-Sysmon",
  "source": "Sysmon",
  "computer_name": "CLIENT04",
  "message": "Network connection detected:",
  "image": "C:\\Program Files\\Microsoft Edge\\msedge.exe",
  "user": "ABYAH\\klee",
  "destinationip": "1.1.1.1",
  "destinationport": "3389",
  "protocol": "tcp"
 },
 {
  "@timestamp": "2021-05-03T09:09:59.539Z",
  "event_id": 3,
  "provider": "Microsoft-Windows-Sysmon",
  "source": "Sysmon",
  "computer_name": "DC02",
  "message": "Network connection detected:",
  "image": "C:\\Program Files\\WindowsApps\\...\\RuntimeBroker.exe",
  "user": "ABYAH\\svc_sql",
  "destinationip": "10.0.0.1",
  "destinationport": "443",
  "protocol": "tcp"
 },
 {
  "@timestamp": "2021-04-26T15:09:11.704Z",
  "event_id": 1100,
  "provider": "Security-Auditing",
  "source": "Security-Auditing",
  "computer_name": "SQL01",
  "message": "Security event 1100 occurred.",
  "details": "Event ID 1100 logged for NETWORK SERVICE"
 },
 {
  "@timestamp": "2021-06-21T04:19:57.787Z",
  "event_id": 4634,
  "provider": "Security-Auditing",
  "source": "Security-Auditing",
  "computer_name": "EXCH01",
  "message": "An account was logged off.",
  "target_account_name": "SYSTEM"
 },
 {
  "@timestamp": "2021-01-03T22:43:42.412Z",
  "event_id": 4672,
  "provider": "Security-Auditing",
  "source": "Security-Auditing",
  "computer_name": "CLIENT05",
  "message": "Special privileges assigned to new logon.",
  "subject_account_name": "bwilson",
  "privileges": "SeTcbPrivilege SeBackupPrivilege SeDebugPrivilege"
 },
 {
  "@timestamp": "2021-08-26T13:43:41.783Z",
  "event_id": 4672,
  "provider": "Security-Auditing",
  "source": "Security-Auditing",
  "computer_name": "DC01",
  "message": "Special privileges assigned to new logon.",
  "subject_account_name": "john.smith",
  "privileges": "SeTcbPrivilege SeBackupPrivilege SeDebugPrivilege"
 },
 {
  "@timestamp": "2021-09-15T17:59:13.775Z",
  "event_id": 6006,
  "provider": "System",
  "source": "System",
  "computer_name": "DC02",
  "message": "The Event log service was stopped."
 },
 {
  "@timestamp": "2021-01-15T16:09:19.410Z",
  "event_id": 7,
  "provider": "Microsoft-Windows-Sysmon",
  "source": "Sysmon",
  "computer_name": "DC01",
  "message": "Image loaded:",
  "image": "C:\\Program Files\\WindowsApps\\...\\RuntimeBroker.exe",
  "imageloaded": "C:\\Windows\\System32\\advapi32.dll",
  "processid": 8060
 },
 {
  "@timestamp": "2021-07-22T00:43:36.748Z",
  "event_id": 8,
  "provider": "Microsoft-Windows-Sysmon",
  "source": "Sysmon",
  "computer_name": "CLIENT01",
  "message": "Sysmon event 8"
 },
 {
  "@timestamp": "2021-11-24T11:57:46.116Z",
  "event_id": 1102,
  "provider": "Security-Auditing",
  "source": "Security-Auditing",
  "computer_name": "FILE01",
  "message": "Security event 1102 occurred.",
  "details": "Event ID 1102 logged for ABYAH\\svc_sql"
 },
 {
  "@timestamp": "2021-11-14T05:36:30.911Z",
  "event_id": 6006,
  "provider": "System",
  "source": "System",
  "computer_name": "CLIENT04",
  "message": "The Event log service was stopped."
 },
 {
  "@timestamp": "2021-03-11T14:47:52.262Z",
  "event_id": 6013,
  "provider": "System",
  "source": "System",
  "computer_name": "EXCH01",
  "message": "The system uptime is 8284624 seconds."
 },
 {
  "@timestamp": "2021-08-02T23:43:17.578Z",
  "event_id": 6005,
  "provider": "System",
  "source": "System",
  "computer_name": "FILE01",
  "message": "The Event log service was started."
 },
 {
  "@timestamp": "2021-07-14T12:06:02.461Z",
  "event_id": 4776,
  "provider": "Security-Auditing",
  "source": "Security-Auditing",
  "computer_name": "CLIENT02",
  "message": "The credential validation occurred.",
  "package_authentication_package": "MICROSOFT_AUTHENTICATION_PACKAGE_V1_0",
  "account_account_name": "klee",
  "computer_computer_name": "CLIENT02"
 },
 {
  "@timestamp": "2021-09-02T12:55:32.505Z",
  "event_id": 6005,
  "provider": "System",
  "source": "System",
  "computer_name": "SQL01",
  "message": "The Event log service was started."
 },
 {
  "@timestamp": "2021-08-20T05:17:16.718Z",
  "event_id": 1102,
  "provider": "Security-Auditing",
  "source": "Security-Auditing",
  "computer_name": "DEV-02",
  "message": "Security event 1102 occurred.",
  "details": "Event ID 1102 logged for ABYAH\\admin"
 },
 {
  "@timestamp": "2021-02-17T13:39:45.431Z",
  "event_id": 7,
  "provider": "Microsoft-Windows-Sysmon",
  "source": "Sysmon",
  "computer_name": "CLIENT05",
  "message": "Image loaded:",
  "image": "C:\\Program Files\\Microsoft Office\\root\\Office16\\WINWORD.EXE",
  "imageloaded": "C:\\Windows\\System32\\advapi32.dll",
  "processid": 2420
 },
 {
  "@timestamp": "2021-09-08T22:41:15.989Z",
  "event_id": 6005,
  "provider": "System",
  "source": "System",
  "computer_name": "TEST-01",
  "message": "The Event log service was started."
 },
 {
  "@timestamp": "2021-07-19T23:12:17.580Z",
  "event_id": 4776,
  "provider": "Security-Auditing",
  "source": "Security-Auditing",
  "computer_name": "WEB01",
  "message": "The credential validation occurred.",
  "package_authentication_package": "MICROSOFT_AUTHENTICATION_PACKAGE_V1_0",
  "account_account_name": "john.smith",
  "computer_computer_name": "WEB01"
 },
 {
  "@timestamp": "2021-08-16T19:50:15.746Z",
  "event_id": 4634,
  "provider": "Security-Auditing",
  "source": "Security-Auditing",
  "computer_name": "EXCH01",
  "message": "An account was logged off.",
  "target_account_name": "asmith"
 },
 {
  "@timestamp": "2021-01-03T12:13:06.613Z",
  "event_id": 10,
  "provider": "Microsoft-Windows-Sysmon",
  "source": "Sysmon",
  "computer_name": "FILE01",
  "message": "Sysmon event 10"
 },
 {
  "@timestamp": "2021-10-04T11:09:13.174Z",
  "event_id": 3,
  "provider": "Microsoft-Windows-Sysmon",
  "source": "Sysmon",
  "computer_name": "CLIENT01",
  "message": "Network connection detected:",
  "image": "C:\\Windows\\System32\\svchost.exe",
  "user": "ABYAH\\asmith",
  "destinationip": "1.1.1.1",
  "destinationport": "443",
  "protocol": "tcp"
 },
 {
  "@timestamp": "2021-01-19T17:11:05.271Z",
  "event_id": 8,
  "provider": "Microsoft-Windows-Sysmon",
  "source": "Sysmon",
  "computer_name": "CLIENT03",
  "message": "Sysmon event 8"
 },
 {
  "@timestamp": "2021-10-14T15:11:02.953Z",
  "event_id": 4672,
  "provider": "Security-Auditing",
  "source": "Security-Auditing",
  "computer_name": "TEST-01",
  "message": "Special privileges assigned to new logon.",
  "subject_account_name": "mperez",
  "privileges": "SeTcbPrivilege SeBackupPrivilege SeDebugPrivilege"
 },
 {
  "@timestamp": "2021-02-22T14:31:40.427Z",
  "event_id": 6006,
  "provider": "System",
  "source": "System",
  "computer_name": "CLIENT01",
  "message": "The Event log service was stopped."
 },
 {
  "@timestamp": "2021-11-19T20:48:47.181Z",
  "event_id": 4624,
  "provider": "Security-Auditing",
  "source": "Security-Auditing",
  "computer_name": "WEB01",
  "message": "An account was successfully logged on.",
  "subject_security_id": "S-1-5-18",
  "subject_account_name": "WEB01$",
  "subject_account_domain": "ABYAH",
  "logon_logon_type": "11",
  "new_logon_account_name": "SYSTEM",
  "new_logon_authentication_package": "Kerberos",
  "network_source_address": "192.168.1.10"
 },
 {
  "@timestamp": "2021-09-08T08:13:50.984Z",
  "event_id": 15,
  "provider": "Microsoft-Windows-Sysmon",
  "source": "Sysmon",
  "computer_name": "CLIENT03",
  "message": "FileCreateStreamHash:",
  "image": "C:\\Program Files\\Google\\Chrome\\chrome.exe",
  "targetfilename": "C:\\Users\\ABYAH\\lnguyen\\Downloads\\setup_9.exe:Zone.Identifier"
 },
 {
  "@timestamp": "2021-05-24T15:19:27.733Z",
  "event_id": 8,
  "provider": "Microsoft-Windows-Sysmon",
  "source": "Sysmon",
  "computer_name": "CLIENT04",
  "message": "Sysmon event 8"
 },
 {
  "@timestamp": "2021-01-05T15:09:34.290Z",
  "event_id": 1100,
  "provider": "Security-Auditing",
  "source": "Security-Auditing",
  "computer_name": "IT-DESK-01",
  "message": "Security event 1100 occurred.",
  "details": "Event ID 1100 logged for NETWORK SERVICE"
 },
 {
  "@timestamp": "2021-11-24T23:33:00.981Z",
  "event_id": 15,
  "provider": "Microsoft-Windows-Sysmon",
  "source": "Sysmon",
  "computer_name": "CLIENT01",
  "message": "FileCreateStreamHash:",
  "image": "C:\\Windows\\System32\\svchost.exe",
  "targetfilename": "C:\\Users\\NETWORK SERVICE\\Downloads\\setup_9.exe:Zone.Identifier"
 },
 {
  "@timestamp": "2021-04-06T03:24:42.797Z",
  "event_id": 3,
  "provider": "Microsoft-Windows-Sysmon",
  "source": "Sysmon",
  "computer_name": "FILE01",
  "message": "Network connection detected:",
  "image": "C:\\Windows\\System32\\spoolsv.exe",
  "user": "ABYAH\\jdoe",
  "destinationip": "8.8.8.8",
  "destinationport": "80",
  "protocol": "tcp"
 },
 {
  "@timestamp": "2021-09-08T04:43:47.872Z",
  "event_id": 4776,
  "provider": "Security-Auditing",
  "source": "Security-Auditing",
  "computer_name": "SQL01",
  "message": "The credential validation occurred.",
  "package_authentication_package": "MICROSOFT_AUTHENTICATION_PACKAGE_V1_0",
  "account_account_name": "bwilson",
  "computer_computer_name": "SQL01"
 },
 {
  "@timestamp": "2021-03-21T01:56:10.190Z",
  "event_id": 1100,
  "provider": "Security-Auditing",
  "source": "Security-Auditing",
  "computer_name": "CLIENT05",
  "message": "Security event 1100 occurred.",
  "details": "Event ID 1100 logged for ABYAH\\admin"
 },
 {
  "@timestamp": "2021-12-10T05:33:57.862Z",
  "event_id": 4634,
  "provider": "Security-Auditing",
  "source": "Security-Auditing",
  "computer_name": "CLIENT05",
  "message": "An account was logged off.",
  "target_account_name": "svc_sql"
 },
 {
  "@timestamp": "2021-12-25T02:25:28.617Z",
  "event_id": 6013,
  "provider": "System",
  "source": "System",
  "computer_name": "WEB01",
  "message": "The system uptime is 1959195 seconds."
 },
 {
  "@timestamp": "2021-12-05T19:00:11.427Z",
  "event_id": 6013,
  "provider": "System",
  "source": "System",
  "computer_name": "HR-DESK-02",
  "message": "The system uptime is 1708107 seconds."
 },
 {
  "@timestamp": "2021-07-15T07:49:01.274Z",
  "event_id": 1102,
  "provider": "Security-Auditing",
  "source": "Security-Auditing",
  "computer_name": "FILE01",
  "message": "Security event 1102 occurred.",
  "details": "Event ID 1102 logged for ABYAH\\admin"
 },
 {
  "@timestamp": "2021-04-21T00:18:43.112Z",
  "event_id": 6005,
  "provider": "System",
  "source": "System",
  "computer_name": "CLIENT04",
  "message": "The Event log service was started."
 },
 {
  "@timestamp": "2021-05-25T02:03:42.450Z",
  "event_id": 4776,
  "provider": "Security-Auditing",
  "source": "Security-Auditing",
  "computer_name": "DEV-02",
  "message": "The credential validation occurred.",
  "package_authentication_package": "MICROSOFT_AUTHENTICATION_PACKAGE_V1_0",
  "account_account_name": "LOCAL SERVICE",
  "computer_computer_name": "DEV-02"
 },
 {
  "@timestamp": "2021-05-17T10:10:35.398Z",
  "event_id": 6006,
  "provider": "System",
  "source": "System",
  "computer_name": "DEV-02",
  "message": "The Event log service was stopped."
 },
 {
  "@timestamp": "2021-08-17T08:27:28.724Z",
  "event_id": 1100,
  "provider": "Security-Auditing",
  "source": "Security-Auditing",
  "computer_name": "CLIENT01",
  "message": "Security event 1100 occurred.",
  "details": "Event ID 1100 logged for ABYAH\\svc_backup"
 },
 {
  "@timestamp": "2021-01-21T14:25:17.775Z",
  "event_id": 4624,
  "provider": "Security-Auditing",
  "source": "Security-Auditing",
  "computer_name": "CLIENT01",
  "message": "An account was successfully logged on.",
  "subject_security_id": "S-1-5-18",
  "subject_account_name": "CLIENT01$",
  "subject_account_domain": "ABYAH",
  "logon_logon_type": "10",
  "new_logon_account_name": "john.smith",
  "new_logon_authentication_package": "Negotiate",
  "network_source_address": "192.168.50.1"
 },
 {
  "@timestamp": "2021-12-01T02:31:57.267Z",
  "event_id": 1102,
  "provider": "Security-Auditing",
  "source": "Security-Auditing",
  "computer_name": "CLIENT04",
  "message": "Security event 1102 occurred.",
  "details": "Event ID 1102 logged for ABYAH\\mperez"
 },
 {
  "@timestamp": "2021-12-05T17:11:36.126Z",
  "event_id": 1100,
  "provider": "Security-Auditing",
  "source": "Security-Auditing",
  "computer_name": "CLIENT01",
  "message": "Security event 1100 occurred.",
  "details": "Event ID 1100 logged for WORKGROUP\\User2"
 },
 {
  "@timestamp": "2021-06-04T02:48:10.164Z",
  "event_id": 1102,
  "provider": "Security-Auditing",
  "source": "Security-Auditing",
  "computer_name": "DC01",
  "message": "Security event 1102 occurred.",
  "details": "Event ID 1102 logged for ABYAH\\mperez"
 },
 {
  "@timestamp": "2021-09-01T02:56:39.710Z",
  "event_id": 7,
  "provider": "Microsoft-Windows-Sysmon",
  "source": "Sysmon",
  "computer_name": "HR-DESK-01",
  "message": "Image loaded:",
  "image": "C:\\Program Files\\WindowsApps\\...\\RuntimeBroker.exe",
  "imageloaded": "C:\\Windows\\System32\\kernel32.dll",
  "processid": 6961
 },
 {
  "@timestamp": "2021-02-03T21:30:40.830Z",
  "event_id": 6005,
  "provider": "System",
  "source": "System",
  "computer_name": "CLIENT04",
  "message": "The Event log service was started."
 },
 {
  "@timestamp": "2021-01-22T12:17:34.460Z",
  "event_id": 15,
  "provider": "Microsoft-Windows-Sysmon",
  "source": "Sysmon",
  "computer_name": "IT-DESK-01",
  "message": "FileCreateStreamHash:",
  "image": "C:\\Program Files\\Microsoft Edge\\msedge.exe",
  "targetfilename": "C:\\Users\\LOCAL SERVICE\\Downloads\\setup_8.exe:Zone.Identifier"
 },
 {
  "@timestamp": "2021-11-22T02:10:57.904Z",
  "event_id": 1102,
  "provider": "Security-Auditing",
  "source": "Security-Auditing",
  "computer_name": "EXCH01",
  "message": "Security event 1102 occurred.",
  "details": "Event ID 1102 logged for ABYAH\\john.smith"
 },
 {
  "@timestamp": "2021-05-21T09:34:43.182Z",
  "event_id": 15,
  "provider": "Microsoft-Windows-Sysmon",
  "source": "Sysmon",
  "computer_name": "DC01",
  "message": "FileCreateStreamHash:",
  "image": "C:\\Windows\\System32\\lsass.exe",
  "targetfilename": "C:\\Users\\WORKGROUP\\User2\\Downloads\\setup_4.exe:Zone.Identifier"
 },
 {
  "@timestamp": "2021-02-04T08:52:58.443Z",
  "event_id": 1102,
  "provider": "Security-Auditing",
  "source": "Security-Auditing",
  "computer_name": "DC02",
  "message": "Security event 1102 occurred.",
  "details": "Event ID 1102 logged for ABYAH\\jdoe"
 },
 {
  "@timestamp": "2021-02-19T10:08:17.678Z",
  "event_id": 8,
  "provider": "Microsoft-Windows-Sysmon",
  "source": "Sysmon",
  "computer_name": "HR-DESK-02",
  "message": "Sysmon event 8"
 },
 {
  "@timestamp": "2021-10-05T03:28:27.413Z",
  "event_id": 4624,
  "provider": "Security-Auditing",
  "source": "Security-Auditing",
  "computer_name": "DC02",
  "message": "An account was successfully logged on.",
  "subject_security_id": "S-1-5-18",
  "subject_account_name": "DC02$",
  "subject_account_domain": "ABYAH",
  "logon_logon_type": "10",
  "new_logon_account_name": "jdoe",
  "new_logon_authentication_package": "Negotiate",
  "network_source_address": "10.0.0.20"
 },
 {
  "@timestamp": "2021-11-07T17:00:16.820Z",
  "event_id": 8,
  "provider": "Microsoft-Windows-Sysmon",
  "source": "Sysmon",
  "computer_name": "APP01",
  "message": "Sysmon event 8"
 },
 {
  "@timestamp": "2021-08-15T21:08:20.982Z",
  "event_id": 3,
  "provider": "Microsoft-Windows-Sysmon",
  "source": "Sysmon",
  "computer_name": "FILE01",
  "message": "Network connection detected:",
  "image": "C:\\Windows\\System32\\lsass.exe",
  "user": "ABYAH\\jane.doe",
  "destinationip": "1.1.1.1",
  "destinationport": "443",
  "protocol": "tcp"
 },
 {
  "@timestamp": "2021-09-09T16:36:35.585Z",
  "event_id": 6006,
  "provider": "System",
  "source": "System",
  "computer_name": "FILE01",
  "message": "The Event log service was stopped."
 },
 {
  "@timestamp": "2021-03-20T19:56:12.320Z",
  "event_id": 7,
  "provider": "Microsoft-Windows-Sysmon",
  "source": "Sysmon",
  "computer_name": "IT-DESK-01",
  "message": "Image loaded:",
  "image": "C:\\Windows\\System32\\lsass.exe",
  "imageloaded": "C:\\Windows\\System32\\ole32.dll",
  "processid": 6561
 },
 {
  "@timestamp": "2021-01-27T19:15:36.615Z",
  "event_id": 11,
  "provider": "Microsoft-Windows-Sysmon",
  "source": "Sysmon",
  "computer_name": "CLIENT02",
  "message": "File created:",
  "image": "C:\\Windows\\System32\\svchost.exe",
  "targetfilename": "C:\\Users\\ABYAH\\bwilson\\Documents\\file_52.tmp",
  "processid": 7941
 },
 {
  "@timestamp": "2021-09-10T08:08:43.565Z",
  "event_id": 1102,
  "provider": "Security-Auditing",
  "source": "Security-Auditing",
  "computer_name": "CLIENT03",
  "message": "Security event 1102 occurred.",
  "details": "Event ID 1102 logged for ABYAH\\lnguyen"
 },
 {
  "@timestamp": "2021-11-12T04:45:15.717Z",
  "event_id": 1102,
  "provider": "Security-Auditing",
  "source": "Security-Auditing",
  "computer_name": "HR-DESK-01",
  "message": "Security event 1102 occurred.",
  "details": "Event ID 1102 logged for ABYAH\\mperez"
 },
 {
  "@timestamp": "2021-03-26T04:30:15.441Z",
  "event_id": 1102,
  "provider": "Security-Auditing",
  "source": "Security-Auditing",
  "computer_name": "HR-DESK-01",
  "message": "Security event 1102 occurred.",
  "details": "Event ID 1102 logged for ABYAH\\svc_sql"
 },
 {
  "@timestamp": "2021-07-21T05:03:54.206Z",
  "event_id": 15,
  "provider": "Microsoft-Windows-Sysmon",
  "source": "Sysmon",
  "computer_name": "DC01",
  "message": "FileCreateStreamHash:",
  "image": "C:\\Program Files\\Microsoft Office\\root\\Office16\\WINWORD.EXE",
  "targetfilename": "C:\\Users\\ABYAH\\lnguyen\\Downloads\\setup_7.exe:Zone.Identifier"
 },
 {
  "@timestamp": "2021-05-23T04:05:23.507Z",
  "event_id": 4776,
  "provider": "Security-Auditing",
  "source": "Security-Auditing",
  "computer_name": "WEB01",
  "message": "The credential validation occurred.",
  "package_authentication_package": "MICROSOFT_AUTHENTICATION_PACKAGE_V1_0",
  "account_account_name": "klee",
  "computer_computer_name": "WEB01"
 },
 {
  "@timestamp": "2021-07-06T16:35:26.286Z",
  "event_id": 7,
  "provider": "Microsoft-Windows-Sysmon",
  "source": "Sysmon",
  "computer_name": "EXCH01",
  "message": "Image loaded:",
  "image": "C:\\Program Files\\Google\\Chrome\\chrome.exe",
  "imageloaded": "C:\\Windows\\System32\\ntdll.dll",
  "processid": 4194
 },
 {
  "@timestamp": "2021-06-12T22:07:47.768Z",
  "event_id": 4624,
  "provider": "Security-Auditing",
  "source": "Security-Auditing",
  "computer_name": "CLIENT02",
  "message": "An account was successfully logged on.",
  "subject_security_id": "S-1-5-18",
  "subject_account_name": "CLIENT02$",
  "subject_account_domain": "ABYAH",
  "logon_logon_type": "10",
  "new_logon_account_name": "lnguyen",
  "new_logon_authentication_package": "Negotiate",
  "network_source_address": "192.168.1.104"
 },
 {
  "@timestamp": "2021-02-15T10:16:56.689Z",
  "event_id": 6005,
  "provider": "System",
  "source": "System",
  "computer_name": "SQL01",
  "message": "The Event log service was started."
 },
 {
  "@timestamp": "2021-03-25T02:40:35.644Z",
  "event_id": 6006,
  "provider": "System",
  "source": "System",
  "computer_name": "CLIENT03",
  "message": "The Event log service was stopped."
 },
 {
  "@timestamp": "2021-09-04T11:04:10.739Z",
  "event_id": 3,
  "provider": "Microsoft-Windows-Sysmon",
  "source": "Sysmon",
  "computer_name": "CLIENT01",
  "message": "Network connection detected:",
  "image": "C:\\Program Files\\Microsoft Office\\root\\Office16\\EXCEL.EXE",
  "user": "ABYAH\\admin",
  "destinationip": "8.8.8.8",
  "destinationport": "80",
  "protocol": "tcp"
 },
 {
  "@timestamp": "2021-05-22T12:18:11.700Z",
  "event_id": 8,
  "provider": "Microsoft-Windows-Sysmon",
  "source": "Sysmon",
  "computer_name": "FILE01",
  "message": "Sysmon event 8"
 },
 {
  "@timestamp": "2021-08-24T06:20:13.767Z",
  "event_id": 1102,
  "provider": "Security-Auditing",
  "source": "Security-Auditing",
  "computer_name": "CLIENT02",
  "message": "Security event 1102 occurred.",
  "details": "Event ID 1102 logged for ABYAH\\svc_backup"
 },
 {
  "@timestamp": "2021-06-08T00:03:29.423Z",
  "event_id": 10,
  "provider": "Microsoft-Windows-Sysmon",
  "source": "Sysmon",
  "computer_name": "WEB01",
  "message": "Sysmon event 10"
 },
 {
  "@timestamp": "2021-05-16T18:11:58.803Z",
  "event_id": 7,
  "provider": "Microsoft-Windows-Sysmon",
  "source": "Sysmon",
  "computer_name": "CLIENT01",
  "message": "Image loaded:",
  "image": "C:\\Program Files\\Microsoft Edge\\msedge.exe",
  "imageloaded": "C:\\Windows\\System32\\ntdll.dll",
  "processid": 1798
 },
 {
  "@timestamp": "2021-06-24T06:04:01.841Z",
  "event_id": 1100,
  "provider": "Security-Auditing",
  "source": "Security-Auditing",
  "computer_name": "CLIENT02",
  "message": "Security event 1100 occurred.",
  "details": "Event ID 1100 logged for ABYAH\\john.smith"
 },
 {
  "@timestamp": "2021-04-24T15:34:40.796Z",
  "event_id": 4672,
  "provider": "Security-Auditing",
  "source": "Security-Auditing",
  "computer_name": "CLIENT03",
  "message": "Special privileges assigned to new logon.",
  "subject_account_name": "klee",
  "privileges": "SeTcbPrivilege SeBackupPrivilege SeDebugPrivilege"
 },
 {
  "@timestamp": "2021-11-03T08:40:26.113Z",
  "event_id": 8,
  "provider": "Microsoft-Windows-Sysmon",
  "source": "Sysmon",
  "computer_name": "DC02",
  "message": "Sysmon event 8"
 },
 {
  "@timestamp": "2021-10-21T13:15:47.556Z",
  "event_id": 6013,
  "provider": "System",
  "source": "System",
  "computer_name": "HR-DESK-01",
  "message": "The system uptime is 5292741 seconds."
 },
 {
  "@timestamp": "2021-10-23T20:02:24.446Z",
  "event_id": 15,
  "provider": "Microsoft-Windows-Sysmon",
  "source": "Sysmon",
  "computer_name": "DEV-01",
  "message": "FileCreateStreamHash:",
  "image": "C:\\Program Files\\Microsoft Edge\\msedge.exe",
  "targetfilename": "C:\\Users\\ABYAH\\jane.doe\\Downloads\\setup_1.exe:Zone.Identifier"
 },
 {
  "@timestamp": "2021-10-01T03:06:57.268Z",
  "event_id": 6005,
  "provider": "System",
  "source": "System",
  "computer_name": "CLIENT05",
  "message": "The Event log service was started."
 },
 {
  "@timestamp": "2021-01-01T08:48:03.291Z",
  "event_id": 4672,
  "provider": "Security-Auditing",
  "source": "Security-Auditing",
  "computer_name": "HR-DESK-02",
  "message": "Special privileges assigned to new logon.",
  "subject_account_name": "abyah",
  "privileges": "SeTcbPrivilege SeBackupPrivilege SeDebugPrivilege"
 },
 {
  "@timestamp": "2021-07-26T16:14:40.236Z",
  "event_id": 8,
  "provider": "Microsoft-Windows-Sysmon",
  "source": "Sysmon",
  "computer_name": "TEST-01",
  "message": "Sysmon event 8"
 },
 {
  "@timestamp": "2021-02-09T23:44:39.661Z",
  "event_id": 4672,
  "provider": "Security-Auditing",
  "source": "Security-Auditing",
  "computer_name": "HR-DESK-01",
  "message": "Special privileges assigned to new logon.",
  "subject_account_name": "NETWORK SERVICE",
  "privileges": "SeTcbPrivilege SeBackupPrivilege SeDebugPrivilege"
 },
 {
  "@timestamp": "2021-07-20T19:52:40.870Z",
  "event_id": 6006,
  "provider": "System",
  "source": "System",
  "computer_name": "HR-DESK-01",
  "message": "The Event log service was stopped."
 },
 {
  "@timestamp": "2021-11-03T09:05:17.958Z",
  "event_id": 10,
  "provider": "Microsoft-Windows-Sysmon",
  "source": "Sysmon",
  "computer_name": "DC02",
  "message": "Sysmon event 10"
 },
 {
  "@timestamp": "2021-04-27T15:10:15.822Z",
  "event_id": 6005,
  "provider": "System",
  "source": "System",
  "computer_name": "DEV-01",
  "message": "The Event log service was started."
 },
 {
  "@timestamp": "2021-03-17T22:59:53.429Z",
  "event_id": 8,
  "provider": "Microsoft-Windows-Sysmon",
  "source": "Sysmon",
  "computer_name": "CLIENT05",
  "message": "Sysmon event 8"
 },
 {
  "@timestamp": "2021-11-16T22:27:13.871Z",
  "event_id": 11,
  "provider": "Microsoft-Windows-Sysmon",
  "source": "Sysmon",
  "computer_name": "CLIENT04",
  "message": "File created:",
  "image": "C:\\Program Files\\Microsoft Office\\root\\Office16\\EXCEL.EXE",
  "targetfilename": "C:\\Users\\ABYAH\\svc_backup\\Documents\\file_63.tmp",
  "processid": 9254
 },
 {
  "@timestamp": "2021-08-16T18:30:42.940Z",
  "event_id": 4776,
  "provider": "Security-Auditing",
  "source": "Security-Auditing",
  "computer_name": "CLIENT04",
  "message": "The credential validation occurred.",
  "package_authentication_package": "MICROSOFT_AUTHENTICATION_PACKAGE_V1_0",
  "account_account_name": "SYSTEM",
  "computer_computer_name": "CLIENT04"
 },
 {
  "@timestamp": "2021-01-16T09:46:40.202Z",
  "event_id": 10,
  "provider": "Microsoft-Windows-Sysmon",
  "source": "Sysmon",
  "computer_name": "HR-DESK-02",
  "message": "Sysmon event 10"
 },
 {
  "@timestamp": "2021-02-11T00:49:17.936Z",
  "event_id": 4776,
  "provider": "Security-Auditing",
  "source": "Security-Auditing",
  "computer_name": "TEST-01",
  "message": "The credential validation occurred.",
  "package_authentication_package": "MICROSOFT_AUTHENTICATION_PACKAGE_V1_0",
  "account_account_name": "User2",
  "computer_computer_name": "TEST-01"
 },
 {
  "@timestamp": "2021-12-01T04:33:22.885Z",
  "event_id": 10,
  "provider": "Microsoft-Windows-Sysmon",
  "source": "Sysmon",
  "computer_name": "HR-DESK-02",
  "message": "Sysmon event 10"
 },
 {
  "@timestamp": "2021-07-23T00:54:39.529Z",
  "event_id": 6013,
  "provider": "System",
  "source": "System",
  "computer_name": "HR-DESK-01",
  "message": "The system uptime is 3648029 seconds."
 },
 {
  "@timestamp": "2021-06-28T02:51:10.189Z",
  "event_id": 1100,
  "provider": "Security-Auditing",
  "source": "Security-Auditing",
  "computer_name": "DEV-01",
  "message": "Security event 1100 occurred.",
  "details": "Event ID 1100 logged for ABYAH\\admin"
 },
 {
  "@timestamp": "2021-03-22T04:24:19.958Z",
  "event_id": 1102,
  "provider": "Security-Auditing",
  "source": "Security-Auditing",
  "computer_name": "HR-DESK-01",
  "message": "Security event 1102 occurred.",
  "details": "Event ID 1102 logged for ABYAH\\lnguyen"
 },
 {
  "@timestamp": "2021-06-19T09:03:32.457Z",
  "event_id": 1,
  "provider": "Microsoft-Windows-Sysmon",
  "source": "Sysmon",
  "computer_name": "CLIENT02",
  "message": "Process Create:",
  "image": "C:\\Windows\\System32\\svchost.exe",
  "commandline": "\"C:\\Windows\\System32\\svchost.exe\" --flag-4836 --config-6",
  "user": "ABYAH\\asmith",
  "processid": 7640
 },
 {
  "@timestamp": "2021-08-25T14:48:46.704Z",
  "event_id": 6006,
  "provider": "System",
  "source": "System",
  "computer_name": "CLIENT01",
  "message": "The Event log service was stopped."
 },
 {
  "@timestamp": "2021-08-08T15:56:55.358Z",
  "event_id": 1100,
  "provider": "Security-Auditing",
  "source": "Security-Auditing",
  "computer_name": "CLIENT04",
  "message": "Security event 1100 occurred.",
  "details": "Event ID 1100 logged for ABYAH\\svc_sql"
 },
 {
  "@timestamp": "2021-03-06T10:52:47.664Z",
  "event_id": 6006,
  "provider": "System",
  "source": "System",
  "computer_name": "SQL01",
  "message": "The Event log service was stopped."
 },
 {
  "@timestamp": "2021-11-16T10:49:10.972Z",
  "event_id": 8,
  "provider": "Microsoft-Windows-Sysmon",
  "source": "Sysmon",
  "computer_name": "SQL01",
  "message": "Sysmon event 8"
 },
 {
  "@timestamp": "2021-10-09T18:43:48.967Z",
  "event_id": 1100,
  "provider": "Security-Auditing",
  "source": "Security-Auditing",
  "computer_name": "FILE01",
  "message": "Security event 1100 occurred.",
  "details": "Event ID 1100 logged for WORKGROUP\\User1"
 },
 {
  "@timestamp": "2021-08-09T21:55:37.677Z",
  "event_id": 7,
  "provider": "Microsoft-Windows-Sysmon",
  "source": "Sysmon",
  "computer_name": "HR-DESK-01",
  "message": "Image loaded:",
  "image": "C:\\Program Files\\Microsoft Office\\root\\Office16\\WINWORD.EXE",
  "imageloaded": "C:\\Windows\\System32\\ws2_32.dll",
  "processid": 1864
 },
 {
  "@timestamp": "2021-01-15T00:03:35.368Z",
  "event_id": 4776,
  "provider": "Security-Auditing",
  "source": "Security-Auditing",
  "computer_name": "CLIENT02",
  "message": "The credential validation occurred.",
  "package_authentication_package": "MICROSOFT_AUTHENTICATION_PACKAGE_V1_0",
  "account_account_name": "jane.doe",
  "computer_computer_name": "CLIENT02"
 },
 {
  "@timestamp": "2021-03-14T18:47:20.581Z",
  "event_id": 7,
  "provider": "Microsoft-Windows-Sysmon",
  "source": "Sysmon",
  "computer_name": "CLIENT03",
  "message": "Image loaded:",
  "image": "C:\\Program Files\\Microsoft Edge\\msedge.exe",
  "imageloaded": "C:\\Windows\\System32\\user32.dll",
  "processid": 4627
 },
 {
  "@timestamp": "2021-07-23T07:21:10.729Z",
  "event_id": 10,
  "provider": "Microsoft-Windows-Sysmon",
  "source": "Sysmon",
  "computer_name": "DEV-01",
  "message": "Sysmon event 10"
 },
 {
  "@timestamp": "2021-12-06T00:17:03.623Z",
  "event_id": 4634,
  "provider": "Security-Auditing",
  "source": "Security-Auditing",
  "computer_name": "HR-DESK-02",
  "message": "An account was logged off.",
  "target_account_name": "lnguyen"
 },
 {
  "@timestamp": "2021-05-14T02:04:33.713Z",
  "event_id": 4624,
  "provider": "Security-Auditing",
  "source": "Security-Auditing",
  "computer_name": "EXCH01",
  "message": "An account was successfully logged on.",
  "subject_security_id": "S-1-5-18",
  "subject_account_name": "EXCH01$",
  "subject_account_domain": "ABYAH",
  "logon_logon_type": "11",
  "new_logon_account_name": "admin",
  "new_logon_authentication_package": "NTLM",
  "network_source_address": "192.168.1.103"
 },
 {
  "@timestamp": "2021-11-13T11:38:57.950Z",
  "event_id": 1100,
  "provider": "Security-Auditing",
  "source": "Security-Auditing",
  "computer_name": "FILE01",
  "message": "Security event 1100 occurred.",
  "details": "Event ID 1100 logged for ABYAH\\asmith"
 },
 {
  "@timestamp": "2021-02-23T19:04:30.187Z",
  "event_id": 4776,
  "provider": "Security-Auditing",
  "source": "Security-Auditing",
  "computer_name": "CLIENT03",
  "message": "The credential validation occurred.",
  "package_authentication_package": "MICROSOFT_AUTHENTICATION_PACKAGE_V1_0",
  "account_account_name": "jane.doe",
  "computer_computer_name": "CLIENT03"
 },
 {
  "@timestamp": "2021-12-26T21:14:03.616Z",
  "event_id": 15,
  "provider": "Microsoft-Windows-Sysmon",
  "source": "Sysmon",
  "computer_name": "EXCH01",
  "message": "FileCreateStreamHash:",
  "image": "C:\\Windows\\System32\\svchost.exe",
  "targetfilename": "C:\\Users\\ABYAH\\mperez\\Downloads\\setup_6.exe:Zone.Identifier"
 },
 {
  "@timestamp": "2021-04-14T20:51:55.540Z",
  "event_id": 4634,
  "provider": "Security-Auditing",
  "source": "Security-Auditing",
  "computer_name": "CLIENT03",
  "message": "An account was logged off.",
  "target_account_name": "jane.doe"
 },
