[
 {
  "@timestamp": "2021-12-04T21:47:57.658Z",
  "event_id": 1,
  "provider": "Microsoft-Windows-Sysmon",
  "source": "Sysmon",
  "computer_name": "APP01",
  "message": "Process Create:",
  "image": "C:\\Program Files\\Microsoft Office\\root\\Office16\\WINWORD.EXE",
  "commandline": "\"C:\\Program Files\\Microsoft Office\\root\\Office16\\WINWORD.EXE\" --flag-2424 --config-7",
  "user": "ABYAH\\mperez",
  "processid": 1520
 },
 {
  "@timestamp": "2021-09-07T22:41:44.658Z",
  "event_id": 4776,
  "provider": "Security-Auditing",
  "source": "Security-Auditing",
  "computer_name": "DC01",
  "message": "The credential validation occurred.",
  "package_authentication_package": "MICROSOFT_AUTHENTICATION_PACKAGE_V1_0",
  "account_account_name": "mperez",
  "computer_computer_name": "DC01"
 },
 {
  "@timestamp": "2021-03-23T13:21:17.259Z",
  "event_id": 1100,
  "provider": "Security-Auditing",
  "source": "Security-Auditing",
  "computer_name": "DC01",
  "message": "Security event 1100 occurred.",
  "details": "Event ID 1100 logged for WORKGROUP\\User1"
 },
 {
  "@timestamp": "2021-02-12T11:38:16.926Z",
  "event_id": 6006,
  "provider": "System",
  "source": "System",
  "computer_name": "HR-DESK-01",
  "message": "The Event log service was stopped."
 },
 {
  "@timestamp": "2021-02-18T09:53:40.733Z",
  "event_id": 1100,
  "provider": "Security-Auditing",
  "source": "Security-Auditing",
  "computer_name": "HR-DESK-01",
  "message": "Security event 1100 occurred.",
  "details": "Event ID 1100 logged for ABYAH\\john.smith"
 },
 {
  "@timestamp": "2021-11-08T09:05:54.338Z",
  "event_id": 7,
  "provider": "Microsoft-Windows-Sysmon",
  "source": "Sysmon",
  "computer_name": "DC02",
  "message": "Image loaded:",
  "image": "C:\\Program Files\\Microsoft Office\\root\\Office16\\WINWORD.EXE",
  "imageloaded": "C:\\Windows\\System32\\kernel32.dll",
  "processid": 7227
 },
 {
  "@timestamp": "2021-04-22T08:44:59.799Z",
  "event_id": 6006,
  "provider": "System",
  "source": "System",
  "computer_name": "CLIENT05",
  "message": "The Event log service was stopped."
 },
 {
  "@timestamp": "2021-03-15T12:17:59.755Z",
  "event_id": 10,
  "provider": "Microsoft-Windows-Sysmon",
  "source": "Sysmon",
  "computer_name": "CLIENT01",
  "message": "Sysmon event 10"
 },
 {
  "@timestamp": "2021-06-13T08:04:13.680Z",
  "event_id": 3,
  "provider": "Microsoft-Windows-Sysmon",
  "source": "Sysmon",
  "computer_name": "DC02",
  "message": "Network connection detected:",
  "image": "C:\\Windows\\System32\\svchost.exe",
  "user": "ABYAH\\mperez",
  "destinationip": "10.0.0.1",
  "destinationport": "443",
  "protocol": "tcp"
 },
 {
  "@timestamp": "2021-03-08T23:35:34.369Z",
  "event_id": 8,
  "provider": "Microsoft-Windows-Sysmon",
  "source": "Sysmon",
  "computer_name": "CLIENT02",
  "message": "Sysmon event 8"
 },
 {
  "@timestamp": "2021-03-17T15:05:48.148Z",
  "event_id": 8,
  "provider": "Microsoft-Windows-Sysmon",
  "source": "Sysmon",
  "computer_name": "CLIENT01",
  "message": "Sysmon event 8"
 },
 {
  "@timestamp": "2021-07-13T19:29:33.357Z",
  "event_id": 3,
  "provider": "Microsoft-Windows-Sysmon",
  "source": "Sysmon",
  "computer_name": "SQL01",
  "message": "Network connection detected:",
  "image": "C:\\Program Files\\Google\\Chrome\\chrome.exe",
  "user": "ABYAH\\svc_sql",
  "destinationip": "13.107.42.14",
  "destinationport": "80",
  "protocol": "tcp"
 },
 {
  "@timestamp": "2021-05-14T05:29:00.839Z",
  "event_id": 1,
  "provider": "Microsoft-Windows-Sysmon",
  "source": "Sysmon",
  "computer_name": "WEB01",
  "message": "Process Create:",
  "image": "C:\\Program Files\\Microsoft Office\\root\\Office16\\EXCEL.EXE",
  "commandline": "\"C:\\Program Files\\Microsoft Office\\root\\Office16\\EXCEL.EXE\" --flag-5315 --config-9",
  "user": "ABYAH\\ogarcia",
  "processid": 3927
 },
 {
  "@timestamp": "2021-10-07T04:23:48.265Z",
  "event_id": 4634,
  "provider": "Security-Auditing",
  "source": "Security-Auditing",
  "computer_name": "DEV-02",
  "message": "An account was logged off.",
  "target_account_name": "lnguyen"
 },
 {
  "@timestamp": "2021-08-01T03:59:23.999Z",
  "event_id": 1102,
  "provider": "Security-Auditing",
  "source": "Security-Auditing",
  "computer_name": "CLIENT04",
  "message": "Security event 1102 occurred.",
  "details": "Event ID 1102 logged for SYSTEM"
 },
 {
  "@timestamp": "2021-10-03T02:46:31.935Z",
  "event_id": 15,
  "provider": "Microsoft-Windows-Sysmon",
  "source": "Sysmon",
  "computer_name": "CLIENT01",
  "message": "FileCreateStreamHash:",
  "image": "C:\\Program Files\\Microsoft Office\\root\\Office16\\WINWORD.EXE",
  "targetfilename": "C:\\Users\\NETWORK SERVICE\\Downloads\\setup_2.exe:Zone.Identifier"
 },
 {
  "@timestamp": "2021-03-09T16:55:38.533Z",
  "event_id": 10,
  "provider": "Microsoft-Windows-Sysmon",
  "source": "Sysmon",
  "computer_name": "TEST-01",
  "message": "Sysmon event 10"
 },
 {
  "@timestamp": "2021-08-17T14:07:15.330Z",
  "event_id": 10,
  "provider": "Microsoft-Windows-Sysmon",
  "source": "Sysmon",
  "computer_name": "CLIENT05",
  "message": "Sysmon event 10"
 },
 {
  "@timestamp": "2021-10-08T00:04:45.746Z",
  "event_id": 4624,
  "provider": "Security-Auditing",
  "source": "Security-Auditing",
  "computer_name": "CLIENT01",
  "message": "An account was successfully logged on.",
  "subject_security_id": "S-1-5-18",
  "subject_account_name": "CLIENT01$",
  "subject_account_domain": "ABYAH",
  "logon_logon_type": "2",
  "new_logon_account_name": "User1",
  "new_logon_authentication_package": "Negotiate",
  "network_source_address": "172.16.0.1"
 },
 {
  "@timestamp": "2021-04-09T21:31:13.652Z",
  "event_id": 4624,
  "provider": "Security-Auditing",
  "source": "Security-Auditing",
  "computer_name": "DEV-02",
  "message": "An account was successfully logged on.",
  "subject_security_id": "S-1-5-18",
  "subject_account_name": "DEV-02$",
  "subject_account_domain": "ABYAH",
  "logon_logon_type": "8",
  "new_logon_account_name": "ogarcia",
  "new_logon_authentication_package": "NTLM",
  "network_source_address": "192.168.1.30"
 },
 {
  "@timestamp": "2021-07-07T03:06:42.541Z",
  "event_id": 10,
  "provider": "Microsoft-Windows-Sysmon",
  "source": "Sysmon",
  "computer_name": "DEV-01",
  "message": "Sysmon event 10"
 },
 {
  "@timestamp": "2021-01-13T23:21:51.982Z",
  "event_id": 6013,
  "provider": "System",
  "source": "System",
  "computer_name": "WEB01",
  "message": "The system uptime is 1933230 seconds."
 },
 {
  "@timestamp": "2021-07-06T08:29:15.995Z",
  "event_id": 4776,
  "provider": "Security-Auditing",
  "source": "Security-Auditing",
  "computer_name": "APP01",
  "message": "The credential validation occurred.",
  "package_authentication_package": "MICROSOFT_AUTHENTICATION_PACKAGE_V1_0",
  "account_account_name": "john.smith",
  "computer_computer_name": "APP01"
 },
 {
  "@timestamp": "2021-01-03T07:10:26.597Z",
  "event_id": 8,
  "provider": "Microsoft-Windows-Sysmon",
  "source": "Sysmon",
  "computer_name": "TEST-01",
  "message": "Sysmon event 8"
 },
 {
  "@timestamp": "2021-01-13T08:59:50.903Z",
  "event_id": 6013,
  "provider": "System",
  "source": "System",
  "computer_name": "HR-DESK-01",
  "message": "The system uptime is 7733773 seconds."
 },
 {
  "@timestamp": "2021-05-07T01:37:47.655Z",
  "event_id": 1102,
  "provider": "Security-Auditing",
  "source": "Security-Auditing",
  "computer_name": "EXCH01",
  "message": "Security event 1102 occurred.",
  "details": "Event ID 1102 logged for ABYAH\\svc_monitor"
 },
 {
  "@timestamp": "2021-09-28T16:10:03.620Z",
  "event_id": 6006,
  "provider": "System",
  "source": "System",
  "computer_name": "DEV-01",
  "message": "The Event log service was stopped."
 },
 {
  "@timestamp": "2021-11-28T07:25:07.683Z",
  "event_id": 4672,
  "provider": "Security-Auditing",
  "source": "Security-Auditing",
  "computer_name": "SQL01",
  "message": "Special privileges assigned to new logon.",
  "subject_account_name": "LOCAL SERVICE",
  "privileges": "SeTcbPrivilege SeBackupPrivilege SeDebugPrivilege"
 },
 {
  "@timestamp": "2021-11-19T18:33:20.367Z",
  "event_id": 4624,
  "provider": "Security-Auditing",
  "source": "Security-Auditing",
  "computer_name": "HR-DESK-02",
  "message": "An account was successfully logged on.",
  "subject_security_id": "S-1-5-18",
  "subject_account_name": "HR-DESK-02$",
  "subject_account_domain": "ABYAH",
  "logon_logon_type": "8",
  "new_logon_account_name": "User2",
  "new_logon_authentication_package": "NTLM",
  "network_source_address": "192.168.1.30"
 },
 {
  "@timestamp": "2021-08-11T02:00:29.736Z",
  "event_id": 3,
  "provider": "Microsoft-Windows-Sysmon",
  "source": "Sysmon",
  "computer_name": "CLIENT03",
  "message": "Network connection detected:",
  "image": "C:\\Program Files\\WindowsApps\\...\\RuntimeBroker.exe",
  "user": "ABYAH\\asmith",
  "destinationip": "13.107.42.14",
  "destinationport": "80",
  "protocol": "tcp"
 },
 {
  "@timestamp": "2021-06-03T07:23:18.261Z",
  "event_id": 4776,
  "provider": "Security-Auditing",
  "source": "Security-Auditing",
  "computer_name": "APP01",
  "message": "The credential validation occurred.",
  "package_authentication_package": "MICROSOFT_AUTHENTICATION_PACKAGE_V1_0",
  "account_account_name": "jane.doe",
  "computer_computer_name": "APP01"
 },
 {
  "@timestamp": "2021-01-22T17:19:59.779Z",
  "event_id": 1102,
  "provider": "Security-Auditing",
  "source": "Security-Auditing",
  "computer_name": "DEV-02",
  "message": "Security event 1102 occurred.",
  "details": "Event ID 1102 logged for ABYAH\\lnguyen"
 },
 {
  "@timestamp": "2021-12-18T04:17:18.719Z",
  "event_id": 4672,
  "provider": "Security-Auditing",
  "source": "Security-Auditing",
  "computer_name": "WEB01",
  "message": "Special privileges assigned to new logon.",
  "subject_account_name": "klee",
  "privileges": "SeTcbPrivilege SeBackupPrivilege SeDebugPrivilege"
 },
 {
  "@timestamp": "2021-09-16T08:57:58.966Z",
  "event_id": 6006,
  "provider": "System",
  "source": "System",
  "computer_name": "CLIENT02",
  "message": "The Event log service was stopped."
 },
 {
  "@timestamp": "2021-06-25T04:40:16.265Z",
  "event_id": 6013,
  "provider": "System",
  "source": "System",
  "computer_name": "DC01",
  "message": "The system uptime is 7512769 seconds."
 },
 {
  "@timestamp": "2021-02-23T04:34:02.954Z",
  "event_id": 6013,
  "provider": "System",
  "source": "System",
  "computer_name": "WEB01",
  "message": "The system uptime is 6294416 seconds."
 },
 {
  "@timestamp": "2021-05-12T01:57:22.315Z",
  "event_id": 4672,
  "provider": "Security-Auditing",
  "source": "Security-Auditing",
  "computer_name": "DC02",
  "message": "Special privileges assigned to new logon.",
  "subject_account_name": "svc_sql",
  "privileges": "SeTcbPrivilege SeBackupPrivilege SeDebugPrivilege"
 },
 {
  "@timestamp": "2021-10-24T04:59:59.342Z",
  "event_id": 11,
  "provider": "Microsoft-Windows-Sysmon",
  "source": "Sysmon",
  "computer_name": "HR-DESK-02",
  "message": "File created:",
  "image": "C:\\Windows\\explorer.exe",
  "targetfilename": "C:\\Users\\ABYAH\\john.smith\\Documents\\file_21.tmp",
  "processid": 3900
 },
 {
  "@timestamp": "2021-05-06T22:06:24.993Z",
  "event_id": 1,
  "provider": "Microsoft-Windows-Sysmon",
  "source": "Sysmon",
  "computer_name": "CLIENT01",
  "message": "Process Create:",
  "image": "C:\\Windows\\explorer.exe",
  "commandline": "\"C:\\Windows\\explorer.exe\" --flag-1634 --config-8",
  "user": "ABYAH\\svc_sql",
  "processid": 4644
 },
 {
  "@timestamp": "2021-04-01T21:12:25.436Z",
  "event_id": 1100,
  "provider": "Security-Auditing",
  "source": "Security-Auditing",
  "computer_name": "CLIENT01",
  "message": "Security event 1100 occurred.",
  "details": "Event ID 1100 logged for ABYAH\\rbrown"
 },
 {
  "@timestamp": "2021-07-22T17:21:01.218Z",
  "event_id": 4634,
  "provider": "Security-Auditing",
  "source": "Security-Auditing",
  "computer_name": "DEV-02",
  "message": "An account was logged off.",
  "target_account_name": "klee"
 },
 {
  "@timestamp": "2021-02-20T13:22:46.905Z",
  "event_id": 7,
  "provider": "Microsoft-Windows-Sysmon",
  "source": "Sysmon",
  "computer_name": "DC02",
  "message": "Image loaded:",
  "image": "C:\\Windows\\System32\\spoolsv.exe",
  "imageloaded": "C:\\Windows\\System32\\user32.dll",
  "processid": 8149
 },
 {
  "@timestamp": "2021-05-02T22:27:00.632Z",
  "event_id": 10,
  "provider": "Microsoft-Windows-Sysmon",
  "source": "Sysmon",
  "computer_name": "EXCH01",
  "message": "Sysmon event 10"
 },
 {
  "@timestamp": "2021-11-11T19:20:42.968Z",
  "event_id": 10,
  "provider": "Microsoft-Windows-Sysmon",
  "source": "Sysmon",
  "computer_name": "SQL01",
  "message": "Sysmon event 10"
 },
 {
  "@timestamp": "2021-06-13T22:18:35.230Z",
  "event_id": 6005,
  "provider": "System",
  "source": "System",
  "computer_name": "HR-DESK-02",
  "message": "The Event log service was started."
 },
 {
  "@timestamp": "2021-07-18T00:19:18.315Z",
  "event_id": 6013,
  "provider": "System",
  "source": "System",
  "computer_name": "CLIENT03",
  "message": "The system uptime is 7312326 seconds."
 },
 {
  "@timestamp": "2021-08-22T06:32:30.912Z",
  "event_id": 10,
  "provider": "Microsoft-Windows-Sysmon",
  "source": "Sysmon",
  "computer_name": "IT-DESK-01",
  "message": "Sysmon event 10"
 },
 {
  "@timestamp": "2021-11-21T19:21:05.938Z",
  "event_id": 15,
  "provider": "Microsoft-Windows-Sysmon",
  "source": "Sysmon",
  "computer_name": "DEV-02",
  "message": "FileCreateStreamHash:",
  "image": "C:\\Program Files\\Microsoft Edge\\msedge.exe",
  "targetfilename": "C:\\Users\\ABYAH\\lnguyen\\Downloads\\setup_4.exe:Zone.Identifier"
 },
 {
  "@timestamp": "2021-04-16T19:54:49.174Z",
  "event_id": 3,
  "provider": "Microsoft-Windows-Sysmon",
  "source": "Sysmon",
  "computer_name": "DC02",
  "message": "Network connection detected:",
  "image": "C:\\Program Files\\Google\\Chrome\\chrome.exe",
  "user": "SYSTEM",
  "destinationip": "142.250.80.46",
  "destinationport": "3389",
  "protocol": "tcp"
 },
 {
  "@timestamp": "2021-04-05T20:44:00.868Z",
  "event_id": 10,
  "provider": "Microsoft-Windows-Sysmon",
  "source": "Sysmon",
  "computer_name": "HR-DESK-01",
  "message": "Sysmon event 10"
 },
 {
  "@timestamp": "2021-08-02T17:15:58.968Z",
  "event_id": 1,
  "provider": "Microsoft-Windows-Sysmon",
  "source": "Sysmon",
  "computer_name": "DEV-02",
  "message": "Process Create:",
  "image": "C:\\Program Files\\Microsoft Office\\root\\Office16\\WINWORD.EXE",
  "commandline": "\"C:\\Program Files\\Microsoft Office\\root\\Office16\\WINWORD.EXE\" --flag-2988 --config-8",
  "user": "ABYAH\\bwilson",
  "processid": 3184
 },
 {
  "@timestamp": "2021-08-20T23:57:32.536Z",
  "event_id": 11,
  "provider": "Microsoft-Windows-Sysmon",
  "source": "Sysmon",
  "computer_name": "CLIENT04",
  "message": "File created:",
  "image": "C:\\Windows\\System32\\winlogon.exe",
  "targetfilename": "C:\\Users\\WORKGROUP\\User2\\Documents\\file_71.tmp",
  "processid": 8305
 },
 {
  "@timestamp": "2021-11-09T16:31:40.344Z",
  "event_id": 11,
  "provider": "Microsoft-Windows-Sysmon",
  "source": "Sysmon",
  "computer_name": "CLIENT01",
  "message": "File created:",
  "image": "C:\\Windows\\System32\\lsass.exe",
  "targetfilename": "C:\\Users\\ABYAH\\klee\\Documents\\file_36.tmp",
  "processid": 8206
 },
 {
  "@timestamp": "2021-06-18T02:08:09.336Z",
  "event_id": 6005,
  "provider": "System",
  "source": "System",
  "computer_name": "CLIENT04",
  "message": "The Event log service was started."
 },
 {
  "@timestamp": "2021-07-11T17:29:26.163Z",
  "event_id": 4672,
  "provider": "Security-Auditing",
  "source": "Security-Auditing",
  "computer_name": "HR-DESK-02",
  "message": "Special privileges assigned to new logon.",
  "subject_account_name": "abyah",
  "privileges": "SeTcbPrivilege SeBackupPrivilege SeDebugPrivilege"
 },
 {
  "@timestamp": "2021-10-13T15:00:22.405Z",
  "event_id": 6013,
  "provider": "System",
  "source": "System",
  "computer_name": "DC01",
  "message": "The system uptime is 6642890 seconds."
 },
 {
  "@timestamp": "2021-08-08T08:27:31.129Z",
  "event_id": 15,
  "provider": "Microsoft-Windows-Sysmon",
  "source": "Sysmon",
  "computer_name": "CLIENT01",
  "message": "FileCreateStreamHash:",
  "image": "C:\\Windows\\System32\\winlogon.exe",
  "targetfilename": "C:\\Users\\ABYAH\\john.smith\\Downloads\\setup_7.exe:Zone.Identifier"
 },
 {
  "@timestamp": "2021-10-18T00:58:25.706Z",
  "event_id": 6013,
  "provider": "System",
  "source": "System",
  "computer_name": "APP01",
  "message": "The system uptime is 9568926 seconds."
 },
 {
  "@timestamp": "2021-03-02T08:24:20.316Z",
  "event_id": 1,
  "provider": "Microsoft-Windows-Sysmon",
  "source": "Sysmon",
  "computer_name": "IT-DESK-01",
  "message": "Process Create:",
  "image": "C:\\Program Files\\WindowsApps\\...\\RuntimeBroker.exe",
  "commandline": "\"C:\\Program Files\\WindowsApps\\...\\RuntimeBroker.exe\" --flag-8449 --config-6",
  "user": "ABYAH\\asmith",
  "processid": 6529
 },
 {
  "@timestamp": "2021-08-01T23:34:03.458Z",
  "event_id": 8,
  "provider": "Microsoft-Windows-Sysmon",
  "source": "Sysmon",
  "computer_name": "SQL01",
  "message": "Sysmon event 8"
 },
 {
  "@timestamp": "2021-04-27T00:39:09.344Z",
  "event_id": 4634,
  "provider": "Security-Auditing",
  "source": "Security-Auditing",
  "computer_name": "CLIENT01",
  "message": "An account was logged off.",
  "target_account_name": "NETWORK SERVICE"
 },
 {
  "@timestamp": "2021-12-09T11:10:38.721Z",
  "event_id": 4634,
  "provider": "Security-Auditing",
  "source": "Security-Auditing",
  "computer_name": "IT-DESK-01",
  "message": "An account was logged off.",
  "target_account_name": "User1"
 },
 {
  "@timestamp": "2021-10-01T09:36:43.484Z",
  "event_id": 11,
  "provider": "Microsoft-Windows-Sysmon",
  "source": "Sysmon",
  "computer_name": "WEB01",
  "message": "File created:",
  "image": "C:\\Program Files\\Google\\Chrome\\chrome.exe",
  "targetfilename": "C:\\Users\\ABYAH\\lnguyen\\Documents\\file_51.tmp",
  "processid": 4249
 },
 {
  "@timestamp": "2021-10-26T01:22:34.538Z",
  "event_id": 4776,
  "provider": "Security-Auditing",
  "source": "Security-Auditing",
  "computer_name": "WEB01",
  "message": "The credential validation occurred.",
  "package_authentication_package": "MICROSOFT_AUTHENTICATION_PACKAGE_V1_0",
  "account_account_name": "jdoe",
  "computer_computer_name": "WEB01"
 },
 {
  "@timestamp": "2021-08-04T13:23:40.948Z",
  "event_id": 1,
  "provider": "Microsoft-Windows-Sysmon",
  "source": "Sysmon",
  "computer_name": "HR-DESK-02",
  "message": "Process Create:",
  "image": "C:\\Windows\\explorer.exe",
  "commandline": "\"C:\\Windows\\explorer.exe\" --flag-8532 --config-3",
  "user": "SYSTEM",
  "processid": 8135
 },
 {
  "@timestamp": "2021-08-15T13:52:46.706Z",
  "event_id": 1102,
  "provider": "Security-Auditing",
  "source": "Security-Auditing",
  "computer_name": "TEST-01",
  "message": "Security event 1102 occurred.",
  "details": "Event ID 1102 logged for ABYAH\\klee"
 },
 {
  "@timestamp": "2021-04-25T14:36:39.784Z",
  "event_id": 4776,
  "provider": "Security-Auditing",
  "source": "Security-Auditing",
  "computer_name": "IT-DESK-01",
  "message": "The credential validation occurred.",
  "package_authentication_package": "MICROSOFT_AUTHENTICATION_PACKAGE_V1_0",
  "account_account_name": "LOCAL SERVICE",
  "computer_computer_name": "IT-DESK-01"
 },
 {
  "@timestamp": "2021-08-07T11:51:16.448Z",
  "event_id": 4624,
  "provider": "Security-Auditing",
  "source": "Security-Auditing",
  "computer_name": "FILE01",
  "message": "An account was successfully logged on.",
  "subject_security_id": "S-1-5-18",
  "subject_account_name": "FILE01$",
  "subject_account_domain": "ABYAH",
  "logon_logon_type": "10",
  "new_logon_account_name": "svc_monitor",
  "new_logon_authentication_package": "NTLM",
  "network_source_address": "192.168.1.106"
 },
 {
  "@timestamp": "2021-02-08T23:26:31.668Z",
  "event_id": 7,
  "provider": "Microsoft-Windows-Sysmon",
  "source": "Sysmon",
  "computer_name": "EXCH01",
  "message": "Image loaded:",
  "image": "C:\\Windows\\System32\\svchost.exe",
  "imageloaded": "C:\\Windows\\System32\\ntdll.dll",
  "processid": 8800
 },
 {
  "@timestamp": "2021-04-13T22:15:19.779Z",
  "event_id": 8,
  "provider": "Microsoft-Windows-Sysmon",
  "source": "Sysmon",
  "computer_name": "CLIENT03",
  "message": "Sysmon event 8"
 },
 {
  "@timestamp": "2021-07-24T17:21:22.819Z",
  "event_id": 1100,
  "provider": "Security-Auditing",
  "source": "Security-Auditing",
  "computer_name": "CLIENT05",
  "message": "Security event 1100 occurred.",
  "details": "Event ID 1100 logged for ABYAH\\john.smith"
 },
 {
  "@timestamp": "2021-12-07T10:07:47.648Z",
  "event_id": 6005,
  "provider": "System",
  "source": "System",
  "computer_name": "WEB01",
  "message": "The Event log service was started."
 },
 {
  "@timestamp": "2021-05-24T18:48:33.711Z",
  "event_id": 11,
  "provider": "Microsoft-Windows-Sysmon",
  "source": "Sysmon",
  "computer_name": "DEV-01",
  "message": "File created:",
  "image": "C:\\Program Files\\Microsoft Office\\root\\Office16\\WINWORD.EXE",
  "targetfilename": "C:\\Users\\ABYAH\\abyah\\Documents\\file_37.tmp",
  "processid": 2647
 },
 {
  "@timestamp": "2021-01-23T17:08:17.146Z",
  "event_id": 7,
  "provider": "Microsoft-Windows-Sysmon",
  "source": "Sysmon",
  "computer_name": "CLIENT03",
  "message": "Image loaded:",
  "image": "C:\\Windows\\explorer.exe",
  "imageloaded": "C:\\Windows\\System32\\kernel32.dll",
  "processid": 5786
 },
 {
  "@timestamp": "2021-10-10T15:30:28.448Z",
  "event_id": 3,
  "provider": "Microsoft-Windows-Sysmon",
  "source": "Sysmon",
  "computer_name": "DC01",
  "message": "Network connection detected:",
  "image": "C:\\Windows\\System32\\lsass.exe",
  "user": "ABYAH\\jdoe",
  "destinationip": "1.1.1.1",
  "destinationport": "80",
  "protocol": "tcp"
 },
 {
  "@timestamp": "2021-08-03T18:40:43.154Z",
  "event_id": 1100,
  "provider": "Security-Auditing",
  "source": "Security-Auditing",
  "computer_name": "HR-DESK-01",
  "message": "Security event 1100 occurred.",
  "details": "Event ID 1100 logged for ABYAH\\jdoe"
 },
 {
  "@timestamp": "2021-09-25T13:38:38.909Z",
  "event_id": 6005,
  "provider": "System",
  "source": "System",
  "computer_name": "WEB01",
  "message": "The Event log service was started."
 },
 {
  "@timestamp": "2021-05-28T18:27:19.682Z",
  "event_id": 15,
  "provider": "Microsoft-Windows-Sysmon",
  "source": "Sysmon",
  "computer_name": "IT-DESK-01",
  "message": "FileCreateStreamHash:",
  "image": "C:\\Program Files\\WindowsApps\\...\\RuntimeBroker.exe",
  "targetfilename": "C:\\Users\\ABYAH\\svc_backup\\Downloads\\setup_1.exe:Zone.Identifier"
 },
 {
  "@timestamp": "2021-11-03T05:15:11.665Z",
  "event_id": 11,
  "provider": "Microsoft-Windows-Sysmon",
  "source": "Sysmon",
  "computer_name": "CLIENT02",
  "message": "File created:",
  "image": "C:\\Program Files\\Microsoft Office\\root\\Office16\\WINWORD.EXE",
  "targetfilename": "C:\\Users\\ABYAH\\abyah\\Documents\\file_10.tmp",
  "processid": 3564
 },
 {
  "@timestamp": "2021-01-08T09:45:18.819Z",
  "event_id": 1100,
  "provider": "Security-Auditing",
  "source": "Security-Auditing",
  "computer_name": "CLIENT03",
  "message": "Security event 1100 occurred.",
  "details": "Event ID 1100 logged for WORKGROUP\\User2"
 },
 {
  "@timestamp": "2021-07-04T17:14:41.252Z",
  "event_id": 1,
  "provider": "Microsoft-Windows-Sysmon",
  "source": "Sysmon",
  "computer_name": "EXCH01",
  "message": "Process Create:",
  "image": "C:\\Program Files\\Microsoft Office\\root\\Office16\\EXCEL.EXE",
  "commandline": "\"C:\\Program Files\\Microsoft Office\\root\\Office16\\EXCEL.EXE\" --flag-5352 --config-3",
  "user": "WORKGROUP\\User1",
  "processid": 2169
 },
 {
  "@timestamp": "2021-08-04T14:44:19.816Z",
  "event_id": 6005,
  "provider": "System",
  "source": "System",
  "computer_name": "CLIENT03",
  "message": "The Event log service was started."
 },
 {
  "@timestamp": "2021-08-03T19:02:56.542Z",
  "event_id": 6005,
  "provider": "System",
  "source": "System",
  "computer_name": "DEV-01",
  "message": "The Event log service was started."
 },
 {
  "@timestamp": "2021-11-27T18:37:01.883Z",
  "event_id": 10,
  "provider": "Microsoft-Windows-Sysmon",
  "source": "Sysmon",
  "computer_name": "CLIENT01",
  "message": "Sysmon event 10"
 },
 {
  "@timestamp": "2021-09-21T14:58:17.285Z",
  "event_id": 7,
  "provider": "Microsoft-Windows-Sysmon",
  "source": "Sysmon",
  "computer_name": "DEV-01",
  "message": "Image loaded:",
  "image": "C:\\Windows\\System32\\svchost.exe",
  "imageloaded": "C:\\Windows\\System32\\ws2_32.dll",
  "processid": 8141
 },
 {
  "@timestamp": "2021-06-11T21:06:54.264Z",
  "event_id": 8,
  "provider": "Microsoft-Windows-Sysmon",
  "source": "Sysmon",
  "computer_name": "HR-DESK-02",
  "message": "Sysmon event 8"
 },
 {
  "@timestamp": "2021-01-15T02:20:16.431Z",
  "event_id": 1100,
  "provider": "Security-Auditing",
  "source": "Security-Auditing",
  "computer_name": "TEST-01",
  "message": "Security event 1100 occurred.",
  "details": "Event ID 1100 logged for ABYAH\\lnguyen"
 },
 {
  "@timestamp": "2021-08-14T01:12:33.470Z",
  "event_id": 6013,
  "provider": "System",
  "source": "System",
  "computer_name": "TEST-01",
  "message": "The system uptime is 8463326 seconds."
 },
 {
  "@timestamp": "2021-03-10T14:56:44.596Z",
  "event_id": 15,
  "provider": "Microsoft-Windows-Sysmon",
  "source": "Sysmon",
  "computer_name": "TEST-01",
  "message": "FileCreateStreamHash:",
  "image": "C:\\Program Files\\Microsoft Office\\root\\Office16\\WINWORD.EXE",
  "targetfilename": "C:\\Users\\ABYAH\\klee\\Downloads\\setup_2.exe:Zone.Identifier"
 },
 {
  "@timestamp": "2021-01-18T13:05:14.961Z",
  "event_id": 4776,
  "provider": "Security-Auditing",
  "source": "Security-Auditing",
  "computer_name": "TEST-01",
  "message": "The credential validation occurred.",
  "package_authentication_package": "MICROSOFT_AUTHENTICATION_PACKAGE_V1_0",
  "account_account_name": "bwilson",
  "computer_computer_name": "TEST-01"
 },
 {
  "@timestamp": "2021-09-23T08:26:53.594Z",
  "event_id": 8,
  "provider": "Microsoft-Windows-Sysmon",
  "source": "Sysmon",
  "computer_name": "CLIENT03",
  "message": "Sysmon event 8"
 },
 {
  "@timestamp": "2021-04-20T16:47:56.239Z",
  "event_id": 3,
  "provider": "Microsoft-Windows-Sysmon",
  "source": "Sysmon",
  "computer_name": "HR-DESK-01",
  "message": "Network connection detected:",
  "image": "C:\\Windows\\System32\\winlogon.exe",
  "user": "ABYAH\\asmith",
  "destinationip": "8.8.8.8",
  "destinationport": "53",
  "protocol": "tcp"
 },
 {
  "@timestamp": "2021-01-10T23:19:53.701Z",
  "event_id": 15,
  "provider": "Microsoft-Windows-Sysmon",
  "source": "Sysmon",
  "computer_name": "CLIENT02",
  "message": "FileCreateStreamHash:",
  "image": "C:\\Windows\\explorer.exe",
  "targetfilename": "C:\\Users\\ABYAH\\jane.doe\\Downloads\\setup_8.exe:Zone.Identifier"
 },
 {
  "@timestamp": "2021-09-25T17:24:29.429Z",
  "event_id": 8,
  "provider": "Microsoft-Windows-Sysmon",
  "source": "Sysmon",
  "computer_name": "CLIENT04",
  "message": "Sysmon event 8"
 },
 {
  "@timestamp": "2021-07-02T10:47:30.822Z",
  "event_id": 11,
  "provider": "Microsoft-Windows-Sysmon",
  "source": "Sysmon",
  "computer_name": "CLIENT01",
  "message": "File created:",
  "image": "C:\\Windows\\System32\\spoolsv.exe",
  "targetfilename": "C:\\Users\\ABYAH\\admin\\Documents\\file_49.tmp",
  "processid": 7325
 },
 {
  "@timestamp": "2021-03-17T18:21:55.202Z",
  "event_id": 15,
  "provider": "Microsoft-Windows-Sysmon",
  "source": "Sysmon",
  "computer_name": "DC02",
  "message": "FileCreateStreamHash:",
  "image": "C:\\Program Files\\Google\\Chrome\\chrome.exe",
  "targetfilename": "C:\\Users\\ABYAH\\svc_monitor\\Downloads\\setup_8.exe:Zone.Identifier"
 },
 {
  "@timestamp": "2021-11-05T02:30:50.371Z",
  "event_id": 1100,
  "provider": "Security-Auditing",
  "source": "Security-Auditing",
  "computer_name": "HR-DESK-02",
  "message": "Security event 1100 occurred.",
  "details": "Event ID 1100 logged for SYSTEM"
 },
 {
  "@timestamp": "2021-07-11T20:45:56.877Z",
  "event_id": 6013,
  "provider": "System",
  "source": "System",
  "computer_name": "TEST-01",
  "message": "The system uptime is 8286400 seconds."
 },
 {
  "@timestamp": "2021-04-24T02:27:06.878Z",
  "event_id": 1,
  "provider": "Microsoft-Windows-Sysmon",
  "source": "Sysmon",
  "computer_name": "CLIENT03",
  "message": "Process Create:",
  "image": "C:\\Program Files\\Microsoft Edge\\msedge.exe",
  "commandline": "\"C:\\Program Files\\Microsoft Edge\\msedge.exe\" --flag-2646 --config-8",
  "user": "ABYAH\\mperez",
  "processid": 3725
 },
 {
  "@timestamp": "2021-06-12T13:09:15.643Z",
  "event_id": 1,
  "provider": "Microsoft-Windows-Sysmon",
  "source": "Sysmon",
  "computer_name": "CLIENT03",
  "message": "Process Create:",
  "image": "C:\\Windows\\explorer.exe",
  "commandline": "\"C:\\Windows\\explorer.exe\" --flag-7751 --config-3",
  "user": "NETWORK SERVICE",
  "processid": 3785
 },
 {
  "@timestamp": "2021-10-05T07:29:40.360Z",
  "event_id": 6013,
  "provider": "System",
  "source": "System",
  "computer_name": "DEV-01",
  "message": "The system uptime is 7810313 seconds."
 },
 {
  "@timestamp": "2021-03-03T14:22:37.406Z",
  "event_id": 4624,
  "provider": "Security-Auditing",
  "source": "Security-Auditing",
  "computer_name": "TEST-01",
  "message": "An account was successfully logged on.",
  "subject_security_id": "S-1-5-18",
  "subject_account_name": "TEST-01$",
  "subject_account_domain": "ABYAH",
  "logon_logon_type": "11",
  "new_logon_account_name": "svc_backup",
  "new_logon_authentication_package": "NTLM",
  "network_source_address": "192.168.1.105"
 },
 {
  "@timestamp": "2021-02-08T12:36:22.688Z",
  "event_id": 6005,
  "provider": "System",
  "source": "System",
  "computer_name": "DEV-01",
  "message": "The Event log service was started."
 },
 {
  "@timestamp": "2021-01-19T21:49:47.150Z",
  "event_id": 6005,
  "provider": "System",
  "source": "System",
  "computer_name": "CLIENT02",
  "message": "The Event log service was started."
 },
 {
  "@timestamp": "2021-04-21T06:39:16.794Z",
  "event_id": 11,
  "provider": "Microsoft-Windows-Sysmon",
  "source": "Sysmon",
  "computer_name": "CLIENT05",
  "message": "File created:",
  "image": "C:\\Program Files\\Microsoft Office\\root\\Office16\\EXCEL.EXE",
  "targetfilename": "C:\\Users\\ABYAH\\mperez\\Documents\\file_97.tmp",
  "processid": 3240
 },
 {
  "@timestamp": "2021-01-19T11:46:08.192Z",
  "event_id": 11,
  "provider": "Microsoft-Windows-Sysmon",
  "source": "Sysmon",
  "computer_name": "IT-DESK-01",
  "message": "File created:",
  "image": "C:\\Windows\\System32\\svchost.exe",
  "targetfilename": "C:\\Users\\ABYAH\\lnguyen\\Documents\\file_38.tmp",
  "processid": 6352
 },
 {
  "@timestamp": "2021-09-17T08:53:10.363Z",
  "event_id": 3,
  "provider": "Microsoft-Windows-Sysmon",
  "source": "Sysmon",
  "computer_name": "CLIENT05",
  "message": "Network connection detected:",
  "image": "C:\\Program Files\\Google\\Chrome\\chrome.exe",
  "user": "ABYAH\\john.smith",
  "destinationip": "142.250.80.46",
  "destinationport": "53",
  "protocol": "tcp"
 },
 {
  "@timestamp": "2021-04-28T21:46:43.506Z",
  "event_id": 7,
  "provider": "Microsoft-Windows-Sysmon",
  "source": "Sysmon",
  "computer_name": "APP01",
  "message": "Image loaded:",
  "image": "C:\\Windows\\System32\\lsass.exe",
  "imageloaded": "C:\\Windows\\System32\\ws2_32.dll",
  "processid": 6992
 },
 {
  "@timestamp": "2021-02-15T11:43:47.788Z",
  "event_id": 6013,
  "provider": "System",
  "source": "System",
  "computer_name": "TEST-01",
  "message": "The system uptime is 4498338 seconds."
 },
 {
  "@timestamp": "2021-01-20T17:20:58.724Z",
  "event_id": 6006,
  "provider": "System",
  "source": "System",
  "computer_name": "DEV-01",
  "message": "The Event log service was stopped."
 },
 {
  "@timestamp": "2021-02-05T01:02:19.604Z",
  "event_id": 4634,
  "provider": "Security-Auditing",
  "source": "Security-Auditing",
  "computer_name": "HR-DESK-02",
  "message": "An account was logged off.",
  "target_account_name": "svc_backup"
 },
 {
  "@timestamp": "2021-08-12T21:47:44.653Z",
  "event_id": 4776,
  "provider": "Security-Auditing",
  "source": "Security-Auditing",
  "computer_name": "HR-DESK-01",
  "message": "The credential validation occurred.",
  "package_authentication_package": "MICROSOFT_AUTHENTICATION_PACKAGE_V1_0",
  "account_account_name": "john.smith",
  "computer_computer_name": "HR-DESK-01"
 },
 {
  "@timestamp": "2021-08-20T13:17:02.806Z",
  "event_id": 4672,
  "provider": "Security-Auditing",
  "source": "Security-Auditing",
  "computer_name": "WEB01",
  "message": "Special privileges assigned to new logon.",
  "subject_account_name": "svc_sql",
  "privileges": "SeTcbPrivilege SeBackupPrivilege SeDebugPrivilege"
 },
 {
  "@timestamp": "2021-02-22T11:34:57.760Z",
  "event_id": 1100,
  "provider": "Security-Auditing",
  "source": "Security-Auditing",
  "computer_name": "CLIENT05",
  "message": "Security event 1100 occurred.",
  "details": "Event ID 1100 logged for ABYAH\\svc_backup"
 },
 {
  "@timestamp": "2021-08-03T21:13:41.754Z",
  "event_id": 6013,
  "provider": "System",
  "source": "System",
  "computer_name": "WEB01",
  "message": "The system uptime is 458318 seconds."
 },
 {
  "@timestamp": "2021-02-27T17:13:37.321Z",
  "event_id": 6006,
  "provider": "System",
  "source": "System",
  "computer_name": "EXCH01",
  "message": "The Event log service was stopped."
 },
 {
  "@timestamp": "2021-05-28T04:08:34.356Z",
  "event_id": 3,
  "provider": "Microsoft-Windows-Sysmon",
  "source": "Sysmon",
  "computer_name": "DC01",
  "message": "Network connection detected:",
  "image": "C:\\Program Files\\Google\\Chrome\\chrome.exe",
  "user": "WORKGROUP\\User2",
  "destinationip": "1.1.1.1",
  "destinationport": "80",
  "protocol": "tcp"
 },
 {
  "@timestamp": "2021-10-11T00:11:16.153Z",
  "event_id": 1,
  "provider": "Microsoft-Windows-Sysmon",
  "source": "Sysmon",
  "computer_name": "CLIENT01",
  "message": "Process Create:",
  "image": "C:\\Windows\\System32\\svchost.exe",
  "commandline": "\"C:\\Windows\\System32\\svchost.exe\" --flag-3076 --config-7",
  "user": "ABYAH\\rbrown",
  "processid": 9619
 },
 {
  "@timestamp": "2021-09-19T03:28:32.326Z",
  "event_id": 4634,
  "provider": "Security-Auditing",
  "source": "Security-Auditing",
  "computer_name": "CLIENT05",
  "message": "An account was logged off.",
  "target_account_name": "svc_monitor"
 },
 {
  "@timestamp": "2021-01-16T12:27:43.210Z",
  "event_id": 1,
  "provider": "Microsoft-Windows-Sysmon",
  "source": "Sysmon",
  "computer_name": "DC01",
  "message": "Process Create:",
  "image": "C:\\Program Files\\Microsoft Office\\root\\Office16\\EXCEL.EXE",
  "commandline": "\"C:\\Program Files\\Microsoft Office\\root\\Office16\\EXCEL.EXE\" --flag-9032 --config-8",
  "user": "ABYAH\\svc_backup",
  "processid": 2204
 },
 {
  "@timestamp": "2021-05-20T20:37:35.829Z",
  "event_id": 7,
  "provider": "Microsoft-Windows-Sysmon",
  "source": "Sysmon",
  "computer_name": "APP01",
  "message": "Image loaded:",
  "image": "C:\\Program Files\\Google\\Chrome\\chrome.exe",
  "imageloaded": "C:\\Windows\\System32\\user32.dll",
  "processid": 7240
 },
 {
  "@timestamp": "2021-02-26T22:07:54.770Z",
  "event_id": 10,
  "provider": "Microsoft-Windows-Sysmon",
  "source": "Sysmon",
  "computer_name": "HR-DESK-02",
  "message": "Sysmon event 10"
 },
 {
  "@timestamp": "2021-04-14T10:52:29.508Z",
  "event_id": 15,
  "provider": "Microsoft-Windows-Sysmon",
  "source": "Sysmon",
  "computer_name": "IT-DESK-01",
  "message": "FileCreateStreamHash:",
  "image": "C:\\Program Files\\Microsoft Office\\root\\Office16\\WINWORD.EXE",
  "targetfilename": "C:\\Users\\ABYAH\\svc_sql\\Downloads\\setup_7.exe:Zone.Identifier"
 },
 {
  "@timestamp": "2021-03-22T15:04:05.951Z",
  "event_id": 7,
  "provider": "Microsoft-Windows-Sysmon",
  "source": "Sysmon",
  "computer_name": "CLIENT05",
  "message": "Image loaded:",
  "image": "C:\\Windows\\explorer.exe",
  "imageloaded": "C:\\Windows\\System32\\kernel32.dll",
  "processid": 2527
 },
 {
  "@timestamp": "2021-10-18T17:21:42.225Z",
  "event_id": 6006,
  "provider": "System",
  "source": "System",
  "computer_name": "DC02",
  "message": "The Event log service was stopped."
 },
 {
  "@timestamp": "2021-06-04T18:32:13.258Z",
  "event_id": 6013,
  "provider": "System",
  "source": "System",
  "computer_name": "CLIENT03",
  "message": "The system uptime is 8189795 seconds."
 },
 {
  "@timestamp": "2021-02-25T08:36:14.926Z",
  "event_id": 4634,
  "provider": "Security-Auditing",
  "source": "Security-Auditing",
  "computer_name": "CLIENT05",
  "message": "An account was logged off.",
  "target_account_name": "rbrown"
 },
 {
  "@timestamp": "2021-01-20T21:53:44.373Z",
  "event_id": 1102,
  "provider": "Security-Auditing",
  "source": "Security-Auditing",
  "computer_name": "TEST-01",
  "message": "Security event 1102 occurred.",
  "details": "Event ID 1102 logged for WORKGROUP\\User2"
 },
 {
  "@timestamp": "2021-01-06T04:36:42.510Z",
  "event_id": 6005,
  "provider": "System",
  "source": "System",
  "computer_name": "CLIENT05",
  "message": "The Event log service was started."
 },
 {
  "@timestamp": "2021-07-14T14:21:10.478Z",
  "event_id": 4624,
  "provider": "Security-Auditing",
  "source": "Security-Auditing",
  "computer_name": "EXCH01",
  "message": "An account was successfully logged on.",
  "subject_security_id": "S-1-5-18",
  "subject_account_name": "EXCH01$",
  "subject_account_domain": "ABYAH",
  "logon_logon_type": "10",
  "new_logon_account_name": "LOCAL SERVICE",
  "new_logon_authentication_package": "NTLM",
  "network_source_address": "10.0.0.25"
 },
 {
  "@timestamp": "2021-10-02T21:05:17.553Z",
  "event_id": 4634,
  "provider": "Security-Auditing",
  "source": "Security-Auditing",
  "computer_name": "FILE01",
  "message": "An account was logged off.",
  "target_account_name": "NETWORK SERVICE"
 },
 {
  "@timestamp": "2021-04-25T16:07:22.540Z",
  "event_id": 8,
  "provider": "Microsoft-Windows-Sysmon",
  "source": "Sysmon",
  "computer_name": "CLIENT02",
  "message": "Sysmon event 8"
 },
 {
  "@timestamp": "2021-04-13T19:03:00.309Z",
  "event_id": 1100,
  "provider": "Security-Auditing",
  "source": "Security-Auditing",
  "computer_name": "DC02",
  "message": "Security event 1100 occurred.",
  "details": "Event ID 1100 logged for ABYAH\\jane.doe"
 },
 {
  "@timestamp": "2021-06-04T00:31:47.540Z",
  "event_id": 4776,
  "provider": "Security-Auditing",
  "source": "Security-Auditing",
  "computer_name": "CLIENT03",
  "message": "The credential validation occurred.",
  "package_authentication_package": "MICROSOFT_AUTHENTICATION_PACKAGE_V1_0",
  "account_account_name": "asmith",
  "computer_computer_name": "CLIENT03"
 },
 {
  "@timestamp": "2021-09-27T21:51:22.173Z",
  "event_id": 6013,
  "provider": "System",
  "source": "System",
  "computer_name": "DEV-02",
  "message": "The system uptime is 6761748 seconds."
 },
 {
  "@timestamp": "2021-06-19T13:36:25.826Z",
  "event_id": 1,
  "provider": "Microsoft-Windows-Sysmon",
  "source": "Sysmon",
  "computer_name": "SQL01",
  "message": "Process Create:",
  "image": "C:\\Windows\\System32\\svchost.exe",
  "commandline": "\"C:\\Windows\\System32\\svchost.exe\" --flag-7843 --config-5",
  "user": "ABYAH\\svc_backup",
  "processid": 2887
 },
 {
  "@timestamp": "2021-12-12T02:27:54.208Z",
  "event_id": 6006,
  "provider": "System",
  "source": "System",
  "computer_name": "IT-DESK-01",
  "message": "The Event log service was stopped."
 },
 {
  "@timestamp": "2021-05-24T10:14:21.897Z",
  "event_id": 6013,
  "provider": "System",
  "source": "System",
  "computer_name": "HR-DESK-01",
  "message": "The system uptime is 2920798 seconds."
 },
 {
  "@timestamp": "2021-06-12T23:52:41.934Z",
  "event_id": 4634,
  "provider": "Security-Auditing",
  "source": "Security-Auditing",
  "computer_name": "EXCH01",
  "message": "An account was logged off.",
  "target_account_name": "jane.doe"
 },
 {
  "@timestamp": "2021-03-20T04:48:48.771Z",
  "event_id": 4634,
  "provider": "Security-Auditing",
  "source": "Security-Auditing",
  "computer_name": "EXCH01",
  "message": "An account was logged off.",
  "target_account_name": "asmith"
 },
 {
  "@timestamp": "2021-11-19T20:40:39.430Z",
  "event_id": 1100,
  "provider": "Security-Auditing",
  "source": "Security-Auditing",
  "computer_name": "IT-DESK-01",
  "message": "Security event 1100 occurred.",
  "details": "Event ID 1100 logged for ABYAH\\svc_backup"
 },
 {
  "@timestamp": "2021-08-15T20:19:50.381Z",
  "event_id": 11,
  "provider": "Microsoft-Windows-Sysmon",
  "source": "Sysmon",
  "computer_name": "SQL01",
  "message": "File created:",
  "image": "C:\\Program Files\\Google\\Chrome\\chrome.exe",
  "targetfilename": "C:\\Users\\ABYAH\\svc_backup\\Documents\\file_76.tmp",
  "processid": 1920
 },
 {
  "@timestamp": "2021-01-02T11:53:18.178Z",
  "event_id": 4634,
  "provider": "Security-Auditing",
  "source": "Security-Auditing",
  "computer_name": "IT-DESK-01",
  "message": "An account was logged off.",
  "target_account_name": "lnguyen"
 },
 {
  "@timestamp": "2021-07-15T18:35:50.856Z",
  "event_id": 15,
  "provider": "Microsoft-Windows-Sysmon",
  "source": "Sysmon",
  "computer_name": "DEV-02",
  "message": "FileCreateStreamHash:",
  "image": "C:\\Windows\\System32\\spoolsv.exe",
  "targetfilename": "C:\\Users\\WORKGROUP\\User2\\Downloads\\setup_1.exe:Zone.Identifier"
 },
 {
  "@timestamp": "2021-09-05T01:28:06.930Z",
  "event_id": 4776,
  "provider": "Security-Auditing",
  "source": "Security-Auditing",
  "computer_name": "DEV-01",
  "message": "The credential validation occurred.",
  "package_authentication_package": "MICROSOFT_AUTHENTICATION_PACKAGE_V1_0",
  "account_account_name": "ogarcia",
  "computer_computer_name": "DEV-01"
 },
 {
  "@timestamp": "2021-04-23T14:28:33.635Z",
  "event_id": 7,
  "provider": "Microsoft-Windows-Sysmon",
  "source": "Sysmon",
  "computer_name": "DC02",
  "message": "Image loaded:",
  "image": "C:\\Windows\\System32\\winlogon.exe",
  "imageloaded": "C:\\Windows\\System32\\ws2_32.dll",
  "processid": 3600
 },
 {
  "@timestamp": "2021-11-20T01:50:40.762Z",
  "event_id": 6005,
  "provider": "System",
  "source": "System",
  "computer_name": "CLIENT04",
  "message": "The Event log service was started."
 },
 {
  "@timestamp": "2021-05-09T23:54:42.717Z",
  "event_id": 6006,
  "provider": "System",
  "source": "System",
  "computer_name": "HR-DESK-01",
  "message": "The Event log service was stopped."
 },
 {
  "@timestamp": "2021-05-21T22:42:25.232Z",
  "event_id": 7,
  "provider": "Microsoft-Windows-Sysmon",
  "source": "Sysmon",
  "computer_name": "CLIENT05",
  "message": "Image loaded:",
  "image": "C:\\Windows\\System32\\spoolsv.exe",
  "imageloaded": "C:\\Windows\\System32\\ws2_32.dll",
  "processid": 2388
 },
 {
  "@timestamp": "2021-02-21T21:27:32.470Z",
  "event_id": 6013,
  "provider": "System",
  "source": "System",
  "computer_name": "DEV-02",
  "message": "The system uptime is 405857 seconds."
 },
 {
  "@timestamp": "2021-04-08T04:09:04.402Z",
  "event_id": 4672,
  "provider": "Security-Auditing",
  "source": "Security-Auditing",
  "computer_name": "DEV-01",
  "message": "Special privileges assigned to new logon.",
  "subject_account_name": "abyah",
  "privileges": "SeTcbPrivilege SeBackupPrivilege SeDebugPrivilege"
 },
 {
  "@timestamp": "2021-11-11T19:08:38.485Z",
  "event_id": 1,
  "provider": "Microsoft-Windows-Sysmon",
  "source": "Sysmon",
  "computer_name": "DC02",
  "message": "Process Create:",
  "image": "C:\\Windows\\System32\\winlogon.exe",
  "commandline": "\"C:\\Windows\\System32\\winlogon.exe\" --flag-3527 --config-3",
  "user": "ABYAH\\jane.doe",
  "processid": 3962
 },
 {
  "@timestamp": "2021-07-12T21:46:15.554Z",
  "event_id": 15,
  "provider": "Microsoft-Windows-Sysmon",
  "source": "Sysmon",
  "computer_name": "DC02",
  "message": "FileCreateStreamHash:",
  "image": "C:\\Program Files\\Google\\Chrome\\chrome.exe",
  "targetfilename": "C:\\Users\\ABYAH\\svc_backup\\Downloads\\setup_5.exe:Zone.Identifier"
 },
 {
  "@timestamp": "2021-05-26T15:57:53.298Z",
  "event_id": 15,
  "provider": "Microsoft-Windows-Sysmon",
  "source": "Sysmon",
  "computer_name": "CLIENT01",
  "message": "FileCreateStreamHash:",
  "image": "C:\\Program Files\\Microsoft Office\\root\\Office16\\WINWORD.EXE",
  "targetfilename": "C:\\Users\\ABYAH\\john.smith\\Downloads\\setup_6.exe:Zone.Identifier"
 },
 {
  "@timestamp": "2021-09-17T13:10:52.304Z",
  "event_id": 10,
  "provider": "Microsoft-Windows-Sysmon",
  "source": "Sysmon",
  "computer_name": "HR-DESK-01",
  "message": "Sysmon event 10"
 },
 {
  "@timestamp": "2021-09-04T22:54:33.971Z",
  "event_id": 3,
  "provider": "Microsoft-Windows-Sysmon",
  "source": "Sysmon",
  "computer_name": "CLIENT05",
  "message": "Network connection detected:",
  "image": "C:\\Windows\\System32\\svchost.exe",
  "user": "ABYAH\\svc_monitor",
  "destinationip": "8.8.8.8",
  "destinationport": "53",
  "protocol": "tcp"
 },
 {
  "@timestamp": "2021-03-27T13:05:58.327Z",
  "event_id": 4672,
  "provider": "Security-Auditing",
  "source": "Security-Auditing",
  "computer_name": "DEV-02",
  "message": "Special privileges assigned to new logon.",
  "subject_account_name": "klee",
  "privileges": "SeTcbPrivilege SeBackupPrivilege SeDebugPrivilege"
 },
 {
  "@timestamp": "2021-09-12T07:24:05.483Z",
  "event_id": 7,
  "provider": "Microsoft-Windows-Sysmon",
  "source": "Sysmon",
  "computer_name": "HR-DESK-01",
  "message": "Image loaded:",
  "image": "C:\\Program Files\\WindowsApps\\...\\RuntimeBroker.exe",
  "imageloaded": "C:\\Windows\\System32\\ntdll.dll",
  "processid": 1461
 },
 {
  "@timestamp": "2021-01-10T15:44:53.242Z",
  "event_id": 4634,
  "provider": "Security-Auditing",
  "source": "Security-Auditing",
  "computer_name": "APP01",
  "message": "An account was logged off.",
  "target_account_name": "ogarcia"
 },
 {
  "@timestamp": "2021-01-09T06:53:09.661Z",
  "event_id": 8,
  "provider": "Microsoft-Windows-Sysmon",
  "source": "Sysmon",
  "computer_name": "SQL01",
  "message": "Sysmon event 8"
 },
 {
  "@timestamp": "2021-04-10T03:03:15.529Z",
  "event_id": 10,
  "provider": "Microsoft-Windows-Sysmon",
  "source": "Sysmon",
  "computer_name": "CLIENT03",
  "message": "Sysmon event 10"
 },
 {
  "@timestamp": "2021-10-18T00:40:32.688Z",
  "event_id": 10,
  "provider": "Microsoft-Windows-Sysmon",
  "source": "Sysmon",
  "computer_name": "DEV-01",
  "message": "Sysmon event 10"
 },
 {
  "@timestamp": "2021-10-12T07:36:26.291Z",
  "event_id": 4672,
  "provider": "Security-Auditing",
  "source": "Security-Auditing",
  "computer_name": "DC01",
  "message": "Special privileges assigned to new logon.",
  "subject_account_name": "lnguyen",
  "privileges": "SeTcbPrivilege SeBackupPrivilege SeDebugPrivilege"
 },
 {
  "@timestamp": "2021-09-17T16:35:01.499Z",
  "event_id": 1,
  "provider": "Microsoft-Windows-Sysmon",
  "source": "Sysmon",
  "computer_name": "DEV-02",
  "message": "Process Create:",
  "image": "C:\\Windows\\explorer.exe",
  "commandline": "\"C:\\Windows\\explorer.exe\" --flag-8702 --config-1",
  "user": "LOCAL SERVICE",
  "processid": 7338
 },
 {
  "@timestamp": "2021-04-24T21:40:06.890Z",
  "event_id": 7,
  "provider": "Microsoft-Windows-Sysmon",
  "source": "Sysmon",
  "computer_name": "CLIENT05",
  "message": "Image loaded:",
  "image": "C:\\Windows\\explorer.exe",
  "imageloaded": "C:\\Windows\\System32\\ws2_32.dll",
  "processid": 6447
 },
 {
  "@timestamp": "2021-11-15T22:30:40.286Z",
  "event_id": 6006,
  "provider": "System",
  "source": "System",
  "computer_name": "FILE01",
  "message": "The Event log service was stopped."
 },
 {
  "@timestamp": "2021-01-26T06:56:02.423Z",
  "event_id": 1,
  "provider": "Microsoft-Windows-Sysmon",
  "source": "Sysmon",
  "computer_name": "EXCH01",
  "message": "Process Create:",
  "image": "C:\\Windows\\System32\\svchost.exe",
  "commandline": "\"C:\\Windows\\System32\\svchost.exe\" --flag-6080 --config-9",
  "user": "ABYAH\\lnguyen",
  "processid": 7524
 },
