"2021-03-27T23:42:34.242Z",6005,"System","DEV-02","The Event log service was started.",""
"2021-07-12T21:52:29.443Z",1,"Sysmon","APP01","Process Create:","Image: C:\Program Files\Google\Chrome\chrome.exe; CommandLine: ""C:\Program Files\Google\Chrome\chrome.exe"" --flag-6954 --config-3; User: ABYAH\svc_backup; ProcessId: 5093"
"2021-04-07T20:02:10.279Z",15,"Sysmon","DEV-01","FileCreateStreamHash:","Image: C:\Windows\System32\lsass.exe; TargetFilename: C:\Users\ABYAH\svc_sql\Downloads\setup_4.exe:Zone.Identifier"
"2021-11-03T02:25:01.628Z",10,"Sysmon","SQL01","Sysmon event 10",""
"2021-05-20T08:49:11.119Z",8,"Sysmon","HR-DESK-02","Sysmon event 8",""
"2021-12-08T05:20:11.419Z",3,"Sysmon","DEV-02","Network connection detected:","Image: C:\Windows\System32\winlogon.exe; User: LOCAL SERVICE; DestinationIp: 10.0.0.1; DestinationPort: 53; Protocol: tcp"
"2021-03-26T02:22:41.807Z",1,"Sysmon","TEST-01","Process Create:","Image: C:\Program Files\Google\Chrome\chrome.exe; CommandLine: ""C:\Program Files\Google\Chrome\chrome.exe"" --flag-6450 --config-7; User: ABYAH\svc_sql; ProcessId: 8996"
"2021-03-09T16:54:19.972Z",1,"Sysmon","SQL01","Process Create:","Image: C:\Program Files\Google\Chrome\chrome.exe; CommandLine: ""C:\Program Files\Google\Chrome\chrome.exe"" --flag-6011 --config-2; User: SYSTEM; ProcessId: 8248"
"2021-10-13T02:34:37.127Z",6006,"System","EXCH01","The Event log service was stopped.",""
"2021-03-08T08:36:38.950Z",1102,"Security-Auditing","CLIENT04","Security event 1102 occurred.","Details: Event ID 1102 logged for ABYAH\abyah"
"2021-10-20T11:06:54.691Z",3,"Sysmon","HR-DESK-02","Network connection detected:","Image: C:\Windows\System32\lsass.exe; User: ABYAH\asmith; DestinationIp: 8.8.8.8; DestinationPort: 443; Protocol: tcp"
"2021-04-25T15:16:50.643Z",4624,"Security-Auditing","CLIENT04","An account was successfully logged on.","Subject: Security ID: S-1-5-18; Subject: Account Name: CLIENT04$; Subject: Account Domain: ABYAH; Logon: Logon Type: 10; New Logon: Account Name: ogarcia; New Logon: Authentication Package: NTLM; Network: Source Address: 10.0.0.25"
"2021-07-21T09:09:12.772Z",1102,"Security-Auditing","IT-DESK-01","Security event 1102 occurred.","Details: Event ID 1102 logged for ABYAH\bwilson"
"2021-05-24T14:11:01.110Z",4776,"Security-Auditing","WEB01","The credential validation occurred.","Package: Authentication Package: MICROSOFT_AUTHENTICATION_PACKAGE_V1_0; Account: Account Name: User1; Computer: Computer Name: WEB01"
"2021-06-15T07:31:40.647Z",4624,"Security-Auditing","APP01","An account was successfully logged on.","Subject: Security ID: S-1-5-18; Subject: Account Name: APP01$; Subject: Account Domain: ABYAH; Logon: Logon Type: 8; New Logon: Account Name: User2; New Logon: Authentication Package: Negotiate; Network: Source Address: 192.168.1.30"
"2021-09-02T13:24:21.228Z",6013,"System","EXCH01","The system uptime is 6103293 seconds.",""
"2021-04-10T06:20:15.471Z",1100,"Security-Auditing","CLIENT05","Security event 1100 occurred.","Details: Event ID 1100 logged for SYSTEM"
"2021-02-11T07:47:17.842Z",4624,"Security-Auditing","DEV-01","An account was successfully logged on.","Subject: Security ID: S-1-5-18; Subject: Account Name: DEV-01$; Subject: Account Domain: ABYAH; Logon: Logon Type: 10; New Logon: Account Name: asmith; New Logon: Authentication Package: Kerberos; Network: Source Address: 10.0.0.10"
"2021-10-20T05:30:05.168Z",6005,"System","CLIENT02","The Event log service was started.",""
"2021-09-15T18:43:57.958Z",1102,"Security-Auditing","DC02","Security event 1102 occurred.","Details: Event ID 1102 logged for ABYAH\abyah"
"2021-06-14T14:12:35.472Z",6005,"System","HR-DESK-02","The Event log service was started.",""
"2021-12-01T03:42:08.432Z",15,"Sysmon","DC02","FileCreateStreamHash:","Image: C:\Windows\System32\winlogon.exe; TargetFilename: C:\Users\ABYAH\john.smith\Downloads\setup_4.exe:Zone.Identifier"
"2021-06-23T19:51:24.300Z",1,"Sysmon","WEB01","Process Create:","Image: C:\Program Files\Microsoft Office\root\Office16\WINWORD.EXE; CommandLine: ""C:\Program Files\Microsoft Office\root\Office16\WINWORD.EXE"" --flag-7813 --config-1; User: ABYAH\bwilson; ProcessId: 5798"
"2021-08-03T18:19:36.381Z",4672,"Security-Auditing","SQL01","Special privileges assigned to new logon.","Subject: Account Name: lnguyen; Privileges: SeTcbPrivilege SeBackupPrivilege SeDebugPrivilege"
"2021-06-08T07:32:38.521Z",7,"Sysmon","SQL01","Image loaded:","Image: C:\Windows\System32\winlogon.exe; ImageLoaded: C:\Windows\System32\kernel32.dll; ProcessId: 2712"
"2021-03-15T21:20:12.382Z",1,"Sysmon","APP01","Process Create:","Image: C:\Program Files\Google\Chrome\chrome.exe; CommandLine: ""C:\Program Files\Google\Chrome\chrome.exe"" --flag-6325 --config-9; User: ABYAH\john.smith; ProcessId: 8913"
"2021-07-07T05:58:11.925Z",1100,"Security-Auditing","EXCH01","Security event 1100 occurred.","Details: Event ID 1100 logged for ABYAH\lnguyen"
"2021-07-15T15:32:58.828Z",4624,"Security-Auditing","CLIENT03","An account was successfully logged on.","Subject: Security ID: S-1-5-18; Subject: Account Name: CLIENT03$; Subject: Account Domain: ABYAH; Logon: Logon Type: 2; New Logon: Account Name: mperez; New Logon: Authentication Package: Kerberos; Network: Source Address: 192.168.1.100"
"2021-06-16T02:05:18.180Z",11,"Sysmon","HR-DESK-01","File created:","Image: C:\Program Files\Google\Chrome\chrome.exe; TargetFilename: C:\Users\ABYAH\asmith\Documents\file_66.tmp; ProcessId: 8931"
"2021-09-10T04:24:20.694Z",6005,"System","IT-DESK-01","The Event log service was started.",""
"2021-03-02T02:30:57.961Z",1102,"Security-Auditing","HR-DESK-01","Security event 1102 occurred.","Details: Event ID 1102 logged for ABYAH\lnguyen"
"2021-04-02T23:48:35.171Z",4634,"Security-Auditing","FILE01","An account was logged off.","Target: Account Name: LOCAL SERVICE"
"2021-12-21T07:46:19.509Z",1100,"Security-Auditing","DC02","Security event 1100 occurred.","Details: Event ID 1100 logged for ABYAH\asmith"
"2021-03-08T12:53:31.348Z",15,"Sysmon","DC01","FileCreateStreamHash:","Image: C:\Windows\System32\lsass.exe; TargetFilename: C:\Users\ABYAH\jane.doe\Downloads\setup_7.exe:Zone.Identifier"
"2021-12-15T17:28:47.137Z",8,"Sysmon","WEB01","Sysmon event 8",""
"2021-09-23T16:15:08.255Z",1100,"Security-Auditing","EXCH01","Security event 1100 occurred.","Details: Event ID 1100 logged for ABYAH\klee"
"2021-09-05T07:04:25.374Z",10,"Sysmon","APP01","Sysmon event 10",""
"2021-02-18T02:32:04.116Z",4776,"Security-Auditing","DC02","The credential validation occurred.","Package: Authentication Package: MICROSOFT_AUTHENTICATION_PACKAGE_V1_0; Account: Account Name: rbrown; Computer: Computer Name: DC02"
"2021-03-11T07:35:04.269Z",4634,"Security-Auditing","DC02","An account was logged off.","Target: Account Name: NETWORK SERVICE"
"2021-10-12T20:21:39.352Z",1,"Sysmon","IT-DESK-01","Process Create:","Image: C:\Program Files\Microsoft Office\root\Office16\EXCEL.EXE; CommandLine: ""C:\Program Files\Microsoft Office\root\Office16\EXCEL.EXE"" --flag-7510 --config-7; User: ABYAH\svc_sql; ProcessId: 6504"
"2021-09-22T00:35:45.421Z",6006,"System","SQL01","The Event log service was stopped.",""
"2021-04-10T17:30:04.624Z",7,"Sysmon","HR-DESK-02","Image loaded:","Image: C:\Program Files\Microsoft Office\root\Office16\EXCEL.EXE; ImageLoaded: C:\Windows\System32\ntdll.dll; ProcessId: 3965"
"2021-12-04T01:39:37.613Z",4624,"Security-Auditing","TEST-01","An account was successfully logged on.","Subject: Security ID: S-1-5-18; Subject: Account Name: TEST-01$; Subject: Account Domain: ABYAH; Logon: Logon Type: 10; New Logon: Account Name: admin; New Logon: Authentication Package: Kerberos; Network: Source Address: 192.168.1.10"
"2021-12-27T17:00:11.368Z",1100,"Security-Auditing","TEST-01","Security event 1100 occurred.","Details: Event ID 1100 logged for ABYAH\svc_sql"
"2021-02-24T16:55:16.229Z",3,"Sysmon","CLIENT02","Network connection detected:","Image: C:\Program Files\Microsoft Office\root\Office16\EXCEL.EXE; User: ABYAH\abyah; DestinationIp: 10.0.0.1; DestinationPort: 443; Protocol: tcp"
"2021-05-18T11:14:38.800Z",11,"Sysmon","WEB01","File created:","Image: C:\Program Files\Microsoft Office\root\Office16\EXCEL.EXE; TargetFilename: C:\Users\ABYAH\jane.doe\Documents\file_51.tmp; ProcessId: 9348"
"2021-05-20T20:15:17.576Z",1102,"Security-Auditing","FILE01","Security event 1102 occurred.","Details: Event ID 1102 logged for ABYAH\rbrown"
"2021-08-07T00:27:14.664Z",1100,"Security-Auditing","IT-DESK-01","Security event 1100 occurred.","Details: Event ID 1100 logged for ABYAH\asmith"
"2021-09-02T12:15:40.413Z",6013,"System","DC02","The system uptime is 2801025 seconds.",""
"2021-03-13T05:21:41.884Z",10,"Sysmon","IT-DESK-01","Sysmon event 10",""
"2021-09-06T08:32:38.933Z",4672,"Security-Auditing","DEV-01","Special privileges assigned to new logon.","Subject: Account Name: asmith; Privileges: SeTcbPrivilege SeBackupPrivilege SeDebugPrivilege"
"2021-04-23T14:10:17.891Z",4672,"Security-Auditing","CLIENT05","Special privileges assigned to new logon.","Subject: Account Name: lnguyen; Privileges: SeTcbPrivilege SeBackupPrivilege SeDebugPrivilege"
"2021-11-21T21:38:22.259Z",4624,"Security-Auditing","HR-DESK-02","An account was successfully logged on.","Subject: Security ID: S-1-5-18; Subject: Account Name: HR-DESK-02$; Subject: Account Domain: ABYAH; Logon: Logon Type: 2; New Logon: Account Name: User2; New Logon: Authentication Package: Kerberos; Network: Source Address: 192.168.1.101"
"2021-02-11T16:20:34.825Z",8,"Sysmon","DEV-02","Sysmon event 8",""
"2021-06-13T04:21:22.704Z",3,"Sysmon","EXCH01","Network connection detected:","Image: C:\Windows\System32\lsass.exe; User: WORKGROUP\User1; DestinationIp: 8.8.8.8; DestinationPort: 3389; Protocol: tcp"
"2021-08-02T19:53:42.602Z",6005,"System","HR-DESK-02","The Event log service was started.",""
"2021-03-26T16:05:06.119Z",4776,"Security-Auditing","SQL01","The credential validation occurred.","Package: Authentication Package: MICROSOFT_AUTHENTICATION_PACKAGE_V1_0; Account: Account Name: User1; Computer: Computer Name: SQL01"
"2021-11-21T01:23:41.245Z",4624,"Security-Auditing","DEV-02","An account was successfully logged on.","Subject: Security ID: S-1-5-18; Subject: Account Name: DEV-02$; Subject: Account Domain: ABYAH; Logon: Logon Type: 2; New Logon: Account Name: LOCAL SERVICE; New Logon: Authentication Package: Kerberos; Network: Source Address: 192.168.1.103"
"2021-05-09T01:16:54.820Z",1100,"Security-Auditing","CLIENT01","Security event 1100 occurred.","Details: Event ID 1100 logged for ABYAH\asmith"
"2021-08-06T01:29:18.979Z",10,"Sysmon","IT-DESK-01","Sysmon event 10",""
"2021-11-09T07:36:04.214Z",4672,"Security-Auditing","HR-DESK-02","Special privileges assigned to new logon.","Subject: Account Name: asmith; Privileges: SeTcbPrivilege SeBackupPrivilege SeDebugPrivilege"
"2021-06-04T18:34:44.821Z",4672,"Security-Auditing","IT-DESK-01","Special privileges assigned to new logon.","Subject: Account Name: john.smith; Privileges: SeTcbPrivilege SeBackupPrivilege SeDebugPrivilege"
"2021-05-17T10:38:22.721Z",15,"Sysmon","DC01","FileCreateStreamHash:","Image: C:\Windows\System32\winlogon.exe; TargetFilename: C:\Users\ABYAH\svc_backup\Downloads\setup_4.exe:Zone.Identifier"
"2021-07-04T19:54:50.543Z",1100,"Security-Auditing","APP01","Security event 1100 occurred.","Details: Event ID 1100 logged for ABYAH\john.smith"
"2021-12-16T11:16:50.957Z",8,"Sysmon","IT-DESK-01","Sysmon event 8",""
"2021-07-06T18:28:41.365Z",1,"Sysmon","DEV-01","Process Create:","Image: C:\Windows\System32\winlogon.exe; CommandLine: ""C:\Windows\System32\winlogon.exe"" --flag-5126 --config-8; User: ABYAH\lnguyen; ProcessId: 2522"
"2021-03-23T14:27:51.761Z",4634,"Security-Auditing","DC01","An account was logged off.","Target: Account Name: svc_monitor"
"2021-11-25T11:31:14.847Z",4624,"Security-Auditing","WEB01","An account was successfully logged on.","Subject: Security ID: S-1-5-18; Subject: Account Name: WEB01$; Subject: Account Domain: ABYAH; Logon: Logon Type: 2; New Logon: Account Name: User1; New Logon: Authentication Package: Kerberos; Network: Source Address: 192.168.1.20"
"2021-04-09T21:13:46.598Z",4776,"Security-Auditing","WEB01","The credential validation occurred.","Package: Authentication Package: MICROSOFT_AUTHENTICATION_PACKAGE_V1_0; Account: Account Name: LOCAL SERVICE; Computer: Computer Name: WEB01"
"2021-07-13T10:59:51.407Z",1100,"Security-Auditing","DEV-01","Security event 1100 occurred.","Details: Event ID 1100 logged for ABYAH\lnguyen"
"2021-05-12T01:28:02.606Z",1102,"Security-Auditing","HR-DESK-01","Security event 1102 occurred.","Details: Event ID 1102 logged for ABYAH\admin"
"2021-12-06T02:01:10.788Z",1102,"Security-Auditing","CLIENT02","Security event 1102 occurred.","Details: Event ID 1102 logged for LOCAL SERVICE"
"2021-05-27T09:13:24.815Z",4624,"Security-Auditing","DEV-01","An account was successfully logged on.","Subject: Security ID: S-1-5-18; Subject: Account Name: DEV-01$; Subject: Account Domain: ABYAH; Logon: Logon Type: 2; New Logon: Account Name: LOCAL SERVICE; New Logon: Authentication Package: NTLM; Network: Source Address: 10.0.0.5"
"2021-03-10T00:27:33.449Z",4776,"Security-Auditing","DEV-02","The credential validation occurred.","Package: Authentication Package: MICROSOFT_AUTHENTICATION_PACKAGE_V1_0; Account: Account Name: jane.doe; Computer: Computer Name: DEV-02"
"2021-12-27T16:46:05.798Z",1102,"Security-Auditing","EXCH01","Security event 1102 occurred.","Details: Event ID 1102 logged for WORKGROUP\User1"
"2021-12-09T14:57:02.290Z",4672,"Security-Auditing","FILE01","Special privileges assigned to new logon.","Subject: Account Name: klee; Privileges: SeTcbPrivilege SeBackupPrivilege SeDebugPrivilege"
"2021-06-07T17:50:44.345Z",1100,"Security-Auditing","APP01","Security event 1100 occurred.","Details: Event ID 1100 logged for ABYAH\svc_backup"
"2021-01-20T19:59:11.777Z",15,"Sysmon","WEB01","FileCreateStreamHash:","Image: C:\Windows\System32\lsass.exe; TargetFilename: C:\Users\ABYAH\svc_backup\Downloads\setup_3.exe:Zone.Identifier"
"2021-09-26T23:10:55.744Z",1,"Sysmon","CLIENT05","Process Create:","Image: C:\Windows\System32\spoolsv.exe; CommandLine: ""C:\Windows\System32\spoolsv.exe"" --flag-6957 --config-2; User: ABYAH\admin; ProcessId: 8729"
"2021-10-26T05:22:12.855Z",10,"Sysmon","CLIENT05","Sysmon event 10",""
"2021-02-19T10:08:14.841Z",4624,"Security-Auditing","WEB01","An account was successfully logged on.","Subject: Security ID: S-1-5-18; Subject: Account Name: WEB01$; Subject: Account Domain: ABYAH; Logon: Logon Type: 11; New Logon: Account Name: ogarcia; New Logon: Authentication Package: Negotiate; Network: Source Address: 172.16.0.1"
"2021-03-09T11:53:39.886Z",1100,"Security-Auditing","CLIENT03","Security event 1100 occurred.","Details: Event ID 1100 logged for ABYAH\ogarcia"
"2021-06-18T13:43:17.928Z",6006,"System","TEST-01","The Event log service was stopped.",""
"2021-10-07T18:44:09.822Z",3,"Sysmon","CLIENT05","Network connection detected:","Image: C:\Program Files\Microsoft Edge\msedge.exe; User: ABYAH\klee; DestinationIp: 8.8.8.8; DestinationPort: 3389; Protocol: tcp"
"2021-11-09T00:27:15.430Z",1102,"Security-Auditing","CLIENT05","Security event 1102 occurred.","Details: Event ID 1102 logged for ABYAH\abyah"
"2021-12-03T20:52:16.473Z",4624,"Security-Auditing","CLIENT03","An account was successfully logged on.","Subject: Security ID: S-1-5-18; Subject: Account Name: CLIENT03$; Subject: Account Domain: ABYAH; Logon: Logon Type: 10; New Logon: Account Name: User2; New Logon: Authentication Package: NTLM; Network: Source Address: 10.0.0.25"
"2021-12-14T10:44:23.189Z",4776,"Security-Auditing","DC02","The credential validation occurred.","Package: Authentication Package: MICROSOFT_AUTHENTICATION_PACKAGE_V1_0; Account: Account Name: john.smith; Computer: Computer Name: DC02"
"2021-05-02T15:24:25.606Z",4634,"Security-Auditing","DEV-02","An account was logged off.","Target: Account Name: asmith"
"2021-08-18T05:19:14.298Z",4624,"Security-Auditing","DC01","An account was successfully logged on.","Subject: Security ID: S-1-5-18; Subject: Account Name: DC01$; Subject: Account Domain: ABYAH; Logon: Logon Type: 11; New Logon: Account Name: lnguyen; New Logon: Authentication Package: Negotiate; Network: Source Address: 172.16.0.2"
"2021-06-18T07:58:24.985Z",1,"Sysmon","FILE01","Process Create:","Image: C:\Program Files\Microsoft Office\root\Office16\WINWORD.EXE; CommandLine: ""C:\Program Files\Microsoft Office\root\Office16\WINWORD.EXE"" --flag-7264 --config-9; User: NETWORK SERVICE; ProcessId: 3449"
"2021-05-24T13:27:04.210Z",1,"Sysmon","CLIENT01","Process Create:","Image: C:\Program Files\Microsoft Office\root\Office16\WINWORD.EXE; CommandLine: ""C:\Program Files\Microsoft Office\root\Office16\WINWORD.EXE"" --flag-9016 --config-5; User: ABYAH\jane.doe; ProcessId: 6916"
"2021-10-15T20:26:19.390Z",1100,"Security-Auditing","DEV-02","Security event 1100 occurred.","Details: Event ID 1100 logged for ABYAH\admin"
"2021-08-22T11:24:01.664Z",4634,"Security-Auditing","CLIENT02","An account was logged off.","Target: Account Name: bwilson"
"2021-07-06T05:18:07.414Z",1100,"Security-Auditing","DEV-01","Security event 1100 occurred.","Details: Event ID 1100 logged for WORKGROUP\User2"
"2021-03-11T00:31:50.648Z",1,"Sysmon","DC02","Process Create:","Image: C:\Windows\System32\winlogon.exe; CommandLine: ""C:\Windows\System32\winlogon.exe"" --flag-6251 --config-4; User: ABYAH\jdoe; ProcessId: 8197"
"2021-01-14T15:46:47.796Z",4776,"Security-Auditing","FILE01","The credential validation occurred.","Package: Authentication Package: MICROSOFT_AUTHENTICATION_PACKAGE_V1_0; Account: Account Name: ogarcia; Computer: Computer Name: FILE01"
"2021-09-04T08:26:38.497Z",4776,"Security-Auditing","IT-DESK-01","The credential validation occurred.","Package: Authentication Package: MICROSOFT_AUTHENTICATION_PACKAGE_V1_0; Account: Account Name: john.smith; Computer: Computer Name: IT-DESK-01"
"2021-04-18T12:19:35.659Z",8,"Sysmon","DEV-02","Sysmon event 8",""
"2021-09-03T04:36:17.484Z",8,"Sysmon","EXCH01","Sysmon event 8",""
"2021-05-19T03:08:57.415Z",1100,"Security-Auditing","APP01","Security event 1100 occurred.","Details: Event ID 1100 logged for ABYAH\svc_sql"
"2021-09-03T13:27:19.109Z",4624,"Security-Auditing","HR-DESK-01","An account was successfully logged on.","Subject: Security ID: S-1-5-18; Subject: Account Name: HR-DESK-01$; Subject: Account Domain: ABYAH; Logon: Logon Type: 2; New Logon: Account Name: bwilson; New Logon: Authentication Package: Kerberos; Network: Source Address: 10.0.0.1"
"2021-12-08T00:43:11.672Z",4624,"Security-Auditing","WEB01","An account was successfully logged on.","Subject: Security ID: S-1-5-18; Subject: Account Name: WEB01$; Subject: Account Domain: ABYAH; Logon: Logon Type: 11; New Logon: Account Name: User1; New Logon: Authentication Package: NTLM; Network: Source Address: 192.168.1.20"
"2021-11-22T14:45:58.188Z",3,"Sysmon","HR-DESK-02","Network connection detected:","Image: C:\Program Files\Google\Chrome\chrome.exe; User: NETWORK SERVICE; DestinationIp: 10.0.0.1; DestinationPort: 3389; Protocol: tcp"
"2021-03-17T13:49:38.921Z",11,"Sysmon","SQL01","File created:","Image: C:\Windows\System32\svchost.exe; TargetFilename: C:\Users\ABYAH\abyah\Documents\file_11.tmp; ProcessId: 5074"
"2021-06-06T22:32:19.989Z",1,"Sysmon","FILE01","Process Create:","Image: C:\Windows\System32\lsass.exe; CommandLine: ""C:\Windows\System32\lsass.exe"" --flag-4708 --config-9; User: ABYAH\ogarcia; ProcessId: 7995"
"2021-08-02T21:22:59.149Z",4672,"Security-Auditing","SQL01","Special privileges assigned to new logon.","Subject: Account Name: asmith; Privileges: SeTcbPrivilege SeBackupPrivilege SeDebugPrivilege"
"2021-05-16T18:41:56.705Z",6006,"System","DC01","The Event log service was stopped.",""
"2021-09-28T16:28:36.562Z",4672,"Security-Auditing","APP01","Special privileges assigned to new logon.","Subject: Account Name: admin; Privileges: SeTcbPrivilege SeBackupPrivilege SeDebugPrivilege"
"2021-07-14T14:38:03.212Z",4776,"Security-Auditing","DEV-02","The credential validation occurred.","Package: Authentication Package: MICROSOFT_AUTHENTICATION_PACKAGE_V1_0; Account: Account Name: asmith; Computer: Computer Name: DEV-02"
"2021-12-09T14:57:24.962Z",6013,"System","WEB01","The system uptime is 2411320 seconds.",""
"2021-02-24T18:22:08.518Z",4634,"Security-Auditing","SQL01","An account was logged off.","Target: Account Name: klee"
"2021-08-28T14:49:14.734Z",7,"Sysmon","HR-DESK-01","Image loaded:","Image: C:\Program Files\Microsoft Office\root\Office16\WINWORD.EXE; ImageLoaded: C:\Windows\System32\ole32.dll; ProcessId: 6291"
"2021-09-22T04:56:20.972Z",7,"Sysmon","HR-DESK-02","Image loaded:","Image: C:\Windows\explorer.exe; ImageLoaded: C:\Windows\System32\user32.dll; ProcessId: 3577"
"2021-11-11T02:27:34.787Z",1100,"Security-Auditing","CLIENT04","Security event 1100 occurred.","Details: Event ID 1100 logged for ABYAH\jdoe"
"2021-09-09T17:17:22.540Z",1100,"Security-Auditing","SQL01","Security event 1100 occurred.","Details: Event ID 1100 logged for NETWORK SERVICE"
"2021-07-15T23:27:07.175Z",1102,"Security-Auditing","CLIENT05","Security event 1102 occurred.","Details: Event ID 1102 logged for NETWORK SERVICE"
"2021-08-07T09:11:10.810Z",6005,"System","TEST-01","The Event log service was started.",""
"2021-11-17T03:28:49.352Z",4776,"Security-Auditing","WEB01","The credential validation occurred.","Package: Authentication Package: MICROSOFT_AUTHENTICATION_PACKAGE_V1_0; Account: Account Name: john.smith; Computer: Computer Name: WEB01"
"2021-12-06T01:25:32.178Z",4776,"Security-Auditing","DC02","The credential validation occurred.","Package: Authentication Package: MICROSOFT_AUTHENTICATION_PACKAGE_V1_0; Account: Account Name: NETWORK SERVICE; Computer: Computer Name: DC02"
"2021-05-17T19:43:29.912Z",6013,"System","APP01","The system uptime is 1770621 seconds.",""
"2021-12-16T22:09:16.741Z",15,"Sysmon","TEST-01","FileCreateStreamHash:","Image: C:\Program Files\Microsoft Office\root\Office16\WINWORD.EXE; TargetFilename: C:\Users\ABYAH\john.smith\Downloads\setup_1.exe:Zone.Identifier"
"2021-03-09T00:56:21.137Z",15,"Sysmon","CLIENT01","FileCreateStreamHash:","Image: C:\Program Files\Google\Chrome\chrome.exe; TargetFilename: C:\Users\ABYAH\lnguyen\Downloads\setup_5.exe:Zone.Identifier"
"2021-12-18T02:41:35.181Z",4634,"Security-Auditing","DC02","An account was logged off.","Target: Account Name: mperez"
"2021-05-27T20:50:56.170Z",1100,"Security-Auditing","APP01","Security event 1100 occurred.","Details: Event ID 1100 logged for WORKGROUP\User1"
"2021-05-18T17:21:07.971Z",7,"Sysmon","CLIENT04","Image loaded:","Image: C:\Program Files\Google\Chrome\chrome.exe; ImageLoaded: C:\Windows\System32\kernel32.dll; ProcessId: 2749"
"2021-04-22T06:17:02.561Z",4672,"Security-Auditing","WEB01","Special privileges assigned to new logon.","Subject: Account Name: LOCAL SERVICE; Privileges: SeTcbPrivilege SeBackupPrivilege SeDebugPrivilege"
"2021-04-06T15:20:36.292Z",6005,"System","HR-DESK-01","The Event log service was started.",""
"2021-11-08T10:42:21.732Z",7,"Sysmon","CLIENT05","Image loaded:","Image: C:\Windows\System32\lsass.exe; ImageLoaded: C:\Windows\System32\advapi32.dll; ProcessId: 9838"
"2021-03-08T16:53:27.536Z",11,"Sysmon","CLIENT01","File created:","Image: C:\Windows\System32\spoolsv.exe; TargetFilename: C:\Users\ABYAH\svc_sql\Documents\file_39.tmp; ProcessId: 3816"
"2021-03-09T09:05:55.838Z",1100,"Security-Auditing","APP01","Security event 1100 occurred.","Details: Event ID 1100 logged for ABYAH\klee"
"2021-08-15T11:14:26.241Z",6006,"System","HR-DESK-02","The Event log service was stopped.",""
"2021-12-11T17:47:04.161Z",15,"Sysmon","CLIENT01","FileCreateStreamHash:","Image: C:\Program Files\Google\Chrome\chrome.exe; TargetFilename: C:\Users\ABYAH\svc_monitor\Downloads\setup_8.exe:Zone.Identifier"
"2021-06-14T15:54:54.742Z",10,"Sysmon","DEV-01","Sysmon event 10",""
"2021-02-09T15:58:52.365Z",11,"Sysmon","FILE01","File created:","Image: C:\Windows\System32\lsass.exe; TargetFilename: C:\Users\NETWORK SERVICE\Documents\file_97.tmp; ProcessId: 6911"
"2021-11-25T04:13:51.381Z",15,"Sysmon","TEST-01","FileCreateStreamHash:","Image: C:\Program Files\Microsoft Edge\msedge.exe; TargetFilename: C:\Users\ABYAH\klee\Downloads\setup_8.exe:Zone.Identifier"
"2021-06-22T22:28:20.389Z",10,"Sysmon","CLIENT02","Sysmon event 10",""
"2021-09-07T12:31:54.535Z",1100,"Security-Auditing","DEV-01","Security event 1100 occurred.","Details: Event ID 1100 logged for NETWORK SERVICE"
"2021-12-24T14:36:39.837Z",11,"Sysmon","DEV-02","File created:","Image: C:\Windows\System32\spoolsv.exe; TargetFilename: C:\Users\ABYAH\svc_sql\Documents\file_97.tmp; ProcessId: 3063"
"2021-06-25T07:41:39.911Z",8,"Sysmon","FILE01","Sysmon event 8",""
"2021-07-27T20:28:44.107Z",1,"Sysmon","SQL01","Process Create:","Image: C:\Program Files\Microsoft Office\root\Office16\EXCEL.EXE; CommandLine: ""C:\Program Files\Microsoft Office\root\Office16\EXCEL.EXE"" --flag-5414 --config-1; User: ABYAH\mperez; ProcessId: 5334"
"2021-11-26T13:54:59.545Z",3,"Sysmon","DC02","Network connection detected:","Image: C:\Program Files\Google\Chrome\chrome.exe; User: ABYAH\klee; DestinationIp: 142.250.80.46; DestinationPort: 80; Protocol: tcp"
"2021-05-13T05:29:33.667Z",15,"Sysmon","HR-DESK-01","FileCreateStreamHash:","Image: C:\Program Files\Microsoft Office\root\Office16\EXCEL.EXE; TargetFilename: C:\Users\NETWORK SERVICE\Downloads\setup_7.exe:Zone.Identifier"
"2021-04-04T06:54:49.876Z",1102,"Security-Auditing","EXCH01","Security event 1102 occurred.","Details: Event ID 1102 logged for SYSTEM"
"2021-08-15T12:28:28.780Z",1102,"Security-Auditing","DC02","Security event 1102 occurred.","Details: Event ID 1102 logged for ABYAH\svc_backup"
"2021-03-19T15:32:23.443Z",4776,"Security-Auditing","SQL01","The credential validation occurred.","Package: Authentication Package: MICROSOFT_AUTHENTICATION_PACKAGE_V1_0; Account: Account Name: jdoe; Computer: Computer Name: SQL01"
"2021-10-18T16:50:44.813Z",6013,"System","EXCH01","The system uptime is 6946791 seconds.",""
"2021-06-09T07:18:03.432Z",15,"Sysmon","CLIENT05","FileCreateStreamHash:","Image: C:\Program Files\Microsoft Office\root\Office16\WINWORD.EXE; TargetFilename: C:\Users\WORKGROUP\User1\Downloads\setup_5.exe:Zone.Identifier"
"2021-06-23T17:03:50.933Z",11,"Sysmon","CLIENT04","File created:","Image: C:\Program Files\WindowsApps\...\RuntimeBroker.exe; TargetFilename: C:\Users\ABYAH\bwilson\Documents\file_66.tmp; ProcessId: 2174"
"2021-08-22T04:48:35.646Z",8,"Sysmon","DEV-01","Sysmon event 8",""
"2021-02-25T02:00:43.305Z",8,"Sysmon","CLIENT05","Sysmon event 8",""
"2021-10-20T10:08:20.613Z",4776,"Security-Auditing","CLIENT01","The credential validation occurred.","Package: Authentication Package: MICROSOFT_AUTHENTICATION_PACKAGE_V1_0; Account: Account Name: rbrown; Computer: Computer Name: CLIENT01"
"2021-02-17T01:49:48.132Z",4624,"Security-Auditing","EXCH01","An account was successfully logged on.","Subject: Security ID: S-1-5-18; Subject: Account Name: EXCH01$; Subject: Account Domain: ABYAH; Logon: Logon Type: 11; New Logon: Account Name: User1; New Logon: Authentication Package: Negotiate; Network: Source Address: 10.0.0.10"
"2021-10-08T14:13:51.425Z",4634,"Security-Auditing","CLIENT05","An account was logged off.","Target: Account Name: admin"
"2021-01-13T03:44:38.443Z",4624,"Security-Auditing","DC02","An account was successfully logged on.","Subject: Security ID: S-1-5-18; Subject: Account Name: DC02$; Subject: Account Domain: ABYAH; Logon: Logon Type: 11; New Logon: Account Name: abyah; New Logon: Authentication Package: Negotiate; Network: Source Address: 10.0.0.25"
"2021-09-20T05:15:17.645Z",4672,"Security-Auditing","WEB01","Special privileges assigned to new logon.","Subject: Account Name: lnguyen; Privileges: SeTcbPrivilege SeBackupPrivilege SeDebugPrivilege"
"2021-06-21T10:44:07.426Z",4672,"Security-Auditing","SQL01","Special privileges assigned to new logon.","Subject: Account Name: lnguyen; Privileges: SeTcbPrivilege SeBackupPrivilege SeDebugPrivilege"
"2021-09-25T18:22:39.635Z",4672,"Security-Auditing","CLIENT03","Special privileges assigned to new logon.","Subject: Account Name: jane.doe; Privileges: SeTcbPrivilege SeBackupPrivilege SeDebugPrivilege"
"2021-11-20T00:08:07.324Z",4634,"Security-Auditing","HR-DESK-02","An account was logged off.","Target: Account Name: LOCAL SERVICE"
"2021-12-23T17:14:36.413Z",1102,"Security-Auditing","WEB01","Security event 1102 occurred.","Details: Event ID 1102 logged for ABYAH\admin"
"2021-03-19T21:57:00.387Z",8,"Sysmon","WEB01","Sysmon event 8",""
"2021-05-13T03:39:33.225Z",4624,"Security-Auditing","DEV-01","An account was successfully logged on.","Subject: Security ID: S-1-5-18; Subject: Account Name: DEV-01$; Subject: Account Domain: ABYAH; Logon: Logon Type: 11; New Logon: Account Name: jane.doe; New Logon: Authentication Package: Kerberos; Network: Source Address: 192.168.1.101"
"2021-10-02T01:37:02.509Z",4776,"Security-Auditing","DC01","The credential validation occurred.","Package: Authentication Package: MICROSOFT_AUTHENTICATION_PACKAGE_V1_0; Account: Account Name: svc_monitor; Computer: Computer Name: DC01"
"2021-05-04T00:41:57.387Z",4634,"Security-Auditing","DC02","An account was logged off.","Target: Account Name: mperez"
"2021-05-15T12:31:12.120Z",1,"Sysmon","WEB01","Process Create:","Image: C:\Program Files\Microsoft Office\root\Office16\WINWORD.EXE; CommandLine: ""C:\Program Files\Microsoft Office\root\Office16\WINWORD.EXE"" --flag-1808 --config-2; User: ABYAH\abyah; ProcessId: 7651"
"2021-06-18T22:22:13.139Z",6013,"System","SQL01","The system uptime is 8811453 seconds.",""
"2021-02-26T23:36:18.451Z",15,"Sysmon","CLIENT01","FileCreateStreamHash:","Image: C:\Program Files\Microsoft Office\root\Office16\EXCEL.EXE; TargetFilename: C:\Users\ABYAH\admin\Downloads\setup_3.exe:Zone.Identifier"
"2021-10-01T06:26:04.833Z",11,"Sysmon","WEB01","File created:","Image: C:\Program Files\WindowsApps\...\RuntimeBroker.exe; TargetFilename: C:\Users\ABYAH\asmith\Documents\file_50.tmp; ProcessId: 6487"
"2021-11-05T13:14:10.760Z",1102,"Security-Auditing","WEB01","Security event 1102 occurred.","Details: Event ID 1102 logged for ABYAH\lnguyen"
"2021-04-09T10:36:24.940Z",8,"Sysmon","HR-DESK-02","Sysmon event 8",""
"2021-06-26T04:44:53.780Z",6013,"System","EXCH01","The system uptime is 2912961 seconds.",""
"2021-08-14T12:26:58.884Z",1100,"Security-Auditing","DC02","Security event 1100 occurred.","Details: Event ID 1100 logged for ABYAH\klee"
"2021-06-23T23:47:58.743Z",1,"Sysmon","CLIENT03","Process Create:","Image: C:\Program Files\WindowsApps\...\RuntimeBroker.exe; CommandLine: ""C:\Program Files\WindowsApps\...\RuntimeBroker.exe"" --flag-3719 --config-6; User: ABYAH\ogarcia; ProcessId: 5368"
"2021-05-06T09:48:37.346Z",6006,"System","HR-DESK-02","The Event log service was stopped.",""
"2021-09-26T15:26:04.106Z",4776,"Security-Auditing","TEST-01","The credential validation occurred.","Package: Authentication Package: MICROSOFT_AUTHENTICATION_PACKAGE_V1_0; Account: Account Name: john.smith; Computer: Computer Name: TEST-01"
"2021-03-16T01:48:26.711Z",11,"Sysmon","TEST-01","File created:","Image: C:\Windows\System32\spoolsv.exe; TargetFilename: C:\Users\ABYAH\klee\Documents\file_5.tmp; ProcessId: 8519"
"2021-09-12T16:59:03.255Z",3,"Sysmon","APP01","Network connection detected:","Image: C:\Windows\System32\spoolsv.exe; User: ABYAH\svc_backup; DestinationIp: 8.8.8.8; DestinationPort: 443; Protocol: tcp"
"2021-03-17T16:43:40.300Z",6013,"System","DC01","The system uptime is 6962673 seconds.",""
"2021-12-03T11:52:48.635Z",1100,"Security-Auditing","DC02","Security event 1100 occurred.","Details: Event ID 1100 logged for ABYAH\john.smith"
"2021-09-22T02:41:32.540Z",4776,"Security-Auditing","TEST-01","The credential validation occurred.","Package: Authentication Package: MICROSOFT_AUTHENTICATION_PACKAGE_V1_0; Account: Account Name: User2; Computer: Computer Name: TEST-01"
"2021-05-14T08:40:44.314Z",8,"Sysmon","CLIENT03","Sysmon event 8",""
"2021-11-17T01:58:48.291Z",8,"Sysmon","IT-DESK-01","Sysmon event 8",""
"2021-01-19T19:57:48.647Z",4672,"Security-Auditing","TEST-01","Special privileges assigned to new logon.","Subject: Account Name: svc_backup; Privileges: SeTcbPrivilege SeBackupPrivilege SeDebugPrivilege"
"2021-08-15T09:28:45.499Z",11,"Sysmon","CLIENT01","File created:","Image: C:\Windows\System32\spoolsv.exe; TargetFilename: C:\Users\ABYAH\ogarcia\Documents\file_80.tmp; ProcessId: 4394"
"2021-09-23T06:31:35.976Z",6006,"System","CLIENT05","The Event log service was stopped.",""
"2021-06-28T09:08:23.172Z",1102,"Security-Auditing","DC02","Security event 1102 occurred.","Details: Event ID 1102 logged for ABYAH\svc_sql"
"2021-11-12T11:01:31.582Z",6013,"System","DC02","The system uptime is 8654680 seconds.",""
"2021-11-25T21:01:47.871Z",4776,"Security-Auditing","CLIENT05","The credential validation occurred.","Package: Authentication Package: MICROSOFT_AUTHENTICATION_PACKAGE_V1_0; Account: Account Name: User1; Computer: Computer Name: CLIENT05"
"2021-11-07T10:02:53.888Z",1,"Sysmon","DEV-02","Process Create:","Image: C:\Program Files\Microsoft Edge\msedge.exe; CommandLine: ""C:\Program Files\Microsoft Edge\msedge.exe"" --flag-3772 --config-7; User: ABYAH\lnguyen; ProcessId: 6790"
"2021-06-20T14:14:00.861Z",1102,"Security-Auditing","DC02","Security event 1102 occurred.","Details: Event ID 1102 logged for ABYAH\svc_monitor"
"2021-02-02T17:47:35.209Z",11,"Sysmon","TEST-01","File created:","Image: C:\Windows\System32\lsass.exe; TargetFilename: C:\Users\ABYAH\svc_monitor\Documents\file_32.tmp; ProcessId: 1659"
"2021-01-07T03:26:37.720Z",6006,"System","DC01","The Event log service was stopped.",""
"2021-04-18T03:25:23.186Z",3,"Sysmon","FILE01","Network connection detected:","Image: C:\Program Files\Microsoft Office\root\Office16\WINWORD.EXE; User: WORKGROUP\User1; DestinationIp: 10.0.0.1; DestinationPort: 443; Protocol: tcp"
"2021-11-20T04:33:44.894Z",3,"Sysmon","FILE01","Network connection detected:","Image: C:\Windows\System32\spoolsv.exe; User: ABYAH\klee; DestinationIp: 10.0.0.1; DestinationPort: 80; Protocol: tcp"
"2021-05-12T05:19:28.841Z",6006,"System","TEST-01","The Event log service was stopped.",""
"2021-04-11T14:06:34.656Z",15,"Sysmon","IT-DESK-01","FileCreateStreamHash:","Image: C:\Program Files\Microsoft Office\root\Office16\EXCEL.EXE; TargetFilename: C:\Users\ABYAH\jdoe\Downloads\setup_3.exe:Zone.Identifier"
"2021-02-20T11:07:10.200Z",7,"Sysmon","EXCH01","Image loaded:","Image: C:\Program Files\Microsoft Office\root\Office16\WINWORD.EXE; ImageLoaded: C:\Windows\System32\ole32.dll; ProcessId: 6401"
"2021-01-17T14:19:49.952Z",1102,"Security-Auditing","DEV-01","Security event 1102 occurred.","Details: Event ID 1102 logged for ABYAH\svc_backup"
"2021-11-13T03:17:13.424Z",6005,"System","DC01","The Event log service was started.",""
"2021-09-05T07:11:40.995Z",8,"Sysmon","DC01","Sysmon event 8",""
"2021-03-25T09:43:41.990Z",4634,"Security-Auditing","DEV-02","An account was logged off.","Target: Account Name: ogarcia"
"2021-07-07T11:21:51.942Z",4634,"Security-Auditing","SQL01","An account was logged off.","Target: Account Name: jdoe"
"2021-05-03T09:22:52.914Z",15,"Sysmon","DEV-02","FileCreateStreamHash:","Image: C:\Windows\System32\lsass.exe; TargetFilename: C:\Users\ABYAH\jane.doe\Downloads\setup_8.exe:Zone.Identifier"
"2021-08-17T20:41:20.610Z",4776,"Security-Auditing","TEST-01","The credential validation occurred.","Package: Authentication Package: MICROSOFT_AUTHENTICATION_PACKAGE_V1_0; Account: Account Name: rbrown; Computer: Computer Name: TEST-01"
"2021-05-16T14:36:35.557Z",4634,"Security-Auditing","CLIENT03","An account was logged off.","Target: Account Name: admin"
"2021-06-15T11:15:03.765Z",4634,"Security-Auditing","IT-DESK-01","An account was logged off.","Target: Account Name: LOCAL SERVICE"
"2021-08-09T21:31:55.200Z",15,"Sysmon","DC02","FileCreateStreamHash:","Image: C:\Program Files\Microsoft Office\root\Office16\WINWORD.EXE; TargetFilename: C:\Users\ABYAH\svc_backup\Downloads\setup_4.exe:Zone.Identifier"
"2021-07-03T18:42:08.638Z",4776,"Security-Auditing","APP01","The credential validation occurred.","Package: Authentication Package: MICROSOFT_AUTHENTICATION_PACKAGE_V1_0; Account: Account Name: User1; Computer: Computer Name: APP01"
"2021-08-22T11:02:16.551Z",3,"Sysmon","DC02","Network connection detected:","Image: C:\Windows\System32\spoolsv.exe; User: ABYAH\mperez; DestinationIp: 10.0.0.1; DestinationPort: 3389; Protocol: tcp"
"2021-05-28T03:31:19.432Z",15,"Sysmon","WEB01","FileCreateStreamHash:","Image: C:\Windows\System32\lsass.exe; TargetFilename: C:\Users\ABYAH\lnguyen\Downloads\setup_1.exe:Zone.Identifier"
"2021-10-28T07:04:55.662Z",4634,"Security-Auditing","CLIENT05","An account was logged off.","Target: Account Name: ogarcia"
"2021-02-13T08:16:50.983Z",4634,"Security-Auditing","CLIENT04","An account was logged off.","Target: Account Name: User2"
"2021-12-09T06:39:29.874Z",6006,"System","CLIENT03","The Event log service was stopped.",""
"2021-05-18T11:47:45.417Z",3,"Sysmon","DEV-01","Network connection detected:","Image: C:\Windows\System32\svchost.exe; User: ABYAH\jane.doe; DestinationIp: 1.1.1.1; DestinationPort: 80; Protocol: tcp"
"2021-10-23T20:48:46.441Z",6005,"System","CLIENT01","The Event log service was started.",""
"2021-02-17T13:44:30.332Z",4624,"Security-Auditing","IT-DESK-01","An account was successfully logged on.","Subject: Security ID: S-1-5-18; Subject: Account Name: IT-DESK-01$; Subject: Account Domain: ABYAH; Logon: Logon Type: 2; New Logon: Account Name: klee; New Logon: Authentication Package: NTLM; Network: Source Address: 10.0.0.20"
"2021-04-20T20:11:17.188Z",6013,"System","FILE01","The system uptime is 6065628 seconds.",""
"2021-05-20T21:43:29.204Z",6005,"System","IT-DESK-01","The Event log service was started.",""
"2021-06-24T08:07:33.703Z",6013,"System","APP01","The system uptime is 5828773 seconds.",""
"2021-08-23T15:12:56.711Z",4634,"Security-Auditing","TEST-01","An account was logged off.","Target: Account Name: admin"
"2021-08-19T06:35:41.462Z",1102,"Security-Auditing","WEB01","Security event 1102 occurred.","Details: Event ID 1102 logged for ABYAH\admin"
"2021-05-22T14:00:17.878Z",15,"Sysmon","IT-DESK-01","FileCreateStreamHash:","Image: C:\Windows\explorer.exe; TargetFilename: C:\Users\ABYAH\asmith\Downloads\setup_7.exe:Zone.Identifier"
"2021-08-21T21:04:23.921Z",4634,"Security-Auditing","IT-DESK-01","An account was logged off.","Target: Account Name: svc_backup"
"2021-01-13T00:52:51.651Z",1102,"Security-Auditing","CLIENT01","Security event 1102 occurred.","Details: Event ID 1102 logged for ABYAH\svc_backup"
"2021-01-20T06:32:10.692Z",10,"Sysmon","FILE01","Sysmon event 10",""
"2021-06-17T15:58:35.634Z",6006,"System","FILE01","The Event log service was stopped.",""
"2021-11-09T08:51:26.968Z",1,"Sysmon","APP01","Process Create:","Image: C:\Program Files\Google\Chrome\chrome.exe; CommandLine: ""C:\Program Files\Google\Chrome\chrome.exe"" --flag-6101 --config-2; User: LOCAL SERVICE; ProcessId: 7955"
"2021-06-19T09:32:13.875Z",11,"Sysmon","CLIENT02","File created:","Image: C:\Program Files\WindowsApps\...\RuntimeBroker.exe; TargetFilename: C:\Users\WORKGROUP\User2\Documents\file_93.tmp; ProcessId: 1481"
"2021-12-10T21:22:16.812Z",4634,"Security-Auditing","WEB01","An account was logged off.","Target: Account Name: abyah"
"2021-04-24T08:30:25.257Z",3,"Sysmon","CLIENT02","Network connection detected:","Image: C:\Windows\System32\spoolsv.exe; User: ABYAH\svc_monitor; DestinationIp: 13.107.42.14; DestinationPort: 3389; Protocol: tcp"
"2021-01-18T06:55:33.705Z",1100,"Security-Auditing","HR-DESK-01","Security event 1100 occurred.","Details: Event ID 1100 logged for ABYAH\jdoe"
"2021-12-27T08:04:58.490Z",6013,"System","APP01","The system uptime is 6326900 seconds.",""
"2021-09-23T00:20:27.168Z",1100,"Security-Auditing","HR-DESK-02","Security event 1100 occurred.","Details: Event ID 1100 logged for ABYAH\abyah"
"2021-11-11T13:11:27.714Z",6013,"System","IT-DESK-01","The system uptime is 2572237 seconds.",""
"2021-03-10T13:46:30.484Z",1102,"Security-Auditing","SQL01","Security event 1102 occurred.","Details: Event ID 1102 logged for ABYAH\mperez"
"2021-09-19T00:50:00.781Z",8,"Sysmon","TEST-01","Sysmon event 8",""
"2021-09-12T03:23:44.723Z",7,"Sysmon","CLIENT02","Image loaded:","Image: C:\Program Files\Microsoft Office\root\Office16\WINWORD.EXE; ImageLoaded: C:\Windows\System32\advapi32.dll; ProcessId: 2687"
"2021-05-19T11:17:12.788Z",4672,"Security-Auditing","FILE01","Special privileges assigned to new logon.","Subject: Account Name: bwilson; Privileges: SeTcbPrivilege SeBackupPrivilege SeDebugPrivilege"
"2021-04-14T03:19:17.327Z",4624,"Security-Auditing","CLIENT04","An account was successfully logged on.","Subject: Security ID: S-1-5-18; Subject: Account Name: CLIENT04$; Subject: Account Domain: ABYAH; Logon: Logon Type: 2; New Logon: Account Name: abyah; New Logon: Authentication Package: Kerberos; Network: Source Address: 192.168.1.100"
"2021-11-24T05:28:30.628Z",6006,"System","CLIENT04","The Event log service was stopped.",""
"2021-07-12T01:18:55.544Z",3,"Sysmon","HR-DESK-02","Network connection detected:","Image: C:\Windows\System32\svchost.exe; User: ABYAH\lnguyen; DestinationIp: 1.1.1.1; DestinationPort: 443; Protocol: tcp"
"2021-09-02T17:24:25.306Z",3,"Sysmon","HR-DESK-02","Network connection detected:","Image: C:\Program Files\Google\Chrome\chrome.exe; User: ABYAH\svc_sql; DestinationIp: 8.8.8.8; DestinationPort: 53; Protocol: tcp"
"2021-07-15T09:27:24.272Z",1100,"Security-Auditing","IT-DESK-01","Security event 1100 occurred.","Details: Event ID 1100 logged for ABYAH\jdoe"
"2021-12-13T01:36:16.379Z",15,"Sysmon","HR-DESK-02","FileCreateStreamHash:","Image: C:\Program Files\Microsoft Office\root\Office16\WINWORD.EXE; TargetFilename: C:\Users\ABYAH\ogarcia\Downloads\setup_7.exe:Zone.Identifier"
"2021-01-09T15:39:26.987Z",10,"Sysmon","DC02","Sysmon event 10",""
"2021-10-16T13:07:40.484Z",4672,"Security-Auditing","DEV-02","Special privileges assigned to new logon.","Subject: Account Name: rbrown; Privileges: SeTcbPrivilege SeBackupPrivilege SeDebugPrivilege"
"2021-02-19T04:34:04.103Z",3,"Sysmon","TEST-01","Network connection detected:","Image: C:\Program Files\WindowsApps\...\RuntimeBroker.exe; User: ABYAH\john.smith; DestinationIp: 13.107.42.14; DestinationPort: 3389; Protocol: tcp"
"2021-02-12T12:52:53.428Z",8,"Sysmon","APP01","Sysmon event 8",""
"2021-03-14T07:17:30.993Z",6013,"System","FILE01","The system uptime is 1877050 seconds.",""
"2021-04-03T21:31:28.542Z",7,"Sysmon","HR-DESK-01","Image loaded:","Image: C:\Program Files\Microsoft Edge\msedge.exe; ImageLoaded: C:\Windows\System32\ntdll.dll; ProcessId: 7351"
"2021-09-09T03:49:54.569Z",1102,"Security-Auditing","DEV-01","Security event 1102 occurred.","Details: Event ID 1102 logged for ABYAH\mperez"
"2021-05-12T00:55:26.988Z",1102,"Security-Auditing","SQL01","Security event 1102 occurred.","Details: Event ID 1102 logged for ABYAH\svc_monitor"
"2021-08-11T11:20:58.283Z",10,"Sysmon","CLIENT04","Sysmon event 10",""
"2021-12-03T10:55:22.568Z",6013,"System","CLIENT02","The system uptime is 349655 seconds.",""
"2021-08-27T19:35:48.386Z",10,"Sysmon","DC02","Sysmon event 10",""
"2021-09-18T22:04:48.638Z",4634,"Security-Auditing","EXCH01","An account was logged off.","Target: Account Name: svc_backup"
"2021-07-25T06:43:51.980Z",7,"Sysmon","CLIENT04","Image loaded:","Image: C:\Windows\System32\svchost.exe; ImageLoaded: C:\Windows\System32\ole32.dll; ProcessId: 5878"
"2021-02-16T21:33:16.971Z",11,"Sysmon","FILE01","File created:","Image: C:\Program Files\Microsoft Office\root\Office16\WINWORD.EXE; TargetFilename: C:\Users\ABYAH\asmith\Documents\file_12.tmp; ProcessId: 6583"
"2021-10-29T11:43:50.348Z",1,"Sysmon","DC01","Process Create:","RuleName: -; UtcTime: 2021-11-01 03:15:00.000; ProcessGuid: {28a02d86-2c98-6185-d4b5-3c0000000000}; ProcessId: 4444; Image: C:\Windows\System32\WindowsPowerShell\v1.0\powershell.exe; CommandLine: powershell.exe -nop -w hidden -enc YWJ5YWh7YjNfY2FyZWZ1bF93aXRoX3RoZV9sb2dzX2FuZF9ldmVudHN9; CurrentDirectory: C:\Windows\system32\; User: NT AUTHORITY\SYSTEM; LogonGuid: {28a02d86-cd79-6182-e703-000000000001}; LogonId: 0x3E7; IntegrityLevel: System; Hashes: MD5=4FB5CF71F7E7EB49790CB0E663434D81; ParentProcessId: 3364; ParentImage: C:\Windows\System32\cmd.exe; ParentCommandLine: cmd.exe /c powershell.exe -nop -w hidden -enc YWJ5YWh7YjNfY2FyZWZ1bF93aXRoX3RoZV9sb2dzX2FuZF9ldmVudHN9"
"2021-12-06T03:40:38.604Z",8,"Sysmon","HR-DESK-01","Sysmon event 8",""
"2021-03-15T22:08:28.813Z",4624,"Security-Auditing","CLIENT01","An account was successfully logged on.","Subject: Security ID: S-1-5-18; Subject: Account Name: CLIENT01$; Subject: Account Domain: ABYAH; Logon: Logon Type: 10; New Logon: Account Name: abyah; New Logon: Authentication Package: Negotiate; Network: Source Address: 10.10.10.10"
"2021-05-15T16:04:27.640Z",4672,"Security-Auditing","CLIENT04","Special privileges assigned to new logon.","Subject: Account Name: jdoe; Privileges: SeTcbPrivilege SeBackupPrivilege SeDebugPrivilege"
"2021-01-18T12:11:02.559Z",6013,"System","APP01","The system uptime is 6479812 seconds.",""
"2021-01-01T21:03:06.909Z",6005,"System","IT-DESK-01","The Event log service was started.",""
"2021-12-25T11:28:58.674Z",1102,"Security-Auditing","IT-DESK-01","Security event 1102 occurred.","Details: Event ID 1102 logged for WORKGROUP\User1"
"2021-09-04T20:26:15.874Z",4634,"Security-Auditing","DC01","An account was logged off.","Target: Account Name: jane.doe"
"2021-03-18T13:35:42.824Z",4672,"Security-Auditing","HR-DESK-02","Special privileges assigned to new logon.","Subject: Account Name: SYSTEM; Privileges: SeTcbPrivilege SeBackupPrivilege SeDebugPrivilege"
"2021-06-27T14:56:52.163Z",6005,"System","DEV-01","The Event log service was started.",""
"2021-09-17T20:52:26.279Z",1102,"Security-Auditing","HR-DESK-01","Security event 1102 occurred.","Details: Event ID 1102 logged for ABYAH\rbrown"
"2021-02-26T21:51:20.643Z",4776,"Security-Auditing","DEV-02","The credential validation occurred.","Package: Authentication Package: MICROSOFT_AUTHENTICATION_PACKAGE_V1_0; Account: Account Name: svc_backup; Computer: Computer Name: DEV-02"
"2021-03-13T10:09:47.470Z",4634,"Security-Auditing","TEST-01","An account was logged off.","Target: Account Name: SYSTEM"
"2021-09-22T05:12:36.864Z",6013,"System","IT-DESK-01","The system uptime is 4543257 seconds.",""
"2021-09-16T06:17:00.422Z",1102,"Security-Auditing","CLIENT02","Security event 1102 occurred.","Details: Event ID 1102 logged for NETWORK SERVICE"
"2021-06-15T10:46:13.974Z",8,"Sysmon","DEV-02","Sysmon event 8",""
"2021-04-03T11:11:00.943Z",6005,"System","CLIENT03","The Event log service was started.",""
"2021-11-05T18:35:08.439Z",4672,"Security-Auditing","DC02","Special privileges assigned to new logon.","Subject: Account Name: rbrown; Privileges: SeTcbPrivilege SeBackupPrivilege SeDebugPrivilege"
"2021-07-15T23:41:53.290Z",6013,"System","SQL01","The system uptime is 7564691 seconds.",""
"2021-01-03T04:32:14.824Z",8,"Sysmon","DC01","Sysmon event 8",""
"2021-02-01T16:13:44.596Z",4672,"Security-Auditing","CLIENT01","Special privileges assigned to new logon.","Subject: Account Name: NETWORK SERVICE; Privileges: SeTcbPrivilege SeBackupPrivilege SeDebugPrivilege"
"2021-04-16T15:39:36.820Z",11,"Sysmon","CLIENT04","File created:","Image: C:\Windows\System32\spoolsv.exe; TargetFilename: C:\Users\SYSTEM\Documents\file_69.tmp; ProcessId: 6241"
"2021-05-10T10:18:58.162Z",10,"Sysmon","TEST-01","Sysmon event 10",""
"2021-10-16T18:55:36.159Z",1100,"Security-Auditing","TEST-01","Security event 1100 occurred.","Details: Event ID 1100 logged for ABYAH\svc_backup"
"2021-02-19T10:55:00.119Z",4776,"Security-Auditing","TEST-01","The credential validation occurred.","Package: Authentication Package: MICROSOFT_AUTHENTICATION_PACKAGE_V1_0; Account: Account Name: jane.doe; Computer: Computer Name: TEST-01"
"2021-11-12T08:05:37.618Z",6006,"System","EXCH01","The Event log service was stopped.",""
"2021-10-20T07:27:48.431Z",4672,"Security-Auditing","TEST-01","Special privileges assigned to new logon.","Subject: Account Name: NETWORK SERVICE; Privileges: SeTcbPrivilege SeBackupPrivilege SeDebugPrivilege"
"2021-07-06T13:45:16.304Z",6006,"System","HR-DESK-01","The Event log service was stopped.",""
"2021-12-25T17:37:36.336Z",1100,"Security-Auditing","IT-DESK-01","Security event 1100 occurred.","Details: Event ID 1100 logged for LOCAL SERVICE"
"2021-03-28T12:08:47.226Z",4624,"Security-Auditing","DEV-01","An account was successfully logged on.","Subject: Security ID: S-1-5-18; Subject: Account Name: DEV-01$; Subject: Account Domain: ABYAH; Logon: Logon Type: 11; New Logon: Account Name: abyah; New Logon: Authentication Package: NTLM; Network: Source Address: 10.0.0.25"
"2021-05-10T17:59:28.993Z",4672,"Security-Auditing","SQL01","Special privileges assigned to new logon.","Subject: Account Name: User2; Privileges: SeTcbPrivilege SeBackupPrivilege SeDebugPrivilege"
"2021-10-22T07:54:09.437Z",11,"Sysmon","HR-DESK-01","File created:","Image: C:\Program Files\Microsoft Office\root\Office16\EXCEL.EXE; TargetFilename: C:\Users\ABYAH\svc_backup\Documents\file_95.tmp; ProcessId: 8697"
"2021-10-05T11:43:09.899Z",4624,"Security-Auditing","DC01","An account was successfully logged on.","Subject: Security ID: S-1-5-18; Subject: Account Name: DC01$; Subject: Account Domain: ABYAH; Logon: Logon Type: 8; New Logon: Account Name: lnguyen; New Logon: Authentication Package: NTLM; Network: Source Address: 192.168.1.105"
