 {
  "@timestamp": "2021-01-06T11:24:50.160Z",
  "event_id": 6005,
  "provider": "System",
  "source": "System",
  "computer_name": "CLIENT02",
  "message": "The Event log service was started."
 },
 {
  "@timestamp": "2021-11-13T15:29:22.251Z",
  "event_id": 4634,
  "provider": "Security-Auditing",
  "source": "Security-Auditing",
  "computer_name": "HR-DESK-02",
  "message": "An account was logged off.",
  "target_account_name": "abyah"
 },
 {
  "@timestamp": "2021-08-19T22:47:44.579Z",
  "event_id": 4624,
  "provider": "Security-Auditing",
  "source": "Security-Auditing",
  "computer_name": "APP01",
  "message": "An account was successfully logged on.",
  "subject_security_id": "S-1-5-18",
  "subject_account_name": "APP01$",
  "subject_account_domain": "ABYAH",
  "logon_logon_type": "2",
  "new_logon_account_name": "svc_backup",
  "new_logon_authentication_package": "Kerberos",
  "network_source_address": "192.168.1.50"
 },
 {
  "@timestamp": "2021-03-23T14:10:36.837Z",
  "event_id": 6006,
  "provider": "System",
  "source": "System",
  "computer_name": "CLIENT03",
  "message": "The Event log service was stopped."
 },
 {
  "@timestamp": "2021-11-04T15:58:46.516Z",
  "event_id": 1,
  "provider": "Microsoft-Windows-Sysmon",
  "source": "Sysmon",
  "computer_name": "TEST-01",
  "message": "Process Create:",
  "image": "C:\\Program Files\\Microsoft Office\\root\\Office16\\WINWORD.EXE",
  "commandline": "\"C:\\Program Files\\Microsoft Office\\root\\Office16\\WINWORD.EXE\" --flag-8567 --config-7",
  "user": "ABYAH\\jane.doe",
  "processid": 3219
 },
 {
  "@timestamp": "2021-05-08T02:25:40.337Z",
  "event_id": 3,
  "provider": "Microsoft-Windows-Sysmon",
  "source": "Sysmon",
  "computer_name": "CLIENT05",
  "message": "Network connection detected:",
  "image": "C:\\Windows\\System32\\svchost.exe",
  "user": "ABYAH\\asmith",
  "destinationip": "13.107.42.14",
  "destinationport": "80",
  "protocol": "tcp"
 },
 {
  "@timestamp": "2021-03-11T13:03:52.389Z",
  "event_id": 6005,
  "provider": "System",
  "source": "System",
  "computer_name": "DEV-01",
  "message": "The Event log service was started."
 },
 {
  "@timestamp": "2021-11-07T13:39:01.500Z",
  "event_id": 1100,
  "provider": "Security-Auditing",
  "source": "Security-Auditing",
  "computer_name": "DC02",
  "message": "Security event 1100 occurred.",
  "details": "Event ID 1100 logged for ABYAH\\jane.doe"
 },
 {
  "@timestamp": "2021-07-03T07:16:01.818Z",
  "event_id": 1,
  "provider": "Microsoft-Windows-Sysmon",
  "source": "Sysmon",
  "computer_name": "FILE01",
  "message": "Process Create:",
  "image": "C:\\Windows\\explorer.exe",
  "commandline": "\"C:\\Windows\\explorer.exe\" --flag-8721 --config-4",
  "user": "NETWORK SERVICE",
  "processid": 2533
 },
 {
  "@timestamp": "2021-07-13T10:18:41.104Z",
  "event_id": 3,
  "provider": "Microsoft-Windows-Sysmon",
  "source": "Sysmon",
  "computer_name": "IT-DESK-01",
  "message": "Network connection detected:",
  "image": "C:\\Program Files\\WindowsApps\\...\\RuntimeBroker.exe",
  "user": "ABYAH\\admin",
  "destinationip": "10.0.0.1",
  "destinationport": "443",
  "protocol": "tcp"
 },
 {
  "@timestamp": "2021-10-09T07:21:14.818Z",
  "event_id": 3,
  "provider": "Microsoft-Windows-Sysmon",
  "source": "Sysmon",
  "computer_name": "HR-DESK-02",
  "message": "Network connection detected:",
  "image": "C:\\Program Files\\Google\\Chrome\\chrome.exe",
  "user": "ABYAH\\jdoe",
  "destinationip": "1.1.1.1",
  "destinationport": "3389",
  "protocol": "tcp"
 },
 {
  "@timestamp": "2021-02-08T16:02:21.563Z",
  "event_id": 8,
  "provider": "Microsoft-Windows-Sysmon",
  "source": "Sysmon",
  "computer_name": "TEST-01",
  "message": "Sysmon event 8"
 },
 {
  "@timestamp": "2021-09-25T20:35:24.403Z",
  "event_id": 4634,
  "provider": "Security-Auditing",
  "source": "Security-Auditing",
  "computer_name": "IT-DESK-01",
  "message": "An account was logged off.",
  "target_account_name": "mperez"
 },
 {
  "@timestamp": "2021-06-04T00:28:00.852Z",
  "event_id": 6006,
  "provider": "System",
  "source": "System",
  "computer_name": "WEB01",
  "message": "The Event log service was stopped."
 },
 {
  "@timestamp": "2021-03-20T11:02:35.508Z",
  "event_id": 6006,
  "provider": "System",
  "source": "System",
  "computer_name": "CLIENT05",
  "message": "The Event log service was stopped."
 },
 {
  "@timestamp": "2021-04-11T21:37:37.957Z",
  "event_id": 6005,
  "provider": "System",
  "source": "System",
  "computer_name": "APP01",
  "message": "The Event log service was started."
 },
 {
  "@timestamp": "2021-06-18T12:38:09.995Z",
  "event_id": 11,
  "provider": "Microsoft-Windows-Sysmon",
  "source": "Sysmon",
  "computer_name": "FILE01",
  "message": "File created:",
  "image": "C:\\Windows\\System32\\spoolsv.exe",
  "targetfilename": "C:\\Users\\ABYAH\\svc_sql\\Documents\\file_52.tmp",
  "processid": 5038
 },
 {
  "@timestamp": "2021-06-22T11:04:23.189Z",
  "event_id": 4624,
  "provider": "Security-Auditing",
  "source": "Security-Auditing",
  "computer_name": "FILE01",
  "message": "An account was successfully logged on.",
  "subject_security_id": "S-1-5-18",
  "subject_account_name": "FILE01$",
  "subject_account_domain": "ABYAH",
  "logon_logon_type": "11",
  "new_logon_account_name": "NETWORK SERVICE",
  "new_logon_authentication_package": "NTLM",
  "network_source_address": "10.0.0.5"
 },
 {
  "@timestamp": "2021-08-17T08:37:21.323Z",
  "event_id": 8,
  "provider": "Microsoft-Windows-Sysmon",
  "source": "Sysmon",
  "computer_name": "EXCH01",
  "message": "Sysmon event 8"
 },
 {
  "@timestamp": "2021-05-26T10:33:41.120Z",
  "event_id": 4672,
  "provider": "Security-Auditing",
  "source": "Security-Auditing",
  "computer_name": "CLIENT02",
  "message": "Special privileges assigned to new logon.",
  "subject_account_name": "svc_backup",
  "privileges": "SeTcbPrivilege SeBackupPrivilege SeDebugPrivilege"
 },
 {
  "@timestamp": "2021-04-09T13:48:05.506Z",
  "event_id": 10,
  "provider": "Microsoft-Windows-Sysmon",
  "source": "Sysmon",
  "computer_name": "WEB01",
  "message": "Sysmon event 10"
 },
 {
  "@timestamp": "2021-12-26T13:49:21.354Z",
  "event_id": 6013,
  "provider": "System",
  "source": "System",
  "computer_name": "APP01",
  "message": "The system uptime is 2636184 seconds."
 },
 {
  "@timestamp": "2021-02-01T03:17:33.807Z",
  "event_id": 3,
  "provider": "Microsoft-Windows-Sysmon",
  "source": "Sysmon",
  "computer_name": "DEV-02",
  "message": "Network connection detected:",
  "image": "C:\\Windows\\System32\\lsass.exe",
  "user": "NETWORK SERVICE",
  "destinationip": "8.8.8.8",
  "destinationport": "443",
  "protocol": "tcp"
 },
 {
  "@timestamp": "2021-09-09T01:49:53.668Z",
  "event_id": 1100,
  "provider": "Security-Auditing",
  "source": "Security-Auditing",
  "computer_name": "TEST-01",
  "message": "Security event 1100 occurred.",
  "details": "Event ID 1100 logged for LOCAL SERVICE"
 },
 {
  "@timestamp": "2021-09-22T20:46:52.850Z",
  "event_id": 11,
  "provider": "Microsoft-Windows-Sysmon",
  "source": "Sysmon",
  "computer_name": "CLIENT03",
  "message": "File created:",
  "image": "C:\\Program Files\\Microsoft Office\\root\\Office16\\WINWORD.EXE",
  "targetfilename": "C:\\Users\\ABYAH\\svc_backup\\Documents\\file_16.tmp",
  "processid": 3224
 },
 {
  "@timestamp": "2021-01-24T00:33:54.118Z",
  "event_id": 10,
  "provider": "Microsoft-Windows-Sysmon",
  "source": "Sysmon",
  "computer_name": "CLIENT01",
  "message": "Sysmon event 10"
 },
 {
  "@timestamp": "2021-06-28T20:58:32.142Z",
  "event_id": 1102,
  "provider": "Security-Auditing",
  "source": "Security-Auditing",
  "computer_name": "DC01",
  "message": "Security event 1102 occurred.",
  "details": "Event ID 1102 logged for WORKGROUP\\User1"
 },
 {
  "@timestamp": "2021-05-23T00:21:02.666Z",
  "event_id": 6005,
  "provider": "System",
  "source": "System",
  "computer_name": "EXCH01",
  "message": "The Event log service was started."
 },
 {
  "@timestamp": "2021-06-21T16:46:52.773Z",
  "event_id": 1,
  "provider": "Microsoft-Windows-Sysmon",
  "source": "Sysmon",
  "computer_name": "CLIENT01",
  "message": "Process Create:",
  "image": "C:\\Windows\\explorer.exe",
  "commandline": "\"C:\\Windows\\explorer.exe\" --flag-8079 --config-1",
  "user": "ABYAH\\admin",
  "processid": 4020
 },
 {
  "@timestamp": "2021-12-14T18:19:26.122Z",
  "event_id": 15,
  "provider": "Microsoft-Windows-Sysmon",
  "source": "Sysmon",
  "computer_name": "HR-DESK-02",
  "message": "FileCreateStreamHash:",
  "image": "C:\\Program Files\\Microsoft Edge\\msedge.exe",
  "targetfilename": "C:\\Users\\ABYAH\\jdoe\\Downloads\\setup_3.exe:Zone.Identifier"
 },
 {
  "@timestamp": "2021-07-25T08:09:32.217Z",
  "event_id": 1,
  "provider": "Microsoft-Windows-Sysmon",
  "source": "Sysmon",
  "computer_name": "IT-DESK-01",
  "message": "Process Create:",
  "image": "C:\\Program Files\\Microsoft Office\\root\\Office16\\EXCEL.EXE",
  "commandline": "\"C:\\Program Files\\Microsoft Office\\root\\Office16\\EXCEL.EXE\" --flag-3441 --config-6",
  "user": "ABYAH\\svc_sql",
  "processid": 9580
 },
 {
  "@timestamp": "2021-10-17T17:50:53.369Z",
  "event_id": 8,
  "provider": "Microsoft-Windows-Sysmon",
  "source": "Sysmon",
  "computer_name": "CLIENT02",
  "message": "Sysmon event 8"
 },
 {
  "@timestamp": "2021-07-01T18:09:00.350Z",
  "event_id": 6006,
  "provider": "System",
  "source": "System",
  "computer_name": "FILE01",
  "message": "The Event log service was stopped."
 },
 {
  "@timestamp": "2021-11-12T15:45:57.992Z",
  "event_id": 6005,
  "provider": "System",
  "source": "System",
  "computer_name": "HR-DESK-02",
  "message": "The Event log service was started."
 },
 {
  "@timestamp": "2021-09-21T03:13:01.392Z",
  "event_id": 6013,
  "provider": "System",
  "source": "System",
  "computer_name": "DEV-01",
  "message": "The system uptime is 9741857 seconds."
 },
 {
  "@timestamp": "2021-10-22T12:18:41.202Z",
  "event_id": 15,
  "provider": "Microsoft-Windows-Sysmon",
  "source": "Sysmon",
  "computer_name": "DEV-02",
  "message": "FileCreateStreamHash:",
  "image": "C:\\Program Files\\Microsoft Office\\root\\Office16\\EXCEL.EXE",
  "targetfilename": "C:\\Users\\ABYAH\\mperez\\Downloads\\setup_7.exe:Zone.Identifier"
 },
 {
  "@timestamp": "2021-12-23T18:56:20.294Z",
  "event_id": 4624,
  "provider": "Security-Auditing",
  "source": "Security-Auditing",
  "computer_name": "APP01",
  "message": "An account was successfully logged on.",
  "subject_security_id": "S-1-5-18",
  "subject_account_name": "APP01$",
  "subject_account_domain": "ABYAH",
  "logon_logon_type": "8",
  "new_logon_account_name": "jane.doe",
  "new_logon_authentication_package": "Negotiate",
  "network_source_address": "10.0.0.5"
 },
 {
  "@timestamp": "2021-08-13T08:06:58.290Z",
  "event_id": 1,
  "provider": "Microsoft-Windows-Sysmon",
  "source": "Sysmon",
  "computer_name": "TEST-01",
  "message": "Process Create:",
  "image": "C:\\Program Files\\Google\\Chrome\\chrome.exe",
  "commandline": "\"C:\\Program Files\\Google\\Chrome\\chrome.exe\" --flag-7770 --config-2",
  "user": "ABYAH\\klee",
  "processid": 4564
 },
 {
  "@timestamp": "2021-06-18T12:07:32.863Z",
  "event_id": 10,
  "provider": "Microsoft-Windows-Sysmon",
  "source": "Sysmon",
  "computer_name": "CLIENT02",
  "message": "Sysmon event 10"
 },
 {
  "@timestamp": "2021-05-02T16:14:23.377Z",
  "event_id": 6006,
  "provider": "System",
  "source": "System",
  "computer_name": "CLIENT01",
  "message": "The Event log service was stopped."
 },
 {
  "@timestamp": "2021-06-19T17:59:32.227Z",
  "event_id": 7,
  "provider": "Microsoft-Windows-Sysmon",
  "source": "Sysmon",
  "computer_name": "DEV-02",
  "message": "Image loaded:",
  "image": "C:\\Windows\\System32\\lsass.exe",
  "imageloaded": "C:\\Windows\\System32\\ws2_32.dll",
  "processid": 3817
 },
 {
  "@timestamp": "2021-03-12T21:58:38.524Z",
  "event_id": 6013,
  "provider": "System",
  "source": "System",
  "computer_name": "EXCH01",
  "message": "The system uptime is 2483566 seconds."
 },
 {
  "@timestamp": "2021-09-08T02:51:11.581Z",
  "event_id": 8,
  "provider": "Microsoft-Windows-Sysmon",
  "source": "Sysmon",
  "computer_name": "HR-DESK-02",
  "message": "Sysmon event 8"
 },
 {
  "@timestamp": "2021-10-24T19:45:48.452Z",
  "event_id": 6005,
  "provider": "System",
  "source": "System",
  "computer_name": "EXCH01",
  "message": "The Event log service was started."
 },
 {
  "@timestamp": "2021-03-17T00:05:55.565Z",
  "event_id": 11,
  "provider": "Microsoft-Windows-Sysmon",
  "source": "Sysmon",
  "computer_name": "FILE01",
  "message": "File created:",
  "image": "C:\\Windows\\System32\\winlogon.exe",
  "targetfilename": "C:\\Users\\NETWORK SERVICE\\Documents\\file_64.tmp",
  "processid": 2321
 },
 {
  "@timestamp": "2021-06-28T00:08:47.495Z",
  "event_id": 1,
  "provider": "Microsoft-Windows-Sysmon",
  "source": "Sysmon",
  "computer_name": "CLIENT03",
  "message": "Process Create:",
  "image": "C:\\Program Files\\Google\\Chrome\\chrome.exe",
  "commandline": "\"C:\\Program Files\\Google\\Chrome\\chrome.exe\" --flag-5690 --config-5",
  "user": "WORKGROUP\\User1",
  "processid": 8451
 },
 {
  "@timestamp": "2021-11-10T22:15:39.174Z",
  "event_id": 6006,
  "provider": "System",
  "source": "System",
  "computer_name": "WEB01",
  "message": "The Event log service was stopped."
 },
 {
  "@timestamp": "2021-09-14T21:47:27.579Z",
  "event_id": 4776,
  "provider": "Security-Auditing",
  "source": "Security-Auditing",
  "computer_name": "WEB01",
  "message": "The credential validation occurred.",
  "package_authentication_package": "MICROSOFT_AUTHENTICATION_PACKAGE_V1_0",
  "account_account_name": "bwilson",
  "computer_computer_name": "WEB01"
 },
 {
  "@timestamp": "2021-12-09T15:30:41.749Z",
  "event_id": 11,
  "provider": "Microsoft-Windows-Sysmon",
  "source": "Sysmon",
  "computer_name": "DEV-01",
  "message": "File created:",
  "image": "C:\\Program Files\\WindowsApps\\...\\RuntimeBroker.exe",
  "targetfilename": "C:\\Users\\ABYAH\\svc_sql\\Documents\\file_18.tmp",
  "processid": 1847
 },
 {
  "@timestamp": "2021-09-08T16:16:15.859Z",
  "event_id": 1,
  "provider": "Microsoft-Windows-Sysmon",
  "source": "Sysmon",
  "computer_name": "DC01",
  "message": "Process Create:",
  "image": "C:\\Windows\\System32\\svchost.exe",
  "commandline": "\"C:\\Windows\\System32\\svchost.exe\" --flag-8672 --config-9",
  "user": "ABYAH\\lnguyen",
  "processid": 3841
 },
 {
  "@timestamp": "2021-12-16T19:48:22.759Z",
  "event_id": 4634,
  "provider": "Security-Auditing",
  "source": "Security-Auditing",
  "computer_name": "DEV-01",
  "message": "An account was logged off.",
  "target_account_name": "john.smith"
 },
 {
  "@timestamp": "2021-04-19T07:39:08.237Z",
  "event_id": 6005,
  "provider": "System",
  "source": "System",
  "computer_name": "CLIENT04",
  "message": "The Event log service was started."
 },
 {
  "@timestamp": "2021-03-15T14:16:23.556Z",
  "event_id": 6006,
  "provider": "System",
  "source": "System",
  "computer_name": "IT-DESK-01",
  "message": "The Event log service was stopped."
 },
 {
  "@timestamp": "2021-06-06T02:06:59.388Z",
  "event_id": 1,
  "provider": "Microsoft-Windows-Sysmon",
  "source": "Sysmon",
  "computer_name": "DEV-02",
  "message": "Process Create:",
  "image": "C:\\Program Files\\Microsoft Edge\\msedge.exe",
  "commandline": "\"C:\\Program Files\\Microsoft Edge\\msedge.exe\" --flag-9623 --config-5",
  "user": "ABYAH\\jane.doe",
  "processid": 8077
 },
 {
  "@timestamp": "2021-10-27T12:45:49.647Z",
  "event_id": 3,
  "provider": "Microsoft-Windows-Sysmon",
  "source": "Sysmon",
  "computer_name": "CLIENT01",
  "message": "Network connection detected:",
  "image": "C:\\Program Files\\Microsoft Office\\root\\Office16\\WINWORD.EXE",
  "user": "ABYAH\\jane.doe",
  "destinationip": "142.250.80.46",
  "destinationport": "53",
  "protocol": "tcp"
 },
 {
  "@timestamp": "2021-12-21T22:56:37.890Z",
  "event_id": 4624,
  "provider": "Security-Auditing",
  "source": "Security-Auditing",
  "computer_name": "CLIENT04",
  "message": "An account was successfully logged on.",
  "subject_security_id": "S-1-5-18",
  "subject_account_name": "CLIENT04$",
  "subject_account_domain": "ABYAH",
  "logon_logon_type": "8",
  "new_logon_account_name": "lnguyen",
  "new_logon_authentication_package": "Kerberos",
  "network_source_address": "10.0.0.15"
 },
 {
  "@timestamp": "2021-01-13T18:44:46.949Z",
  "event_id": 15,
  "provider": "Microsoft-Windows-Sysmon",
  "source": "Sysmon",
  "computer_name": "DEV-01",
  "message": "FileCreateStreamHash:",
  "image": "C:\\Program Files\\Microsoft Office\\root\\Office16\\EXCEL.EXE",
  "targetfilename": "C:\\Users\\ABYAH\\svc_backup\\Downloads\\setup_4.exe:Zone.Identifier"
 },
 {
  "@timestamp": "2021-11-21T01:09:59.424Z",
  "event_id": 3,
  "provider": "Microsoft-Windows-Sysmon",
  "source": "Sysmon",
  "computer_name": "APP01",
  "message": "Network connection detected:",
  "image": "C:\\Windows\\explorer.exe",
  "user": "ABYAH\\mperez",
  "destinationip": "10.0.0.1",
  "destinationport": "3389",
  "protocol": "tcp"
 },
 {
  "@timestamp": "2021-07-24T14:41:28.637Z",
  "event_id": 6013,
  "provider": "System",
  "source": "System",
  "computer_name": "CLIENT03",
  "message": "The system uptime is 1245016 seconds."
 },
 {
  "@timestamp": "2021-12-03T07:55:36.433Z",
  "event_id": 1102,
  "provider": "Security-Auditing",
  "source": "Security-Auditing",
  "computer_name": "HR-DESK-02",
  "message": "Security event 1102 occurred.",
  "details": "Event ID 1102 logged for ABYAH\\svc_sql"
 },
 {
  "@timestamp": "2021-12-03T03:45:35.443Z",
  "event_id": 7,
  "provider": "Microsoft-Windows-Sysmon",
  "source": "Sysmon",
  "computer_name": "APP01",
  "message": "Image loaded:",
  "image": "C:\\Windows\\explorer.exe",
  "imageloaded": "C:\\Windows\\System32\\ole32.dll",
  "processid": 8179
 },
 {
  "@timestamp": "2021-08-07T15:31:36.532Z",
  "event_id": 6006,
  "provider": "System",
  "source": "System",
  "computer_name": "CLIENT02",
  "message": "The Event log service was stopped."
 },
 {
  "@timestamp": "2021-06-10T18:39:56.605Z",
  "event_id": 4776,
  "provider": "Security-Auditing",
  "source": "Security-Auditing",
  "computer_name": "HR-DESK-01",
  "message": "The credential validation occurred.",
  "package_authentication_package": "MICROSOFT_AUTHENTICATION_PACKAGE_V1_0",
  "account_account_name": "jane.doe",
  "computer_computer_name": "HR-DESK-01"
 },
 {
  "@timestamp": "2021-03-01T01:35:45.760Z",
  "event_id": 10,
  "provider": "Microsoft-Windows-Sysmon",
  "source": "Sysmon",
  "computer_name": "APP01",
  "message": "Sysmon event 10"
 },
 {
  "@timestamp": "2021-09-27T13:42:26.710Z",
  "event_id": 4624,
  "provider": "Security-Auditing",
  "source": "Security-Auditing",
  "computer_name": "FILE01",
  "message": "An account was successfully logged on.",
  "subject_security_id": "S-1-5-18",
  "subject_account_name": "FILE01$",
  "subject_account_domain": "ABYAH",
  "logon_logon_type": "2",
  "new_logon_account_name": "jdoe",
  "new_logon_authentication_package": "Kerberos",
  "network_source_address": "192.168.1.104"
 },
 {
  "@timestamp": "2021-10-11T03:16:55.696Z",
  "event_id": 4634,
  "provider": "Security-Auditing",
  "source": "Security-Auditing",
  "computer_name": "CLIENT04",
  "message": "An account was logged off.",
  "target_account_name": "ogarcia"
 },
 {
  "@timestamp": "2021-02-21T22:50:42.923Z",
  "event_id": 15,
  "provider": "Microsoft-Windows-Sysmon",
  "source": "Sysmon",
  "computer_name": "IT-DESK-01",
  "message": "FileCreateStreamHash:",
  "image": "C:\\Windows\\System32\\spoolsv.exe",
  "targetfilename": "C:\\Users\\ABYAH\\admin\\Downloads\\setup_1.exe:Zone.Identifier"
 },
 {
  "@timestamp": "2021-12-16T05:17:10.774Z",
  "event_id": 1,
  "provider": "Microsoft-Windows-Sysmon",
  "source": "Sysmon",
  "computer_name": "DEV-02",
  "message": "Process Create:",
  "image": "C:\\Program Files\\Microsoft Office\\root\\Office16\\EXCEL.EXE",
  "commandline": "\"C:\\Program Files\\Microsoft Office\\root\\Office16\\EXCEL.EXE\" --flag-3858 --config-8",
  "user": "ABYAH\\rbrown",
  "processid": 5800
 },
 {
  "@timestamp": "2021-12-22T04:39:19.935Z",
  "event_id": 11,
  "provider": "Microsoft-Windows-Sysmon",
  "source": "Sysmon",
  "computer_name": "CLIENT05",
  "message": "File created:",
  "image": "C:\\Program Files\\WindowsApps\\...\\RuntimeBroker.exe",
  "targetfilename": "C:\\Users\\ABYAH\\svc_sql\\Documents\\file_67.tmp",
  "processid": 4250
 },
 {
  "@timestamp": "2021-03-24T10:04:11.768Z",
  "event_id": 7,
  "provider": "Microsoft-Windows-Sysmon",
  "source": "Sysmon",
  "computer_name": "IT-DESK-01",
  "message": "Image loaded:",
  "image": "C:\\Windows\\System32\\lsass.exe",
  "imageloaded": "C:\\Windows\\System32\\ntdll.dll",
  "processid": 5194
 },
 {
  "@timestamp": "2021-08-12T21:28:43.595Z",
  "event_id": 4776,
  "provider": "Security-Auditing",
  "source": "Security-Auditing",
  "computer_name": "HR-DESK-02",
  "message": "The credential validation occurred.",
  "package_authentication_package": "MICROSOFT_AUTHENTICATION_PACKAGE_V1_0",
  "account_account_name": "ogarcia",
  "computer_computer_name": "HR-DESK-02"
 },
 {
  "@timestamp": "2021-06-18T15:20:03.311Z",
  "event_id": 4776,
  "provider": "Security-Auditing",
  "source": "Security-Auditing",
  "computer_name": "HR-DESK-01",
  "message": "The credential validation occurred.",
  "package_authentication_package": "MICROSOFT_AUTHENTICATION_PACKAGE_V1_0",
  "account_account_name": "klee",
  "computer_computer_name": "HR-DESK-01"
 },
 {
  "@timestamp": "2021-05-01T15:58:30.176Z",
  "event_id": 1,
  "provider": "Microsoft-Windows-Sysmon",
  "source": "Sysmon",
  "computer_name": "SQL01",
  "message": "Process Create:",
  "image": "C:\\Windows\\System32\\spoolsv.exe",
  "commandline": "\"C:\\Windows\\System32\\spoolsv.exe\" --flag-3987 --config-9",
  "user": "ABYAH\\svc_backup",
  "processid": 1488
 },
 {
  "@timestamp": "2021-08-27T08:25:25.824Z",
  "event_id": 8,
  "provider": "Microsoft-Windows-Sysmon",
  "source": "Sysmon",
  "computer_name": "DC02",
  "message": "Sysmon event 8"
 },
 {
  "@timestamp": "2021-12-03T14:07:48.274Z",
  "event_id": 10,
  "provider": "Microsoft-Windows-Sysmon",
  "source": "Sysmon",
  "computer_name": "APP01",
  "message": "Sysmon event 10"
 },
 {
  "@timestamp": "2021-09-22T07:50:47.151Z",
  "event_id": 4776,
  "provider": "Security-Auditing",
  "source": "Security-Auditing",
  "computer_name": "HR-DESK-02",
  "message": "The credential validation occurred.",
  "package_authentication_package": "MICROSOFT_AUTHENTICATION_PACKAGE_V1_0",
  "account_account_name": "rbrown",
  "computer_computer_name": "HR-DESK-02"
 },
 {
  "@timestamp": "2021-12-05T11:20:34.556Z",
  "event_id": 6006,
  "provider": "System",
  "source": "System",
  "computer_name": "CLIENT05",
  "message": "The Event log service was stopped."
 },
 {
  "@timestamp": "2021-08-18T02:47:03.777Z",
  "event_id": 8,
  "provider": "Microsoft-Windows-Sysmon",
  "source": "Sysmon",
  "computer_name": "DC01",
  "message": "Sysmon event 8"
 },
 {
  "@timestamp": "2021-08-27T12:17:46.525Z",
  "event_id": 1102,
  "provider": "Security-Auditing",
  "source": "Security-Auditing",
  "computer_name": "CLIENT03",
  "message": "Security event 1102 occurred.",
  "details": "Event ID 1102 logged for ABYAH\\mperez"
 },
 {
  "@timestamp": "2021-10-23T20:50:38.309Z",
  "event_id": 1,
  "provider": "Microsoft-Windows-Sysmon",
  "source": "Sysmon",
  "computer_name": "CLIENT02",
  "message": "Process Create:",
  "image": "C:\\Program Files\\WindowsApps\\...\\RuntimeBroker.exe",
  "commandline": "\"C:\\Program Files\\WindowsApps\\...\\RuntimeBroker.exe\" --flag-7633 --config-4",
  "user": "LOCAL SERVICE",
  "processid": 2758
 },
 {
  "@timestamp": "2021-12-10T08:14:37.988Z",
  "event_id": 8,
  "provider": "Microsoft-Windows-Sysmon",
  "source": "Sysmon",
  "computer_name": "HR-DESK-01",
  "message": "Sysmon event 8"
 },
 {
  "@timestamp": "2021-07-13T06:01:03.767Z",
  "event_id": 10,
  "provider": "Microsoft-Windows-Sysmon",
  "source": "Sysmon",
  "computer_name": "CLIENT04",
  "message": "Sysmon event 10"
 },
 {
  "@timestamp": "2021-06-22T02:24:16.157Z",
  "event_id": 6013,
  "provider": "System",
  "source": "System",
  "computer_name": "DC02",
  "message": "The system uptime is 7571450 seconds."
 },
 {
  "@timestamp": "2021-02-07T23:41:23.883Z",
  "event_id": 4624,
  "provider": "Security-Auditing",
  "source": "Security-Auditing",
  "computer_name": "WEB01",
  "message": "An account was successfully logged on.",
  "subject_security_id": "S-1-5-18",
  "subject_account_name": "WEB01$",
  "subject_account_domain": "ABYAH",
  "logon_logon_type": "8",
  "new_logon_account_name": "lnguyen",
  "new_logon_authentication_package": "NTLM",
  "network_source_address": "10.0.0.25"
 },
 {
  "@timestamp": "2021-06-06T15:59:40.267Z",
  "event_id": 11,
  "provider": "Microsoft-Windows-Sysmon",
  "source": "Sysmon",
  "computer_name": "HR-DESK-02",
  "message": "File created:",
  "image": "C:\\Program Files\\Microsoft Office\\root\\Office16\\WINWORD.EXE",
  "targetfilename": "C:\\Users\\WORKGROUP\\User2\\Documents\\file_98.tmp",
  "processid": 6192
 },
 {
  "@timestamp": "2021-08-23T01:21:23.405Z",
  "event_id": 1102,
  "provider": "Security-Auditing",
  "source": "Security-Auditing",
  "computer_name": "IT-DESK-01",
  "message": "Security event 1102 occurred.",
  "details": "Event ID 1102 logged for ABYAH\\admin"
 },
 {
  "@timestamp": "2021-12-19T19:24:38.883Z",
  "event_id": 4624,
  "provider": "Security-Auditing",
  "source": "Security-Auditing",
  "computer_name": "FILE01",
  "message": "An account was successfully logged on.",
  "subject_security_id": "S-1-5-18",
  "subject_account_name": "FILE01$",
  "subject_account_domain": "ABYAH",
  "logon_logon_type": "2",
  "new_logon_account_name": "svc_monitor",
  "new_logon_authentication_package": "Kerberos",
  "network_source_address": "192.168.1.30"
 },
 {
  "@timestamp": "2021-01-22T04:36:15.322Z",
  "event_id": 1102,
  "provider": "Security-Auditing",
  "source": "Security-Auditing",
  "computer_name": "DC01",
  "message": "Security event 1102 occurred.",
  "details": "Event ID 1102 logged for ABYAH\\bwilson"
 },
 {
  "@timestamp": "2021-09-19T06:30:52.368Z",
  "event_id": 15,
  "provider": "Microsoft-Windows-Sysmon",
  "source": "Sysmon",
  "computer_name": "HR-DESK-01",
  "message": "FileCreateStreamHash:",
  "image": "C:\\Program Files\\Microsoft Office\\root\\Office16\\WINWORD.EXE",
  "targetfilename": "C:\\Users\\ABYAH\\asmith\\Downloads\\setup_7.exe:Zone.Identifier"
 },
 {
  "@timestamp": "2021-09-10T02:23:31.593Z",
  "event_id": 4634,
  "provider": "Security-Auditing",
  "source": "Security-Auditing",
  "computer_name": "TEST-01",
  "message": "An account was logged off.",
  "target_account_name": "mperez"
 },
 {
  "@timestamp": "2021-05-06T22:40:41.483Z",
  "event_id": 4672,
  "provider": "Security-Auditing",
  "source": "Security-Auditing",
  "computer_name": "DEV-02",
  "message": "Special privileges assigned to new logon.",
  "subject_account_name": "User2",
  "privileges": "SeTcbPrivilege SeBackupPrivilege SeDebugPrivilege"
 },
 {
  "@timestamp": "2021-07-22T11:21:35.714Z",
  "event_id": 6006,
  "provider": "System",
  "source": "System",
  "computer_name": "DEV-01",
  "message": "The Event log service was stopped."
 },
 {
  "@timestamp": "2021-12-18T10:35:31.784Z",
  "event_id": 4776,
  "provider": "Security-Auditing",
  "source": "Security-Auditing",
  "computer_name": "APP01",
  "message": "The credential validation occurred.",
  "package_authentication_package": "MICROSOFT_AUTHENTICATION_PACKAGE_V1_0",
  "account_account_name": "rbrown",
  "computer_computer_name": "APP01"
 },
 {
  "@timestamp": "2021-03-18T22:11:38.328Z",
  "event_id": 6013,
  "provider": "System",
  "source": "System",
  "computer_name": "APP01",
  "message": "The system uptime is 4051663 seconds."
 },
 {
  "@timestamp": "2021-10-16T03:23:46.298Z",
  "event_id": 4672,
  "provider": "Security-Auditing",
  "source": "Security-Auditing",
  "computer_name": "DEV-02",
  "message": "Special privileges assigned to new logon.",
  "subject_account_name": "john.smith",
  "privileges": "SeTcbPrivilege SeBackupPrivilege SeDebugPrivilege"
 },
 {
  "@timestamp": "2021-07-17T21:19:54.855Z",
  "event_id": 6013,
  "provider": "System",
  "source": "System",
  "computer_name": "FILE01",
  "message": "The system uptime is 8469093 seconds."
 },
 {
  "@timestamp": "2021-08-22T04:57:33.351Z",
  "event_id": 6005,
  "provider": "System",
  "source": "System",
  "computer_name": "DC02",
  "message": "The Event log service was started."
 },
 {
  "@timestamp": "2021-12-22T01:33:34.150Z",
  "event_id": 4624,
  "provider": "Security-Auditing",
  "source": "Security-Auditing",
  "computer_name": "CLIENT05",
  "message": "An account was successfully logged on.",
  "subject_security_id": "S-1-5-18",
  "subject_account_name": "CLIENT05$",
  "subject_account_domain": "ABYAH",
  "logon_logon_type": "11",
  "new_logon_account_name": "jdoe",
  "new_logon_authentication_package": "Kerberos",
  "network_source_address": "172.16.0.1"
 },
 {
  "@timestamp": "2021-09-04T20:00:20.642Z",
  "event_id": 6005,
  "provider": "System",
  "source": "System",
  "computer_name": "CLIENT04",
  "message": "The Event log service was started."
 },
 {
  "@timestamp": "2021-11-27T13:31:38.603Z",
  "event_id": 4624,
  "provider": "Security-Auditing",
  "source": "Security-Auditing",
  "computer_name": "TEST-01",
  "message": "An account was successfully logged on.",
  "subject_security_id": "S-1-5-18",
  "subject_account_name": "TEST-01$",
  "subject_account_domain": "ABYAH",
  "logon_logon_type": "10",
  "new_logon_account_name": "john.smith",
  "new_logon_authentication_package": "Kerberos",
  "network_source_address": "192.168.50.1"
 },
 {
  "@timestamp": "2021-09-26T23:35:27.485Z",
  "event_id": 4634,
  "provider": "Security-Auditing",
  "source": "Security-Auditing",
  "computer_name": "IT-DESK-01",
  "message": "An account was logged off.",
  "target_account_name": "User1"
 },
 {
  "@timestamp": "2021-04-08T07:19:52.554Z",
  "event_id": 6013,
  "provider": "System",
  "source": "System",
  "computer_name": "CLIENT04",
  "message": "The system uptime is 7527035 seconds."
 },
 {
  "@timestamp": "2021-10-28T04:09:50.986Z",
  "event_id": 6013,
  "provider": "System",
  "source": "System",
  "computer_name": "DEV-01",
  "message": "The system uptime is 7320984 seconds."
 },
 {
  "@timestamp": "2021-06-01T05:13:31.397Z",
  "event_id": 3,
  "provider": "Microsoft-Windows-Sysmon",
  "source": "Sysmon",
  "computer_name": "SQL01",
  "message": "Network connection detected:",
  "image": "C:\\Program Files\\Microsoft Edge\\msedge.exe",
  "user": "WORKGROUP\\User2",
  "destinationip": "1.1.1.1",
  "destinationport": "3389",
  "protocol": "tcp"
 },
 {
  "@timestamp": "2021-02-20T09:00:20.748Z",
  "event_id": 6006,
  "provider": "System",
  "source": "System",
  "computer_name": "FILE01",
  "message": "The Event log service was stopped."
 },
 {
  "@timestamp": "2021-10-16T20:36:27.267Z",
  "event_id": 1100,
  "provider": "Security-Auditing",
  "source": "Security-Auditing",
  "computer_name": "DC01",
  "message": "Security event 1100 occurred.",
  "details": "Event ID 1100 logged for ABYAH\\asmith"
 },
 {
  "@timestamp": "2021-08-08T13:24:01.685Z",
  "event_id": 6005,
  "provider": "System",
  "source": "System",
  "computer_name": "DEV-01",
  "message": "The Event log service was started."
 },
 {
  "@timestamp": "2021-02-15T09:31:46.337Z",
  "event_id": 6006,
  "provider": "System",
  "source": "System",
  "computer_name": "TEST-01",
  "message": "The Event log service was stopped."
 },
 {
  "@timestamp": "2021-11-17T16:22:33.561Z",
  "event_id": 6006,
  "provider": "System",
  "source": "System",
  "computer_name": "IT-DESK-01",
  "message": "The Event log service was stopped."
 },
 {
  "@timestamp": "2021-02-08T03:51:40.726Z",
  "event_id": 10,
  "provider": "Microsoft-Windows-Sysmon",
  "source": "Sysmon",
  "computer_name": "IT-DESK-01",
  "message": "Sysmon event 10"
 },
 {
  "@timestamp": "2021-02-14T07:54:36.427Z",
  "event_id": 6005,
  "provider": "System",
  "source": "System",
  "computer_name": "HR-DESK-01",
  "message": "The Event log service was started."
 },
 {
  "@timestamp": "2021-08-09T07:28:40.261Z",
  "event_id": 1100,
  "provider": "Security-Auditing",
  "source": "Security-Auditing",
  "computer_name": "DEV-01",
  "message": "Security event 1100 occurred.",
  "details": "Event ID 1100 logged for ABYAH\\klee"
 },
 {
  "@timestamp": "2021-08-15T11:24:57.934Z",
  "event_id": 4776,
  "provider": "Security-Auditing",
  "source": "Security-Auditing",
  "computer_name": "DEV-02",
  "message": "The credential validation occurred.",
  "package_authentication_package": "MICROSOFT_AUTHENTICATION_PACKAGE_V1_0",
  "account_account_name": "jane.doe",
  "computer_computer_name": "DEV-02"
 },
 {
  "@timestamp": "2021-08-11T11:31:37.991Z",
  "event_id": 4634,
  "provider": "Security-Auditing",
  "source": "Security-Auditing",
  "computer_name": "DEV-02",
  "message": "An account was logged off.",
  "target_account_name": "john.smith"
 },
 {
  "@timestamp": "2021-11-25T00:58:03.431Z",
  "event_id": 15,
  "provider": "Microsoft-Windows-Sysmon",
  "source": "Sysmon",
  "computer_name": "DC02",
  "message": "FileCreateStreamHash:",
  "image": "C:\\Program Files\\Google\\Chrome\\chrome.exe",
  "targetfilename": "C:\\Users\\ABYAH\\bwilson\\Downloads\\setup_1.exe:Zone.Identifier"
 },
 {
  "@timestamp": "2021-07-11T17:23:18.133Z",
  "event_id": 6006,
  "provider": "System",
  "source": "System",
  "computer_name": "CLIENT01",
  "message": "The Event log service was stopped."
 },
 {
  "@timestamp": "2021-05-06T09:26:08.980Z",
  "event_id": 4634,
  "provider": "Security-Auditing",
  "source": "Security-Auditing",
  "computer_name": "CLIENT02",
  "message": "An account was logged off.",
  "target_account_name": "User1"
 },
 {
  "@timestamp": "2021-10-08T07:56:58.156Z",
  "event_id": 15,
  "provider": "Microsoft-Windows-Sysmon",
  "source": "Sysmon",
  "computer_name": "EXCH01",
  "message": "FileCreateStreamHash:",
  "image": "C:\\Program Files\\Microsoft Edge\\msedge.exe",
  "targetfilename": "C:\\Users\\ABYAH\\asmith\\Downloads\\setup_7.exe:Zone.Identifier"
 },
 {
  "@timestamp": "2021-10-16T10:59:58.940Z",
  "event_id": 4776,
  "provider": "Security-Auditing",
  "source": "Security-Auditing",
  "computer_name": "CLIENT05",
  "message": "The credential validation occurred.",
  "package_authentication_package": "MICROSOFT_AUTHENTICATION_PACKAGE_V1_0",
  "account_account_name": "rbrown",
  "computer_computer_name": "CLIENT05"
 },
 {
  "@timestamp": "2021-03-17T05:46:45.222Z",
  "event_id": 1102,
  "provider": "Security-Auditing",
  "source": "Security-Auditing",
  "computer_name": "HR-DESK-01",
  "message": "Security event 1102 occurred.",
  "details": "Event ID 1102 logged for SYSTEM"
 },
 {
  "@timestamp": "2021-08-25T20:20:40.581Z",
  "event_id": 4624,
  "provider": "Security-Auditing",
  "source": "Security-Auditing",
  "computer_name": "TEST-01",
  "message": "An account was successfully logged on.",
  "subject_security_id": "S-1-5-18",
  "subject_account_name": "TEST-01$",
  "subject_account_domain": "ABYAH",
  "logon_logon_type": "8",
  "new_logon_account_name": "jane.doe",
  "new_logon_authentication_package": "NTLM",
  "network_source_address": "10.0.0.20"
 },
 {
  "@timestamp": "2021-10-16T14:14:37.756Z",
  "event_id": 3,
  "provider": "Microsoft-Windows-Sysmon",
  "source": "Sysmon",
  "computer_name": "DC02",
  "message": "Network connection detected:",
  "image": "C:\\Program Files\\WindowsApps\\...\\RuntimeBroker.exe",
  "user": "ABYAH\\mperez",
  "destinationip": "13.107.42.14",
  "destinationport": "443",
  "protocol": "tcp"
 },
 {
  "@timestamp": "2021-11-19T15:32:51.433Z",
  "event_id": 15,
  "provider": "Microsoft-Windows-Sysmon",
  "source": "Sysmon",
  "computer_name": "DEV-01",
  "message": "FileCreateStreamHash:",
  "image": "C:\\Program Files\\WindowsApps\\...\\RuntimeBroker.exe",
  "targetfilename": "C:\\Users\\SYSTEM\\Downloads\\setup_6.exe:Zone.Identifier"
 },
 {
  "@timestamp": "2021-11-02T14:45:08.715Z",
  "event_id": 15,
  "provider": "Microsoft-Windows-Sysmon",
  "source": "Sysmon",
  "computer_name": "CLIENT05",
  "message": "FileCreateStreamHash:",
  "image": "C:\\Program Files\\Microsoft Office\\root\\Office16\\EXCEL.EXE",
  "targetfilename": "C:\\Users\\ABYAH\\klee\\Downloads\\setup_7.exe:Zone.Identifier"
 },
 {
  "@timestamp": "2021-10-08T22:11:44.251Z",
  "event_id": 4624,
  "provider": "Security-Auditing",
  "source": "Security-Auditing",
  "computer_name": "IT-DESK-01",
  "message": "An account was successfully logged on.",
  "subject_security_id": "S-1-5-18",
  "subject_account_name": "IT-DESK-01$",
  "subject_account_domain": "ABYAH",
  "logon_logon_type": "11",
  "new_logon_account_name": "LOCAL SERVICE",
  "new_logon_authentication_package": "Kerberos",
  "network_source_address": "192.168.1.10"
 },
 {
  "@timestamp": "2021-07-08T00:21:39.411Z",
  "event_id": 1102,
  "provider": "Security-Auditing",
  "source": "Security-Auditing",
  "computer_name": "CLIENT03",
  "message": "Security event 1102 occurred.",
  "details": "Event ID 1102 logged for ABYAH\\bwilson"
 },
 {
  "@timestamp": "2021-02-15T14:20:13.698Z",
  "event_id": 11,
  "provider": "Microsoft-Windows-Sysmon",
  "source": "Sysmon",
  "computer_name": "WEB01",
  "message": "File created:",
  "image": "C:\\Program Files\\WindowsApps\\...\\RuntimeBroker.exe",
  "targetfilename": "C:\\Users\\ABYAH\\svc_monitor\\Documents\\file_71.tmp",
  "processid": 8246
 },
 {
  "@timestamp": "2021-08-22T01:32:42.612Z",
  "event_id": 6006,
  "provider": "System",
  "source": "System",
  "computer_name": "TEST-01",
  "message": "The Event log service was stopped."
 },
 {
  "@timestamp": "2021-12-18T00:23:12.859Z",
  "event_id": 1100,
  "provider": "Security-Auditing",
  "source": "Security-Auditing",
  "computer_name": "EXCH01",
  "message": "Security event 1100 occurred.",
  "details": "Event ID 1100 logged for ABYAH\\ogarcia"
 },
 {
  "@timestamp": "2021-04-28T19:23:02.887Z",
  "event_id": 1100,
  "provider": "Security-Auditing",
  "source": "Security-Auditing",
  "computer_name": "DEV-02",
  "message": "Security event 1100 occurred.",
  "details": "Event ID 1100 logged for ABYAH\\asmith"
 },
 {
  "@timestamp": "2021-01-14T19:26:28.286Z",
  "event_id": 4624,
  "provider": "Security-Auditing",
  "source": "Security-Auditing",
  "computer_name": "EXCH01",
  "message": "An account was successfully logged on.",
  "subject_security_id": "S-1-5-18",
  "subject_account_name": "EXCH01$",
  "subject_account_domain": "ABYAH",
  "logon_logon_type": "2",
  "new_logon_account_name": "rbrown",
  "new_logon_authentication_package": "Negotiate",
  "network_source_address": "192.168.1.30"
 },
 {
  "@timestamp": "2021-09-15T00:52:59.287Z",
  "event_id": 6006,
  "provider": "System",
  "source": "System",
  "computer_name": "CLIENT01",
  "message": "The Event log service was stopped."
 },
 {
  "@timestamp": "2021-10-27T17:49:09.214Z",
  "event_id": 1102,
  "provider": "Security-Auditing",
  "source": "Security-Auditing",
  "computer_name": "IT-DESK-01",
  "message": "Security event 1102 occurred.",
  "details": "Event ID 1102 logged for ABYAH\\ogarcia"
 },
 {
  "@timestamp": "2021-08-04T15:15:00.991Z",
  "event_id": 4672,
  "provider": "Security-Auditing",
  "source": "Security-Auditing",
  "computer_name": "CLIENT01",
  "message": "Special privileges assigned to new logon.",
  "subject_account_name": "lnguyen",
  "privileges": "SeTcbPrivilege SeBackupPrivilege SeDebugPrivilege"
 },
 {
  "@timestamp": "2021-06-17T06:02:26.672Z",
  "event_id": 11,
  "provider": "Microsoft-Windows-Sysmon",
  "source": "Sysmon",
  "computer_name": "DEV-02",
  "message": "File created:",
  "image": "C:\\Windows\\System32\\spoolsv.exe",
  "targetfilename": "C:\\Users\\NETWORK SERVICE\\Documents\\file_34.tmp",
  "processid": 9222
 },
 {
  "@timestamp": "2021-08-06T06:34:25.535Z",
  "event_id": 6013,
  "provider": "System",
  "source": "System",
  "computer_name": "HR-DESK-02",
  "message": "The system uptime is 5736677 seconds."
 },
 {
  "@timestamp": "2021-06-19T11:28:50.349Z",
  "event_id": 1,
  "provider": "Microsoft-Windows-Sysmon",
  "source": "Sysmon",
  "computer_name": "CLIENT05",
  "message": "Process Create:",
  "image": "C:\\Windows\\System32\\lsass.exe",
  "commandline": "\"C:\\Windows\\System32\\lsass.exe\" --flag-6359 --config-5",
  "user": "ABYAH\\svc_monitor",
  "processid": 2646
 },
 {
  "@timestamp": "2021-06-01T09:02:11.436Z",
  "event_id": 7,
  "provider": "Microsoft-Windows-Sysmon",
  "source": "Sysmon",
  "computer_name": "APP01",
  "message": "Image loaded:",
  "image": "C:\\Windows\\System32\\lsass.exe",
  "imageloaded": "C:\\Windows\\System32\\ole32.dll",
  "processid": 9735
 },
 {
  "@timestamp": "2021-11-18T10:51:20.641Z",
  "event_id": 11,
  "provider": "Microsoft-Windows-Sysmon",
  "source": "Sysmon",
  "computer_name": "DC01",
  "message": "File created:",
  "image": "C:\\Windows\\System32\\winlogon.exe",
  "targetfilename": "C:\\Users\\LOCAL SERVICE\\Documents\\file_58.tmp",
  "processid": 3478
 },
 {
  "@timestamp": "2021-08-21T04:02:33.121Z",
  "event_id": 1100,
  "provider": "Security-Auditing",
  "source": "Security-Auditing",
  "computer_name": "CLIENT05",
  "message": "Security event 1100 occurred.",
  "details": "Event ID 1100 logged for ABYAH\\jane.doe"
 },
 {
  "@timestamp": "2021-06-02T14:47:59.881Z",
  "event_id": 4634,
  "provider": "Security-Auditing",
  "source": "Security-Auditing",
  "computer_name": "SQL01",
  "message": "An account was logged off.",
  "target_account_name": "SYSTEM"
 },
 {
  "@timestamp": "2021-01-17T21:07:27.884Z",
  "event_id": 4776,
  "provider": "Security-Auditing",
  "source": "Security-Auditing",
  "computer_name": "HR-DESK-01",
  "message": "The credential validation occurred.",
  "package_authentication_package": "MICROSOFT_AUTHENTICATION_PACKAGE_V1_0",
  "account_account_name": "jdoe",
  "computer_computer_name": "HR-DESK-01"
 },
 {
  "@timestamp": "2021-07-03T07:41:18.117Z",
  "event_id": 1,
  "provider": "Microsoft-Windows-Sysmon",
  "source": "Sysmon",
  "computer_name": "HR-DESK-01",
  "message": "Process Create:",
  "image": "C:\\Windows\\explorer.exe",
  "commandline": "\"C:\\Windows\\explorer.exe\" --flag-5513 --config-8",
  "user": "ABYAH\\rbrown",
  "processid": 6837
 },
 {
  "@timestamp": "2021-05-02T20:35:37.241Z",
  "event_id": 4624,
  "provider": "Security-Auditing",
  "source": "Security-Auditing",
  "computer_name": "TEST-01",
  "message": "An account was successfully logged on.",
  "subject_security_id": "S-1-5-18",
  "subject_account_name": "TEST-01$",
  "subject_account_domain": "ABYAH",
  "logon_logon_type": "8",
  "new_logon_account_name": "lnguyen",
  "new_logon_authentication_package": "NTLM",
  "network_source_address": "192.168.1.106"
 },
 {
  "@timestamp": "2021-11-13T09:38:50.415Z",
  "event_id": 6013,
  "provider": "System",
  "source": "System",
  "computer_name": "DC02",
  "message": "The system uptime is 4160021 seconds."
 },
 {
  "@timestamp": "2021-11-13T06:35:13.513Z",
  "event_id": 6006,
  "provider": "System",
  "source": "System",
  "computer_name": "CLIENT01",
  "message": "The Event log service was stopped."
 },
 {
  "@timestamp": "2021-06-25T16:58:47.199Z",
  "event_id": 4672,
  "provider": "Security-Auditing",
  "source": "Security-Auditing",
  "computer_name": "CLIENT05",
  "message": "Special privileges assigned to new logon.",
  "subject_account_name": "bwilson",
  "privileges": "SeTcbPrivilege SeBackupPrivilege SeDebugPrivilege"
 },
 {
  "@timestamp": "2021-02-26T09:55:41.783Z",
  "event_id": 1102,
  "provider": "Security-Auditing",
  "source": "Security-Auditing",
  "computer_name": "CLIENT05",
  "message": "Security event 1102 occurred.",
  "details": "Event ID 1102 logged for ABYAH\\mperez"
 },
 {
  "@timestamp": "2021-07-23T07:42:38.136Z",
  "event_id": 6005,
  "provider": "System",
  "source": "System",
  "computer_name": "HR-DESK-02",
  "message": "The Event log service was started."
 },
 {
  "@timestamp": "2021-10-23T17:01:17.818Z",
  "event_id": 11,
  "provider": "Microsoft-Windows-Sysmon",
  "source": "Sysmon",
  "computer_name": "EXCH01",
  "message": "File created:",
  "image": "C:\\Program Files\\Microsoft Office\\root\\Office16\\EXCEL.EXE",
  "targetfilename": "C:\\Users\\ABYAH\\rbrown\\Documents\\file_93.tmp",
  "processid": 9908
 },
 {
  "@timestamp": "2021-05-01T21:36:24.212Z",
  "event_id": 8,
  "provider": "Microsoft-Windows-Sysmon",
  "source": "Sysmon",
  "computer_name": "WEB01",
  "message": "Sysmon event 8"
 },
 {
  "@timestamp": "2021-04-03T15:52:00.704Z",
  "event_id": 1,
  "provider": "Microsoft-Windows-Sysmon",
  "source": "Sysmon",
  "computer_name": "IT-DESK-01",
  "message": "Process Create:",
  "image": "C:\\Windows\\System32\\spoolsv.exe",
  "commandline": "\"C:\\Windows\\System32\\spoolsv.exe\" --flag-9209 --config-2",
  "user": "ABYAH\\jane.doe",
  "processid": 7520
 },
 {
  "@timestamp": "2021-04-28T20:34:18.488Z",
  "event_id": 10,
  "provider": "Microsoft-Windows-Sysmon",
  "source": "Sysmon",
  "computer_name": "DC01",
  "message": "Sysmon event 10"
 },
 {
  "@timestamp": "2021-01-04T12:16:20.367Z",
  "event_id": 11,
  "provider": "Microsoft-Windows-Sysmon",
  "source": "Sysmon",
  "computer_name": "CLIENT05",
  "message": "File created:",
  "image": "C:\\Windows\\System32\\winlogon.exe",
  "targetfilename": "C:\\Users\\ABYAH\\jdoe\\Documents\\file_53.tmp",
  "processid": 7308
 },
 {
  "@timestamp": "2021-06-08T13:06:08.551Z",
  "event_id": 7,
  "provider": "Microsoft-Windows-Sysmon",
  "source": "Sysmon",
  "computer_name": "APP01",
  "message": "Image loaded:",
  "image": "C:\\Program Files\\Microsoft Office\\root\\Office16\\WINWORD.EXE",
  "imageloaded": "C:\\Windows\\System32\\advapi32.dll",
  "processid": 9201
 },
 {
  "@timestamp": "2021-08-26T23:40:37.416Z",
  "event_id": 4672,
  "provider": "Security-Auditing",
  "source": "Security-Auditing",
  "computer_name": "CLIENT05",
  "message": "Special privileges assigned to new logon.",
  "subject_account_name": "bwilson",
  "privileges": "SeTcbPrivilege SeBackupPrivilege SeDebugPrivilege"
 },
 {
  "@timestamp": "2021-11-19T20:32:39.902Z",
  "event_id": 6006,
  "provider": "System",
  "source": "System",
  "computer_name": "DC02",
  "message": "The Event log service was stopped."
 },
 {
  "@timestamp": "2021-02-25T10:49:31.196Z",
  "event_id": 1100,
  "provider": "Security-Auditing",
  "source": "Security-Auditing",
  "computer_name": "CLIENT01",
  "message": "Security event 1100 occurred.",
  "details": "Event ID 1100 logged for ABYAH\\mperez"
 },
 {
  "@timestamp": "2021-05-27T08:28:05.527Z",
  "event_id": 1,
  "provider": "Microsoft-Windows-Sysmon",
  "source": "Sysmon",
  "computer_name": "SQL01",
  "message": "Process Create:",
  "image": "C:\\Program Files\\Google\\Chrome\\chrome.exe",
  "commandline": "\"C:\\Program Files\\Google\\Chrome\\chrome.exe\" --flag-6455 --config-1",
  "user": "ABYAH\\admin",
  "processid": 5340
 },
 {
  "@timestamp": "2021-05-10T11:43:42.612Z",
  "event_id": 4634,
  "provider": "Security-Auditing",
  "source": "Security-Auditing",
  "computer_name": "HR-DESK-02",
  "message": "An account was logged off.",
  "target_account_name": "rbrown"
 },
 {
  "@timestamp": "2021-12-12T08:05:42.789Z",
  "event_id": 3,
  "provider": "Microsoft-Windows-Sysmon",
  "source": "Sysmon",
  "computer_name": "CLIENT03",
  "message": "Network connection detected:",
  "image": "C:\\Program Files\\WindowsApps\\...\\RuntimeBroker.exe",
  "user": "WORKGROUP\\User2",
  "destinationip": "13.107.42.14",
  "destinationport": "80",
  "protocol": "tcp"
 },
 {
  "@timestamp": "2021-10-17T15:53:27.238Z",
  "event_id": 11,
  "provider": "Microsoft-Windows-Sysmon",
  "source": "Sysmon",
  "computer_name": "CLIENT02",
  "message": "File created:",
  "image": "C:\\Windows\\System32\\winlogon.exe",
  "targetfilename": "C:\\Users\\NETWORK SERVICE\\Documents\\file_3.tmp",
  "processid": 4102
 },
