 {
  "@timestamp": "2021-06-04T22:38:14.855Z",
  "event_id": 7,
  "provider": "Microsoft-Windows-Sysmon",
  "source": "Sysmon",
  "computer_name": "TEST-01",
  "message": "Image loaded:",
  "image": "C:\\Program Files\\Google\\Chrome\\chrome.exe",
  "imageloaded": "C:\\Windows\\System32\\ws2_32.dll",
  "processid": 4684
 },
 {
  "@timestamp": "2021-02-06T18:07:52.496Z",
  "event_id": 4672,
  "provider": "Security-Auditing",
  "source": "Security-Auditing",
  "computer_name": "TEST-01",
  "message": "Special privileges assigned to new logon.",
  "subject_account_name": "svc_monitor",
  "privileges": "SeTcbPrivilege SeBackupPrivilege SeDebugPrivilege"
 },
 {
  "@timestamp": "2021-01-05T13:45:26.563Z",
  "event_id": 4624,
  "provider": "Security-Auditing",
  "source": "Security-Auditing",
  "computer_name": "HR-DESK-02",
  "message": "An account was successfully logged on.",
  "subject_security_id": "S-1-5-18",
  "subject_account_name": "HR-DESK-02$",
  "subject_account_domain": "ABYAH",
  "logon_logon_type": "11",
  "new_logon_account_name": "lnguyen",
  "new_logon_authentication_package": "NTLM",
  "network_source_address": "172.16.0.2"
 },
 {
  "@timestamp": "2021-11-10T11:13:37.600Z",
  "event_id": 4672,
  "provider": "Security-Auditing",
  "source": "Security-Auditing",
  "computer_name": "TEST-01",
  "message": "Special privileges assigned to new logon.",
  "subject_account_name": "svc_backup",
  "privileges": "SeTcbPrivilege SeBackupPrivilege SeDebugPrivilege"
 },
 {
  "@timestamp": "2021-09-28T17:27:19.935Z",
  "event_id": 6006,
  "provider": "System",
  "source": "System",
  "computer_name": "DC01",
  "message": "The Event log service was stopped."
 },
 {
  "@timestamp": "2021-03-02T17:00:42.832Z",
  "event_id": 1100,
  "provider": "Security-Auditing",
  "source": "Security-Auditing",
  "computer_name": "DC01",
  "message": "Security event 1100 occurred.",
  "details": "Event ID 1100 logged for ABYAH\\rbrown"
 },
 {
  "@timestamp": "2021-03-25T02:57:23.895Z",
  "event_id": 10,
  "provider": "Microsoft-Windows-Sysmon",
  "source": "Sysmon",
  "computer_name": "FILE01",
  "message": "Sysmon event 10"
 },
 {
  "@timestamp": "2021-05-18T18:58:02.698Z",
  "event_id": 7,
  "provider": "Microsoft-Windows-Sysmon",
  "source": "Sysmon",
  "computer_name": "CLIENT02",
  "message": "Image loaded:",
  "image": "C:\\Windows\\System32\\spoolsv.exe",
  "imageloaded": "C:\\Windows\\System32\\ntdll.dll",
  "processid": 3840
 },
 {
  "@timestamp": "2021-01-06T07:22:04.141Z",
  "event_id": 7,
  "provider": "Microsoft-Windows-Sysmon",
  "source": "Sysmon",
  "computer_name": "FILE01",
  "message": "Image loaded:",
  "image": "C:\\Program Files\\Microsoft Office\\root\\Office16\\WINWORD.EXE",
  "imageloaded": "C:\\Windows\\System32\\ntdll.dll",
  "processid": 7131
 },
 {
  "@timestamp": "2021-10-24T07:21:18.436Z",
  "event_id": 15,
  "provider": "Microsoft-Windows-Sysmon",
  "source": "Sysmon",
  "computer_name": "WEB01",
  "message": "FileCreateStreamHash:",
  "image": "C:\\Windows\\explorer.exe",
  "targetfilename": "C:\\Users\\NETWORK SERVICE\\Downloads\\setup_1.exe:Zone.Identifier"
 },
 {
  "@timestamp": "2021-09-10T22:50:13.738Z",
  "event_id": 6013,
  "provider": "System",
  "source": "System",
  "computer_name": "TEST-01",
  "message": "The system uptime is 3348757 seconds."
 },
 {
  "@timestamp": "2021-07-06T18:27:08.107Z",
  "event_id": 3,
  "provider": "Microsoft-Windows-Sysmon",
  "source": "Sysmon",
  "computer_name": "CLIENT01",
  "message": "Network connection detected:",
  "image": "C:\\Program Files\\Google\\Chrome\\chrome.exe",
  "user": "ABYAH\\lnguyen",
  "destinationip": "13.107.42.14",
  "destinationport": "80",
  "protocol": "tcp"
 },
 {
  "@timestamp": "2021-05-25T08:05:10.693Z",
  "event_id": 1102,
  "provider": "Security-Auditing",
  "source": "Security-Auditing",
  "computer_name": "APP01",
  "message": "Security event 1102 occurred.",
  "details": "Event ID 1102 logged for ABYAH\\mperez"
 },
 {
  "@timestamp": "2021-10-20T19:08:03.220Z",
  "event_id": 6006,
  "provider": "System",
  "source": "System",
  "computer_name": "CLIENT04",
  "message": "The Event log service was stopped."
 },
 {
  "@timestamp": "2021-08-15T09:37:23.384Z",
  "event_id": 1100,
  "provider": "Security-Auditing",
  "source": "Security-Auditing",
  "computer_name": "SQL01",
  "message": "Security event 1100 occurred.",
  "details": "Event ID 1100 logged for ABYAH\\admin"
 },
 {
  "@timestamp": "2021-11-03T18:13:57.558Z",
  "event_id": 4624,
  "provider": "Security-Auditing",
  "source": "Security-Auditing",
  "computer_name": "CLIENT02",
  "message": "An account was successfully logged on.",
  "subject_security_id": "S-1-5-18",
  "subject_account_name": "CLIENT02$",
  "subject_account_domain": "ABYAH",
  "logon_logon_type": "10",
  "new_logon_account_name": "admin",
  "new_logon_authentication_package": "NTLM",
  "network_source_address": "192.168.1.101"
 },
 {
  "@timestamp": "2021-08-03T22:14:06.593Z",
  "event_id": 1,
  "provider": "Microsoft-Windows-Sysmon",
  "source": "Sysmon",
  "computer_name": "HR-DESK-01",
  "message": "Process Create:",
  "image": "C:\\Program Files\\Google\\Chrome\\chrome.exe",
  "commandline": "\"C:\\Program Files\\Google\\Chrome\\chrome.exe\" --flag-7101 --config-4",
  "user": "ABYAH\\bwilson",
  "processid": 7566
 },
 {
  "@timestamp": "2021-03-22T16:40:58.508Z",
  "event_id": 6013,
  "provider": "System",
  "source": "System",
  "computer_name": "CLIENT04",
  "message": "The system uptime is 4325753 seconds."
 },
 {
  "@timestamp": "2021-02-15T07:01:00.684Z",
  "event_id": 4672,
  "provider": "Security-Auditing",
  "source": "Security-Auditing",
  "computer_name": "HR-DESK-02",
  "message": "Special privileges assigned to new logon.",
  "subject_account_name": "SYSTEM",
  "privileges": "SeTcbPrivilege SeBackupPrivilege SeDebugPrivilege"
 },
 {
  "@timestamp": "2021-05-02T06:10:45.208Z",
  "event_id": 1102,
  "provider": "Security-Auditing",
  "source": "Security-Auditing",
  "computer_name": "APP01",
  "message": "Security event 1102 occurred.",
  "details": "Event ID 1102 logged for ABYAH\\klee"
 },
 {
  "@timestamp": "2021-06-04T08:13:46.890Z",
  "event_id": 4776,
  "provider": "Security-Auditing",
  "source": "Security-Auditing",
  "computer_name": "DC01",
  "message": "The credential validation occurred.",
  "package_authentication_package": "MICROSOFT_AUTHENTICATION_PACKAGE_V1_0",
  "account_account_name": "ogarcia",
  "computer_computer_name": "DC01"
 },
 {
  "@timestamp": "2021-09-28T14:31:58.705Z",
  "event_id": 4634,
  "provider": "Security-Auditing",
  "source": "Security-Auditing",
  "computer_name": "DC02",
  "message": "An account was logged off.",
  "target_account_name": "lnguyen"
 },
 {
  "@timestamp": "2021-06-23T23:16:55.234Z",
  "event_id": 4672,
  "provider": "Security-Auditing",
  "source": "Security-Auditing",
  "computer_name": "APP01",
  "message": "Special privileges assigned to new logon.",
  "subject_account_name": "klee",
  "privileges": "SeTcbPrivilege SeBackupPrivilege SeDebugPrivilege"
 },
 {
  "@timestamp": "2021-12-27T08:40:51.791Z",
  "event_id": 4634,
  "provider": "Security-Auditing",
  "source": "Security-Auditing",
  "computer_name": "CLIENT01",
  "message": "An account was logged off.",
  "target_account_name": "jane.doe"
 },
 {
  "@timestamp": "2021-12-01T09:49:34.594Z",
  "event_id": 1102,
  "provider": "Security-Auditing",
  "source": "Security-Auditing",
  "computer_name": "FILE01",
  "message": "Security event 1102 occurred.",
  "details": "Event ID 1102 logged for ABYAH\\jdoe"
 },
 {
  "@timestamp": "2021-10-07T06:56:15.875Z",
  "event_id": 6013,
  "provider": "System",
  "source": "System",
  "computer_name": "HR-DESK-01",
  "message": "The system uptime is 2954736 seconds."
 },
 {
  "@timestamp": "2021-06-28T19:03:10.448Z",
  "event_id": 1102,
  "provider": "Security-Auditing",
  "source": "Security-Auditing",
  "computer_name": "WEB01",
  "message": "Security event 1102 occurred.",
  "details": "Event ID 1102 logged for ABYAH\\svc_sql"
 },
 {
  "@timestamp": "2021-01-17T10:40:32.904Z",
  "event_id": 1102,
  "provider": "Security-Auditing",
  "source": "Security-Auditing",
  "computer_name": "CLIENT02",
  "message": "Security event 1102 occurred.",
  "details": "Event ID 1102 logged for ABYAH\\lnguyen"
 },
 {
  "@timestamp": "2021-03-25T10:44:27.827Z",
  "event_id": 11,
  "provider": "Microsoft-Windows-Sysmon",
  "source": "Sysmon",
  "computer_name": "TEST-01",
  "message": "File created:",
  "image": "C:\\Windows\\System32\\winlogon.exe",
  "targetfilename": "C:\\Users\\ABYAH\\abyah\\Documents\\file_62.tmp",
  "processid": 3211
 },
 {
  "@timestamp": "2021-07-16T04:42:37.897Z",
  "event_id": 4672,
  "provider": "Security-Auditing",
  "source": "Security-Auditing",
  "computer_name": "CLIENT02",
  "message": "Special privileges assigned to new logon.",
  "subject_account_name": "SYSTEM",
  "privileges": "SeTcbPrivilege SeBackupPrivilege SeDebugPrivilege"
 },
 {
  "@timestamp": "2021-12-12T02:50:37.501Z",
  "event_id": 6005,
  "provider": "System",
  "source": "System",
  "computer_name": "CLIENT04",
  "message": "The Event log service was started."
 },
 {
  "@timestamp": "2021-01-25T03:34:11.461Z",
  "event_id": 4672,
  "provider": "Security-Auditing",
  "source": "Security-Auditing",
  "computer_name": "CLIENT05",
  "message": "Special privileges assigned to new logon.",
  "subject_account_name": "bwilson",
  "privileges": "SeTcbPrivilege SeBackupPrivilege SeDebugPrivilege"
 },
 {
  "@timestamp": "2021-08-06T17:26:12.703Z",
  "event_id": 11,
  "provider": "Microsoft-Windows-Sysmon",
  "source": "Sysmon",
  "computer_name": "CLIENT03",
  "message": "File created:",
  "image": "C:\\Program Files\\WindowsApps\\...\\RuntimeBroker.exe",
  "targetfilename": "C:\\Users\\ABYAH\\bwilson\\Documents\\file_98.tmp",
  "processid": 5127
 },
 {
  "@timestamp": "2021-04-09T02:18:36.687Z",
  "event_id": 11,
  "provider": "Microsoft-Windows-Sysmon",
  "source": "Sysmon",
  "computer_name": "FILE01",
  "message": "File created:",
  "image": "C:\\Program Files\\Microsoft Edge\\msedge.exe",
  "targetfilename": "C:\\Users\\ABYAH\\bwilson\\Documents\\file_23.tmp",
  "processid": 1187
 },
 {
  "@timestamp": "2021-12-15T01:08:26.508Z",
  "event_id": 10,
  "provider": "Microsoft-Windows-Sysmon",
  "source": "Sysmon",
  "computer_name": "FILE01",
  "message": "Sysmon event 10"
 },
 {
  "@timestamp": "2021-07-07T05:04:30.956Z",
  "event_id": 6006,
  "provider": "System",
  "source": "System",
  "computer_name": "CLIENT05",
  "message": "The Event log service was stopped."
 },
 {
  "@timestamp": "2021-01-24T02:36:14.351Z",
  "event_id": 4624,
  "provider": "Security-Auditing",
  "source": "Security-Auditing",
  "computer_name": "SQL01",
  "message": "An account was successfully logged on.",
  "subject_security_id": "S-1-5-18",
  "subject_account_name": "SQL01$",
  "subject_account_domain": "ABYAH",
  "logon_logon_type": "10",
  "new_logon_account_name": "SYSTEM",
  "new_logon_authentication_package": "Negotiate",
  "network_source_address": "192.168.1.103"
 },
 {
  "@timestamp": "2021-08-03T02:37:14.491Z",
  "event_id": 4672,
  "provider": "Security-Auditing",
  "source": "Security-Auditing",
  "computer_name": "CLIENT03",
  "message": "Special privileges assigned to new logon.",
  "subject_account_name": "asmith",
  "privileges": "SeTcbPrivilege SeBackupPrivilege SeDebugPrivilege"
 },
 {
  "@timestamp": "2021-03-15T15:42:02.428Z",
  "event_id": 11,
  "provider": "Microsoft-Windows-Sysmon",
  "source": "Sysmon",
  "computer_name": "DEV-02",
  "message": "File created:",
  "image": "C:\\Program Files\\WindowsApps\\...\\RuntimeBroker.exe",
  "targetfilename": "C:\\Users\\SYSTEM\\Documents\\file_52.tmp",
  "processid": 5603
 },
 {
  "@timestamp": "2021-03-13T09:13:45.638Z",
  "event_id": 6013,
  "provider": "System",
  "source": "System",
  "computer_name": "HR-DESK-02",
  "message": "The system uptime is 6038942 seconds."
 },
 {
  "@timestamp": "2021-04-09T13:05:28.945Z",
  "event_id": 6006,
  "provider": "System",
  "source": "System",
  "computer_name": "FILE01",
  "message": "The Event log service was stopped."
 },
 {
  "@timestamp": "2021-04-26T13:07:00.758Z",
  "event_id": 4672,
  "provider": "Security-Auditing",
  "source": "Security-Auditing",
  "computer_name": "EXCH01",
  "message": "Special privileges assigned to new logon.",
  "subject_account_name": "mperez",
  "privileges": "SeTcbPrivilege SeBackupPrivilege SeDebugPrivilege"
 },
 {
  "@timestamp": "2021-05-05T06:45:06.498Z",
  "event_id": 10,
  "provider": "Microsoft-Windows-Sysmon",
  "source": "Sysmon",
  "computer_name": "HR-DESK-02",
  "message": "Sysmon event 10"
 },
 {
  "@timestamp": "2021-03-15T15:42:57.497Z",
  "event_id": 6005,
  "provider": "System",
  "source": "System",
  "computer_name": "IT-DESK-01",
  "message": "The Event log service was started."
 },
 {
  "@timestamp": "2021-12-07T08:38:18.284Z",
  "event_id": 1100,
  "provider": "Security-Auditing",
  "source": "Security-Auditing",
  "computer_name": "HR-DESK-02",
  "message": "Security event 1100 occurred.",
  "details": "Event ID 1100 logged for ABYAH\\svc_sql"
 },
 {
  "@timestamp": "2021-06-28T10:06:32.663Z",
  "event_id": 1,
  "provider": "Microsoft-Windows-Sysmon",
  "source": "Sysmon",
  "computer_name": "DEV-01",
  "message": "Process Create:",
  "image": "C:\\Program Files\\WindowsApps\\...\\RuntimeBroker.exe",
  "commandline": "\"C:\\Program Files\\WindowsApps\\...\\RuntimeBroker.exe\" --flag-8231 --config-1",
  "user": "LOCAL SERVICE",
  "processid": 2417
 },
 {
  "@timestamp": "2021-03-10T22:11:02.272Z",
  "event_id": 8,
  "provider": "Microsoft-Windows-Sysmon",
  "source": "Sysmon",
  "computer_name": "EXCH01",
  "message": "Sysmon event 8"
 },
 {
  "@timestamp": "2021-05-03T15:10:14.375Z",
  "event_id": 4776,
  "provider": "Security-Auditing",
  "source": "Security-Auditing",
  "computer_name": "CLIENT02",
  "message": "The credential validation occurred.",
  "package_authentication_package": "MICROSOFT_AUTHENTICATION_PACKAGE_V1_0",
  "account_account_name": "svc_backup",
  "computer_computer_name": "CLIENT02"
 },
 {
  "@timestamp": "2021-10-09T14:36:48.111Z",
  "event_id": 6006,
  "provider": "System",
  "source": "System",
  "computer_name": "HR-DESK-01",
  "message": "The Event log service was stopped."
 },
 {
  "@timestamp": "2021-07-27T04:26:35.681Z",
  "event_id": 6005,
  "provider": "System",
  "source": "System",
  "computer_name": "CLIENT01",
  "message": "The Event log service was started."
 },
 {
  "@timestamp": "2021-07-24T22:17:04.768Z",
  "event_id": 1100,
  "provider": "Security-Auditing",
  "source": "Security-Auditing",
  "computer_name": "DEV-02",
  "message": "Security event 1100 occurred.",
  "details": "Event ID 1100 logged for ABYAH\\bwilson"
 },
 {
  "@timestamp": "2021-09-28T10:40:56.420Z",
  "event_id": 4624,
  "provider": "Security-Auditing",
  "source": "Security-Auditing",
  "computer_name": "CLIENT01",
  "message": "An account was successfully logged on.",
  "subject_security_id": "S-1-5-18",
  "subject_account_name": "CLIENT01$",
  "subject_account_domain": "ABYAH",
  "logon_logon_type": "11",
  "new_logon_account_name": "User2",
  "new_logon_authentication_package": "NTLM",
  "network_source_address": "192.168.1.106"
 },
 {
  "@timestamp": "2021-06-25T18:38:01.955Z",
  "event_id": 3,
  "provider": "Microsoft-Windows-Sysmon",
  "source": "Sysmon",
  "computer_name": "CLIENT01",
  "message": "Network connection detected:",
  "image": "C:\\Program Files\\WindowsApps\\...\\RuntimeBroker.exe",
  "user": "ABYAH\\klee",
  "destinationip": "8.8.8.8",
  "destinationport": "443",
  "protocol": "tcp"
 },
 {
  "@timestamp": "2021-05-16T20:40:26.854Z",
  "event_id": 4634,
  "provider": "Security-Auditing",
  "source": "Security-Auditing",
  "computer_name": "DC02",
  "message": "An account was logged off.",
  "target_account_name": "klee"
 },
 {
  "@timestamp": "2021-05-09T06:29:03.505Z",
  "event_id": 4776,
  "provider": "Security-Auditing",
  "source": "Security-Auditing",
  "computer_name": "DEV-02",
  "message": "The credential validation occurred.",
  "package_authentication_package": "MICROSOFT_AUTHENTICATION_PACKAGE_V1_0",
  "account_account_name": "svc_backup",
  "computer_computer_name": "DEV-02"
 },
 {
  "@timestamp": "2021-05-14T14:08:43.997Z",
  "event_id": 1,
  "provider": "Microsoft-Windows-Sysmon",
  "source": "Sysmon",
  "computer_name": "HR-DESK-02",
  "message": "Process Create:",
  "image": "C:\\Windows\\System32\\lsass.exe",
  "commandline": "\"C:\\Windows\\System32\\lsass.exe\" --flag-7352 --config-4",
  "user": "ABYAH\\rbrown",
  "processid": 7621
 },
 {
  "@timestamp": "2021-09-12T16:47:38.684Z",
  "event_id": 4634,
  "provider": "Security-Auditing",
  "source": "Security-Auditing",
  "computer_name": "SQL01",
  "message": "An account was logged off.",
  "target_account_name": "rbrown"
 },
 {
  "@timestamp": "2021-12-06T18:53:07.111Z",
  "event_id": 4624,
  "provider": "Security-Auditing",
  "source": "Security-Auditing",
  "computer_name": "DEV-01",
  "message": "An account was successfully logged on.",
  "subject_security_id": "S-1-5-18",
  "subject_account_name": "DEV-01$",
  "subject_account_domain": "ABYAH",
  "logon_logon_type": "10",
  "new_logon_account_name": "asmith",
  "new_logon_authentication_package": "Kerberos",
  "network_source_address": "10.0.0.15"
 },
 {
  "@timestamp": "2021-05-08T11:26:48.538Z",
  "event_id": 1100,
  "provider": "Security-Auditing",
  "source": "Security-Auditing",
  "computer_name": "DC01",
  "message": "Security event 1100 occurred.",
  "details": "Event ID 1100 logged for ABYAH\\john.smith"
 },
 {
  "@timestamp": "2021-05-14T18:32:15.316Z",
  "event_id": 4624,
  "provider": "Security-Auditing",
  "source": "Security-Auditing",
  "computer_name": "IT-DESK-01",
  "message": "An account was successfully logged on.",
  "subject_security_id": "S-1-5-18",
  "subject_account_name": "IT-DESK-01$",
  "subject_account_domain": "ABYAH",
  "logon_logon_type": "2",
  "new_logon_account_name": "mperez",
  "new_logon_authentication_package": "Kerberos",
  "network_source_address": "192.168.1.103"
 },
 {
  "@timestamp": "2021-08-23T03:35:59.238Z",
  "event_id": 1100,
  "provider": "Security-Auditing",
  "source": "Security-Auditing",
  "computer_name": "HR-DESK-01",
  "message": "Security event 1100 occurred.",
  "details": "Event ID 1100 logged for ABYAH\\abyah"
 },
 {
  "@timestamp": "2021-10-21T08:49:05.729Z",
  "event_id": 4672,
  "provider": "Security-Auditing",
  "source": "Security-Auditing",
  "computer_name": "DEV-01",
  "message": "Special privileges assigned to new logon.",
  "subject_account_name": "svc_sql",
  "privileges": "SeTcbPrivilege SeBackupPrivilege SeDebugPrivilege"
 },
 {
  "@timestamp": "2021-07-11T06:32:48.437Z",
  "event_id": 1102,
  "provider": "Security-Auditing",
  "source": "Security-Auditing",
  "computer_name": "DEV-02",
  "message": "Security event 1102 occurred.",
  "details": "Event ID 1102 logged for ABYAH\\svc_backup"
 },
 {
  "@timestamp": "2021-10-14T06:19:43.932Z",
  "event_id": 15,
  "provider": "Microsoft-Windows-Sysmon",
  "source": "Sysmon",
  "computer_name": "EXCH01",
  "message": "FileCreateStreamHash:",
  "image": "C:\\Program Files\\WindowsApps\\...\\RuntimeBroker.exe",
  "targetfilename": "C:\\Users\\ABYAH\\svc_monitor\\Downloads\\setup_3.exe:Zone.Identifier"
 },
 {
  "@timestamp": "2021-01-24T10:51:40.430Z",
  "event_id": 11,
  "provider": "Microsoft-Windows-Sysmon",
  "source": "Sysmon",
  "computer_name": "HR-DESK-01",
  "message": "File created:",
  "image": "C:\\Windows\\System32\\winlogon.exe",
  "targetfilename": "C:\\Users\\ABYAH\\svc_monitor\\Documents\\file_3.tmp",
  "processid": 5959
 },
 {
  "@timestamp": "2021-05-21T17:27:48.816Z",
  "event_id": 4672,
  "provider": "Security-Auditing",
  "source": "Security-Auditing",
  "computer_name": "DC02",
  "message": "Special privileges assigned to new logon.",
  "subject_account_name": "jdoe",
  "privileges": "SeTcbPrivilege SeBackupPrivilege SeDebugPrivilege"
 },
 {
  "@timestamp": "2021-07-07T05:53:03.880Z",
  "event_id": 10,
  "provider": "Microsoft-Windows-Sysmon",
  "source": "Sysmon",
  "computer_name": "HR-DESK-02",
  "message": "Sysmon event 10"
 },
 {
  "@timestamp": "2021-04-26T18:37:11.885Z",
  "event_id": 4672,
  "provider": "Security-Auditing",
  "source": "Security-Auditing",
  "computer_name": "DEV-01",
  "message": "Special privileges assigned to new logon.",
  "subject_account_name": "User1",
  "privileges": "SeTcbPrivilege SeBackupPrivilege SeDebugPrivilege"
 },
 {
  "@timestamp": "2021-03-16T03:35:09.528Z",
  "event_id": 15,
  "provider": "Microsoft-Windows-Sysmon",
  "source": "Sysmon",
  "computer_name": "TEST-01",
  "message": "FileCreateStreamHash:",
  "image": "C:\\Program Files\\Microsoft Edge\\msedge.exe",
  "targetfilename": "C:\\Users\\WORKGROUP\\User1\\Downloads\\setup_6.exe:Zone.Identifier"
 },
 {
  "@timestamp": "2021-08-24T00:34:27.942Z",
  "event_id": 15,
  "provider": "Microsoft-Windows-Sysmon",
  "source": "Sysmon",
  "computer_name": "SQL01",
  "message": "FileCreateStreamHash:",
  "image": "C:\\Program Files\\Microsoft Office\\root\\Office16\\WINWORD.EXE",
  "targetfilename": "C:\\Users\\ABYAH\\svc_backup\\Downloads\\setup_5.exe:Zone.Identifier"
 },
 {
  "@timestamp": "2021-01-07T22:44:37.648Z",
  "event_id": 3,
  "provider": "Microsoft-Windows-Sysmon",
  "source": "Sysmon",
  "computer_name": "FILE01",
  "message": "Network connection detected:",
  "image": "C:\\Windows\\System32\\spoolsv.exe",
  "user": "ABYAH\\lnguyen",
  "destinationip": "1.1.1.1",
  "destinationport": "80",
  "protocol": "tcp"
 },
 {
  "@timestamp": "2021-02-10T11:49:36.725Z",
  "event_id": 3,
  "provider": "Microsoft-Windows-Sysmon",
  "source": "Sysmon",
  "computer_name": "DC01",
  "message": "Network connection detected:",
  "image": "C:\\Program Files\\Microsoft Office\\root\\Office16\\EXCEL.EXE",
  "user": "WORKGROUP\\User2",
  "destinationip": "142.250.80.46",
  "destinationport": "3389",
  "protocol": "tcp"
 },
 {
  "@timestamp": "2021-10-11T17:28:12.102Z",
  "event_id": 6013,
  "provider": "System",
  "source": "System",
  "computer_name": "SQL01",
  "message": "The system uptime is 6271740 seconds."
 },
 {
  "@timestamp": "2021-09-17T23:49:17.774Z",
  "event_id": 1102,
  "provider": "Security-Auditing",
  "source": "Security-Auditing",
  "computer_name": "CLIENT01",
  "message": "Security event 1102 occurred.",
  "details": "Event ID 1102 logged for ABYAH\\bwilson"
 },
 {
  "@timestamp": "2021-12-18T03:26:30.614Z",
  "event_id": 15,
  "provider": "Microsoft-Windows-Sysmon",
  "source": "Sysmon",
  "computer_name": "IT-DESK-01",
  "message": "FileCreateStreamHash:",
  "image": "C:\\Program Files\\Google\\Chrome\\chrome.exe",
  "targetfilename": "C:\\Users\\LOCAL SERVICE\\Downloads\\setup_1.exe:Zone.Identifier"
 },
 {
  "@timestamp": "2021-06-21T16:37:55.873Z",
  "event_id": 6013,
  "provider": "System",
  "source": "System",
  "computer_name": "WEB01",
  "message": "The system uptime is 969144 seconds."
 },
 {
  "@timestamp": "2021-02-11T00:12:28.893Z",
  "event_id": 6005,
  "provider": "System",
  "source": "System",
  "computer_name": "DEV-02",
  "message": "The Event log service was started."
 },
 {
  "@timestamp": "2021-07-21T09:02:28.149Z",
  "event_id": 1100,
  "provider": "Security-Auditing",
  "source": "Security-Auditing",
  "computer_name": "APP01",
  "message": "Security event 1100 occurred.",
  "details": "Event ID 1100 logged for NETWORK SERVICE"
 },
 {
  "@timestamp": "2021-11-28T02:29:10.511Z",
  "event_id": 1102,
  "provider": "Security-Auditing",
  "source": "Security-Auditing",
  "computer_name": "DEV-02",
  "message": "Security event 1102 occurred.",
  "details": "Event ID 1102 logged for ABYAH\\john.smith"
 },
 {
  "@timestamp": "2021-03-21T09:53:19.962Z",
  "event_id": 4672,
  "provider": "Security-Auditing",
  "source": "Security-Auditing",
  "computer_name": "TEST-01",
  "message": "Special privileges assigned to new logon.",
  "subject_account_name": "User2",
  "privileges": "SeTcbPrivilege SeBackupPrivilege SeDebugPrivilege"
 },
 {
  "@timestamp": "2021-09-17T21:37:21.678Z",
  "event_id": 4624,
  "provider": "Security-Auditing",
  "source": "Security-Auditing",
  "computer_name": "APP01",
  "message": "An account was successfully logged on.",
  "subject_security_id": "S-1-5-18",
  "subject_account_name": "APP01$",
  "subject_account_domain": "ABYAH",
  "logon_logon_type": "8",
  "new_logon_account_name": "SYSTEM",
  "new_logon_authentication_package": "NTLM",
  "network_source_address": "10.0.0.15"
 },
 {
  "@timestamp": "2021-09-01T13:59:37.801Z",
  "event_id": 11,
  "provider": "Microsoft-Windows-Sysmon",
  "source": "Sysmon",
  "computer_name": "HR-DESK-02",
  "message": "File created:",
  "image": "C:\\Program Files\\Microsoft Edge\\msedge.exe",
  "targetfilename": "C:\\Users\\LOCAL SERVICE\\Documents\\file_15.tmp",
  "processid": 7305
 },
 {
  "@timestamp": "2021-01-18T01:33:08.960Z",
  "event_id": 3,
  "provider": "Microsoft-Windows-Sysmon",
  "source": "Sysmon",
  "computer_name": "APP01",
  "message": "Network connection detected:",
  "image": "C:\\Program Files\\WindowsApps\\...\\RuntimeBroker.exe",
  "user": "ABYAH\\admin",
  "destinationip": "8.8.8.8",
  "destinationport": "443",
  "protocol": "tcp"
 },
 {
  "@timestamp": "2021-11-09T08:17:13.433Z",
  "event_id": 8,
  "provider": "Microsoft-Windows-Sysmon",
  "source": "Sysmon",
  "computer_name": "EXCH01",
  "message": "Sysmon event 8"
 },
 {
  "@timestamp": "2021-09-22T15:57:00.183Z",
  "event_id": 8,
  "provider": "Microsoft-Windows-Sysmon",
  "source": "Sysmon",
  "computer_name": "CLIENT04",
  "message": "Sysmon event 8"
 },
 {
  "@timestamp": "2021-11-12T06:26:38.119Z",
  "event_id": 6005,
  "provider": "System",
  "source": "System",
  "computer_name": "FILE01",
  "message": "The Event log service was started."
 },
 {
  "@timestamp": "2021-04-01T05:35:58.372Z",
  "event_id": 4672,
  "provider": "Security-Auditing",
  "source": "Security-Auditing",
  "computer_name": "CLIENT05",
  "message": "Special privileges assigned to new logon.",
  "subject_account_name": "mperez",
  "privileges": "SeTcbPrivilege SeBackupPrivilege SeDebugPrivilege"
 },
 {
  "@timestamp": "2021-11-25T14:00:08.872Z",
  "event_id": 6013,
  "provider": "System",
  "source": "System",
  "computer_name": "HR-DESK-01",
  "message": "The system uptime is 5026528 seconds."
 },
 {
  "@timestamp": "2021-06-12T07:44:48.535Z",
  "event_id": 6006,
  "provider": "System",
  "source": "System",
  "computer_name": "DC02",
  "message": "The Event log service was stopped."
 },
 {
  "@timestamp": "2021-05-22T00:15:55.509Z",
  "event_id": 4634,
  "provider": "Security-Auditing",
  "source": "Security-Auditing",
  "computer_name": "CLIENT05",
  "message": "An account was logged off.",
  "target_account_name": "john.smith"
 },
 {
  "@timestamp": "2021-06-28T22:36:28.610Z",
  "event_id": 7,
  "provider": "Microsoft-Windows-Sysmon",
  "source": "Sysmon",
  "computer_name": "WEB01",
  "message": "Image loaded:",
  "image": "C:\\Windows\\System32\\winlogon.exe",
  "imageloaded": "C:\\Windows\\System32\\ntdll.dll",
  "processid": 9483
 },
 {
  "@timestamp": "2021-03-08T13:02:24.512Z",
  "event_id": 6013,
  "provider": "System",
  "source": "System",
  "computer_name": "EXCH01",
  "message": "The system uptime is 7877795 seconds."
 },
 {
  "@timestamp": "2021-03-12T18:19:36.936Z",
  "event_id": 10,
  "provider": "Microsoft-Windows-Sysmon",
  "source": "Sysmon",
  "computer_name": "SQL01",
  "message": "Sysmon event 10"
 },
 {
  "@timestamp": "2021-03-20T16:24:11.269Z",
  "event_id": 4672,
  "provider": "Security-Auditing",
  "source": "Security-Auditing",
  "computer_name": "CLIENT02",
  "message": "Special privileges assigned to new logon.",
  "subject_account_name": "asmith",
  "privileges": "SeTcbPrivilege SeBackupPrivilege SeDebugPrivilege"
 },
 {
  "@timestamp": "2021-07-13T02:29:59.682Z",
  "event_id": 10,
  "provider": "Microsoft-Windows-Sysmon",
  "source": "Sysmon",
  "computer_name": "HR-DESK-01",
  "message": "Sysmon event 10"
 },
 {
  "@timestamp": "2021-10-19T19:42:52.258Z",
  "event_id": 4672,
  "provider": "Security-Auditing",
  "source": "Security-Auditing",
  "computer_name": "HR-DESK-01",
  "message": "Special privileges assigned to new logon.",
  "subject_account_name": "abyah",
  "privileges": "SeTcbPrivilege SeBackupPrivilege SeDebugPrivilege"
 },
 {
  "@timestamp": "2021-09-24T15:55:25.669Z",
  "event_id": 1102,
  "provider": "Security-Auditing",
  "source": "Security-Auditing",
  "computer_name": "CLIENT04",
  "message": "Security event 1102 occurred.",
  "details": "Event ID 1102 logged for ABYAH\\mperez"
 },
 {
  "@timestamp": "2021-06-25T13:00:19.224Z",
  "event_id": 1100,
  "provider": "Security-Auditing",
  "source": "Security-Auditing",
  "computer_name": "FILE01",
  "message": "Security event 1100 occurred.",
  "details": "Event ID 1100 logged for ABYAH\\svc_backup"
 },
 {
  "@timestamp": "2021-05-20T07:06:20.304Z",
  "event_id": 1102,
  "provider": "Security-Auditing",
  "source": "Security-Auditing",
  "computer_name": "DEV-02",
  "message": "Security event 1102 occurred.",
  "details": "Event ID 1102 logged for ABYAH\\bwilson"
 },
 {
  "@timestamp": "2021-03-13T00:01:00.168Z",
  "event_id": 11,
  "provider": "Microsoft-Windows-Sysmon",
  "source": "Sysmon",
  "computer_name": "APP01",
  "message": "File created:",
  "image": "C:\\Windows\\System32\\spoolsv.exe",
  "targetfilename": "C:\\Users\\LOCAL SERVICE\\Documents\\file_38.tmp",
  "processid": 5874
 },
 {
  "@timestamp": "2021-05-24T20:42:14.973Z",
  "event_id": 1100,
  "provider": "Security-Auditing",
  "source": "Security-Auditing",
  "computer_name": "SQL01",
  "message": "Security event 1100 occurred.",
  "details": "Event ID 1100 logged for ABYAH\\admin"
 },
 {
  "@timestamp": "2021-05-04T00:13:33.931Z",
  "event_id": 6005,
  "provider": "System",
  "source": "System",
  "computer_name": "EXCH01",
  "message": "The Event log service was started."
 },
 {
  "@timestamp": "2021-08-05T01:37:39.653Z",
  "event_id": 6006,
  "provider": "System",
  "source": "System",
  "computer_name": "TEST-01",
  "message": "The Event log service was stopped."
 },
 {
  "@timestamp": "2021-12-26T21:44:08.403Z",
  "event_id": 6006,
  "provider": "System",
  "source": "System",
  "computer_name": "FILE01",
  "message": "The Event log service was stopped."
 },
 {
  "@timestamp": "2021-03-08T10:53:14.131Z",
  "event_id": 7,
  "provider": "Microsoft-Windows-Sysmon",
  "source": "Sysmon",
  "computer_name": "DEV-02",
  "message": "Image loaded:",
  "image": "C:\\Program Files\\Google\\Chrome\\chrome.exe",
  "imageloaded": "C:\\Windows\\System32\\ws2_32.dll",
  "processid": 8937
 },
 {
  "@timestamp": "2021-09-20T12:08:58.682Z",
  "event_id": 8,
  "provider": "Microsoft-Windows-Sysmon",
  "source": "Sysmon",
  "computer_name": "CLIENT02",
  "message": "Sysmon event 8"
 },
 {
  "@timestamp": "2021-09-05T00:05:30.774Z",
  "event_id": 15,
  "provider": "Microsoft-Windows-Sysmon",
  "source": "Sysmon",
  "computer_name": "HR-DESK-01",
  "message": "FileCreateStreamHash:",
  "image": "C:\\Windows\\System32\\svchost.exe",
  "targetfilename": "C:\\Users\\ABYAH\\rbrown\\Downloads\\setup_6.exe:Zone.Identifier"
 },
 {
  "@timestamp": "2021-07-04T16:27:36.441Z",
  "event_id": 4624,
  "provider": "Security-Auditing",
  "source": "Security-Auditing",
  "computer_name": "HR-DESK-02",
  "message": "An account was successfully logged on.",
  "subject_security_id": "S-1-5-18",
  "subject_account_name": "HR-DESK-02$",
  "subject_account_domain": "ABYAH",
  "logon_logon_type": "11",
  "new_logon_account_name": "svc_backup",
  "new_logon_authentication_package": "Negotiate",
  "network_source_address": "10.10.10.10"
 },
 {
  "@timestamp": "2021-04-26T09:31:16.223Z",
  "event_id": 11,
  "provider": "Microsoft-Windows-Sysmon",
  "source": "Sysmon",
  "computer_name": "CLIENT03",
  "message": "File created:",
  "image": "C:\\Program Files\\Microsoft Office\\root\\Office16\\EXCEL.EXE",
  "targetfilename": "C:\\Users\\SYSTEM\\Documents\\file_91.tmp",
  "processid": 3676
 },
 {
  "@timestamp": "2021-07-04T00:03:31.601Z",
  "event_id": 4634,
  "provider": "Security-Auditing",
  "source": "Security-Auditing",
  "computer_name": "CLIENT04",
  "message": "An account was logged off.",
  "target_account_name": "abyah"
 },
 {
  "@timestamp": "2021-01-08T13:05:48.689Z",
  "event_id": 4672,
  "provider": "Security-Auditing",
  "source": "Security-Auditing",
  "computer_name": "CLIENT05",
  "message": "Special privileges assigned to new logon.",
  "subject_account_name": "LOCAL SERVICE",
  "privileges": "SeTcbPrivilege SeBackupPrivilege SeDebugPrivilege"
 },
 {
  "@timestamp": "2021-10-07T16:30:12.315Z",
  "event_id": 3,
  "provider": "Microsoft-Windows-Sysmon",
  "source": "Sysmon",
  "computer_name": "SQL01",
  "message": "Network connection detected:",
  "image": "C:\\Program Files\\Google\\Chrome\\chrome.exe",
  "user": "ABYAH\\ogarcia",
  "destinationip": "142.250.80.46",
  "destinationport": "80",
  "protocol": "tcp"
 },
 {
  "@timestamp": "2021-08-10T17:38:00.898Z",
  "event_id": 4672,
  "provider": "Security-Auditing",
  "source": "Security-Auditing",
  "computer_name": "CLIENT02",
  "message": "Special privileges assigned to new logon.",
  "subject_account_name": "lnguyen",
  "privileges": "SeTcbPrivilege SeBackupPrivilege SeDebugPrivilege"
 },
 {
  "@timestamp": "2021-07-28T04:49:14.422Z",
  "event_id": 6013,
  "provider": "System",
  "source": "System",
  "computer_name": "TEST-01",
  "message": "The system uptime is 1202077 seconds."
 },
 {
  "@timestamp": "2021-10-03T15:40:02.804Z",
  "event_id": 1,
  "provider": "Microsoft-Windows-Sysmon",
  "source": "Sysmon",
  "computer_name": "SQL01",
  "message": "Process Create:",
  "image": "C:\\Program Files\\WindowsApps\\...\\RuntimeBroker.exe",
  "commandline": "\"C:\\Program Files\\WindowsApps\\...\\RuntimeBroker.exe\" --flag-6853 --config-2",
  "user": "ABYAH\\ogarcia",
  "processid": 8918
 },
 {
  "@timestamp": "2021-02-09T11:24:12.361Z",
  "event_id": 11,
  "provider": "Microsoft-Windows-Sysmon",
  "source": "Sysmon",
  "computer_name": "CLIENT05",
  "message": "File created:",
  "image": "C:\\Windows\\System32\\winlogon.exe",
  "targetfilename": "C:\\Users\\WORKGROUP\\User1\\Documents\\file_5.tmp",
  "processid": 2202
 },
 {
  "@timestamp": "2021-06-18T23:05:46.854Z",
  "event_id": 6006,
  "provider": "System",
  "source": "System",
  "computer_name": "CLIENT05",
  "message": "The Event log service was stopped."
 },
 {
  "@timestamp": "2021-11-12T07:38:42.219Z",
  "event_id": 7,
  "provider": "Microsoft-Windows-Sysmon",
  "source": "Sysmon",
  "computer_name": "HR-DESK-01",
  "message": "Image loaded:",
  "image": "C:\\Program Files\\Microsoft Office\\root\\Office16\\EXCEL.EXE",
  "imageloaded": "C:\\Windows\\System32\\advapi32.dll",
  "processid": 1768
 },
 {
  "@timestamp": "2021-01-19T07:57:53.920Z",
  "event_id": 15,
  "provider": "Microsoft-Windows-Sysmon",
  "source": "Sysmon",
  "computer_name": "CLIENT03",
  "message": "FileCreateStreamHash:",
  "image": "C:\\Windows\\System32\\svchost.exe",
  "targetfilename": "C:\\Users\\NETWORK SERVICE\\Downloads\\setup_1.exe:Zone.Identifier"
 },
 {
  "@timestamp": "2021-01-25T07:38:59.907Z",
  "event_id": 7,
  "provider": "Microsoft-Windows-Sysmon",
  "source": "Sysmon",
  "computer_name": "CLIENT02",
  "message": "Image loaded:",
  "image": "C:\\Program Files\\Microsoft Edge\\msedge.exe",
  "imageloaded": "C:\\Windows\\System32\\ole32.dll",
  "processid": 9944
 },
 {
  "@timestamp": "2021-10-13T12:49:10.885Z",
  "event_id": 4634,
  "provider": "Security-Auditing",
  "source": "Security-Auditing",
  "computer_name": "EXCH01",
  "message": "An account was logged off.",
  "target_account_name": "john.smith"
 },
 {
  "@timestamp": "2021-09-18T12:43:17.743Z",
  "event_id": 11,
  "provider": "Microsoft-Windows-Sysmon",
  "source": "Sysmon",
  "computer_name": "CLIENT05",
  "message": "File created:",
  "image": "C:\\Program Files\\Microsoft Office\\root\\Office16\\WINWORD.EXE",
  "targetfilename": "C:\\Users\\ABYAH\\jane.doe\\Documents\\file_89.tmp",
  "processid": 1344
 },
 {
  "@timestamp": "2021-06-06T19:44:21.192Z",
  "event_id": 10,
  "provider": "Microsoft-Windows-Sysmon",
  "source": "Sysmon",
  "computer_name": "HR-DESK-01",
  "message": "Sysmon event 10"
 },
 {
  "@timestamp": "2021-04-24T07:21:46.527Z",
  "event_id": 8,
  "provider": "Microsoft-Windows-Sysmon",
  "source": "Sysmon",
  "computer_name": "EXCH01",
  "message": "Sysmon event 8"
 },
 {
  "@timestamp": "2021-05-09T00:32:58.619Z",
  "event_id": 4624,
  "provider": "Security-Auditing",
  "source": "Security-Auditing",
  "computer_name": "IT-DESK-01",
  "message": "An account was successfully logged on.",
  "subject_security_id": "S-1-5-18",
  "subject_account_name": "IT-DESK-01$",
  "subject_account_domain": "ABYAH",
  "logon_logon_type": "2",
  "new_logon_account_name": "abyah",
  "new_logon_authentication_package": "Kerberos",
  "network_source_address": "10.10.10.10"
 },
 {
  "@timestamp": "2021-01-20T05:02:43.832Z",
  "event_id": 1102,
  "provider": "Security-Auditing",
  "source": "Security-Auditing",
  "computer_name": "DEV-01",
  "message": "Security event 1102 occurred.",
  "details": "Event ID 1102 logged for WORKGROUP\\User2"
 },
 {
  "@timestamp": "2021-04-03T02:12:43.976Z",
  "event_id": 4634,
  "provider": "Security-Auditing",
  "source": "Security-Auditing",
  "computer_name": "CLIENT03",
  "message": "An account was logged off.",
  "target_account_name": "john.smith"
 },
 {
  "@timestamp": "2021-06-18T08:35:21.674Z",
  "event_id": 15,
  "provider": "Microsoft-Windows-Sysmon",
  "source": "Sysmon",
  "computer_name": "WEB01",
  "message": "FileCreateStreamHash:",
  "image": "C:\\Program Files\\WindowsApps\\...\\RuntimeBroker.exe",
  "targetfilename": "C:\\Users\\ABYAH\\jdoe\\Downloads\\setup_1.exe:Zone.Identifier"
 },
 {
  "@timestamp": "2021-02-20T20:25:02.402Z",
  "event_id": 6013,
  "provider": "System",
  "source": "System",
  "computer_name": "WEB01",
  "message": "The system uptime is 7730644 seconds."
 },
 {
  "@timestamp": "2021-04-20T15:43:00.587Z",
  "event_id": 11,
  "provider": "Microsoft-Windows-Sysmon",
  "source": "Sysmon",
  "computer_name": "CLIENT04",
  "message": "File created:",
  "image": "C:\\Program Files\\Google\\Chrome\\chrome.exe",
  "targetfilename": "C:\\Users\\SYSTEM\\Documents\\file_62.tmp",
  "processid": 5466
 },
 {
  "@timestamp": "2021-09-22T21:49:08.755Z",
  "event_id": 6005,
  "provider": "System",
  "source": "System",
  "computer_name": "DC02",
  "message": "The Event log service was started."
 },
 {
  "@timestamp": "2021-12-03T19:36:21.846Z",
  "event_id": 1,
  "provider": "Microsoft-Windows-Sysmon",
  "source": "Sysmon",
  "computer_name": "HR-DESK-01",
  "message": "Process Create:",
  "image": "C:\\Program Files\\Microsoft Edge\\msedge.exe",
  "commandline": "\"C:\\Program Files\\Microsoft Edge\\msedge.exe\" --flag-4995 --config-5",
  "user": "ABYAH\\lnguyen",
  "processid": 7901
 },
 {
  "@timestamp": "2021-03-08T10:44:48.690Z",
  "event_id": 8,
  "provider": "Microsoft-Windows-Sysmon",
  "source": "Sysmon",
  "computer_name": "HR-DESK-02",
  "message": "Sysmon event 8"
 },
 {
  "@timestamp": "2021-03-24T12:04:47.647Z",
  "event_id": 4624,
  "provider": "Security-Auditing",
  "source": "Security-Auditing",
  "computer_name": "DC01",
  "message": "An account was successfully logged on.",
  "subject_security_id": "S-1-5-18",
  "subject_account_name": "DC01$",
  "subject_account_domain": "ABYAH",
  "logon_logon_type": "10",
  "new_logon_account_name": "rbrown",
  "new_logon_authentication_package": "Negotiate",
  "network_source_address": "192.168.1.103"
 },
 {
  "@timestamp": "2021-04-13T16:25:03.438Z",
  "event_id": 1100,
  "provider": "Security-Auditing",
  "source": "Security-Auditing",
  "computer_name": "DC01",
  "message": "Security event 1100 occurred.",
  "details": "Event ID 1100 logged for ABYAH\\john.smith"
 },
 {
  "@timestamp": "2021-07-08T13:53:00.479Z",
  "event_id": 1,
  "provider": "Microsoft-Windows-Sysmon",
  "source": "Sysmon",
  "computer_name": "HR-DESK-01",
  "message": "Process Create:",
  "image": "C:\\Program Files\\Microsoft Office\\root\\Office16\\WINWORD.EXE",
  "commandline": "\"C:\\Program Files\\Microsoft Office\\root\\Office16\\WINWORD.EXE\" --flag-1721 --config-3",
  "user": "NETWORK SERVICE",
  "processid": 9698
 },
 {
  "@timestamp": "2021-10-18T18:07:00.980Z",
  "event_id": 1,
  "provider": "Microsoft-Windows-Sysmon",
  "source": "Sysmon",
  "computer_name": "DC01",
  "message": "Process Create:",
  "image": "C:\\Program Files\\WindowsApps\\...\\RuntimeBroker.exe",
  "commandline": "\"C:\\Program Files\\WindowsApps\\...\\RuntimeBroker.exe\" --flag-4544 --config-1",
  "user": "ABYAH\\klee",
  "processid": 2937
 },
 {
  "@timestamp": "2021-03-01T19:16:21.261Z",
  "event_id": 1,
  "provider": "Microsoft-Windows-Sysmon",
  "source": "Sysmon",
  "computer_name": "CLIENT05",
  "message": "Process Create:",
  "image": "C:\\Windows\\System32\\svchost.exe",
  "commandline": "\"C:\\Windows\\System32\\svchost.exe\" --flag-4277 --config-8",
  "user": "ABYAH\\asmith",
  "processid": 7078
 },
 {
  "@timestamp": "2021-07-02T01:39:45.646Z",
  "event_id": 6006,
  "provider": "System",
  "source": "System",
  "computer_name": "FILE01",
  "message": "The Event log service was stopped."
 },
 {
  "@timestamp": "2021-05-22T10:16:51.379Z",
  "event_id": 4672,
  "provider": "Security-Auditing",
  "source": "Security-Auditing",
  "computer_name": "DEV-01",
  "message": "Special privileges assigned to new logon.",
  "subject_account_name": "svc_backup",
  "privileges": "SeTcbPrivilege SeBackupPrivilege SeDebugPrivilege"
 },
 {
  "@timestamp": "2021-12-18T19:18:44.392Z",
  "event_id": 10,
  "provider": "Microsoft-Windows-Sysmon",
  "source": "Sysmon",
  "computer_name": "CLIENT03",
  "message": "Sysmon event 10"
 },
 {
  "@timestamp": "2021-01-21T17:07:45.661Z",
  "event_id": 3,
  "provider": "Microsoft-Windows-Sysmon",
  "source": "Sysmon",
  "computer_name": "TEST-01",
  "message": "Network connection detected:",
  "image": "C:\\Program Files\\Microsoft Edge\\msedge.exe",
  "user": "ABYAH\\jdoe",
  "destinationip": "13.107.42.14",
  "destinationport": "3389",
  "protocol": "tcp"
 },
 {
  "@timestamp": "2021-05-25T10:25:25.260Z",
  "event_id": 6006,
  "provider": "System",
  "source": "System",
  "computer_name": "CLIENT03",
  "message": "The Event log service was stopped."
 },
 {
  "@timestamp": "2021-10-16T01:20:44.517Z",
  "event_id": 10,
  "provider": "Microsoft-Windows-Sysmon",
  "source": "Sysmon",
  "computer_name": "DEV-01",
  "message": "Sysmon event 10"
 },
 {
  "@timestamp": "2021-03-10T17:27:01.558Z",
  "event_id": 4776,
  "provider": "Security-Auditing",
  "source": "Security-Auditing",
  "computer_name": "HR-DESK-02",
  "message": "The credential validation occurred.",
  "package_authentication_package": "MICROSOFT_AUTHENTICATION_PACKAGE_V1_0",
  "account_account_name": "svc_sql",
  "computer_computer_name": "HR-DESK-02"
 },
 {
  "@timestamp": "2021-01-05T06:22:51.164Z",
  "event_id": 1100,
  "provider": "Security-Auditing",
  "source": "Security-Auditing",
  "computer_name": "HR-DESK-01",
  "message": "Security event 1100 occurred.",
  "details": "Event ID 1100 logged for ABYAH\\asmith"
 },
 {
  "@timestamp": "2021-04-22T00:04:28.335Z",
  "event_id": 6006,
  "provider": "System",
  "source": "System",
  "computer_name": "CLIENT05",
  "message": "The Event log service was stopped."
 },
 {
  "@timestamp": "2021-06-14T01:22:33.550Z",
  "event_id": 11,
  "provider": "Microsoft-Windows-Sysmon",
  "source": "Sysmon",
  "computer_name": "WEB01",
  "message": "File created:",
  "image": "C:\\Program Files\\WindowsApps\\...\\RuntimeBroker.exe",
  "targetfilename": "C:\\Users\\ABYAH\\svc_monitor\\Documents\\file_74.tmp",
  "processid": 2013
 },
 {
  "@timestamp": "2021-04-08T18:20:19.552Z",
  "event_id": 4672,
  "provider": "Security-Auditing",
  "source": "Security-Auditing",
  "computer_name": "SQL01",
  "message": "Special privileges assigned to new logon.",
  "subject_account_name": "klee",
  "privileges": "SeTcbPrivilege SeBackupPrivilege SeDebugPrivilege"
 },
 {
  "@timestamp": "2021-04-04T21:51:20.811Z",
  "event_id": 4624,
  "provider": "Security-Auditing",
  "source": "Security-Auditing",
  "computer_name": "CLIENT05",
  "message": "An account was successfully logged on.",
  "subject_security_id": "S-1-5-18",
  "subject_account_name": "CLIENT05$",
  "subject_account_domain": "ABYAH",
  "logon_logon_type": "11",
  "new_logon_account_name": "admin",
  "new_logon_authentication_package": "NTLM",
  "network_source_address": "192.168.1.104"
 },
 {
  "@timestamp": "2021-11-17T20:36:34.507Z",
  "event_id": 1100,
  "provider": "Security-Auditing",
  "source": "Security-Auditing",
  "computer_name": "SQL01",
  "message": "Security event 1100 occurred.",
  "details": "Event ID 1100 logged for ABYAH\\jdoe"
 },
 {
  "@timestamp": "2021-07-11T12:56:07.667Z",
  "event_id": 6005,
  "provider": "System",
  "source": "System",
  "computer_name": "EXCH01",
  "message": "The Event log service was started."
 },
 {
  "@timestamp": "2021-11-22T17:29:25.660Z",
  "event_id": 6006,
  "provider": "System",
  "source": "System",
  "computer_name": "CLIENT02",
  "message": "The Event log service was stopped."
 },
 {
  "@timestamp": "2021-12-23T15:54:30.920Z",
  "event_id": 7,
  "provider": "Microsoft-Windows-Sysmon",
  "source": "Sysmon",
  "computer_name": "CLIENT01",
  "message": "Image loaded:",
  "image": "C:\\Windows\\System32\\svchost.exe",
  "imageloaded": "C:\\Windows\\System32\\ole32.dll",
  "processid": 2453
 },
 {
  "@timestamp": "2021-10-06T05:01:38.468Z",
  "event_id": 4776,
  "provider": "Security-Auditing",
  "source": "Security-Auditing",
  "computer_name": "WEB01",
  "message": "The credential validation occurred.",
  "package_authentication_package": "MICROSOFT_AUTHENTICATION_PACKAGE_V1_0",
  "account_account_name": "SYSTEM",
  "computer_computer_name": "WEB01"
 },
 {
  "@timestamp": "2021-12-23T19:44:30.317Z",
  "event_id": 4776,
  "provider": "Security-Auditing",
  "source": "Security-Auditing",
  "computer_name": "APP01",
  "message": "The credential validation occurred.",
  "package_authentication_package": "MICROSOFT_AUTHENTICATION_PACKAGE_V1_0",
  "account_account_name": "abyah",
  "computer_computer_name": "APP01"
 },
 {
  "@timestamp": "2021-05-02T05:55:35.236Z",
  "event_id": 3,
  "provider": "Microsoft-Windows-Sysmon",
  "source": "Sysmon",
  "computer_name": "CLIENT03",
  "message": "Network connection detected:",
  "image": "C:\\Windows\\System32\\spoolsv.exe",
  "user": "ABYAH\\admin",
  "destinationip": "10.0.0.1",
  "destinationport": "443",
  "protocol": "tcp"
 },
 {
  "@timestamp": "2021-05-06T14:30:58.342Z",
  "event_id": 15,
  "provider": "Microsoft-Windows-Sysmon",
  "source": "Sysmon",
  "computer_name": "FILE01",
  "message": "FileCreateStreamHash:",
  "image": "C:\\Windows\\System32\\lsass.exe",
  "targetfilename": "C:\\Users\\ABYAH\\admin\\Downloads\\setup_3.exe:Zone.Identifier"
 },
 {
  "@timestamp": "2021-01-05T07:43:11.122Z",
  "event_id": 1102,
  "provider": "Security-Auditing",
  "source": "Security-Auditing",
  "computer_name": "APP01",
  "message": "Security event 1102 occurred.",
  "details": "Event ID 1102 logged for ABYAH\\ogarcia"
 },
 {
  "@timestamp": "2021-10-07T07:48:51.279Z",
  "event_id": 6005,
  "provider": "System",
  "source": "System",
  "computer_name": "HR-DESK-02",
  "message": "The Event log service was started."
 },
 {
  "@timestamp": "2021-08-22T02:38:37.637Z",
  "event_id": 6005,
  "provider": "System",
  "source": "System",
  "computer_name": "CLIENT03",
  "message": "The Event log service was started."
 },
