 {
  "@timestamp": "2021-06-18T14:58:44.548Z",
  "event_id": 4672,
  "provider": "Security-Auditing",
  "source": "Security-Auditing",
  "computer_name": "CLIENT04",
  "message": "Special privileges assigned to new logon.",
  "subject_account_name": "lnguyen",
  "privileges": "SeTcbPrivilege SeBackupPrivilege SeDebugPrivilege"
 },
 {
  "@timestamp": "2021-06-19T18:43:53.385Z",
  "event_id": 6013,
  "provider": "System",
  "source": "System",
  "computer_name": "CLIENT02",
  "message": "The system uptime is 2778648 seconds."
 },
 {
  "@timestamp": "2021-11-18T19:20:13.160Z",
  "event_id": 4624,
  "provider": "Security-Auditing",
  "source": "Security-Auditing",
  "computer_name": "DC01",
  "message": "An account was successfully logged on.",
  "subject_security_id": "S-1-5-18",
  "subject_account_name": "DC01$",
  "subject_account_domain": "ABYAH",
  "logon_logon_type": "2",
  "new_logon_account_name": "svc_monitor",
  "new_logon_authentication_package": "Negotiate",
  "network_source_address": "10.0.0.10"
 },
 {
  "@timestamp": "2021-01-23T03:15:46.616Z",
  "event_id": 1,
  "provider": "Microsoft-Windows-Sysmon",
  "source": "Sysmon",
  "computer_name": "DEV-02",
  "message": "Process Create:",
  "image": "C:\\Program Files\\Microsoft Office\\root\\Office16\\WINWORD.EXE",
  "commandline": "\"C:\\Program Files\\Microsoft Office\\root\\Office16\\WINWORD.EXE\" --flag-9172 --config-2",
  "user": "WORKGROUP\\User1",
  "processid": 7159
 },
 {
  "@timestamp": "2021-09-20T01:20:57.661Z",
  "event_id": 4776,
  "provider": "Security-Auditing",
  "source": "Security-Auditing",
  "computer_name": "HR-DESK-02",
  "message": "The credential validation occurred.",
  "package_authentication_package": "MICROSOFT_AUTHENTICATION_PACKAGE_V1_0",
  "account_account_name": "mperez",
  "computer_computer_name": "HR-DESK-02"
 },
 {
  "@timestamp": "2021-06-27T06:13:29.386Z",
  "event_id": 1,
  "provider": "Microsoft-Windows-Sysmon",
  "source": "Sysmon",
  "computer_name": "WEB01",
  "message": "Process Create:",
  "image": "C:\\Windows\\System32\\winlogon.exe",
  "commandline": "\"C:\\Windows\\System32\\winlogon.exe\" --flag-4239 --config-6",
  "user": "SYSTEM",
  "processid": 7614
 },
 {
  "@timestamp": "2021-09-25T14:04:20.490Z",
  "event_id": 4672,
  "provider": "Security-Auditing",
  "source": "Security-Auditing",
  "computer_name": "FILE01",
  "message": "Special privileges assigned to new logon.",
  "subject_account_name": "svc_backup",
  "privileges": "SeTcbPrivilege SeBackupPrivilege SeDebugPrivilege"
 },
 {
  "@timestamp": "2021-12-19T21:57:18.461Z",
  "event_id": 6013,
  "provider": "System",
  "source": "System",
  "computer_name": "IT-DESK-01",
  "message": "The system uptime is 8398638 seconds."
 },
 {
  "@timestamp": "2021-06-01T10:20:57.764Z",
  "event_id": 6006,
  "provider": "System",
  "source": "System",
  "computer_name": "CLIENT05",
  "message": "The Event log service was stopped."
 },
 {
  "@timestamp": "2021-08-04T09:32:23.996Z",
  "event_id": 6013,
  "provider": "System",
  "source": "System",
  "computer_name": "SQL01",
  "message": "The system uptime is 4902058 seconds."
 },
 {
  "@timestamp": "2021-12-11T04:47:54.778Z",
  "event_id": 10,
  "provider": "Microsoft-Windows-Sysmon",
  "source": "Sysmon",
  "computer_name": "FILE01",
  "message": "Sysmon event 10"
 },
 {
  "@timestamp": "2021-03-25T02:25:41.420Z",
  "event_id": 3,
  "provider": "Microsoft-Windows-Sysmon",
  "source": "Sysmon",
  "computer_name": "DEV-02",
  "message": "Network connection detected:",
  "image": "C:\\Windows\\System32\\lsass.exe",
  "user": "ABYAH\\jane.doe",
  "destinationip": "8.8.8.8",
  "destinationport": "80",
  "protocol": "tcp"
 },
 {
  "@timestamp": "2021-08-10T22:18:20.252Z",
  "event_id": 11,
  "provider": "Microsoft-Windows-Sysmon",
  "source": "Sysmon",
  "computer_name": "CLIENT05",
  "message": "File created:",
  "image": "C:\\Program Files\\Microsoft Edge\\msedge.exe",
  "targetfilename": "C:\\Users\\ABYAH\\lnguyen\\Documents\\file_8.tmp",
  "processid": 4350
 },
 {
  "@timestamp": "2021-10-09T14:12:01.625Z",
  "event_id": 4672,
  "provider": "Security-Auditing",
  "source": "Security-Auditing",
  "computer_name": "HR-DESK-01",
  "message": "Special privileges assigned to new logon.",
  "subject_account_name": "svc_monitor",
  "privileges": "SeTcbPrivilege SeBackupPrivilege SeDebugPrivilege"
 },
 {
  "@timestamp": "2021-12-12T21:54:15.276Z",
  "event_id": 10,
  "provider": "Microsoft-Windows-Sysmon",
  "source": "Sysmon",
  "computer_name": "EXCH01",
  "message": "Sysmon event 10"
 },
 {
  "@timestamp": "2021-12-23T05:37:12.891Z",
  "event_id": 1,
  "provider": "Microsoft-Windows-Sysmon",
  "source": "Sysmon",
  "computer_name": "DC01",
  "message": "Process Create:",
  "image": "C:\\Program Files\\Microsoft Office\\root\\Office16\\EXCEL.EXE",
  "commandline": "\"C:\\Program Files\\Microsoft Office\\root\\Office16\\EXCEL.EXE\" --flag-8151 --config-4",
  "user": "ABYAH\\lnguyen",
  "processid": 5744
 },
 {
  "@timestamp": "2021-03-26T22:05:52.664Z",
  "event_id": 15,
  "provider": "Microsoft-Windows-Sysmon",
  "source": "Sysmon",
  "computer_name": "SQL01",
  "message": "FileCreateStreamHash:",
  "image": "C:\\Windows\\System32\\spoolsv.exe",
  "targetfilename": "C:\\Users\\ABYAH\\klee\\Downloads\\setup_1.exe:Zone.Identifier"
 },
 {
  "@timestamp": "2021-10-19T01:45:01.389Z",
  "event_id": 4672,
  "provider": "Security-Auditing",
  "source": "Security-Auditing",
  "computer_name": "CLIENT04",
  "message": "Special privileges assigned to new logon.",
  "subject_account_name": "rbrown",
  "privileges": "SeTcbPrivilege SeBackupPrivilege SeDebugPrivilege"
 },
 {
  "@timestamp": "2021-11-08T04:20:19.516Z",
  "event_id": 8,
  "provider": "Microsoft-Windows-Sysmon",
  "source": "Sysmon",
  "computer_name": "APP01",
  "message": "Sysmon event 8"
 },
 {
  "@timestamp": "2021-04-26T09:47:46.338Z",
  "event_id": 1102,
  "provider": "Security-Auditing",
  "source": "Security-Auditing",
  "computer_name": "WEB01",
  "message": "Security event 1102 occurred.",
  "details": "Event ID 1102 logged for WORKGROUP\\User2"
 },
 {
  "@timestamp": "2021-04-07T19:49:43.738Z",
  "event_id": 1102,
  "provider": "Security-Auditing",
  "source": "Security-Auditing",
  "computer_name": "SQL01",
  "message": "Security event 1102 occurred.",
  "details": "Event ID 1102 logged for ABYAH\\rbrown"
 },
 {
  "@timestamp": "2021-07-03T05:31:15.397Z",
  "event_id": 4672,
  "provider": "Security-Auditing",
  "source": "Security-Auditing",
  "computer_name": "TEST-01",
  "message": "Special privileges assigned to new logon.",
  "subject_account_name": "svc_backup",
  "privileges": "SeTcbPrivilege SeBackupPrivilege SeDebugPrivilege"
 },
 {
  "@timestamp": "2021-10-03T22:45:13.614Z",
  "event_id": 1,
  "provider": "Microsoft-Windows-Sysmon",
  "source": "Sysmon",
  "computer_name": "FILE01",
  "message": "Process Create:",
  "image": "C:\\Program Files\\Google\\Chrome\\chrome.exe",
  "commandline": "\"C:\\Program Files\\Google\\Chrome\\chrome.exe\" --flag-2369 --config-4",
  "user": "SYSTEM",
  "processid": 1646
 },
 {
  "@timestamp": "2021-10-17T19:03:35.658Z",
  "event_id": 6005,
  "provider": "System",
  "source": "System",
  "computer_name": "FILE01",
  "message": "The Event log service was started."
 },
 {
  "@timestamp": "2021-05-26T11:10:12.219Z",
  "event_id": 11,
  "provider": "Microsoft-Windows-Sysmon",
  "source": "Sysmon",
  "computer_name": "HR-DESK-02",
  "message": "File created:",
  "image": "C:\\Windows\\System32\\spoolsv.exe",
  "targetfilename": "C:\\Users\\ABYAH\\admin\\Documents\\file_74.tmp",
  "processid": 2764
 },
 {
  "@timestamp": "2021-02-22T06:12:20.501Z",
  "event_id": 15,
  "provider": "Microsoft-Windows-Sysmon",
  "source": "Sysmon",
  "computer_name": "APP01",
  "message": "FileCreateStreamHash:",
  "image": "C:\\Windows\\System32\\svchost.exe",
  "targetfilename": "C:\\Users\\ABYAH\\jane.doe\\Downloads\\setup_9.exe:Zone.Identifier"
 },
 {
  "@timestamp": "2021-04-25T13:56:55.741Z",
  "event_id": 11,
  "provider": "Microsoft-Windows-Sysmon",
  "source": "Sysmon",
  "computer_name": "APP01",
  "message": "File created:",
  "image": "C:\\Program Files\\Microsoft Edge\\msedge.exe",
  "targetfilename": "C:\\Users\\ABYAH\\svc_backup\\Documents\\file_52.tmp",
  "processid": 9012
 },
 {
  "@timestamp": "2021-01-28T20:13:44.661Z",
  "event_id": 6005,
  "provider": "System",
  "source": "System",
  "computer_name": "SQL01",
  "message": "The Event log service was started."
 },
 {
  "@timestamp": "2021-05-02T10:52:55.130Z",
  "event_id": 1,
  "provider": "Microsoft-Windows-Sysmon",
  "source": "Sysmon",
  "computer_name": "DEV-01",
  "message": "Process Create:",
  "image": "C:\\Program Files\\Microsoft Edge\\msedge.exe",
  "commandline": "\"C:\\Program Files\\Microsoft Edge\\msedge.exe\" --flag-2835 --config-4",
  "user": "ABYAH\\jane.doe",
  "processid": 4374
 },
 {
  "@timestamp": "2021-07-01T15:04:16.631Z",
  "event_id": 1,
  "provider": "Microsoft-Windows-Sysmon",
  "source": "Sysmon",
  "computer_name": "CLIENT05",
  "message": "Process Create:",
  "image": "C:\\Program Files\\Microsoft Office\\root\\Office16\\EXCEL.EXE",
  "commandline": "\"C:\\Program Files\\Microsoft Office\\root\\Office16\\EXCEL.EXE\" --flag-8778 --config-7",
  "user": "ABYAH\\klee",
  "processid": 6651
 },
 {
  "@timestamp": "2021-06-23T20:29:09.331Z",
  "event_id": 1100,
  "provider": "Security-Auditing",
  "source": "Security-Auditing",
  "computer_name": "APP01",
  "message": "Security event 1100 occurred.",
  "details": "Event ID 1100 logged for ABYAH\\svc_backup"
 },
 {
  "@timestamp": "2021-01-27T06:42:31.757Z",
  "event_id": 6013,
  "provider": "System",
  "source": "System",
  "computer_name": "HR-DESK-01",
  "message": "The system uptime is 8552839 seconds."
 },
 {
  "@timestamp": "2021-01-07T18:39:24.980Z",
  "event_id": 1,
  "provider": "Microsoft-Windows-Sysmon",
  "source": "Sysmon",
  "computer_name": "IT-DESK-01",
  "message": "Process Create:",
  "image": "C:\\Windows\\System32\\svchost.exe",
  "commandline": "\"C:\\Windows\\System32\\svchost.exe\" --flag-4371 --config-1",
  "user": "ABYAH\\ogarcia",
  "processid": 7955
 },
 {
  "@timestamp": "2021-10-20T08:25:58.711Z",
  "event_id": 1100,
  "provider": "Security-Auditing",
  "source": "Security-Auditing",
  "computer_name": "CLIENT05",
  "message": "Security event 1100 occurred.",
  "details": "Event ID 1100 logged for SYSTEM"
 },
 {
  "@timestamp": "2021-04-07T22:29:03.129Z",
  "event_id": 8,
  "provider": "Microsoft-Windows-Sysmon",
  "source": "Sysmon",
  "computer_name": "APP01",
  "message": "Sysmon event 8"
 },
 {
  "@timestamp": "2021-10-16T02:17:41.149Z",
  "event_id": 6006,
  "provider": "System",
  "source": "System",
  "computer_name": "DC01",
  "message": "The Event log service was stopped."
 },
 {
  "@timestamp": "2021-05-07T00:51:48.515Z",
  "event_id": 4776,
  "provider": "Security-Auditing",
  "source": "Security-Auditing",
  "computer_name": "EXCH01",
  "message": "The credential validation occurred.",
  "package_authentication_package": "MICROSOFT_AUTHENTICATION_PACKAGE_V1_0",
  "account_account_name": "mperez",
  "computer_computer_name": "EXCH01"
 },
 {
  "@timestamp": "2021-12-18T22:33:35.297Z",
  "event_id": 1102,
  "provider": "Security-Auditing",
  "source": "Security-Auditing",
  "computer_name": "CLIENT03",
  "message": "Security event 1102 occurred.",
  "details": "Event ID 1102 logged for ABYAH\\svc_monitor"
 },
 {
  "@timestamp": "2021-10-24T00:53:36.604Z",
  "event_id": 11,
  "provider": "Microsoft-Windows-Sysmon",
  "source": "Sysmon",
  "computer_name": "CLIENT04",
  "message": "File created:",
  "image": "C:\\Program Files\\Microsoft Office\\root\\Office16\\WINWORD.EXE",
  "targetfilename": "C:\\Users\\ABYAH\\svc_backup\\Documents\\file_24.tmp",
  "processid": 3328
 },
 {
  "@timestamp": "2021-09-11T23:17:22.423Z",
  "event_id": 6006,
  "provider": "System",
  "source": "System",
  "computer_name": "CLIENT05",
  "message": "The Event log service was stopped."
 },
 {
  "@timestamp": "2021-01-07T09:33:55.269Z",
  "event_id": 1,
  "provider": "Microsoft-Windows-Sysmon",
  "source": "Sysmon",
  "computer_name": "HR-DESK-02",
  "message": "Process Create:",
  "image": "C:\\Windows\\System32\\spoolsv.exe",
  "commandline": "\"C:\\Windows\\System32\\spoolsv.exe\" --flag-4853 --config-7",
  "user": "ABYAH\\jdoe",
  "processid": 9120
 },
 {
  "@timestamp": "2021-07-19T20:12:09.346Z",
  "event_id": 4776,
  "provider": "Security-Auditing",
  "source": "Security-Auditing",
  "computer_name": "EXCH01",
  "message": "The credential validation occurred.",
  "package_authentication_package": "MICROSOFT_AUTHENTICATION_PACKAGE_V1_0",
  "account_account_name": "john.smith",
  "computer_computer_name": "EXCH01"
 },
 {
  "@timestamp": "2021-05-15T11:33:19.523Z",
  "event_id": 4624,
  "provider": "Security-Auditing",
  "source": "Security-Auditing",
  "computer_name": "HR-DESK-02",
  "message": "An account was successfully logged on.",
  "subject_security_id": "S-1-5-18",
  "subject_account_name": "HR-DESK-02$",
  "subject_account_domain": "ABYAH",
  "logon_logon_type": "11",
  "new_logon_account_name": "klee",
  "new_logon_authentication_package": "Kerberos",
  "network_source_address": "192.168.1.103"
 },
 {
  "@timestamp": "2021-04-16T02:08:02.509Z",
  "event_id": 1100,
  "provider": "Security-Auditing",
  "source": "Security-Auditing",
  "computer_name": "HR-DESK-01",
  "message": "Security event 1100 occurred.",
  "details": "Event ID 1100 logged for ABYAH\\klee"
 },
 {
  "@timestamp": "2021-10-15T15:25:02.224Z",
  "event_id": 1100,
  "provider": "Security-Auditing",
  "source": "Security-Auditing",
  "computer_name": "FILE01",
  "message": "Security event 1100 occurred.",
  "details": "Event ID 1100 logged for ABYAH\\ogarcia"
 },
 {
  "@timestamp": "2021-02-04T23:49:17.359Z",
  "event_id": 1102,
  "provider": "Security-Auditing",
  "source": "Security-Auditing",
  "computer_name": "DEV-02",
  "message": "Security event 1102 occurred.",
  "details": "Event ID 1102 logged for ABYAH\\lnguyen"
 },
 {
  "@timestamp": "2021-12-10T22:13:44.488Z",
  "event_id": 7,
  "provider": "Microsoft-Windows-Sysmon",
  "source": "Sysmon",
  "computer_name": "WEB01",
  "message": "Image loaded:",
  "image": "C:\\Program Files\\Google\\Chrome\\chrome.exe",
  "imageloaded": "C:\\Windows\\System32\\kernel32.dll",
  "processid": 2190
 },
 {
  "@timestamp": "2021-07-01T06:56:24.177Z",
  "event_id": 6013,
  "provider": "System",
  "source": "System",
  "computer_name": "CLIENT03",
  "message": "The system uptime is 1598640 seconds."
 },
 {
  "@timestamp": "2021-06-11T22:40:17.488Z",
  "event_id": 4672,
  "provider": "Security-Auditing",
  "source": "Security-Auditing",
  "computer_name": "CLIENT04",
  "message": "Special privileges assigned to new logon.",
  "subject_account_name": "admin",
  "privileges": "SeTcbPrivilege SeBackupPrivilege SeDebugPrivilege"
 },
 {
  "@timestamp": "2021-07-17T08:59:54.897Z",
  "event_id": 7,
  "provider": "Microsoft-Windows-Sysmon",
  "source": "Sysmon",
  "computer_name": "CLIENT01",
  "message": "Image loaded:",
  "image": "C:\\Program Files\\WindowsApps\\...\\RuntimeBroker.exe",
  "imageloaded": "C:\\Windows\\System32\\ntdll.dll",
  "processid": 9189
 },
 {
  "@timestamp": "2021-11-09T20:43:20.387Z",
  "event_id": 6005,
  "provider": "System",
  "source": "System",
  "computer_name": "CLIENT03",
  "message": "The Event log service was started."
 },
 {
  "@timestamp": "2021-01-01T07:00:54.188Z",
  "event_id": 15,
  "provider": "Microsoft-Windows-Sysmon",
  "source": "Sysmon",
  "computer_name": "HR-DESK-02",
  "message": "FileCreateStreamHash:",
  "image": "C:\\Windows\\explorer.exe",
  "targetfilename": "C:\\Users\\ABYAH\\svc_sql\\Downloads\\setup_2.exe:Zone.Identifier"
 },
 {
  "@timestamp": "2021-03-08T16:24:51.701Z",
  "event_id": 8,
  "provider": "Microsoft-Windows-Sysmon",
  "source": "Sysmon",
  "computer_name": "DEV-01",
  "message": "Sysmon event 8"
 },
 {
  "@timestamp": "2021-12-28T06:24:51.643Z",
  "event_id": 6005,
  "provider": "System",
  "source": "System",
  "computer_name": "IT-DESK-01",
  "message": "The Event log service was started."
 },
 {
  "@timestamp": "2021-11-21T14:01:50.699Z",
  "event_id": 6006,
  "provider": "System",
  "source": "System",
  "computer_name": "CLIENT04",
  "message": "The Event log service was stopped."
 },
 {
  "@timestamp": "2021-07-22T11:02:34.216Z",
  "event_id": 4624,
  "provider": "Security-Auditing",
  "source": "Security-Auditing",
  "computer_name": "SQL01",
  "message": "An account was successfully logged on.",
  "subject_security_id": "S-1-5-18",
  "subject_account_name": "SQL01$",
  "subject_account_domain": "ABYAH",
  "logon_logon_type": "2",
  "new_logon_account_name": "User2",
  "new_logon_authentication_package": "Negotiate",
  "network_source_address": "172.16.0.2"
 },
 {
  "@timestamp": "2021-09-21T08:35:17.293Z",
  "event_id": 6005,
  "provider": "System",
  "source": "System",
  "computer_name": "CLIENT02",
  "message": "The Event log service was started."
 },
 {
  "@timestamp": "2021-03-26T15:59:36.438Z",
  "event_id": 8,
  "provider": "Microsoft-Windows-Sysmon",
  "source": "Sysmon",
  "computer_name": "HR-DESK-02",
  "message": "Sysmon event 8"
 },
 {
  "@timestamp": "2021-10-12T08:18:39.866Z",
  "event_id": 10,
  "provider": "Microsoft-Windows-Sysmon",
  "source": "Sysmon",
  "computer_name": "FILE01",
  "message": "Sysmon event 10"
 },
 {
  "@timestamp": "2021-12-25T22:30:53.812Z",
  "event_id": 6006,
  "provider": "System",
  "source": "System",
  "computer_name": "SQL01",
  "message": "The Event log service was stopped."
 },
 {
  "@timestamp": "2021-03-17T00:00:07.524Z",
  "event_id": 7,
  "provider": "Microsoft-Windows-Sysmon",
  "source": "Sysmon",
  "computer_name": "CLIENT04",
  "message": "Image loaded:",
  "image": "C:\\Program Files\\Google\\Chrome\\chrome.exe",
  "imageloaded": "C:\\Windows\\System32\\ole32.dll",
  "processid": 2095
 },
 {
  "@timestamp": "2021-10-22T09:44:48.426Z",
  "event_id": 8,
  "provider": "Microsoft-Windows-Sysmon",
  "source": "Sysmon",
  "computer_name": "IT-DESK-01",
  "message": "Sysmon event 8"
 },
 {
  "@timestamp": "2021-12-07T17:14:52.266Z",
  "event_id": 4776,
  "provider": "Security-Auditing",
  "source": "Security-Auditing",
  "computer_name": "HR-DESK-02",
  "message": "The credential validation occurred.",
  "package_authentication_package": "MICROSOFT_AUTHENTICATION_PACKAGE_V1_0",
  "account_account_name": "ogarcia",
  "computer_computer_name": "HR-DESK-02"
 },
 {
  "@timestamp": "2021-11-22T01:03:05.555Z",
  "event_id": 1102,
  "provider": "Security-Auditing",
  "source": "Security-Auditing",
  "computer_name": "SQL01",
  "message": "Security event 1102 occurred.",
  "details": "Event ID 1102 logged for WORKGROUP\\User2"
 },
 {
  "@timestamp": "2021-11-21T10:28:25.176Z",
  "event_id": 1102,
  "provider": "Security-Auditing",
  "source": "Security-Auditing",
  "computer_name": "CLIENT03",
  "message": "Security event 1102 occurred.",
  "details": "Event ID 1102 logged for ABYAH\\jdoe"
 },
 {
  "@timestamp": "2021-09-10T02:44:58.973Z",
  "event_id": 3,
  "provider": "Microsoft-Windows-Sysmon",
  "source": "Sysmon",
  "computer_name": "CLIENT03",
  "message": "Network connection detected:",
  "image": "C:\\Program Files\\Microsoft Office\\root\\Office16\\EXCEL.EXE",
  "user": "WORKGROUP\\User1",
  "destinationip": "10.0.0.1",
  "destinationport": "443",
  "protocol": "tcp"
 },
 {
  "@timestamp": "2021-09-07T20:13:30.273Z",
  "event_id": 11,
  "provider": "Microsoft-Windows-Sysmon",
  "source": "Sysmon",
  "computer_name": "APP01",
  "message": "File created:",
  "image": "C:\\Windows\\explorer.exe",
  "targetfilename": "C:\\Users\\ABYAH\\rbrown\\Documents\\file_87.tmp",
  "processid": 9763
 },
 {
  "@timestamp": "2021-02-22T06:03:58.241Z",
  "event_id": 11,
  "provider": "Microsoft-Windows-Sysmon",
  "source": "Sysmon",
  "computer_name": "TEST-01",
  "message": "File created:",
  "image": "C:\\Program Files\\WindowsApps\\...\\RuntimeBroker.exe",
  "targetfilename": "C:\\Users\\ABYAH\\svc_monitor\\Documents\\file_54.tmp",
  "processid": 6336
 },
 {
  "@timestamp": "2021-06-17T17:08:56.846Z",
  "event_id": 1100,
  "provider": "Security-Auditing",
  "source": "Security-Auditing",
  "computer_name": "SQL01",
  "message": "Security event 1100 occurred.",
  "details": "Event ID 1100 logged for ABYAH\\svc_monitor"
 },
 {
  "@timestamp": "2021-10-09T02:59:46.102Z",
  "event_id": 1,
  "provider": "Microsoft-Windows-Sysmon",
  "source": "Sysmon",
  "computer_name": "DEV-02",
  "message": "Process Create:",
  "image": "C:\\Windows\\System32\\lsass.exe",
  "commandline": "\"C:\\Windows\\System32\\lsass.exe\" --flag-8989 --config-2",
  "user": "NETWORK SERVICE",
  "processid": 2900
 },
 {
  "@timestamp": "2021-05-13T22:41:05.205Z",
  "event_id": 1,
  "provider": "Microsoft-Windows-Sysmon",
  "source": "Sysmon",
  "computer_name": "CLIENT02",
  "message": "Process Create:",
  "image": "C:\\Program Files\\Microsoft Office\\root\\Office16\\EXCEL.EXE",
  "commandline": "\"C:\\Program Files\\Microsoft Office\\root\\Office16\\EXCEL.EXE\" --flag-9271 --config-4",
  "user": "ABYAH\\admin",
  "processid": 1988
 },
 {
  "@timestamp": "2021-08-07T23:52:49.786Z",
  "event_id": 8,
  "provider": "Microsoft-Windows-Sysmon",
  "source": "Sysmon",
  "computer_name": "CLIENT03",
  "message": "Sysmon event 8"
 },
 {
  "@timestamp": "2021-08-24T21:30:18.672Z",
  "event_id": 1102,
  "provider": "Security-Auditing",
  "source": "Security-Auditing",
  "computer_name": "CLIENT01",
  "message": "Security event 1102 occurred.",
  "details": "Event ID 1102 logged for ABYAH\\ogarcia"
 },
 {
  "@timestamp": "2021-08-18T17:56:07.747Z",
  "event_id": 11,
  "provider": "Microsoft-Windows-Sysmon",
  "source": "Sysmon",
  "computer_name": "DC02",
  "message": "File created:",
  "image": "C:\\Windows\\System32\\lsass.exe",
  "targetfilename": "C:\\Users\\SYSTEM\\Documents\\file_19.tmp",
  "processid": 6580
 },
 {
  "@timestamp": "2021-11-24T17:53:01.663Z",
  "event_id": 6006,
  "provider": "System",
  "source": "System",
  "computer_name": "SQL01",
  "message": "The Event log service was stopped."
 },
 {
  "@timestamp": "2021-10-14T21:25:26.845Z",
  "event_id": 15,
  "provider": "Microsoft-Windows-Sysmon",
  "source": "Sysmon",
  "computer_name": "DC02",
  "message": "FileCreateStreamHash:",
  "image": "C:\\Program Files\\WindowsApps\\...\\RuntimeBroker.exe",
  "targetfilename": "C:\\Users\\ABYAH\\svc_monitor\\Downloads\\setup_1.exe:Zone.Identifier"
 },
 {
  "@timestamp": "2021-04-27T18:41:23.570Z",
  "event_id": 6013,
  "provider": "System",
  "source": "System",
  "computer_name": "TEST-01",
  "message": "The system uptime is 1159939 seconds."
 },
 {
  "@timestamp": "2021-12-01T00:12:43.862Z",
  "event_id": 6013,
  "provider": "System",
  "source": "System",
  "computer_name": "WEB01",
  "message": "The system uptime is 8025331 seconds."
 },
 {
  "@timestamp": "2021-08-17T01:33:40.624Z",
  "event_id": 4624,
  "provider": "Security-Auditing",
  "source": "Security-Auditing",
  "computer_name": "CLIENT01",
  "message": "An account was successfully logged on.",
  "subject_security_id": "S-1-5-18",
  "subject_account_name": "CLIENT01$",
  "subject_account_domain": "ABYAH",
  "logon_logon_type": "11",
  "new_logon_account_name": "svc_backup",
  "new_logon_authentication_package": "NTLM",
  "network_source_address": "192.168.1.20"
 },
 {
  "@timestamp": "2021-08-26T22:02:36.627Z",
  "event_id": 8,
  "provider": "Microsoft-Windows-Sysmon",
  "source": "Sysmon",
  "computer_name": "DC02",
  "message": "Sysmon event 8"
 },
 {
  "@timestamp": "2021-11-23T22:27:31.839Z",
  "event_id": 1102,
  "provider": "Security-Auditing",
  "source": "Security-Auditing",
  "computer_name": "APP01",
  "message": "Security event 1102 occurred.",
  "details": "Event ID 1102 logged for ABYAH\\klee"
 },
 {
  "@timestamp": "2021-06-02T15:51:18.789Z",
  "event_id": 1100,
  "provider": "Security-Auditing",
  "source": "Security-Auditing",
  "computer_name": "HR-DESK-02",
  "message": "Security event 1100 occurred.",
  "details": "Event ID 1100 logged for ABYAH\\svc_sql"
 },
 {
  "@timestamp": "2021-03-14T15:25:23.793Z",
  "event_id": 15,
  "provider": "Microsoft-Windows-Sysmon",
  "source": "Sysmon",
  "computer_name": "IT-DESK-01",
  "message": "FileCreateStreamHash:",
  "image": "C:\\Program Files\\WindowsApps\\...\\RuntimeBroker.exe",
  "targetfilename": "C:\\Users\\ABYAH\\ogarcia\\Downloads\\setup_5.exe:Zone.Identifier"
 },
 {
  "@timestamp": "2021-08-19T08:31:30.691Z",
  "event_id": 1102,
  "provider": "Security-Auditing",
  "source": "Security-Auditing",
  "computer_name": "WEB01",
  "message": "Security event 1102 occurred.",
  "details": "Event ID 1102 logged for ABYAH\\bwilson"
 },
 {
  "@timestamp": "2021-03-25T04:03:11.547Z",
  "event_id": 4624,
  "provider": "Security-Auditing",
  "source": "Security-Auditing",
  "computer_name": "CLIENT04",
  "message": "An account was successfully logged on.",
  "subject_security_id": "S-1-5-18",
  "subject_account_name": "CLIENT04$",
  "subject_account_domain": "ABYAH",
  "logon_logon_type": "8",
  "new_logon_account_name": "abyah",
  "new_logon_authentication_package": "Kerberos",
  "network_source_address": "192.168.1.105"
 },
 {
  "@timestamp": "2021-11-09T11:10:59.480Z",
  "event_id": 3,
  "provider": "Microsoft-Windows-Sysmon",
  "source": "Sysmon",
  "computer_name": "HR-DESK-01",
  "message": "Network connection detected:",
  "image": "C:\\Program Files\\Microsoft Office\\root\\Office16\\WINWORD.EXE",
  "user": "ABYAH\\asmith",
  "destinationip": "142.250.80.46",
  "destinationport": "443",
  "protocol": "tcp"
 },
 {
  "@timestamp": "2021-12-13T07:21:05.543Z",
  "event_id": 4624,
  "provider": "Security-Auditing",
  "source": "Security-Auditing",
  "computer_name": "DC02",
  "message": "An account was successfully logged on.",
  "subject_security_id": "S-1-5-18",
  "subject_account_name": "DC02$",
  "subject_account_domain": "ABYAH",
  "logon_logon_type": "10",
  "new_logon_account_name": "svc_backup",
  "new_logon_authentication_package": "Negotiate",
  "network_source_address": "192.168.1.104"
 },
 {
  "@timestamp": "2021-02-05T10:45:35.304Z",
  "event_id": 7,
  "provider": "Microsoft-Windows-Sysmon",
  "source": "Sysmon",
  "computer_name": "CLIENT05",
  "message": "Image loaded:",
  "image": "C:\\Program Files\\WindowsApps\\...\\RuntimeBroker.exe",
  "imageloaded": "C:\\Windows\\System32\\advapi32.dll",
  "processid": 1405
 },
 {
  "@timestamp": "2021-10-07T06:08:31.544Z",
  "event_id": 6006,
  "provider": "System",
  "source": "System",
  "computer_name": "HR-DESK-02",
  "message": "The Event log service was stopped."
 },
 {
  "@timestamp": "2021-06-23T12:10:49.889Z",
  "event_id": 6005,
  "provider": "System",
  "source": "System",
  "computer_name": "TEST-01",
  "message": "The Event log service was started."
 },
 {
  "@timestamp": "2021-11-06T05:21:48.693Z",
  "event_id": 1100,
  "provider": "Security-Auditing",
  "source": "Security-Auditing",
  "computer_name": "DEV-01",
  "message": "Security event 1100 occurred.",
  "details": "Event ID 1100 logged for ABYAH\\asmith"
 },
 {
  "@timestamp": "2021-12-23T22:56:03.107Z",
  "event_id": 4624,
  "provider": "Security-Auditing",
  "source": "Security-Auditing",
  "computer_name": "DEV-01",
  "message": "An account was successfully logged on.",
  "subject_security_id": "S-1-5-18",
  "subject_account_name": "DEV-01$",
  "subject_account_domain": "ABYAH",
  "logon_logon_type": "10",
  "new_logon_account_name": "mperez",
  "new_logon_authentication_package": "Negotiate",
  "network_source_address": "192.168.1.103"
 },
 {
  "@timestamp": "2021-05-07T06:14:56.879Z",
  "event_id": 7,
  "provider": "Microsoft-Windows-Sysmon",
  "source": "Sysmon",
  "computer_name": "DC01",
  "message": "Image loaded:",
  "image": "C:\\Program Files\\Microsoft Office\\root\\Office16\\WINWORD.EXE",
  "imageloaded": "C:\\Windows\\System32\\ntdll.dll",
  "processid": 3028
 },
 {
  "@timestamp": "2021-06-13T20:49:05.230Z",
  "event_id": 10,
  "provider": "Microsoft-Windows-Sysmon",
  "source": "Sysmon",
  "computer_name": "CLIENT02",
  "message": "Sysmon event 10"
 },
 {
  "@timestamp": "2021-05-15T07:28:06.706Z",
  "event_id": 1100,
  "provider": "Security-Auditing",
  "source": "Security-Auditing",
  "computer_name": "DC01",
  "message": "Security event 1100 occurred.",
  "details": "Event ID 1100 logged for ABYAH\\john.smith"
 },
 {
  "@timestamp": "2021-10-22T12:34:01.768Z",
  "event_id": 6006,
  "provider": "System",
  "source": "System",
  "computer_name": "HR-DESK-02",
  "message": "The Event log service was stopped."
 },
 {
  "@timestamp": "2021-12-27T22:09:06.476Z",
  "event_id": 7,
  "provider": "Microsoft-Windows-Sysmon",
  "source": "Sysmon",
  "computer_name": "CLIENT03",
  "message": "Image loaded:",
  "image": "C:\\Windows\\explorer.exe",
  "imageloaded": "C:\\Windows\\System32\\advapi32.dll",
  "processid": 9837
 },
 {
  "@timestamp": "2021-01-11T06:45:09.744Z",
  "event_id": 8,
  "provider": "Microsoft-Windows-Sysmon",
  "source": "Sysmon",
  "computer_name": "CLIENT03",
  "message": "Sysmon event 8"
 },
 {
  "@timestamp": "2021-09-12T19:13:16.843Z",
  "event_id": 3,
  "provider": "Microsoft-Windows-Sysmon",
  "source": "Sysmon",
  "computer_name": "DEV-02",
  "message": "Network connection detected:",
  "image": "C:\\Windows\\System32\\spoolsv.exe",
  "user": "ABYAH\\svc_sql",
  "destinationip": "1.1.1.1",
  "destinationport": "443",
  "protocol": "tcp"
 },
 {
  "@timestamp": "2021-10-20T14:58:58.793Z",
  "event_id": 10,
  "provider": "Microsoft-Windows-Sysmon",
  "source": "Sysmon",
  "computer_name": "IT-DESK-01",
  "message": "Sysmon event 10"
 },
 {
  "@timestamp": "2021-01-08T05:06:38.622Z",
  "event_id": 15,
  "provider": "Microsoft-Windows-Sysmon",
  "source": "Sysmon",
  "computer_name": "CLIENT05",
  "message": "FileCreateStreamHash:",
  "image": "C:\\Program Files\\Microsoft Office\\root\\Office16\\WINWORD.EXE",
  "targetfilename": "C:\\Users\\LOCAL SERVICE\\Downloads\\setup_6.exe:Zone.Identifier"
 },
 {
  "@timestamp": "2021-11-22T23:01:08.439Z",
  "event_id": 15,
  "provider": "Microsoft-Windows-Sysmon",
  "source": "Sysmon",
  "computer_name": "SQL01",
  "message": "FileCreateStreamHash:",
  "image": "C:\\Windows\\explorer.exe",
  "targetfilename": "C:\\Users\\ABYAH\\rbrown\\Downloads\\setup_1.exe:Zone.Identifier"
 },
 {
  "@timestamp": "2021-07-21T14:14:19.606Z",
  "event_id": 6013,
  "provider": "System",
  "source": "System",
  "computer_name": "DC02",
  "message": "The system uptime is 7105345 seconds."
 },
 {
  "@timestamp": "2021-07-08T04:35:37.466Z",
  "event_id": 6005,
  "provider": "System",
  "source": "System",
  "computer_name": "TEST-01",
  "message": "The Event log service was started."
 },
 {
  "@timestamp": "2021-03-10T04:54:30.490Z",
  "event_id": 1,
  "provider": "Microsoft-Windows-Sysmon",
  "source": "Sysmon",
  "computer_name": "CLIENT04",
  "message": "Process Create:",
  "image": "C:\\Program Files\\Microsoft Office\\root\\Office16\\WINWORD.EXE",
  "commandline": "\"C:\\Program Files\\Microsoft Office\\root\\Office16\\WINWORD.EXE\" --flag-3767 --config-3",
  "user": "ABYAH\\jane.doe",
  "processid": 2690
 },
 {
  "@timestamp": "2021-04-19T21:26:14.710Z",
  "event_id": 6013,
  "provider": "System",
  "source": "System",
  "computer_name": "CLIENT03",
  "message": "The system uptime is 4414614 seconds."
 },
 {
  "@timestamp": "2021-10-12T10:50:47.392Z",
  "event_id": 10,
  "provider": "Microsoft-Windows-Sysmon",
  "source": "Sysmon",
  "computer_name": "TEST-01",
  "message": "Sysmon event 10"
 },
 {
  "@timestamp": "2021-08-02T16:31:13.132Z",
  "event_id": 6013,
  "provider": "System",
  "source": "System",
  "computer_name": "SQL01",
  "message": "The system uptime is 998845 seconds."
 },
 {
  "@timestamp": "2021-04-13T21:24:14.799Z",
  "event_id": 4634,
  "provider": "Security-Auditing",
  "source": "Security-Auditing",
  "computer_name": "IT-DESK-01",
  "message": "An account was logged off.",
  "target_account_name": "SYSTEM"
 },
 {
  "@timestamp": "2021-12-23T05:10:46.309Z",
  "event_id": 3,
  "provider": "Microsoft-Windows-Sysmon",
  "source": "Sysmon",
  "computer_name": "EXCH01",
  "message": "Network connection detected:",
  "image": "C:\\Program Files\\WindowsApps\\...\\RuntimeBroker.exe",
  "user": "ABYAH\\svc_backup",
  "destinationip": "10.0.0.1",
  "destinationport": "3389",
  "protocol": "tcp"
 },
 {
  "@timestamp": "2021-11-13T00:51:06.694Z",
  "event_id": 4776,
  "provider": "Security-Auditing",
  "source": "Security-Auditing",
  "computer_name": "HR-DESK-02",
  "message": "The credential validation occurred.",
  "package_authentication_package": "MICROSOFT_AUTHENTICATION_PACKAGE_V1_0",
  "account_account_name": "User2",
  "computer_computer_name": "HR-DESK-02"
 },
 {
  "@timestamp": "2021-07-13T23:46:01.865Z",
  "event_id": 4624,
  "provider": "Security-Auditing",
  "source": "Security-Auditing",
  "computer_name": "DEV-02",
  "message": "An account was successfully logged on.",
  "subject_security_id": "S-1-5-18",
  "subject_account_name": "DEV-02$",
  "subject_account_domain": "ABYAH",
  "logon_logon_type": "11",
  "new_logon_account_name": "lnguyen",
  "new_logon_authentication_package": "Negotiate",
  "network_source_address": "172.16.0.1"
 },
 {
  "@timestamp": "2021-08-25T17:56:36.743Z",
  "event_id": 11,
  "provider": "Microsoft-Windows-Sysmon",
  "source": "Sysmon",
  "computer_name": "CLIENT03",
  "message": "File created:",
  "image": "C:\\Program Files\\WindowsApps\\...\\RuntimeBroker.exe",
  "targetfilename": "C:\\Users\\ABYAH\\lnguyen\\Documents\\file_89.tmp",
  "processid": 4239
 },
 {
  "@timestamp": "2021-02-16T13:50:03.905Z",
  "event_id": 10,
  "provider": "Microsoft-Windows-Sysmon",
  "source": "Sysmon",
  "computer_name": "CLIENT02",
  "message": "Sysmon event 10"
 },
 {
  "@timestamp": "2021-02-14T09:58:49.824Z",
  "event_id": 11,
  "provider": "Microsoft-Windows-Sysmon",
  "source": "Sysmon",
  "computer_name": "DEV-01",
  "message": "File created:",
  "image": "C:\\Windows\\System32\\spoolsv.exe",
  "targetfilename": "C:\\Users\\ABYAH\\abyah\\Documents\\file_85.tmp",
  "processid": 6992
 },
 {
  "@timestamp": "2021-08-27T07:45:17.528Z",
  "event_id": 10,
  "provider": "Microsoft-Windows-Sysmon",
  "source": "Sysmon",
  "computer_name": "CLIENT05",
  "message": "Sysmon event 10"
 },
 {
  "@timestamp": "2021-12-08T17:28:49.662Z",
  "event_id": 6005,
  "provider": "System",
  "source": "System",
  "computer_name": "EXCH01",
  "message": "The Event log service was started."
 },
 {
  "@timestamp": "2021-11-11T12:27:22.189Z",
  "event_id": 11,
  "provider": "Microsoft-Windows-Sysmon",
  "source": "Sysmon",
  "computer_name": "DC01",
  "message": "File created:",
  "image": "C:\\Program Files\\Google\\Chrome\\chrome.exe",
  "targetfilename": "C:\\Users\\ABYAH\\jane.doe\\Documents\\file_71.tmp",
  "processid": 4135
 },
 {
  "@timestamp": "2021-10-17T17:32:15.555Z",
  "event_id": 6005,
  "provider": "System",
  "source": "System",
  "computer_name": "SQL01",
  "message": "The Event log service was started."
 },
 {
  "@timestamp": "2021-09-11T19:13:32.141Z",
  "event_id": 6005,
  "provider": "System",
  "source": "System",
  "computer_name": "HR-DESK-01",
  "message": "The Event log service was started."
 },
 {
  "@timestamp": "2021-01-17T18:41:37.948Z",
  "event_id": 6006,
  "provider": "System",
  "source": "System",
  "computer_name": "CLIENT01",
  "message": "The Event log service was stopped."
 },
 {
  "@timestamp": "2021-04-10T07:22:16.641Z",
  "event_id": 7,
  "provider": "Microsoft-Windows-Sysmon",
  "source": "Sysmon",
  "computer_name": "CLIENT02",
  "message": "Image loaded:",
  "image": "C:\\Windows\\System32\\spoolsv.exe",
  "imageloaded": "C:\\Windows\\System32\\advapi32.dll",
  "processid": 6406
 },
 {
  "@timestamp": "2021-07-02T07:32:28.165Z",
  "event_id": 4634,
  "provider": "Security-Auditing",
  "source": "Security-Auditing",
  "computer_name": "CLIENT05",
  "message": "An account was logged off.",
  "target_account_name": "bwilson"
 },
 {
  "@timestamp": "2021-05-14T19:18:24.537Z",
  "event_id": 1102,
  "provider": "Security-Auditing",
  "source": "Security-Auditing",
  "computer_name": "CLIENT04",
  "message": "Security event 1102 occurred.",
  "details": "Event ID 1102 logged for NETWORK SERVICE"
 },
 {
  "@timestamp": "2021-08-13T08:28:17.570Z",
  "event_id": 6005,
  "provider": "System",
  "source": "System",
  "computer_name": "EXCH01",
  "message": "The Event log service was started."
 },
 {
  "@timestamp": "2021-03-06T03:51:21.145Z",
  "event_id": 4634,
  "provider": "Security-Auditing",
  "source": "Security-Auditing",
  "computer_name": "SQL01",
  "message": "An account was logged off.",
  "target_account_name": "LOCAL SERVICE"
 },
 {
  "@timestamp": "2021-09-26T13:45:32.828Z",
  "event_id": 3,
  "provider": "Microsoft-Windows-Sysmon",
  "source": "Sysmon",
  "computer_name": "CLIENT05",
  "message": "Network connection detected:",
  "image": "C:\\Program Files\\WindowsApps\\...\\RuntimeBroker.exe",
  "user": "ABYAH\\ogarcia",
  "destinationip": "8.8.8.8",
  "destinationport": "80",
  "protocol": "tcp"
 },
 {
  "@timestamp": "2021-10-08T06:13:23.234Z",
  "event_id": 6005,
  "provider": "System",
  "source": "System",
  "computer_name": "DEV-02",
  "message": "The Event log service was started."
 },
 {
  "@timestamp": "2021-09-11T10:47:00.884Z",
  "event_id": 8,
  "provider": "Microsoft-Windows-Sysmon",
  "source": "Sysmon",
  "computer_name": "CLIENT01",
  "message": "Sysmon event 8"
 },
 {
  "@timestamp": "2021-09-01T03:56:56.131Z",
  "event_id": 3,
  "provider": "Microsoft-Windows-Sysmon",
  "source": "Sysmon",
  "computer_name": "EXCH01",
  "message": "Network connection detected:",
  "image": "C:\\Windows\\explorer.exe",
  "user": "ABYAH\\svc_monitor",
  "destinationip": "8.8.8.8",
  "destinationport": "443",
  "protocol": "tcp"
 },
 {
  "@timestamp": "2021-02-12T17:03:24.865Z",
  "event_id": 15,
  "provider": "Microsoft-Windows-Sysmon",
  "source": "Sysmon",
  "computer_name": "TEST-01",
  "message": "FileCreateStreamHash:",
  "image": "C:\\Windows\\System32\\lsass.exe",
  "targetfilename": "C:\\Users\\ABYAH\\jdoe\\Downloads\\setup_2.exe:Zone.Identifier"
 },
 {
  "@timestamp": "2021-01-12T10:07:36.197Z",
  "event_id": 4634,
  "provider": "Security-Auditing",
  "source": "Security-Auditing",
  "computer_name": "CLIENT05",
  "message": "An account was logged off.",
  "target_account_name": "abyah"
 },
 {
  "@timestamp": "2021-09-15T02:32:27.914Z",
  "event_id": 11,
  "provider": "Microsoft-Windows-Sysmon",
  "source": "Sysmon",
  "computer_name": "HR-DESK-02",
  "message": "File created:",
  "image": "C:\\Program Files\\Microsoft Office\\root\\Office16\\WINWORD.EXE",
  "targetfilename": "C:\\Users\\WORKGROUP\\User1\\Documents\\file_85.tmp",
  "processid": 9068
 },
 {
  "@timestamp": "2021-10-05T19:54:13.824Z",
  "event_id": 4624,
  "provider": "Security-Auditing",
  "source": "Security-Auditing",
  "computer_name": "CLIENT03",
  "message": "An account was successfully logged on.",
  "subject_security_id": "S-1-5-18",
  "subject_account_name": "CLIENT03$",
  "subject_account_domain": "ABYAH",
  "logon_logon_type": "8",
  "new_logon_account_name": "john.smith",
  "new_logon_authentication_package": "NTLM",
  "network_source_address": "192.168.1.10"
 },
 {
  "@timestamp": "2021-10-14T02:09:37.325Z",
  "event_id": 15,
  "provider": "Microsoft-Windows-Sysmon",
  "source": "Sysmon",
  "computer_name": "WEB01",
  "message": "FileCreateStreamHash:",
  "image": "C:\\Windows\\System32\\svchost.exe",
  "targetfilename": "C:\\Users\\ABYAH\\svc_monitor\\Downloads\\setup_4.exe:Zone.Identifier"
 },
 {
  "@timestamp": "2021-03-05T01:36:55.980Z",
  "event_id": 1,
  "provider": "Microsoft-Windows-Sysmon",
  "source": "Sysmon",
  "computer_name": "CLIENT05",
  "message": "Process Create:",
  "image": "C:\\Program Files\\Microsoft Office\\root\\Office16\\EXCEL.EXE",
  "commandline": "\"C:\\Program Files\\Microsoft Office\\root\\Office16\\EXCEL.EXE\" --flag-5344 --config-1",
  "user": "WORKGROUP\\User1",
  "processid": 1854
 },
 {
  "@timestamp": "2021-08-12T16:35:22.494Z",
  "event_id": 15,
  "provider": "Microsoft-Windows-Sysmon",
  "source": "Sysmon",
  "computer_name": "DEV-01",
  "message": "FileCreateStreamHash:",
  "image": "C:\\Windows\\System32\\lsass.exe",
  "targetfilename": "C:\\Users\\LOCAL SERVICE\\Downloads\\setup_3.exe:Zone.Identifier"
 },
 {
  "@timestamp": "2021-02-03T22:58:57.285Z",
  "event_id": 7,
  "provider": "Microsoft-Windows-Sysmon",
  "source": "Sysmon",
  "computer_name": "HR-DESK-01",
  "message": "Image loaded:",
  "image": "C:\\Windows\\System32\\svchost.exe",
  "imageloaded": "C:\\Windows\\System32\\advapi32.dll",
  "processid": 3151
 },
 {
  "@timestamp": "2021-02-14T10:31:43.195Z",
  "event_id": 11,
  "provider": "Microsoft-Windows-Sysmon",
  "source": "Sysmon",
  "computer_name": "CLIENT05",
  "message": "File created:",
  "image": "C:\\Windows\\System32\\svchost.exe",
  "targetfilename": "C:\\Users\\ABYAH\\admin\\Documents\\file_22.tmp",
  "processid": 2804
 },
 {
  "@timestamp": "2021-09-03T03:42:46.234Z",
  "event_id": 6013,
  "provider": "System",
  "source": "System",
  "computer_name": "SQL01",
  "message": "The system uptime is 3959134 seconds."
 },
 {
  "@timestamp": "2021-03-11T11:37:55.863Z",
  "event_id": 10,
  "provider": "Microsoft-Windows-Sysmon",
  "source": "Sysmon",
  "computer_name": "DC02",
  "message": "Sysmon event 10"
 },
 {
  "@timestamp": "2021-07-26T04:14:07.909Z",
  "event_id": 1100,
  "provider": "Security-Auditing",
  "source": "Security-Auditing",
  "computer_name": "DC02",
  "message": "Security event 1100 occurred.",
  "details": "Event ID 1100 logged for WORKGROUP\\User1"
 },
 {
  "@timestamp": "2021-11-23T16:44:38.966Z",
  "event_id": 6006,
  "provider": "System",
  "source": "System",
  "computer_name": "TEST-01",
  "message": "The Event log service was stopped."
 },
 {
  "@timestamp": "2021-10-25T12:55:35.149Z",
  "event_id": 15,
  "provider": "Microsoft-Windows-Sysmon",
  "source": "Sysmon",
  "computer_name": "WEB01",
  "message": "FileCreateStreamHash:",
  "image": "C:\\Windows\\System32\\spoolsv.exe",
  "targetfilename": "C:\\Users\\ABYAH\\admin\\Downloads\\setup_5.exe:Zone.Identifier"
 },
 {
  "@timestamp": "2021-03-25T01:53:13.911Z",
  "event_id": 6006,
  "provider": "System",
  "source": "System",
  "computer_name": "SQL01",
  "message": "The Event log service was stopped."
 },
 {
  "@timestamp": "2021-02-23T17:49:00.359Z",
  "event_id": 1102,
  "provider": "Security-Auditing",
  "source": "Security-Auditing",
  "computer_name": "CLIENT02",
  "message": "Security event 1102 occurred.",
  "details": "Event ID 1102 logged for ABYAH\\jdoe"
 },
 {
  "@timestamp": "2021-12-20T15:58:06.362Z",
  "event_id": 6013,
  "provider": "System",
  "source": "System",
  "computer_name": "SQL01",
  "message": "The system uptime is 739900 seconds."
 },
 {
  "@timestamp": "2021-05-09T18:56:22.130Z",
  "event_id": 10,
  "provider": "Microsoft-Windows-Sysmon",
  "source": "Sysmon",
  "computer_name": "CLIENT04",
  "message": "Sysmon event 10"
 },
 {
  "@timestamp": "2021-07-27T04:44:29.368Z",
  "event_id": 1,
  "provider": "Microsoft-Windows-Sysmon",
  "source": "Sysmon",
  "computer_name": "DC02",
  "message": "Process Create:",
  "image": "C:\\Windows\\explorer.exe",
  "commandline": "\"C:\\Windows\\explorer.exe\" --flag-6578 --config-7",
  "user": "ABYAH\\jane.doe",
  "processid": 8081
 },
 {
  "@timestamp": "2021-06-19T20:02:31.364Z",
  "event_id": 4776,
  "provider": "Security-Auditing",
  "source": "Security-Auditing",
  "computer_name": "TEST-01",
  "message": "The credential validation occurred.",
  "package_authentication_package": "MICROSOFT_AUTHENTICATION_PACKAGE_V1_0",
  "account_account_name": "User2",
  "computer_computer_name": "TEST-01"
 },
 {
  "@timestamp": "2021-11-20T21:01:18.735Z",
  "event_id": 6005,
  "provider": "System",
  "source": "System",
  "computer_name": "APP01",
  "message": "The Event log service was started."
 },
 {
  "@timestamp": "2021-04-22T20:34:18.565Z",
  "event_id": 1100,
  "provider": "Security-Auditing",
  "source": "Security-Auditing",
  "computer_name": "CLIENT04",
  "message": "Security event 1100 occurred.",
  "details": "Event ID 1100 logged for ABYAH\\svc_sql"
 },
 {
  "@timestamp": "2021-04-02T03:25:54.392Z",
  "event_id": 6013,
  "provider": "System",
  "source": "System",
  "computer_name": "CLIENT05",
  "message": "The system uptime is 8410913 seconds."
 },
 {
  "@timestamp": "2021-11-23T12:56:33.427Z",
  "event_id": 6013,
  "provider": "System",
  "source": "System",
  "computer_name": "CLIENT03",
  "message": "The system uptime is 9871894 seconds."
 },
 {
  "@timestamp": "2021-07-03T03:48:24.496Z",
  "event_id": 3,
  "provider": "Microsoft-Windows-Sysmon",
  "source": "Sysmon",
  "computer_name": "IT-DESK-01",
  "message": "Network connection detected:",
  "image": "C:\\Program Files\\Google\\Chrome\\chrome.exe",
  "user": "WORKGROUP\\User2",
  "destinationip": "1.1.1.1",
  "destinationport": "3389",
  "protocol": "tcp"
 },
 {
  "@timestamp": "2021-03-09T12:56:35.708Z",
  "event_id": 4776,
  "provider": "Security-Auditing",
  "source": "Security-Auditing",
  "computer_name": "DEV-02",
  "message": "The credential validation occurred.",
  "package_authentication_package": "MICROSOFT_AUTHENTICATION_PACKAGE_V1_0",
  "account_account_name": "lnguyen",
  "computer_computer_name": "DEV-02"
 },
 {
  "@timestamp": "2021-07-12T12:10:53.609Z",
  "event_id": 15,
  "provider": "Microsoft-Windows-Sysmon",
  "source": "Sysmon",
  "computer_name": "WEB01",
  "message": "FileCreateStreamHash:",
  "image": "C:\\Windows\\System32\\lsass.exe",
  "targetfilename": "C:\\Users\\NETWORK SERVICE\\Downloads\\setup_8.exe:Zone.Identifier"
 },
 {
  "@timestamp": "2021-08-05T06:05:45.251Z",
  "event_id": 7,
  "provider": "Microsoft-Windows-Sysmon",
  "source": "Sysmon",
  "computer_name": "CLIENT05",
  "message": "Image loaded:",
  "image": "C:\\Program Files\\Google\\Chrome\\chrome.exe",
  "imageloaded": "C:\\Windows\\System32\\user32.dll",
  "processid": 3424
 },
 {
  "@timestamp": "2021-12-13T01:00:33.428Z",
  "event_id": 4776,
  "provider": "Security-Auditing",
  "source": "Security-Auditing",
  "computer_name": "CLIENT04",
  "message": "The credential validation occurred.",
  "package_authentication_package": "MICROSOFT_AUTHENTICATION_PACKAGE_V1_0",
  "account_account_name": "ogarcia",
  "computer_computer_name": "CLIENT04"
 },
 {
  "@timestamp": "2021-02-15T05:06:23.969Z",
  "event_id": 10,
  "provider": "Microsoft-Windows-Sysmon",
  "source": "Sysmon",
  "computer_name": "HR-DESK-01",
  "message": "Sysmon event 10"
 },
 {
  "@timestamp": "2021-12-08T10:12:49.189Z",
  "event_id": 4672,
  "provider": "Security-Auditing",
  "source": "Security-Auditing",
  "computer_name": "CLIENT05",
  "message": "Special privileges assigned to new logon.",
  "subject_account_name": "SYSTEM",
  "privileges": "SeTcbPrivilege SeBackupPrivilege SeDebugPrivilege"
 },
 {
  "@timestamp": "2021-07-01T10:39:53.738Z",
  "event_id": 4634,
  "provider": "Security-Auditing",
  "source": "Security-Auditing",
  "computer_name": "CLIENT05",
  "message": "An account was logged off.",
  "target_account_name": "jane.doe"
 },
 {
  "@timestamp": "2021-12-23T22:07:00.719Z",
  "event_id": 4672,
  "provider": "Security-Auditing",
  "source": "Security-Auditing",
  "computer_name": "APP01",
  "message": "Special privileges assigned to new logon.",
  "subject_account_name": "mperez",
  "privileges": "SeTcbPrivilege SeBackupPrivilege SeDebugPrivilege"
 },
 {
  "@timestamp": "2021-12-08T23:06:50.933Z",
  "event_id": 4672,
  "provider": "Security-Auditing",
  "source": "Security-Auditing",
  "computer_name": "CLIENT02",
  "message": "Special privileges assigned to new logon.",
  "subject_account_name": "User1",
  "privileges": "SeTcbPrivilege SeBackupPrivilege SeDebugPrivilege"
 },
 {
  "@timestamp": "2021-08-17T07:16:44.919Z",
  "event_id": 4634,
  "provider": "Security-Auditing",
  "source": "Security-Auditing",
  "computer_name": "TEST-01",
  "message": "An account was logged off.",
  "target_account_name": "klee"
 },
