 {
  "@timestamp": "2021-04-25T20:09:40.574Z",
  "event_id": 4672,
  "provider": "Security-Auditing",
  "source": "Security-Auditing",
  "computer_name": "DEV-01",
  "message": "Special privileges assigned to new logon.",
  "subject_account_name": "LOCAL SERVICE",
  "privileges": "SeTcbPrivilege SeBackupPrivilege SeDebugPrivilege"
 },
 {
  "@timestamp": "2021-12-08T19:22:35.428Z",
  "event_id": 6013,
  "provider": "System",
  "source": "System",
  "computer_name": "TEST-01",
  "message": "The system uptime is 5489326 seconds."
 },
 {
  "@timestamp": "2021-03-22T11:08:45.979Z",
  "event_id": 4672,
  "provider": "Security-Auditing",
  "source": "Security-Auditing",
  "computer_name": "CLIENT03",
  "message": "Special privileges assigned to new logon.",
  "subject_account_name": "bwilson",
  "privileges": "SeTcbPrivilege SeBackupPrivilege SeDebugPrivilege"
 },
 {
  "@timestamp": "2021-08-12T19:05:28.168Z",
  "event_id": 6013,
  "provider": "System",
  "source": "System",
  "computer_name": "CLIENT04",
  "message": "The system uptime is 1018370 seconds."
 },
 {
  "@timestamp": "2021-06-10T19:05:16.558Z",
  "event_id": 4624,
  "provider": "Security-Auditing",
  "source": "Security-Auditing",
  "computer_name": "DC02",
  "message": "An account was successfully logged on.",
  "subject_security_id": "S-1-5-18",
  "subject_account_name": "DC02$",
  "subject_account_domain": "ABYAH",
  "logon_logon_type": "11",
  "new_logon_account_name": "jane.doe",
  "new_logon_authentication_package": "Kerberos",
  "network_source_address": "192.168.50.1"
 },
 {
  "@timestamp": "2021-06-25T04:19:28.994Z",
  "event_id": 4776,
  "provider": "Security-Auditing",
  "source": "Security-Auditing",
  "computer_name": "EXCH01",
  "message": "The credential validation occurred.",
  "package_authentication_package": "MICROSOFT_AUTHENTICATION_PACKAGE_V1_0",
  "account_account_name": "rbrown",
  "computer_computer_name": "EXCH01"
 },
 {
  "@timestamp": "2021-06-19T09:44:51.684Z",
  "event_id": 6005,
  "provider": "System",
  "source": "System",
  "computer_name": "WEB01",
  "message": "The Event log service was started."
 },
 {
  "@timestamp": "2021-01-11T07:31:32.647Z",
  "event_id": 6005,
  "provider": "System",
  "source": "System",
  "computer_name": "EXCH01",
  "message": "The Event log service was started."
 },
 {
  "@timestamp": "2021-07-03T02:44:12.345Z",
  "event_id": 4776,
  "provider": "Security-Auditing",
  "source": "Security-Auditing",
  "computer_name": "EXCH01",
  "message": "The credential validation occurred.",
  "package_authentication_package": "MICROSOFT_AUTHENTICATION_PACKAGE_V1_0",
  "account_account_name": "jdoe",
  "computer_computer_name": "EXCH01"
 },
 {
  "@timestamp": "2021-09-16T16:34:56.279Z",
  "event_id": 10,
  "provider": "Microsoft-Windows-Sysmon",
  "source": "Sysmon",
  "computer_name": "DC02",
  "message": "Sysmon event 10"
 },
 {
  "@timestamp": "2021-09-16T06:00:18.947Z",
  "event_id": 10,
  "provider": "Microsoft-Windows-Sysmon",
  "source": "Sysmon",
  "computer_name": "DEV-01",
  "message": "Sysmon event 10"
 },
 {
  "@timestamp": "2021-03-04T14:44:19.518Z",
  "event_id": 4672,
  "provider": "Security-Auditing",
  "source": "Security-Auditing",
  "computer_name": "CLIENT04",
  "message": "Special privileges assigned to new logon.",
  "subject_account_name": "ogarcia",
  "privileges": "SeTcbPrivilege SeBackupPrivilege SeDebugPrivilege"
 },
 {
  "@timestamp": "2021-09-02T03:32:36.984Z",
  "event_id": 4776,
  "provider": "Security-Auditing",
  "source": "Security-Auditing",
  "computer_name": "DEV-01",
  "message": "The credential validation occurred.",
  "package_authentication_package": "MICROSOFT_AUTHENTICATION_PACKAGE_V1_0",
  "account_account_name": "ogarcia",
  "computer_computer_name": "DEV-01"
 },
 {
  "@timestamp": "2021-05-28T12:31:05.852Z",
  "event_id": 6013,
  "provider": "System",
  "source": "System",
  "computer_name": "CLIENT03",
  "message": "The system uptime is 8139487 seconds."
 },
 {
  "@timestamp": "2021-10-03T09:14:13.933Z",
  "event_id": 6013,
  "provider": "System",
  "source": "System",
  "computer_name": "HR-DESK-01",
  "message": "The system uptime is 6744679 seconds."
 },
 {
  "@timestamp": "2021-05-11T01:39:37.688Z",
  "event_id": 6005,
  "provider": "System",
  "source": "System",
  "computer_name": "HR-DESK-02",
  "message": "The Event log service was started."
 },
 {
  "@timestamp": "2021-09-20T17:21:30.333Z",
  "event_id": 4624,
  "provider": "Security-Auditing",
  "source": "Security-Auditing",
  "computer_name": "DC02",
  "message": "An account was successfully logged on.",
  "subject_security_id": "S-1-5-18",
  "subject_account_name": "DC02$",
  "subject_account_domain": "ABYAH",
  "logon_logon_type": "2",
  "new_logon_account_name": "NETWORK SERVICE",
  "new_logon_authentication_package": "NTLM",
  "network_source_address": "192.168.1.50"
 },
 {
  "@timestamp": "2021-09-20T13:42:33.397Z",
  "event_id": 15,
  "provider": "Microsoft-Windows-Sysmon",
  "source": "Sysmon",
  "computer_name": "SQL01",
  "message": "FileCreateStreamHash:",
  "image": "C:\\Program Files\\Google\\Chrome\\chrome.exe",
  "targetfilename": "C:\\Users\\ABYAH\\jdoe\\Downloads\\setup_5.exe:Zone.Identifier"
 },
 {
  "@timestamp": "2021-09-10T19:48:57.959Z",
  "event_id": 6005,
  "provider": "System",
  "source": "System",
  "computer_name": "DEV-02",
  "message": "The Event log service was started."
 },
 {
  "@timestamp": "2021-03-18T11:52:49.602Z",
  "event_id": 11,
  "provider": "Microsoft-Windows-Sysmon",
  "source": "Sysmon",
  "computer_name": "IT-DESK-01",
  "message": "File created:",
  "image": "C:\\Windows\\System32\\spoolsv.exe",
  "targetfilename": "C:\\Users\\ABYAH\\rbrown\\Documents\\file_43.tmp",
  "processid": 6710
 },
 {
  "@timestamp": "2021-03-05T02:28:47.697Z",
  "event_id": 3,
  "provider": "Microsoft-Windows-Sysmon",
  "source": "Sysmon",
  "computer_name": "DC02",
  "message": "Network connection detected:",
  "image": "C:\\Program Files\\Microsoft Edge\\msedge.exe",
  "user": "WORKGROUP\\User1",
  "destinationip": "142.250.80.46",
  "destinationport": "80",
  "protocol": "tcp"
 },
 {
  "@timestamp": "2021-02-15T00:59:21.868Z",
  "event_id": 7,
  "provider": "Microsoft-Windows-Sysmon",
  "source": "Sysmon",
  "computer_name": "IT-DESK-01",
  "message": "Image loaded:",
  "image": "C:\\Windows\\System32\\winlogon.exe",
  "imageloaded": "C:\\Windows\\System32\\ws2_32.dll",
  "processid": 9669
 },
 {
  "@timestamp": "2021-04-14T15:48:55.263Z",
  "event_id": 6005,
  "provider": "System",
  "source": "System",
  "computer_name": "CLIENT02",
  "message": "The Event log service was started."
 },
 {
  "@timestamp": "2021-03-24T06:40:01.314Z",
  "event_id": 6013,
  "provider": "System",
  "source": "System",
  "computer_name": "SQL01",
  "message": "The system uptime is 8961106 seconds."
 },
 {
  "@timestamp": "2021-10-08T19:31:53.651Z",
  "event_id": 6013,
  "provider": "System",
  "source": "System",
  "computer_name": "SQL01",
  "message": "The system uptime is 1438593 seconds."
 },
 {
  "@timestamp": "2021-12-26T19:42:58.987Z",
  "event_id": 6006,
  "provider": "System",
  "source": "System",
  "computer_name": "DC01",
  "message": "The Event log service was stopped."
 },
 {
  "@timestamp": "2021-08-19T01:23:20.251Z",
  "event_id": 11,
  "provider": "Microsoft-Windows-Sysmon",
  "source": "Sysmon",
  "computer_name": "IT-DESK-01",
  "message": "File created:",
  "image": "C:\\Program Files\\Google\\Chrome\\chrome.exe",
  "targetfilename": "C:\\Users\\ABYAH\\jdoe\\Documents\\file_72.tmp",
  "processid": 7966
 },
 {
  "@timestamp": "2021-11-27T21:20:47.616Z",
  "event_id": 10,
  "provider": "Microsoft-Windows-Sysmon",
  "source": "Sysmon",
  "computer_name": "SQL01",
  "message": "Sysmon event 10"
 },
 {
  "@timestamp": "2021-04-05T21:25:01.864Z",
  "event_id": 4624,
  "provider": "Security-Auditing",
  "source": "Security-Auditing",
  "computer_name": "CLIENT04",
  "message": "An account was successfully logged on.",
  "subject_security_id": "S-1-5-18",
  "subject_account_name": "CLIENT04$",
  "subject_account_domain": "ABYAH",
  "logon_logon_type": "2",
  "new_logon_account_name": "svc_backup",
  "new_logon_authentication_package": "Negotiate",
  "network_source_address": "192.168.1.10"
 },
 {
  "@timestamp": "2021-03-28T18:30:19.237Z",
  "event_id": 4634,
  "provider": "Security-Auditing",
  "source": "Security-Auditing",
  "computer_name": "TEST-01",
  "message": "An account was logged off.",
  "target_account_name": "SYSTEM"
 },
 {
  "@timestamp": "2021-01-19T01:44:33.435Z",
  "event_id": 7,
  "provider": "Microsoft-Windows-Sysmon",
  "source": "Sysmon",
  "computer_name": "HR-DESK-02",
  "message": "Image loaded:",
  "image": "C:\\Program Files\\Microsoft Edge\\msedge.exe",
  "imageloaded": "C:\\Windows\\System32\\ws2_32.dll",
  "processid": 2655
 },
 {
  "@timestamp": "2021-01-05T09:13:45.572Z",
  "event_id": 11,
  "provider": "Microsoft-Windows-Sysmon",
  "source": "Sysmon",
  "computer_name": "CLIENT04",
  "message": "File created:",
  "image": "C:\\Windows\\System32\\svchost.exe",
  "targetfilename": "C:\\Users\\ABYAH\\lnguyen\\Documents\\file_27.tmp",
  "processid": 7561
 },
 {
  "@timestamp": "2021-07-25T12:08:58.550Z",
  "event_id": 6006,
  "provider": "System",
  "source": "System",
  "computer_name": "EXCH01",
  "message": "The Event log service was stopped."
 },
 {
  "@timestamp": "2021-10-08T06:22:15.917Z",
  "event_id": 6006,
  "provider": "System",
  "source": "System",
  "computer_name": "HR-DESK-01",
  "message": "The Event log service was stopped."
 },
 {
  "@timestamp": "2021-07-03T11:40:18.561Z",
  "event_id": 11,
  "provider": "Microsoft-Windows-Sysmon",
  "source": "Sysmon",
  "computer_name": "CLIENT04",
  "message": "File created:",
  "image": "C:\\Windows\\explorer.exe",
  "targetfilename": "C:\\Users\\ABYAH\\john.smith\\Documents\\file_86.tmp",
  "processid": 5035
 },
 {
  "@timestamp": "2021-10-16T18:11:22.455Z",
  "event_id": 6006,
  "provider": "System",
  "source": "System",
  "computer_name": "CLIENT01",
  "message": "The Event log service was stopped."
 },
 {
  "@timestamp": "2021-07-22T19:02:42.237Z",
  "event_id": 1,
  "provider": "Microsoft-Windows-Sysmon",
  "source": "Sysmon",
  "computer_name": "CLIENT01",
  "message": "Process Create:",
  "image": "C:\\Program Files\\WindowsApps\\...\\RuntimeBroker.exe",
  "commandline": "\"C:\\Program Files\\WindowsApps\\...\\RuntimeBroker.exe\" --flag-9324 --config-4",
  "user": "ABYAH\\lnguyen",
  "processid": 8725
 },
 {
  "@timestamp": "2021-10-14T20:24:26.104Z",
  "event_id": 1100,
  "provider": "Security-Auditing",
  "source": "Security-Auditing",
  "computer_name": "TEST-01",
  "message": "Security event 1100 occurred.",
  "details": "Event ID 1100 logged for SYSTEM"
 },
 {
  "@timestamp": "2021-02-13T08:16:04.936Z",
  "event_id": 4776,
  "provider": "Security-Auditing",
  "source": "Security-Auditing",
  "computer_name": "DEV-02",
  "message": "The credential validation occurred.",
  "package_authentication_package": "MICROSOFT_AUTHENTICATION_PACKAGE_V1_0",
  "account_account_name": "lnguyen",
  "computer_computer_name": "DEV-02"
 },
 {
  "@timestamp": "2021-06-21T06:21:34.993Z",
  "event_id": 8,
  "provider": "Microsoft-Windows-Sysmon",
  "source": "Sysmon",
  "computer_name": "IT-DESK-01",
  "message": "Sysmon event 8"
 },
 {
  "@timestamp": "2021-02-02T06:42:35.659Z",
  "event_id": 7,
  "provider": "Microsoft-Windows-Sysmon",
  "source": "Sysmon",
  "computer_name": "CLIENT05",
  "message": "Image loaded:",
  "image": "C:\\Program Files\\Microsoft Office\\root\\Office16\\EXCEL.EXE",
  "imageloaded": "C:\\Windows\\System32\\kernel32.dll",
  "processid": 3217
 },
 {
  "@timestamp": "2021-08-14T06:27:08.977Z",
  "event_id": 4776,
  "provider": "Security-Auditing",
  "source": "Security-Auditing",
  "computer_name": "APP01",
  "message": "The credential validation occurred.",
  "package_authentication_package": "MICROSOFT_AUTHENTICATION_PACKAGE_V1_0",
  "account_account_name": "SYSTEM",
  "computer_computer_name": "APP01"
 },
 {
  "@timestamp": "2021-11-09T14:07:33.873Z",
  "event_id": 4634,
  "provider": "Security-Auditing",
  "source": "Security-Auditing",
  "computer_name": "CLIENT02",
  "message": "An account was logged off.",
  "target_account_name": "klee"
 },
 {
  "@timestamp": "2021-10-26T01:26:31.511Z",
  "event_id": 6006,
  "provider": "System",
  "source": "System",
  "computer_name": "HR-DESK-02",
  "message": "The Event log service was stopped."
 },
 {
  "@timestamp": "2021-09-18T08:39:32.565Z",
  "event_id": 4624,
  "provider": "Security-Auditing",
  "source": "Security-Auditing",
  "computer_name": "FILE01",
  "message": "An account was successfully logged on.",
  "subject_security_id": "S-1-5-18",
  "subject_account_name": "FILE01$",
  "subject_account_domain": "ABYAH",
  "logon_logon_type": "10",
  "new_logon_account_name": "User1",
  "new_logon_authentication_package": "Kerberos",
  "network_source_address": "192.168.1.101"
 },
 {
  "@timestamp": "2021-12-15T04:54:31.226Z",
  "event_id": 7,
  "provider": "Microsoft-Windows-Sysmon",
  "source": "Sysmon",
  "computer_name": "TEST-01",
  "message": "Image loaded:",
  "image": "C:\\Program Files\\Microsoft Office\\root\\Office16\\WINWORD.EXE",
  "imageloaded": "C:\\Windows\\System32\\advapi32.dll",
  "processid": 5356
 },
 {
  "@timestamp": "2021-02-26T03:48:24.959Z",
  "event_id": 1,
  "provider": "Microsoft-Windows-Sysmon",
  "source": "Sysmon",
  "computer_name": "TEST-01",
  "message": "Process Create:",
  "image": "C:\\Program Files\\WindowsApps\\...\\RuntimeBroker.exe",
  "commandline": "\"C:\\Program Files\\WindowsApps\\...\\RuntimeBroker.exe\" --flag-5439 --config-1",
  "user": "ABYAH\\john.smith",
  "processid": 4327
 },
 {
  "@timestamp": "2021-02-17T15:13:35.581Z",
  "event_id": 4776,
  "provider": "Security-Auditing",
  "source": "Security-Auditing",
  "computer_name": "DEV-02",
  "message": "The credential validation occurred.",
  "package_authentication_package": "MICROSOFT_AUTHENTICATION_PACKAGE_V1_0",
  "account_account_name": "User1",
  "computer_computer_name": "DEV-02"
 },
 {
  "@timestamp": "2021-04-13T09:48:30.560Z",
  "event_id": 6006,
  "provider": "System",
  "source": "System",
  "computer_name": "CLIENT01",
  "message": "The Event log service was stopped."
 },
 {
  "@timestamp": "2021-10-01T19:58:07.457Z",
  "event_id": 6005,
  "provider": "System",
  "source": "System",
  "computer_name": "DC01",
  "message": "The Event log service was started."
 },
 {
  "@timestamp": "2021-03-13T04:22:16.906Z",
  "event_id": 6013,
  "provider": "System",
  "source": "System",
  "computer_name": "TEST-01",
  "message": "The system uptime is 2899425 seconds."
 },
 {
  "@timestamp": "2021-10-02T23:41:22.561Z",
  "event_id": 7,
  "provider": "Microsoft-Windows-Sysmon",
  "source": "Sysmon",
  "computer_name": "SQL01",
  "message": "Image loaded:",
  "image": "C:\\Program Files\\Google\\Chrome\\chrome.exe",
  "imageloaded": "C:\\Windows\\System32\\advapi32.dll",
  "processid": 3194
 },
 {
  "@timestamp": "2021-12-23T15:44:37.958Z",
  "event_id": 6005,
  "provider": "System",
  "source": "System",
  "computer_name": "DC02",
  "message": "The Event log service was started."
 },
 {
  "@timestamp": "2021-06-25T07:53:35.758Z",
  "event_id": 1,
  "provider": "Microsoft-Windows-Sysmon",
  "source": "Sysmon",
  "computer_name": "CLIENT02",
  "message": "Process Create:",
  "image": "C:\\Program Files\\Microsoft Office\\root\\Office16\\WINWORD.EXE",
  "commandline": "\"C:\\Program Files\\Microsoft Office\\root\\Office16\\WINWORD.EXE\" --flag-2233 --config-1",
  "user": "ABYAH\\bwilson",
  "processid": 8908
 },
 {
  "@timestamp": "2021-09-15T00:37:46.853Z",
  "event_id": 7,
  "provider": "Microsoft-Windows-Sysmon",
  "source": "Sysmon",
  "computer_name": "CLIENT02",
  "message": "Image loaded:",
  "image": "C:\\Program Files\\Google\\Chrome\\chrome.exe",
  "imageloaded": "C:\\Windows\\System32\\ws2_32.dll",
  "processid": 8776
 },
 {
  "@timestamp": "2021-04-06T05:23:05.607Z",
  "event_id": 6013,
  "provider": "System",
  "source": "System",
  "computer_name": "HR-DESK-02",
  "message": "The system uptime is 5108792 seconds."
 },
 {
  "@timestamp": "2021-03-14T03:06:34.948Z",
  "event_id": 3,
  "provider": "Microsoft-Windows-Sysmon",
  "source": "Sysmon",
  "computer_name": "EXCH01",
  "message": "Network connection detected:",
  "image": "C:\\Windows\\System32\\svchost.exe",
  "user": "ABYAH\\klee",
  "destinationip": "13.107.42.14",
  "destinationport": "80",
  "protocol": "tcp"
 },
 {
  "@timestamp": "2021-02-23T12:13:03.586Z",
  "event_id": 6005,
  "provider": "System",
  "source": "System",
  "computer_name": "HR-DESK-02",
  "message": "The Event log service was started."
 },
 {
  "@timestamp": "2021-01-05T01:02:38.443Z",
  "event_id": 1102,
  "provider": "Security-Auditing",
  "source": "Security-Auditing",
  "computer_name": "FILE01",
  "message": "Security event 1102 occurred.",
  "details": "Event ID 1102 logged for ABYAH\\admin"
 },
 {
  "@timestamp": "2021-10-12T06:26:34.697Z",
  "event_id": 3,
  "provider": "Microsoft-Windows-Sysmon",
  "source": "Sysmon",
  "computer_name": "SQL01",
  "message": "Network connection detected:",
  "image": "C:\\Program Files\\WindowsApps\\...\\RuntimeBroker.exe",
  "user": "ABYAH\\asmith",
  "destinationip": "8.8.8.8",
  "destinationport": "80",
  "protocol": "tcp"
 },
 {
  "@timestamp": "2021-01-04T15:15:08.441Z",
  "event_id": 1100,
  "provider": "Security-Auditing",
  "source": "Security-Auditing",
  "computer_name": "DC01",
  "message": "Security event 1100 occurred.",
  "details": "Event ID 1100 logged for WORKGROUP\\User2"
 },
 {
  "@timestamp": "2021-10-15T02:12:48.897Z",
  "event_id": 10,
  "provider": "Microsoft-Windows-Sysmon",
  "source": "Sysmon",
  "computer_name": "EXCH01",
  "message": "Sysmon event 10"
 },
 {
  "@timestamp": "2021-02-07T17:52:24.679Z",
  "event_id": 1100,
  "provider": "Security-Auditing",
  "source": "Security-Auditing",
  "computer_name": "SQL01",
  "message": "Security event 1100 occurred.",
  "details": "Event ID 1100 logged for ABYAH\\bwilson"
 },
 {
  "@timestamp": "2021-08-05T05:07:01.923Z",
  "event_id": 1102,
  "provider": "Security-Auditing",
  "source": "Security-Auditing",
  "computer_name": "HR-DESK-01",
  "message": "Security event 1102 occurred.",
  "details": "Event ID 1102 logged for ABYAH\\svc_monitor"
 },
 {
  "@timestamp": "2021-02-19T05:35:51.170Z",
  "event_id": 7,
  "provider": "Microsoft-Windows-Sysmon",
  "source": "Sysmon",
  "computer_name": "DEV-01",
  "message": "Image loaded:",
  "image": "C:\\Program Files\\WindowsApps\\...\\RuntimeBroker.exe",
  "imageloaded": "C:\\Windows\\System32\\advapi32.dll",
  "processid": 1103
 },
 {
  "@timestamp": "2021-03-27T07:48:19.400Z",
  "event_id": 6005,
  "provider": "System",
  "source": "System",
  "computer_name": "DC02",
  "message": "The Event log service was started."
 },
 {
  "@timestamp": "2021-11-13T00:09:21.285Z",
  "event_id": 3,
  "provider": "Microsoft-Windows-Sysmon",
  "source": "Sysmon",
  "computer_name": "SQL01",
  "message": "Network connection detected:",
  "image": "C:\\Windows\\explorer.exe",
  "user": "ABYAH\\asmith",
  "destinationip": "1.1.1.1",
  "destinationport": "53",
  "protocol": "tcp"
 },
 {
  "@timestamp": "2021-12-27T14:51:53.585Z",
  "event_id": 3,
  "provider": "Microsoft-Windows-Sysmon",
  "source": "Sysmon",
  "computer_name": "CLIENT03",
  "message": "Network connection detected:",
  "image": "C:\\Windows\\System32\\spoolsv.exe",
  "user": "ABYAH\\klee",
  "destinationip": "1.1.1.1",
  "destinationport": "3389",
  "protocol": "tcp"
 },
 {
  "@timestamp": "2021-02-08T04:30:26.180Z",
  "event_id": 3,
  "provider": "Microsoft-Windows-Sysmon",
  "source": "Sysmon",
  "computer_name": "CLIENT04",
  "message": "Network connection detected:",
  "image": "C:\\Program Files\\WindowsApps\\...\\RuntimeBroker.exe",
  "user": "ABYAH\\rbrown",
  "destinationip": "142.250.80.46",
  "destinationport": "53",
  "protocol": "tcp"
 },
 {
  "@timestamp": "2021-10-18T11:07:24.137Z",
  "event_id": 1,
  "provider": "Microsoft-Windows-Sysmon",
  "source": "Sysmon",
  "computer_name": "CLIENT05",
  "message": "Process Create:",
  "image": "C:\\Program Files\\Microsoft Office\\root\\Office16\\EXCEL.EXE",
  "commandline": "\"C:\\Program Files\\Microsoft Office\\root\\Office16\\EXCEL.EXE\" --flag-3153 --config-2",
  "user": "ABYAH\\rbrown",
  "processid": 2741
 },
 {
  "@timestamp": "2021-03-26T13:34:56.514Z",
  "event_id": 4634,
  "provider": "Security-Auditing",
  "source": "Security-Auditing",
  "computer_name": "SQL01",
  "message": "An account was logged off.",
  "target_account_name": "ogarcia"
 },
 {
  "@timestamp": "2021-05-16T17:27:50.999Z",
  "event_id": 11,
  "provider": "Microsoft-Windows-Sysmon",
  "source": "Sysmon",
  "computer_name": "HR-DESK-02",
  "message": "File created:",
  "image": "C:\\Windows\\System32\\spoolsv.exe",
  "targetfilename": "C:\\Users\\ABYAH\\john.smith\\Documents\\file_66.tmp",
  "processid": 7902
 },
 {
  "@timestamp": "2021-09-17T08:19:29.365Z",
  "event_id": 1100,
  "provider": "Security-Auditing",
  "source": "Security-Auditing",
  "computer_name": "DC01",
  "message": "Security event 1100 occurred.",
  "details": "Event ID 1100 logged for ABYAH\\admin"
 },
 {
  "@timestamp": "2021-10-04T18:02:31.398Z",
  "event_id": 4776,
  "provider": "Security-Auditing",
  "source": "Security-Auditing",
  "computer_name": "SQL01",
  "message": "The credential validation occurred.",
  "package_authentication_package": "MICROSOFT_AUTHENTICATION_PACKAGE_V1_0",
  "account_account_name": "svc_backup",
  "computer_computer_name": "SQL01"
 },
 {
  "@timestamp": "2021-01-02T12:36:47.843Z",
  "event_id": 10,
  "provider": "Microsoft-Windows-Sysmon",
  "source": "Sysmon",
  "computer_name": "CLIENT03",
  "message": "Sysmon event 10"
 },
 {
  "@timestamp": "2021-04-26T10:14:17.653Z",
  "event_id": 15,
  "provider": "Microsoft-Windows-Sysmon",
  "source": "Sysmon",
  "computer_name": "APP01",
  "message": "FileCreateStreamHash:",
  "image": "C:\\Program Files\\WindowsApps\\...\\RuntimeBroker.exe",
  "targetfilename": "C:\\Users\\WORKGROUP\\User2\\Downloads\\setup_5.exe:Zone.Identifier"
 },
 {
  "@timestamp": "2021-03-04T07:36:33.520Z",
  "event_id": 6005,
  "provider": "System",
  "source": "System",
  "computer_name": "DEV-02",
  "message": "The Event log service was started."
 },
 {
  "@timestamp": "2021-03-03T05:12:47.844Z",
  "event_id": 6013,
  "provider": "System",
  "source": "System",
  "computer_name": "DC01",
  "message": "The system uptime is 8348819 seconds."
 },
 {
  "@timestamp": "2021-01-07T06:00:03.121Z",
  "event_id": 11,
  "provider": "Microsoft-Windows-Sysmon",
  "source": "Sysmon",
  "computer_name": "CLIENT04",
  "message": "File created:",
  "image": "C:\\Windows\\System32\\svchost.exe",
  "targetfilename": "C:\\Users\\ABYAH\\rbrown\\Documents\\file_3.tmp",
  "processid": 9987
 },
 {
  "@timestamp": "2021-04-19T03:39:00.103Z",
  "event_id": 4776,
  "provider": "Security-Auditing",
  "source": "Security-Auditing",
  "computer_name": "IT-DESK-01",
  "message": "The credential validation occurred.",
  "package_authentication_package": "MICROSOFT_AUTHENTICATION_PACKAGE_V1_0",
  "account_account_name": "lnguyen",
  "computer_computer_name": "IT-DESK-01"
 },
 {
  "@timestamp": "2021-07-26T00:01:37.976Z",
  "event_id": 4634,
  "provider": "Security-Auditing",
  "source": "Security-Auditing",
  "computer_name": "WEB01",
  "message": "An account was logged off.",
  "target_account_name": "jdoe"
 },
 {
  "@timestamp": "2021-11-16T06:59:29.859Z",
  "event_id": 8,
  "provider": "Microsoft-Windows-Sysmon",
  "source": "Sysmon",
  "computer_name": "APP01",
  "message": "Sysmon event 8"
 },
 {
  "@timestamp": "2021-07-01T17:50:46.444Z",
  "event_id": 11,
  "provider": "Microsoft-Windows-Sysmon",
  "source": "Sysmon",
  "computer_name": "DC02",
  "message": "File created:",
  "image": "C:\\Windows\\System32\\spoolsv.exe",
  "targetfilename": "C:\\Users\\ABYAH\\svc_backup\\Documents\\file_39.tmp",
  "processid": 9901
 },
 {
  "@timestamp": "2021-07-08T01:03:01.711Z",
  "event_id": 1,
  "provider": "Microsoft-Windows-Sysmon",
  "source": "Sysmon",
  "computer_name": "CLIENT02",
  "message": "Process Create:",
  "image": "C:\\Program Files\\WindowsApps\\...\\RuntimeBroker.exe",
  "commandline": "\"C:\\Program Files\\WindowsApps\\...\\RuntimeBroker.exe\" --flag-9438 --config-5",
  "user": "ABYAH\\svc_monitor",
  "processid": 4590
 },
 {
  "@timestamp": "2021-02-04T16:56:05.425Z",
  "event_id": 4634,
  "provider": "Security-Auditing",
  "source": "Security-Auditing",
  "computer_name": "IT-DESK-01",
  "message": "An account was logged off.",
  "target_account_name": "jdoe"
 },
 {
  "@timestamp": "2021-09-05T18:51:19.253Z",
  "event_id": 1102,
  "provider": "Security-Auditing",
  "source": "Security-Auditing",
  "computer_name": "CLIENT04",
  "message": "Security event 1102 occurred.",
  "details": "Event ID 1102 logged for ABYAH\\rbrown"
 },
 {
  "@timestamp": "2021-06-07T10:48:15.384Z",
  "event_id": 3,
  "provider": "Microsoft-Windows-Sysmon",
  "source": "Sysmon",
  "computer_name": "SQL01",
  "message": "Network connection detected:",
  "image": "C:\\Program Files\\Microsoft Office\\root\\Office16\\EXCEL.EXE",
  "user": "SYSTEM",
  "destinationip": "142.250.80.46",
  "destinationport": "3389",
  "protocol": "tcp"
 },
 {
  "@timestamp": "2021-05-19T22:17:55.514Z",
  "event_id": 6006,
  "provider": "System",
  "source": "System",
  "computer_name": "CLIENT02",
  "message": "The Event log service was stopped."
 },
 {
  "@timestamp": "2021-09-05T08:56:41.838Z",
  "event_id": 4672,
  "provider": "Security-Auditing",
  "source": "Security-Auditing",
  "computer_name": "DC02",
  "message": "Special privileges assigned to new logon.",
  "subject_account_name": "NETWORK SERVICE",
  "privileges": "SeTcbPrivilege SeBackupPrivilege SeDebugPrivilege"
 },
 {
  "@timestamp": "2021-03-05T20:14:32.557Z",
  "event_id": 4672,
  "provider": "Security-Auditing",
  "source": "Security-Auditing",
  "computer_name": "DEV-02",
  "message": "Special privileges assigned to new logon.",
  "subject_account_name": "john.smith",
  "privileges": "SeTcbPrivilege SeBackupPrivilege SeDebugPrivilege"
 },
 {
  "@timestamp": "2021-03-02T16:22:32.171Z",
  "event_id": 6005,
  "provider": "System",
  "source": "System",
  "computer_name": "HR-DESK-01",
  "message": "The Event log service was started."
 },
 {
  "@timestamp": "2021-06-21T06:26:19.263Z",
  "event_id": 6006,
  "provider": "System",
  "source": "System",
  "computer_name": "CLIENT01",
  "message": "The Event log service was stopped."
 },
 {
  "@timestamp": "2021-05-03T05:39:06.890Z",
  "event_id": 3,
  "provider": "Microsoft-Windows-Sysmon",
  "source": "Sysmon",
  "computer_name": "DC01",
  "message": "Network connection detected:",
  "image": "C:\\Windows\\System32\\lsass.exe",
  "user": "SYSTEM",
  "destinationip": "13.107.42.14",
  "destinationport": "443",
  "protocol": "tcp"
 },
 {
  "@timestamp": "2021-11-14T02:40:11.905Z",
  "event_id": 6006,
  "provider": "System",
  "source": "System",
  "computer_name": "WEB01",
  "message": "The Event log service was stopped."
 },
 {
  "@timestamp": "2021-11-28T12:07:56.132Z",
  "event_id": 7,
  "provider": "Microsoft-Windows-Sysmon",
  "source": "Sysmon",
  "computer_name": "CLIENT03",
  "message": "Image loaded:",
  "image": "C:\\Windows\\System32\\spoolsv.exe",
  "imageloaded": "C:\\Windows\\System32\\kernel32.dll",
  "processid": 8612
 },
 {
  "@timestamp": "2021-01-02T02:08:35.348Z",
  "event_id": 3,
  "provider": "Microsoft-Windows-Sysmon",
  "source": "Sysmon",
  "computer_name": "HR-DESK-02",
  "message": "Network connection detected:",
  "image": "C:\\Program Files\\Microsoft Office\\root\\Office16\\EXCEL.EXE",
  "user": "ABYAH\\svc_sql",
  "destinationip": "13.107.42.14",
  "destinationport": "443",
  "protocol": "tcp"
 },
 {
  "@timestamp": "2021-03-19T23:59:40.537Z",
  "event_id": 4624,
  "provider": "Security-Auditing",
  "source": "Security-Auditing",
  "computer_name": "EXCH01",
  "message": "An account was successfully logged on.",
  "subject_security_id": "S-1-5-18",
  "subject_account_name": "EXCH01$",
  "subject_account_domain": "ABYAH",
  "logon_logon_type": "2",
  "new_logon_account_name": "LOCAL SERVICE",
  "new_logon_authentication_package": "Kerberos",
  "network_source_address": "192.168.1.101"
 },
 {
  "@timestamp": "2021-01-16T23:27:27.869Z",
  "event_id": 4624,
  "provider": "Security-Auditing",
  "source": "Security-Auditing",
  "computer_name": "CLIENT05",
  "message": "An account was successfully logged on.",
  "subject_security_id": "S-1-5-18",
  "subject_account_name": "CLIENT05$",
  "subject_account_domain": "ABYAH",
  "logon_logon_type": "10",
  "new_logon_account_name": "klee",
  "new_logon_authentication_package": "Negotiate",
  "network_source_address": "172.16.0.1"
 },
 {
  "@timestamp": "2021-05-21T05:57:09.550Z",
  "event_id": 15,
  "provider": "Microsoft-Windows-Sysmon",
  "source": "Sysmon",
  "computer_name": "DC02",
  "message": "FileCreateStreamHash:",
  "image": "C:\\Program Files\\Microsoft Office\\root\\Office16\\EXCEL.EXE",
  "targetfilename": "C:\\Users\\ABYAH\\admin\\Downloads\\setup_7.exe:Zone.Identifier"
 },
 {
  "@timestamp": "2021-02-20T02:21:15.107Z",
  "event_id": 15,
  "provider": "Microsoft-Windows-Sysmon",
  "source": "Sysmon",
  "computer_name": "DC01",
  "message": "FileCreateStreamHash:",
  "image": "C:\\Program Files\\Microsoft Office\\root\\Office16\\EXCEL.EXE",
  "targetfilename": "C:\\Users\\ABYAH\\admin\\Downloads\\setup_6.exe:Zone.Identifier"
 },
 {
  "@timestamp": "2021-05-08T11:35:26.185Z",
  "event_id": 4776,
  "provider": "Security-Auditing",
  "source": "Security-Auditing",
  "computer_name": "APP01",
  "message": "The credential validation occurred.",
  "package_authentication_package": "MICROSOFT_AUTHENTICATION_PACKAGE_V1_0",
  "account_account_name": "lnguyen",
  "computer_computer_name": "APP01"
 },
 {
  "@timestamp": "2021-06-25T03:47:43.229Z",
  "event_id": 6013,
  "provider": "System",
  "source": "System",
  "computer_name": "FILE01",
  "message": "The system uptime is 7798180 seconds."
 },
 {
  "@timestamp": "2021-07-28T13:45:51.496Z",
  "event_id": 3,
  "provider": "Microsoft-Windows-Sysmon",
  "source": "Sysmon",
  "computer_name": "DEV-02",
  "message": "Network connection detected:",
  "image": "C:\\Windows\\System32\\lsass.exe",
  "user": "SYSTEM",
  "destinationip": "10.0.0.1",
  "destinationport": "3389",
  "protocol": "tcp"
 },
 {
  "@timestamp": "2021-07-28T17:28:32.976Z",
  "event_id": 15,
  "provider": "Microsoft-Windows-Sysmon",
  "source": "Sysmon",
  "computer_name": "IT-DESK-01",
  "message": "FileCreateStreamHash:",
  "image": "C:\\Program Files\\Microsoft Office\\root\\Office16\\EXCEL.EXE",
  "targetfilename": "C:\\Users\\LOCAL SERVICE\\Downloads\\setup_5.exe:Zone.Identifier"
 },
 {
  "@timestamp": "2021-10-02T20:13:23.115Z",
  "event_id": 7,
  "provider": "Microsoft-Windows-Sysmon",
  "source": "Sysmon",
  "computer_name": "FILE01",
  "message": "Image loaded:",
  "image": "C:\\Windows\\System32\\lsass.exe",
  "imageloaded": "C:\\Windows\\System32\\kernel32.dll",
  "processid": 7763
 },
 {
  "@timestamp": "2021-05-05T04:15:20.984Z",
  "event_id": 1,
  "provider": "Microsoft-Windows-Sysmon",
  "source": "Sysmon",
  "computer_name": "DEV-01",
  "message": "Process Create:",
  "image": "C:\\Program Files\\Microsoft Office\\root\\Office16\\EXCEL.EXE",
  "commandline": "\"C:\\Program Files\\Microsoft Office\\root\\Office16\\EXCEL.EXE\" --flag-5454 --config-4",
  "user": "ABYAH\\jane.doe",
  "processid": 6039
 },
 {
  "@timestamp": "2021-02-05T02:21:50.752Z",
  "event_id": 6013,
  "provider": "System",
  "source": "System",
  "computer_name": "APP01",
  "message": "The system uptime is 7361575 seconds."
 },
 {
  "@timestamp": "2021-10-26T05:01:25.775Z",
  "event_id": 10,
  "provider": "Microsoft-Windows-Sysmon",
  "source": "Sysmon",
  "computer_name": "CLIENT02",
  "message": "Sysmon event 10"
 },
 {
  "@timestamp": "2021-11-23T19:31:49.300Z",
  "event_id": 15,
  "provider": "Microsoft-Windows-Sysmon",
  "source": "Sysmon",
  "computer_name": "WEB01",
  "message": "FileCreateStreamHash:",
  "image": "C:\\Program Files\\Microsoft Edge\\msedge.exe",
  "targetfilename": "C:\\Users\\ABYAH\\jdoe\\Downloads\\setup_9.exe:Zone.Identifier"
 },
 {
  "@timestamp": "2021-01-28T21:27:14.414Z",
  "event_id": 1102,
  "provider": "Security-Auditing",
  "source": "Security-Auditing",
  "computer_name": "CLIENT01",
  "message": "Security event 1102 occurred.",
  "details": "Event ID 1102 logged for ABYAH\\asmith"
 },
 {
  "@timestamp": "2021-12-03T16:33:17.700Z",
  "event_id": 6005,
  "provider": "System",
  "source": "System",
  "computer_name": "FILE01",
  "message": "The Event log service was started."
 },
 {
  "@timestamp": "2021-01-12T03:52:06.144Z",
  "event_id": 10,
  "provider": "Microsoft-Windows-Sysmon",
  "source": "Sysmon",
  "computer_name": "CLIENT02",
  "message": "Sysmon event 10"
 },
 {
  "@timestamp": "2021-11-24T08:05:51.843Z",
  "event_id": 4672,
  "provider": "Security-Auditing",
  "source": "Security-Auditing",
  "computer_name": "EXCH01",
  "message": "Special privileges assigned to new logon.",
  "subject_account_name": "rbrown",
  "privileges": "SeTcbPrivilege SeBackupPrivilege SeDebugPrivilege"
 },
 {
  "@timestamp": "2021-05-20T23:33:27.104Z",
  "event_id": 4624,
  "provider": "Security-Auditing",
  "source": "Security-Auditing",
  "computer_name": "DC02",
  "message": "An account was successfully logged on.",
  "subject_security_id": "S-1-5-18",
  "subject_account_name": "DC02$",
  "subject_account_domain": "ABYAH",
  "logon_logon_type": "8",
  "new_logon_account_name": "jdoe",
  "new_logon_authentication_package": "Kerberos",
  "network_source_address": "10.0.0.5"
 },
 {
  "@timestamp": "2021-04-06T01:44:12.207Z",
  "event_id": 1102,
  "provider": "Security-Auditing",
  "source": "Security-Auditing",
  "computer_name": "DC02",
  "message": "Security event 1102 occurred.",
  "details": "Event ID 1102 logged for ABYAH\\admin"
 },
 {
  "@timestamp": "2021-02-03T08:02:00.314Z",
  "event_id": 1102,
  "provider": "Security-Auditing",
  "source": "Security-Auditing",
  "computer_name": "DC02",
  "message": "Security event 1102 occurred.",
  "details": "Event ID 1102 logged for WORKGROUP\\User1"
 },
 {
  "@timestamp": "2021-12-16T23:06:37.942Z",
  "event_id": 1100,
  "provider": "Security-Auditing",
  "source": "Security-Auditing",
  "computer_name": "WEB01",
  "message": "Security event 1100 occurred.",
  "details": "Event ID 1100 logged for ABYAH\\jdoe"
 },
 {
  "@timestamp": "2021-11-25T12:56:59.259Z",
  "event_id": 1102,
  "provider": "Security-Auditing",
  "source": "Security-Auditing",
  "computer_name": "WEB01",
  "message": "Security event 1102 occurred.",
  "details": "Event ID 1102 logged for ABYAH\\svc_sql"
 },
 {
  "@timestamp": "2021-02-19T20:18:54.751Z",
  "event_id": 7,
  "provider": "Microsoft-Windows-Sysmon",
  "source": "Sysmon",
  "computer_name": "CLIENT02",
  "message": "Image loaded:",
  "image": "C:\\Windows\\System32\\svchost.exe",
  "imageloaded": "C:\\Windows\\System32\\advapi32.dll",
  "processid": 9583
 },
 {
  "@timestamp": "2021-02-07T14:21:14.445Z",
  "event_id": 6006,
  "provider": "System",
  "source": "System",
  "computer_name": "WEB01",
  "message": "The Event log service was stopped."
 },
 {
  "@timestamp": "2021-09-17T21:55:53.554Z",
  "event_id": 4634,
  "provider": "Security-Auditing",
  "source": "Security-Auditing",
  "computer_name": "FILE01",
  "message": "An account was logged off.",
  "target_account_name": "SYSTEM"
 },
 {
  "@timestamp": "2021-10-25T01:45:14.579Z",
  "event_id": 4624,
  "provider": "Security-Auditing",
  "source": "Security-Auditing",
  "computer_name": "IT-DESK-01",
  "message": "An account was successfully logged on.",
  "subject_security_id": "S-1-5-18",
  "subject_account_name": "IT-DESK-01$",
  "subject_account_domain": "ABYAH",
  "logon_logon_type": "2",
  "new_logon_account_name": "svc_monitor",
  "new_logon_authentication_package": "Kerberos",
  "network_source_address": "192.168.1.100"
 },
 {
  "@timestamp": "2021-10-16T04:08:57.307Z",
  "event_id": 4624,
  "provider": "Security-Auditing",
  "source": "Security-Auditing",
  "computer_name": "WEB01",
  "message": "An account was successfully logged on.",
  "subject_security_id": "S-1-5-18",
  "subject_account_name": "WEB01$",
  "subject_account_domain": "ABYAH",
  "logon_logon_type": "11",
  "new_logon_account_name": "john.smith",
  "new_logon_authentication_package": "Kerberos",
  "network_source_address": "10.0.0.25"
 },
 {
  "@timestamp": "2021-06-27T07:02:28.999Z",
  "event_id": 4634,
  "provider": "Security-Auditing",
  "source": "Security-Auditing",
  "computer_name": "DEV-01",
  "message": "An account was logged off.",
  "target_account_name": "john.smith"
 },
 {
  "@timestamp": "2021-09-01T21:46:45.662Z",
  "event_id": 4634,
  "provider": "Security-Auditing",
  "source": "Security-Auditing",
  "computer_name": "CLIENT03",
  "message": "An account was logged off.",
  "target_account_name": "SYSTEM"
 },
 {
  "@timestamp": "2021-01-06T20:16:42.988Z",
  "event_id": 6006,
  "provider": "System",
  "source": "System",
  "computer_name": "DC02",
  "message": "The Event log service was stopped."
 },
 {
  "@timestamp": "2021-03-27T03:25:37.138Z",
  "event_id": 4672,
  "provider": "Security-Auditing",
  "source": "Security-Auditing",
  "computer_name": "FILE01",
  "message": "Special privileges assigned to new logon.",
  "subject_account_name": "abyah",
  "privileges": "SeTcbPrivilege SeBackupPrivilege SeDebugPrivilege"
 },
 {
  "@timestamp": "2021-08-09T12:42:30.120Z",
  "event_id": 8,
  "provider": "Microsoft-Windows-Sysmon",
  "source": "Sysmon",
  "computer_name": "CLIENT05",
  "message": "Sysmon event 8"
 },
 {
  "@timestamp": "2021-10-23T03:15:36.970Z",
  "event_id": 1100,
  "provider": "Security-Auditing",
  "source": "Security-Auditing",
  "computer_name": "HR-DESK-02",
  "message": "Security event 1100 occurred.",
  "details": "Event ID 1100 logged for ABYAH\\rbrown"
 },
 {
  "@timestamp": "2021-12-04T13:57:19.943Z",
  "event_id": 7,
  "provider": "Microsoft-Windows-Sysmon",
  "source": "Sysmon",
  "computer_name": "DC02",
  "message": "Image loaded:",
  "image": "C:\\Program Files\\Microsoft Edge\\msedge.exe",
  "imageloaded": "C:\\Windows\\System32\\ntdll.dll",
  "processid": 7363
 },
 {
  "@timestamp": "2021-06-02T20:33:49.364Z",
  "event_id": 1100,
  "provider": "Security-Auditing",
  "source": "Security-Auditing",
  "computer_name": "EXCH01",
  "message": "Security event 1100 occurred.",
  "details": "Event ID 1100 logged for SYSTEM"
 },
 {
  "@timestamp": "2021-04-19T04:18:34.975Z",
  "event_id": 3,
  "provider": "Microsoft-Windows-Sysmon",
  "source": "Sysmon",
  "computer_name": "TEST-01",
  "message": "Network connection detected:",
  "image": "C:\\Program Files\\Microsoft Office\\root\\Office16\\WINWORD.EXE",
  "user": "ABYAH\\jdoe",
  "destinationip": "10.0.0.1",
  "destinationport": "80",
  "protocol": "tcp"
 },
 {
  "@timestamp": "2021-10-26T02:52:00.423Z",
  "event_id": 4624,
  "provider": "Security-Auditing",
  "source": "Security-Auditing",
  "computer_name": "HR-DESK-02",
  "message": "An account was successfully logged on.",
  "subject_security_id": "S-1-5-18",
  "subject_account_name": "HR-DESK-02$",
  "subject_account_domain": "ABYAH",
  "logon_logon_type": "8",
  "new_logon_account_name": "lnguyen",
  "new_logon_authentication_package": "Negotiate",
  "network_source_address": "192.168.1.50"
 },
 {
  "@timestamp": "2021-12-12T22:35:24.815Z",
  "event_id": 6006,
  "provider": "System",
  "source": "System",
  "computer_name": "DEV-01",
  "message": "The Event log service was stopped."
 },
 {
  "@timestamp": "2021-04-10T17:05:05.103Z",
  "event_id": 4776,
  "provider": "Security-Auditing",
  "source": "Security-Auditing",
  "computer_name": "CLIENT04",
  "message": "The credential validation occurred.",
  "package_authentication_package": "MICROSOFT_AUTHENTICATION_PACKAGE_V1_0",
  "account_account_name": "mperez",
  "computer_computer_name": "CLIENT04"
 },
 {
  "@timestamp": "2021-05-25T04:31:32.939Z",
  "event_id": 4634,
  "provider": "Security-Auditing",
  "source": "Security-Auditing",
  "computer_name": "HR-DESK-02",
  "message": "An account was logged off.",
  "target_account_name": "klee"
 },
 {
  "@timestamp": "2021-04-18T10:20:47.883Z",
  "event_id": 15,
  "provider": "Microsoft-Windows-Sysmon",
  "source": "Sysmon",
  "computer_name": "DEV-01",
  "message": "FileCreateStreamHash:",
  "image": "C:\\Program Files\\Microsoft Edge\\msedge.exe",
  "targetfilename": "C:\\Users\\ABYAH\\ogarcia\\Downloads\\setup_2.exe:Zone.Identifier"
 },
 {
  "@timestamp": "2021-02-05T07:37:23.883Z",
  "event_id": 4634,
  "provider": "Security-Auditing",
  "source": "Security-Auditing",
  "computer_name": "CLIENT04",
  "message": "An account was logged off.",
  "target_account_name": "svc_backup"
 },
 {
  "@timestamp": "2021-05-05T12:54:40.146Z",
  "event_id": 1102,
  "provider": "Security-Auditing",
  "source": "Security-Auditing",
  "computer_name": "CLIENT05",
  "message": "Security event 1102 occurred.",
  "details": "Event ID 1102 logged for ABYAH\\jdoe"
 },
 {
  "@timestamp": "2021-12-13T00:09:18.905Z",
  "event_id": 15,
  "provider": "Microsoft-Windows-Sysmon",
  "source": "Sysmon",
  "computer_name": "CLIENT01",
  "message": "FileCreateStreamHash:",
  "image": "C:\\Windows\\System32\\lsass.exe",
  "targetfilename": "C:\\Users\\ABYAH\\bwilson\\Downloads\\setup_5.exe:Zone.Identifier"
 },
 {
  "@timestamp": "2021-08-05T01:22:04.552Z",
  "event_id": 6006,
  "provider": "System",
  "source": "System",
  "computer_name": "IT-DESK-01",
  "message": "The Event log service was stopped."
 },
 {
  "@timestamp": "2021-08-04T11:24:51.369Z",
  "event_id": 1100,
  "provider": "Security-Auditing",
  "source": "Security-Auditing",
  "computer_name": "DEV-02",
  "message": "Security event 1100 occurred.",
  "details": "Event ID 1100 logged for ABYAH\\abyah"
 },
 {
  "@timestamp": "2021-04-04T15:20:19.333Z",
  "event_id": 8,
  "provider": "Microsoft-Windows-Sysmon",
  "source": "Sysmon",
  "computer_name": "DC02",
  "message": "Sysmon event 8"
 },
 {
  "@timestamp": "2021-05-17T10:45:29.787Z",
  "event_id": 4672,
  "provider": "Security-Auditing",
  "source": "Security-Auditing",
  "computer_name": "SQL01",
  "message": "Special privileges assigned to new logon.",
  "subject_account_name": "svc_backup",
  "privileges": "SeTcbPrivilege SeBackupPrivilege SeDebugPrivilege"
 },
 {
  "@timestamp": "2021-06-09T12:43:33.512Z",
  "event_id": 4624,
  "provider": "Security-Auditing",
  "source": "Security-Auditing",
  "computer_name": "FILE01",
  "message": "An account was successfully logged on.",
  "subject_security_id": "S-1-5-18",
  "subject_account_name": "FILE01$",
  "subject_account_domain": "ABYAH",
  "logon_logon_type": "8",
  "new_logon_account_name": "bwilson",
  "new_logon_authentication_package": "Kerberos",
  "network_source_address": "172.16.0.2"
 },
 {
  "@timestamp": "2021-07-14T08:08:00.556Z",
  "event_id": 1102,
  "provider": "Security-Auditing",
  "source": "Security-Auditing",
  "computer_name": "IT-DESK-01",
  "message": "Security event 1102 occurred.",
  "details": "Event ID 1102 logged for ABYAH\\lnguyen"
 },
 {
  "@timestamp": "2021-12-07T10:13:46.661Z",
  "event_id": 8,
  "provider": "Microsoft-Windows-Sysmon",
  "source": "Sysmon",
  "computer_name": "SQL01",
  "message": "Sysmon event 8"
 },
 {
  "@timestamp": "2021-10-05T06:57:33.541Z",
  "event_id": 8,
  "provider": "Microsoft-Windows-Sysmon",
  "source": "Sysmon",
  "computer_name": "CLIENT05",
  "message": "Sysmon event 8"
 },
 {
  "@timestamp": "2021-11-23T00:51:16.629Z",
  "event_id": 15,
  "provider": "Microsoft-Windows-Sysmon",
  "source": "Sysmon",
  "computer_name": "HR-DESK-02",
  "message": "FileCreateStreamHash:",
  "image": "C:\\Windows\\System32\\spoolsv.exe",
  "targetfilename": "C:\\Users\\NETWORK SERVICE\\Downloads\\setup_9.exe:Zone.Identifier"
 },
 {
  "@timestamp": "2021-06-25T07:16:00.455Z",
  "event_id": 10,
  "provider": "Microsoft-Windows-Sysmon",
  "source": "Sysmon",
  "computer_name": "CLIENT04",
  "message": "Sysmon event 10"
 },
 {
  "@timestamp": "2021-04-19T13:47:05.435Z",
  "event_id": 11,
  "provider": "Microsoft-Windows-Sysmon",
  "source": "Sysmon",
  "computer_name": "DEV-01",
  "message": "File created:",
  "image": "C:\\Windows\\System32\\spoolsv.exe",
  "targetfilename": "C:\\Users\\ABYAH\\asmith\\Documents\\file_77.tmp",
  "processid": 8362
 },
 {
  "@timestamp": "2021-11-21T23:20:26.561Z",
  "event_id": 6005,
  "provider": "System",
  "source": "System",
  "computer_name": "EXCH01",
  "message": "The Event log service was started."
 },
 {
  "@timestamp": "2021-08-23T10:22:16.262Z",
  "event_id": 1100,
  "provider": "Security-Auditing",
  "source": "Security-Auditing",
  "computer_name": "IT-DESK-01",
  "message": "Security event 1100 occurred.",
  "details": "Event ID 1100 logged for ABYAH\\jane.doe"
 },
 {
  "@timestamp": "2021-09-09T04:54:11.588Z",
  "event_id": 4634,
  "provider": "Security-Auditing",
  "source": "Security-Auditing",
  "computer_name": "CLIENT01",
  "message": "An account was logged off.",
  "target_account_name": "User1"
 },
 {
  "@timestamp": "2021-03-02T22:11:11.758Z",
  "event_id": 6013,
  "provider": "System",
  "source": "System",
  "computer_name": "EXCH01",
  "message": "The system uptime is 2570026 seconds."
 },
 {
  "@timestamp": "2021-11-16T13:38:07.603Z",
  "event_id": 4634,
  "provider": "Security-Auditing",
  "source": "Security-Auditing",
  "computer_name": "CLIENT05",
  "message": "An account was logged off.",
  "target_account_name": "LOCAL SERVICE"
 },
 {
  "@timestamp": "2021-10-18T11:07:18.374Z",
  "event_id": 4672,
  "provider": "Security-Auditing",
  "source": "Security-Auditing",
  "computer_name": "FILE01",
  "message": "Special privileges assigned to new logon.",
  "subject_account_name": "NETWORK SERVICE",
  "privileges": "SeTcbPrivilege SeBackupPrivilege SeDebugPrivilege"
 },
 {
  "@timestamp": "2021-06-06T03:53:27.692Z",
  "event_id": 8,
  "provider": "Microsoft-Windows-Sysmon",
  "source": "Sysmon",
  "computer_name": "DC02",
  "message": "Sysmon event 8"
 },
 {
  "@timestamp": "2021-12-14T18:50:35.114Z",
  "event_id": 4672,
  "provider": "Security-Auditing",
  "source": "Security-Auditing",
  "computer_name": "FILE01",
  "message": "Special privileges assigned to new logon.",
  "subject_account_name": "bwilson",
  "privileges": "SeTcbPrivilege SeBackupPrivilege SeDebugPrivilege"
 },
 {
  "@timestamp": "2021-08-27T02:03:27.659Z",
  "event_id": 6005,
  "provider": "System",
  "source": "System",
  "computer_name": "CLIENT02",
  "message": "The Event log service was started."
 },
 {
  "@timestamp": "2021-04-26T02:25:59.298Z",
  "event_id": 4634,
  "provider": "Security-Auditing",
  "source": "Security-Auditing",
  "computer_name": "DC01",
  "message": "An account was logged off.",
  "target_account_name": "svc_backup"
 },
 {
  "@timestamp": "2021-05-19T06:13:11.523Z",
  "event_id": 4624,
  "provider": "Security-Auditing",
  "source": "Security-Auditing",
  "computer_name": "DC02",
  "message": "An account was successfully logged on.",
  "subject_security_id": "S-1-5-18",
  "subject_account_name": "DC02$",
  "subject_account_domain": "ABYAH",
  "logon_logon_type": "11",
  "new_logon_account_name": "ogarcia",
  "new_logon_authentication_package": "Negotiate",
  "network_source_address": "192.168.1.10"
 },
 {
  "@timestamp": "2021-02-28T14:10:36.385Z",
  "event_id": 6005,
  "provider": "System",
  "source": "System",
  "computer_name": "CLIENT01",
  "message": "The Event log service was started."
 },
 {
  "@timestamp": "2021-04-19T01:47:25.874Z",
  "event_id": 8,
  "provider": "Microsoft-Windows-Sysmon",
  "source": "Sysmon",
  "computer_name": "TEST-01",
  "message": "Sysmon event 8"
 },
