 {
  "@timestamp": "2021-05-05T19:25:30.773Z",
  "event_id": 4624,
  "provider": "Security-Auditing",
  "source": "Security-Auditing",
  "computer_name": "CLIENT01",
  "message": "An account was successfully logged on.",
  "subject_security_id": "S-1-5-18",
  "subject_account_name": "CLIENT01$",
  "subject_account_domain": "ABYAH",
  "logon_logon_type": "2",
  "new_logon_account_name": "ogarcia",
  "new_logon_authentication_package": "NTLM",
  "network_source_address": "10.0.0.1"
 },
 {
  "@timestamp": "2021-12-24T11:57:58.979Z",
  "event_id": 6005,
  "provider": "System",
  "source": "System",
  "computer_name": "DEV-01",
  "message": "The Event log service was started."
 },
 {
  "@timestamp": "2021-11-08T16:57:17.426Z",
  "event_id": 6005,
  "provider": "System",
  "source": "System",
  "computer_name": "CLIENT03",
  "message": "The Event log service was started."
 },
 {
  "@timestamp": "2021-12-20T15:17:05.308Z",
  "event_id": 10,
  "provider": "Microsoft-Windows-Sysmon",
  "source": "Sysmon",
  "computer_name": "HR-DESK-02",
  "message": "Sysmon event 10"
 },
 {
  "@timestamp": "2021-04-04T11:46:52.906Z",
  "event_id": 15,
  "provider": "Microsoft-Windows-Sysmon",
  "source": "Sysmon",
  "computer_name": "TEST-01",
  "message": "FileCreateStreamHash:",
  "image": "C:\\Program Files\\Microsoft Office\\root\\Office16\\WINWORD.EXE",
  "targetfilename": "C:\\Users\\ABYAH\\lnguyen\\Downloads\\setup_3.exe:Zone.Identifier"
 },
 {
  "@timestamp": "2021-02-01T15:53:02.376Z",
  "event_id": 4776,
  "provider": "Security-Auditing",
  "source": "Security-Auditing",
  "computer_name": "IT-DESK-01",
  "message": "The credential validation occurred.",
  "package_authentication_package": "MICROSOFT_AUTHENTICATION_PACKAGE_V1_0",
  "account_account_name": "svc_backup",
  "computer_computer_name": "IT-DESK-01"
 },
 {
  "@timestamp": "2021-05-28T19:24:31.119Z",
  "event_id": 6013,
  "provider": "System",
  "source": "System",
  "computer_name": "DC02",
  "message": "The system uptime is 6518764 seconds."
 },
 {
  "@timestamp": "2021-03-22T13:34:03.776Z",
  "event_id": 4624,
  "provider": "Security-Auditing",
  "source": "Security-Auditing",
  "computer_name": "HR-DESK-01",
  "message": "An account was successfully logged on.",
  "subject_security_id": "S-1-5-18",
  "subject_account_name": "HR-DESK-01$",
  "subject_account_domain": "ABYAH",
  "logon_logon_type": "10",
  "new_logon_account_name": "mperez",
  "new_logon_authentication_package": "Negotiate",
  "network_source_address": "192.168.1.102"
 },
 {
  "@timestamp": "2021-05-26T18:13:48.128Z",
  "event_id": 6006,
  "provider": "System",
  "source": "System",
  "computer_name": "CLIENT04",
  "message": "The Event log service was stopped."
 },
 {
  "@timestamp": "2021-09-13T23:59:43.394Z",
  "event_id": 6013,
  "provider": "System",
  "source": "System",
  "computer_name": "WEB01",
  "message": "The system uptime is 9071807 seconds."
 },
 {
  "@timestamp": "2021-08-24T07:08:58.115Z",
  "event_id": 1102,
  "provider": "Security-Auditing",
  "source": "Security-Auditing",
  "computer_name": "HR-DESK-01",
  "message": "Security event 1102 occurred.",
  "details": "Event ID 1102 logged for ABYAH\\klee"
 },
 {
  "@timestamp": "2021-05-11T18:25:02.730Z",
  "event_id": 6005,
  "provider": "System",
  "source": "System",
  "computer_name": "TEST-01",
  "message": "The Event log service was started."
 },
 {
  "@timestamp": "2021-02-10T18:42:20.956Z",
  "event_id": 6005,
  "provider": "System",
  "source": "System",
  "computer_name": "DC01",
  "message": "The Event log service was started."
 },
 {
  "@timestamp": "2021-08-01T14:02:22.591Z",
  "event_id": 4672,
  "provider": "Security-Auditing",
  "source": "Security-Auditing",
  "computer_name": "DC01",
  "message": "Special privileges assigned to new logon.",
  "subject_account_name": "svc_backup",
  "privileges": "SeTcbPrivilege SeBackupPrivilege SeDebugPrivilege"
 },
 {
  "@timestamp": "2021-05-20T17:20:04.551Z",
  "event_id": 10,
  "provider": "Microsoft-Windows-Sysmon",
  "source": "Sysmon",
  "computer_name": "SQL01",
  "message": "Sysmon event 10"
 },
 {
  "@timestamp": "2021-04-21T05:09:55.732Z",
  "event_id": 6005,
  "provider": "System",
  "source": "System",
  "computer_name": "APP01",
  "message": "The Event log service was started."
 },
 {
  "@timestamp": "2021-08-19T10:02:35.834Z",
  "event_id": 3,
  "provider": "Microsoft-Windows-Sysmon",
  "source": "Sysmon",
  "computer_name": "DEV-02",
  "message": "Network connection detected:",
  "image": "C:\\Windows\\System32\\svchost.exe",
  "user": "ABYAH\\bwilson",
  "destinationip": "1.1.1.1",
  "destinationport": "80",
  "protocol": "tcp"
 },
 {
  "@timestamp": "2021-12-02T19:15:22.211Z",
  "event_id": 7,
  "provider": "Microsoft-Windows-Sysmon",
  "source": "Sysmon",
  "computer_name": "TEST-01",
  "message": "Image loaded:",
  "image": "C:\\Windows\\System32\\svchost.exe",
  "imageloaded": "C:\\Windows\\System32\\kernel32.dll",
  "processid": 9305
 },
 {
  "@timestamp": "2021-06-19T11:53:52.797Z",
  "event_id": 1102,
  "provider": "Security-Auditing",
  "source": "Security-Auditing",
  "computer_name": "EXCH01",
  "message": "Security event 1102 occurred.",
  "details": "Event ID 1102 logged for LOCAL SERVICE"
 },
 {
  "@timestamp": "2021-06-20T11:21:26.767Z",
  "event_id": 6013,
  "provider": "System",
  "source": "System",
  "computer_name": "DC01",
  "message": "The system uptime is 6386684 seconds."
 },
 {
  "@timestamp": "2021-06-02T09:59:09.705Z",
  "event_id": 6005,
  "provider": "System",
  "source": "System",
  "computer_name": "FILE01",
  "message": "The Event log service was started."
 },
 {
  "@timestamp": "2021-10-23T11:13:24.950Z",
  "event_id": 4776,
  "provider": "Security-Auditing",
  "source": "Security-Auditing",
  "computer_name": "DEV-02",
  "message": "The credential validation occurred.",
  "package_authentication_package": "MICROSOFT_AUTHENTICATION_PACKAGE_V1_0",
  "account_account_name": "ogarcia",
  "computer_computer_name": "DEV-02"
 },
 {
  "@timestamp": "2021-02-08T18:32:36.745Z",
  "event_id": 4672,
  "provider": "Security-Auditing",
  "source": "Security-Auditing",
  "computer_name": "SQL01",
  "message": "Special privileges assigned to new logon.",
  "subject_account_name": "admin",
  "privileges": "SeTcbPrivilege SeBackupPrivilege SeDebugPrivilege"
 },
 {
  "@timestamp": "2021-01-20T15:42:33.632Z",
  "event_id": 6013,
  "provider": "System",
  "source": "System",
  "computer_name": "DEV-02",
  "message": "The system uptime is 7499044 seconds."
 },
 {
  "@timestamp": "2021-06-08T11:14:29.422Z",
  "event_id": 4776,
  "provider": "Security-Auditing",
  "source": "Security-Auditing",
  "computer_name": "CLIENT01",
  "message": "The credential validation occurred.",
  "package_authentication_package": "MICROSOFT_AUTHENTICATION_PACKAGE_V1_0",
  "account_account_name": "User1",
  "computer_computer_name": "CLIENT01"
 },
 {
  "@timestamp": "2021-02-12T17:32:04.470Z",
  "event_id": 1,
  "provider": "Microsoft-Windows-Sysmon",
  "source": "Sysmon",
  "computer_name": "CLIENT05",
  "message": "Process Create:",
  "image": "C:\\Windows\\System32\\lsass.exe",
  "commandline": "\"C:\\Windows\\System32\\lsass.exe\" --flag-8932 --config-4",
  "user": "ABYAH\\svc_sql",
  "processid": 8355
 },
 {
  "@timestamp": "2021-07-22T18:42:08.720Z",
  "event_id": 3,
  "provider": "Microsoft-Windows-Sysmon",
  "source": "Sysmon",
  "computer_name": "CLIENT01",
  "message": "Network connection detected:",
  "image": "C:\\Program Files\\Google\\Chrome\\chrome.exe",
  "user": "ABYAH\\john.smith",
  "destinationip": "10.0.0.1",
  "destinationport": "53",
  "protocol": "tcp"
 },
 {
  "@timestamp": "2021-09-05T18:31:40.891Z",
  "event_id": 4634,
  "provider": "Security-Auditing",
  "source": "Security-Auditing",
  "computer_name": "HR-DESK-02",
  "message": "An account was logged off.",
  "target_account_name": "LOCAL SERVICE"
 },
 {
  "@timestamp": "2021-02-14T08:48:35.828Z",
  "event_id": 4672,
  "provider": "Security-Auditing",
  "source": "Security-Auditing",
  "computer_name": "FILE01",
  "message": "Special privileges assigned to new logon.",
  "subject_account_name": "svc_backup",
  "privileges": "SeTcbPrivilege SeBackupPrivilege SeDebugPrivilege"
 },
 {
  "@timestamp": "2021-01-23T05:04:08.627Z",
  "event_id": 11,
  "provider": "Microsoft-Windows-Sysmon",
  "source": "Sysmon",
  "computer_name": "HR-DESK-02",
  "message": "File created:",
  "image": "C:\\Program Files\\Google\\Chrome\\chrome.exe",
  "targetfilename": "C:\\Users\\NETWORK SERVICE\\Documents\\file_68.tmp",
  "processid": 7358
 },
 {
  "@timestamp": "2021-12-10T03:21:57.944Z",
  "event_id": 7,
  "provider": "Microsoft-Windows-Sysmon",
  "source": "Sysmon",
  "computer_name": "CLIENT01",
  "message": "Image loaded:",
  "image": "C:\\Program Files\\WindowsApps\\...\\RuntimeBroker.exe",
  "imageloaded": "C:\\Windows\\System32\\user32.dll",
  "processid": 2765
 },
 {
  "@timestamp": "2021-11-15T23:53:27.396Z",
  "event_id": 1,
  "provider": "Microsoft-Windows-Sysmon",
  "source": "Sysmon",
  "computer_name": "HR-DESK-02",
  "message": "Process Create:",
  "image": "C:\\Windows\\explorer.exe",
  "commandline": "\"C:\\Windows\\explorer.exe\" --flag-8816 --config-3",
  "user": "ABYAH\\svc_backup",
  "processid": 4005
 },
 {
  "@timestamp": "2021-10-19T11:43:41.564Z",
  "event_id": 10,
  "provider": "Microsoft-Windows-Sysmon",
  "source": "Sysmon",
  "computer_name": "DC01",
  "message": "Sysmon event 10"
 },
 {
  "@timestamp": "2021-02-08T09:31:21.149Z",
  "event_id": 1100,
  "provider": "Security-Auditing",
  "source": "Security-Auditing",
  "computer_name": "CLIENT02",
  "message": "Security event 1100 occurred.",
  "details": "Event ID 1100 logged for ABYAH\\bwilson"
 },
 {
  "@timestamp": "2021-05-11T12:20:48.282Z",
  "event_id": 1102,
  "provider": "Security-Auditing",
  "source": "Security-Auditing",
  "computer_name": "HR-DESK-02",
  "message": "Security event 1102 occurred.",
  "details": "Event ID 1102 logged for WORKGROUP\\User1"
 },
 {
  "@timestamp": "2021-10-20T10:06:22.391Z",
  "event_id": 1,
  "provider": "Microsoft-Windows-Sysmon",
  "source": "Sysmon",
  "computer_name": "CLIENT02",
  "message": "Process Create:",
  "image": "C:\\Program Files\\WindowsApps\\...\\RuntimeBroker.exe",
  "commandline": "\"C:\\Program Files\\WindowsApps\\...\\RuntimeBroker.exe\" --flag-3713 --config-2",
  "user": "ABYAH\\jane.doe",
  "processid": 5716
 },
 {
  "@timestamp": "2021-05-20T03:59:14.782Z",
  "event_id": 1100,
  "provider": "Security-Auditing",
  "source": "Security-Auditing",
  "computer_name": "CLIENT03",
  "message": "Security event 1100 occurred.",
  "details": "Event ID 1100 logged for ABYAH\\mperez"
 },
 {
  "@timestamp": "2021-03-01T19:57:02.652Z",
  "event_id": 4634,
  "provider": "Security-Auditing",
  "source": "Security-Auditing",
  "computer_name": "DEV-02",
  "message": "An account was logged off.",
  "target_account_name": "abyah"
 },
 {
  "@timestamp": "2021-06-07T09:36:27.849Z",
  "event_id": 4776,
  "provider": "Security-Auditing",
  "source": "Security-Auditing",
  "computer_name": "DC01",
  "message": "The credential validation occurred.",
  "package_authentication_package": "MICROSOFT_AUTHENTICATION_PACKAGE_V1_0",
  "account_account_name": "SYSTEM",
  "computer_computer_name": "DC01"
 },
 {
  "@timestamp": "2021-12-23T03:28:56.542Z",
  "event_id": 4672,
  "provider": "Security-Auditing",
  "source": "Security-Auditing",
  "computer_name": "WEB01",
  "message": "Special privileges assigned to new logon.",
  "subject_account_name": "svc_backup",
  "privileges": "SeTcbPrivilege SeBackupPrivilege SeDebugPrivilege"
 },
 {
  "@timestamp": "2021-06-26T02:47:50.327Z",
  "event_id": 4634,
  "provider": "Security-Auditing",
  "source": "Security-Auditing",
  "computer_name": "WEB01",
  "message": "An account was logged off.",
  "target_account_name": "asmith"
 },
 {
  "@timestamp": "2021-08-21T23:32:43.895Z",
  "event_id": 7,
  "provider": "Microsoft-Windows-Sysmon",
  "source": "Sysmon",
  "computer_name": "CLIENT02",
  "message": "Image loaded:",
  "image": "C:\\Windows\\System32\\winlogon.exe",
  "imageloaded": "C:\\Windows\\System32\\kernel32.dll",
  "processid": 6157
 },
 {
  "@timestamp": "2021-04-27T17:42:53.998Z",
  "event_id": 1,
  "provider": "Microsoft-Windows-Sysmon",
  "source": "Sysmon",
  "computer_name": "CLIENT04",
  "message": "Process Create:",
  "image": "C:\\Program Files\\Microsoft Edge\\msedge.exe",
  "commandline": "\"C:\\Program Files\\Microsoft Edge\\msedge.exe\" --flag-1583 --config-1",
  "user": "ABYAH\\jane.doe",
  "processid": 5029
 },
 {
  "@timestamp": "2021-08-05T15:52:11.851Z",
  "event_id": 6013,
  "provider": "System",
  "source": "System",
  "computer_name": "CLIENT02",
  "message": "The system uptime is 8433686 seconds."
 },
 {
  "@timestamp": "2021-01-14T02:31:35.725Z",
  "event_id": 4776,
  "provider": "Security-Auditing",
  "source": "Security-Auditing",
  "computer_name": "EXCH01",
  "message": "The credential validation occurred.",
  "package_authentication_package": "MICROSOFT_AUTHENTICATION_PACKAGE_V1_0",
  "account_account_name": "LOCAL SERVICE",
  "computer_computer_name": "EXCH01"
 },
 {
  "@timestamp": "2021-10-13T20:37:15.753Z",
  "event_id": 4672,
  "provider": "Security-Auditing",
  "source": "Security-Auditing",
  "computer_name": "CLIENT02",
  "message": "Special privileges assigned to new logon.",
  "subject_account_name": "NETWORK SERVICE",
  "privileges": "SeTcbPrivilege SeBackupPrivilege SeDebugPrivilege"
 },
 {
  "@timestamp": "2021-05-22T15:31:50.745Z",
  "event_id": 1102,
  "provider": "Security-Auditing",
  "source": "Security-Auditing",
  "computer_name": "CLIENT01",
  "message": "Security event 1102 occurred.",
  "details": "Event ID 1102 logged for ABYAH\\bwilson"
 },
 {
  "@timestamp": "2021-02-08T03:56:57.873Z",
  "event_id": 6006,
  "provider": "System",
  "source": "System",
  "computer_name": "CLIENT03",
  "message": "The Event log service was stopped."
 },
 {
  "@timestamp": "2021-02-06T14:20:42.216Z",
  "event_id": 8,
  "provider": "Microsoft-Windows-Sysmon",
  "source": "Sysmon",
  "computer_name": "HR-DESK-02",
  "message": "Sysmon event 8"
 },
 {
  "@timestamp": "2021-10-14T21:15:01.397Z",
  "event_id": 6013,
  "provider": "System",
  "source": "System",
  "computer_name": "DEV-01",
  "message": "The system uptime is 4595016 seconds."
 },
 {
  "@timestamp": "2021-05-22T10:26:25.928Z",
  "event_id": 6013,
  "provider": "System",
  "source": "System",
  "computer_name": "CLIENT04",
  "message": "The system uptime is 7514716 seconds."
 },
 {
  "@timestamp": "2021-12-08T10:40:52.146Z",
  "event_id": 6005,
  "provider": "System",
  "source": "System",
  "computer_name": "DEV-01",
  "message": "The Event log service was started."
 },
 {
  "@timestamp": "2021-09-07T20:07:39.725Z",
  "event_id": 6013,
  "provider": "System",
  "source": "System",
  "computer_name": "FILE01",
  "message": "The system uptime is 5631182 seconds."
 },
 {
  "@timestamp": "2021-02-25T22:21:58.461Z",
  "event_id": 1102,
  "provider": "Security-Auditing",
  "source": "Security-Auditing",
  "computer_name": "HR-DESK-01",
  "message": "Security event 1102 occurred.",
  "details": "Event ID 1102 logged for SYSTEM"
 },
 {
  "@timestamp": "2021-06-18T06:10:53.648Z",
  "event_id": 10,
  "provider": "Microsoft-Windows-Sysmon",
  "source": "Sysmon",
  "computer_name": "EXCH01",
  "message": "Sysmon event 10"
 },
 {
  "@timestamp": "2021-06-14T06:35:46.354Z",
  "event_id": 4776,
  "provider": "Security-Auditing",
  "source": "Security-Auditing",
  "computer_name": "CLIENT05",
  "message": "The credential validation occurred.",
  "package_authentication_package": "MICROSOFT_AUTHENTICATION_PACKAGE_V1_0",
  "account_account_name": "lnguyen",
  "computer_computer_name": "CLIENT05"
 },
 {
  "@timestamp": "2021-07-26T15:02:10.389Z",
  "event_id": 1,
  "provider": "Microsoft-Windows-Sysmon",
  "source": "Sysmon",
  "computer_name": "DEV-02",
  "message": "Process Create:",
  "image": "C:\\Windows\\System32\\winlogon.exe",
  "commandline": "\"C:\\Windows\\System32\\winlogon.exe\" --flag-5939 --config-1",
  "user": "ABYAH\\jdoe",
  "processid": 4768
 },
 {
  "@timestamp": "2021-07-21T12:08:52.858Z",
  "event_id": 11,
  "provider": "Microsoft-Windows-Sysmon",
  "source": "Sysmon",
  "computer_name": "WEB01",
  "message": "File created:",
  "image": "C:\\Windows\\System32\\svchost.exe",
  "targetfilename": "C:\\Users\\ABYAH\\klee\\Documents\\file_35.tmp",
  "processid": 2391
 },
 {
  "@timestamp": "2021-12-27T17:38:58.255Z",
  "event_id": 1102,
  "provider": "Security-Auditing",
  "source": "Security-Auditing",
  "computer_name": "DC01",
  "message": "Security event 1102 occurred.",
  "details": "Event ID 1102 logged for ABYAH\\svc_sql"
 },
 {
  "@timestamp": "2021-06-14T16:47:01.409Z",
  "event_id": 6013,
  "provider": "System",
  "source": "System",
  "computer_name": "CLIENT03",
  "message": "The system uptime is 4697791 seconds."
 },
 {
  "@timestamp": "2021-07-10T13:05:14.516Z",
  "event_id": 4634,
  "provider": "Security-Auditing",
  "source": "Security-Auditing",
  "computer_name": "DEV-01",
  "message": "An account was logged off.",
  "target_account_name": "klee"
 },
 {
  "@timestamp": "2021-04-13T00:31:46.503Z",
  "event_id": 1100,
  "provider": "Security-Auditing",
  "source": "Security-Auditing",
  "computer_name": "DEV-02",
  "message": "Security event 1100 occurred.",
  "details": "Event ID 1100 logged for ABYAH\\lnguyen"
 },
 {
  "@timestamp": "2021-10-01T12:49:14.557Z",
  "event_id": 15,
  "provider": "Microsoft-Windows-Sysmon",
  "source": "Sysmon",
  "computer_name": "CLIENT01",
  "message": "FileCreateStreamHash:",
  "image": "C:\\Program Files\\Microsoft Edge\\msedge.exe",
  "targetfilename": "C:\\Users\\ABYAH\\svc_backup\\Downloads\\setup_6.exe:Zone.Identifier"
 },
 {
  "@timestamp": "2021-11-03T03:35:10.312Z",
  "event_id": 4634,
  "provider": "Security-Auditing",
  "source": "Security-Auditing",
  "computer_name": "APP01",
  "message": "An account was logged off.",
  "target_account_name": "lnguyen"
 },
 {
  "@timestamp": "2021-07-20T15:33:46.959Z",
  "event_id": 8,
  "provider": "Microsoft-Windows-Sysmon",
  "source": "Sysmon",
  "computer_name": "APP01",
  "message": "Sysmon event 8"
 },
 {
  "@timestamp": "2021-07-10T23:21:53.254Z",
  "event_id": 4776,
  "provider": "Security-Auditing",
  "source": "Security-Auditing",
  "computer_name": "CLIENT02",
  "message": "The credential validation occurred.",
  "package_authentication_package": "MICROSOFT_AUTHENTICATION_PACKAGE_V1_0",
  "account_account_name": "NETWORK SERVICE",
  "computer_computer_name": "CLIENT02"
 },
 {
  "@timestamp": "2021-09-26T15:34:31.420Z",
  "event_id": 6013,
  "provider": "System",
  "source": "System",
  "computer_name": "EXCH01",
  "message": "The system uptime is 4055049 seconds."
 },
 {
  "@timestamp": "2021-02-14T22:04:24.230Z",
  "event_id": 1100,
  "provider": "Security-Auditing",
  "source": "Security-Auditing",
  "computer_name": "SQL01",
  "message": "Security event 1100 occurred.",
  "details": "Event ID 1100 logged for ABYAH\\jane.doe"
 },
 {
  "@timestamp": "2021-08-28T03:02:56.534Z",
  "event_id": 3,
  "provider": "Microsoft-Windows-Sysmon",
  "source": "Sysmon",
  "computer_name": "EXCH01",
  "message": "Network connection detected:",
  "image": "C:\\Program Files\\Microsoft Edge\\msedge.exe",
  "user": "ABYAH\\bwilson",
  "destinationip": "142.250.80.46",
  "destinationport": "443",
  "protocol": "tcp"
 },
 {
  "@timestamp": "2021-07-01T09:07:27.401Z",
  "event_id": 10,
  "provider": "Microsoft-Windows-Sysmon",
  "source": "Sysmon",
  "computer_name": "HR-DESK-02",
  "message": "Sysmon event 10"
 },
 {
  "@timestamp": "2021-10-21T05:09:18.635Z",
  "event_id": 11,
  "provider": "Microsoft-Windows-Sysmon",
  "source": "Sysmon",
  "computer_name": "CLIENT05",
  "message": "File created:",
  "image": "C:\\Windows\\System32\\winlogon.exe",
  "targetfilename": "C:\\Users\\ABYAH\\ogarcia\\Documents\\file_88.tmp",
  "processid": 4349
 },
 {
  "@timestamp": "2021-08-15T06:59:21.864Z",
  "event_id": 11,
  "provider": "Microsoft-Windows-Sysmon",
  "source": "Sysmon",
  "computer_name": "CLIENT02",
  "message": "File created:",
  "image": "C:\\Windows\\System32\\winlogon.exe",
  "targetfilename": "C:\\Users\\WORKGROUP\\User2\\Documents\\file_93.tmp",
  "processid": 3217
 },
 {
  "@timestamp": "2021-03-05T15:04:00.419Z",
  "event_id": 1100,
  "provider": "Security-Auditing",
  "source": "Security-Auditing",
  "computer_name": "HR-DESK-02",
  "message": "Security event 1100 occurred.",
  "details": "Event ID 1100 logged for SYSTEM"
 },
 {
  "@timestamp": "2021-02-02T19:29:38.260Z",
  "event_id": 3,
  "provider": "Microsoft-Windows-Sysmon",
  "source": "Sysmon",
  "computer_name": "CLIENT04",
  "message": "Network connection detected:",
  "image": "C:\\Windows\\System32\\winlogon.exe",
  "user": "ABYAH\\svc_backup",
  "destinationip": "8.8.8.8",
  "destinationport": "53",
  "protocol": "tcp"
 },
 {
  "@timestamp": "2021-05-27T13:37:46.413Z",
  "event_id": 3,
  "provider": "Microsoft-Windows-Sysmon",
  "source": "Sysmon",
  "computer_name": "CLIENT02",
  "message": "Network connection detected:",
  "image": "C:\\Windows\\System32\\svchost.exe",
  "user": "ABYAH\\abyah",
  "destinationip": "10.0.0.1",
  "destinationport": "3389",
  "protocol": "tcp"
 },
 {
  "@timestamp": "2021-02-24T06:17:11.369Z",
  "event_id": 10,
  "provider": "Microsoft-Windows-Sysmon",
  "source": "Sysmon",
  "computer_name": "APP01",
  "message": "Sysmon event 10"
 },
 {
  "@timestamp": "2021-06-19T18:38:17.926Z",
  "event_id": 4672,
  "provider": "Security-Auditing",
  "source": "Security-Auditing",
  "computer_name": "HR-DESK-01",
  "message": "Special privileges assigned to new logon.",
  "subject_account_name": "jane.doe",
  "privileges": "SeTcbPrivilege SeBackupPrivilege SeDebugPrivilege"
 },
 {
  "@timestamp": "2021-04-07T02:59:51.729Z",
  "event_id": 10,
  "provider": "Microsoft-Windows-Sysmon",
  "source": "Sysmon",
  "computer_name": "DC01",
  "message": "Sysmon event 10"
 },
 {
  "@timestamp": "2021-02-02T04:32:51.550Z",
  "event_id": 4672,
  "provider": "Security-Auditing",
  "source": "Security-Auditing",
  "computer_name": "CLIENT04",
  "message": "Special privileges assigned to new logon.",
  "subject_account_name": "svc_monitor",
  "privileges": "SeTcbPrivilege SeBackupPrivilege SeDebugPrivilege"
 },
 {
  "@timestamp": "2021-02-08T17:25:24.892Z",
  "event_id": 1100,
  "provider": "Security-Auditing",
  "source": "Security-Auditing",
  "computer_name": "DEV-02",
  "message": "Security event 1100 occurred.",
  "details": "Event ID 1100 logged for ABYAH\\ogarcia"
 },
 {
  "@timestamp": "2021-06-17T02:56:38.962Z",
  "event_id": 1100,
  "provider": "Security-Auditing",
  "source": "Security-Auditing",
  "computer_name": "DEV-02",
  "message": "Security event 1100 occurred.",
  "details": "Event ID 1100 logged for ABYAH\\rbrown"
 },
 {
  "@timestamp": "2021-09-15T15:44:50.356Z",
  "event_id": 4672,
  "provider": "Security-Auditing",
  "source": "Security-Auditing",
  "computer_name": "HR-DESK-02",
  "message": "Special privileges assigned to new logon.",
  "subject_account_name": "klee",
  "privileges": "SeTcbPrivilege SeBackupPrivilege SeDebugPrivilege"
 },
 {
  "@timestamp": "2021-06-28T14:49:42.454Z",
  "event_id": 10,
  "provider": "Microsoft-Windows-Sysmon",
  "source": "Sysmon",
  "computer_name": "DC01",
  "message": "Sysmon event 10"
 },
 {
  "@timestamp": "2021-06-06T23:00:12.552Z",
  "event_id": 3,
  "provider": "Microsoft-Windows-Sysmon",
  "source": "Sysmon",
  "computer_name": "HR-DESK-01",
  "message": "Network connection detected:",
  "image": "C:\\Windows\\System32\\winlogon.exe",
  "user": "ABYAH\\abyah",
  "destinationip": "10.0.0.1",
  "destinationport": "443",
  "protocol": "tcp"
 },
 {
  "@timestamp": "2021-05-17T00:38:17.134Z",
  "event_id": 6005,
  "provider": "System",
  "source": "System",
  "computer_name": "CLIENT05",
  "message": "The Event log service was started."
 },
 {
  "@timestamp": "2021-05-21T01:36:52.131Z",
  "event_id": 11,
  "provider": "Microsoft-Windows-Sysmon",
  "source": "Sysmon",
  "computer_name": "CLIENT02",
  "message": "File created:",
  "image": "C:\\Program Files\\WindowsApps\\...\\RuntimeBroker.exe",
  "targetfilename": "C:\\Users\\NETWORK SERVICE\\Documents\\file_92.tmp",
  "processid": 8713
 },
 {
  "@timestamp": "2021-12-28T20:48:34.926Z",
  "event_id": 11,
  "provider": "Microsoft-Windows-Sysmon",
  "source": "Sysmon",
  "computer_name": "DEV-01",
  "message": "File created:",
  "image": "C:\\Windows\\System32\\lsass.exe",
  "targetfilename": "C:\\Users\\ABYAH\\bwilson\\Documents\\file_14.tmp",
  "processid": 1625
 },
 {
  "@timestamp": "2021-07-27T03:03:28.752Z",
  "event_id": 4672,
  "provider": "Security-Auditing",
  "source": "Security-Auditing",
  "computer_name": "SQL01",
  "message": "Special privileges assigned to new logon.",
  "subject_account_name": "bwilson",
  "privileges": "SeTcbPrivilege SeBackupPrivilege SeDebugPrivilege"
 },
 {
  "@timestamp": "2021-11-20T23:01:21.957Z",
  "event_id": 7,
  "provider": "Microsoft-Windows-Sysmon",
  "source": "Sysmon",
  "computer_name": "EXCH01",
  "message": "Image loaded:",
  "image": "C:\\Windows\\System32\\winlogon.exe",
  "imageloaded": "C:\\Windows\\System32\\ole32.dll",
  "processid": 6185
 },
 {
  "@timestamp": "2021-11-13T13:53:42.785Z",
  "event_id": 3,
  "provider": "Microsoft-Windows-Sysmon",
  "source": "Sysmon",
  "computer_name": "DC01",
  "message": "Network connection detected:",
  "image": "C:\\Windows\\explorer.exe",
  "user": "ABYAH\\jane.doe",
  "destinationip": "8.8.8.8",
  "destinationport": "80",
  "protocol": "tcp"
 },
 {
  "@timestamp": "2021-03-15T01:17:38.303Z",
  "event_id": 1102,
  "provider": "Security-Auditing",
  "source": "Security-Auditing",
  "computer_name": "SQL01",
  "message": "Security event 1102 occurred.",
  "details": "Event ID 1102 logged for ABYAH\\asmith"
 },
 {
  "@timestamp": "2021-09-12T03:21:29.681Z",
  "event_id": 8,
  "provider": "Microsoft-Windows-Sysmon",
  "source": "Sysmon",
  "computer_name": "CLIENT02",
  "message": "Sysmon event 8"
 },
 {
  "@timestamp": "2021-02-06T23:05:11.425Z",
  "event_id": 1,
  "provider": "Microsoft-Windows-Sysmon",
  "source": "Sysmon",
  "computer_name": "WEB01",
  "message": "Process Create:",
  "image": "C:\\Windows\\System32\\lsass.exe",
  "commandline": "\"C:\\Windows\\System32\\lsass.exe\" --flag-1329 --config-3",
  "user": "LOCAL SERVICE",
  "processid": 1171
 },
 {
  "@timestamp": "2021-05-27T21:41:57.985Z",
  "event_id": 6006,
  "provider": "System",
  "source": "System",
  "computer_name": "CLIENT01",
  "message": "The Event log service was stopped."
 },
 {
  "@timestamp": "2021-12-10T05:17:08.678Z",
  "event_id": 4672,
  "provider": "Security-Auditing",
  "source": "Security-Auditing",
  "computer_name": "HR-DESK-01",
  "message": "Special privileges assigned to new logon.",
  "subject_account_name": "lnguyen",
  "privileges": "SeTcbPrivilege SeBackupPrivilege SeDebugPrivilege"
 },
 {
  "@timestamp": "2021-03-10T08:44:28.370Z",
  "event_id": 4776,
  "provider": "Security-Auditing",
  "source": "Security-Auditing",
  "computer_name": "EXCH01",
  "message": "The credential validation occurred.",
  "package_authentication_package": "MICROSOFT_AUTHENTICATION_PACKAGE_V1_0",
  "account_account_name": "abyah",
  "computer_computer_name": "EXCH01"
 },
 {
  "@timestamp": "2021-11-17T14:53:40.803Z",
  "event_id": 6006,
  "provider": "System",
  "source": "System",
  "computer_name": "CLIENT05",
  "message": "The Event log service was stopped."
 },
 {
  "@timestamp": "2021-10-07T22:27:22.761Z",
  "event_id": 1,
  "provider": "Microsoft-Windows-Sysmon",
  "source": "Sysmon",
  "computer_name": "TEST-01",
  "message": "Process Create:",
  "image": "C:\\Program Files\\WindowsApps\\...\\RuntimeBroker.exe",
  "commandline": "\"C:\\Program Files\\WindowsApps\\...\\RuntimeBroker.exe\" --flag-5729 --config-4",
  "user": "ABYAH\\asmith",
  "processid": 6606
 },
 {
  "@timestamp": "2021-04-09T06:29:16.132Z",
  "event_id": 10,
  "provider": "Microsoft-Windows-Sysmon",
  "source": "Sysmon",
  "computer_name": "DEV-02",
  "message": "Sysmon event 10"
 },
 {
  "@timestamp": "2021-08-19T10:23:36.486Z",
  "event_id": 10,
  "provider": "Microsoft-Windows-Sysmon",
  "source": "Sysmon",
  "computer_name": "APP01",
  "message": "Sysmon event 10"
 },
 {
  "@timestamp": "2021-03-14T15:21:21.763Z",
  "event_id": 1,
  "provider": "Microsoft-Windows-Sysmon",
  "source": "Sysmon",
  "computer_name": "DC01",
  "message": "Process Create:",
  "image": "C:\\Program Files\\Microsoft Edge\\msedge.exe",
  "commandline": "\"C:\\Program Files\\Microsoft Edge\\msedge.exe\" --flag-2641 --config-3",
  "user": "ABYAH\\rbrown",
  "processid": 6865
 },
 {
  "@timestamp": "2021-08-26T19:29:37.689Z",
  "event_id": 1100,
  "provider": "Security-Auditing",
  "source": "Security-Auditing",
  "computer_name": "DC01",
  "message": "Security event 1100 occurred.",
  "details": "Event ID 1100 logged for ABYAH\\john.smith"
 },
 {
  "@timestamp": "2021-12-12T19:21:30.794Z",
  "event_id": 11,
  "provider": "Microsoft-Windows-Sysmon",
  "source": "Sysmon",
  "computer_name": "CLIENT02",
  "message": "File created:",
  "image": "C:\\Windows\\System32\\lsass.exe",
  "targetfilename": "C:\\Users\\ABYAH\\mperez\\Documents\\file_52.tmp",
  "processid": 5918
 },
 {
  "@timestamp": "2021-07-25T08:36:25.707Z",
  "event_id": 4776,
  "provider": "Security-Auditing",
  "source": "Security-Auditing",
  "computer_name": "HR-DESK-02",
  "message": "The credential validation occurred.",
  "package_authentication_package": "MICROSOFT_AUTHENTICATION_PACKAGE_V1_0",
  "account_account_name": "jane.doe",
  "computer_computer_name": "HR-DESK-02"
 },
 {
  "@timestamp": "2021-04-19T04:08:42.441Z",
  "event_id": 1102,
  "provider": "Security-Auditing",
  "source": "Security-Auditing",
  "computer_name": "DEV-02",
  "message": "Security event 1102 occurred.",
  "details": "Event ID 1102 logged for ABYAH\\bwilson"
 },
 {
  "@timestamp": "2021-08-13T05:29:00.774Z",
  "event_id": 1,
  "provider": "Microsoft-Windows-Sysmon",
  "source": "Sysmon",
  "computer_name": "CLIENT05",
  "message": "Process Create:",
  "image": "C:\\Program Files\\Microsoft Office\\root\\Office16\\EXCEL.EXE",
  "commandline": "\"C:\\Program Files\\Microsoft Office\\root\\Office16\\EXCEL.EXE\" --flag-3416 --config-4",
  "user": "ABYAH\\asmith",
  "processid": 3819
 },
 {
  "@timestamp": "2021-07-03T23:15:09.801Z",
  "event_id": 4634,
  "provider": "Security-Auditing",
  "source": "Security-Auditing",
  "computer_name": "EXCH01",
  "message": "An account was logged off.",
  "target_account_name": "bwilson"
 },
 {
  "@timestamp": "2021-06-04T15:35:43.503Z",
  "event_id": 6006,
  "provider": "System",
  "source": "System",
  "computer_name": "FILE01",
  "message": "The Event log service was stopped."
 },
 {
  "@timestamp": "2021-07-05T10:48:59.236Z",
  "event_id": 8,
  "provider": "Microsoft-Windows-Sysmon",
  "source": "Sysmon",
  "computer_name": "WEB01",
  "message": "Sysmon event 8"
 },
 {
  "@timestamp": "2021-09-03T11:31:42.858Z",
  "event_id": 6006,
  "provider": "System",
  "source": "System",
  "computer_name": "HR-DESK-01",
  "message": "The Event log service was stopped."
 },
 {
  "@timestamp": "2021-06-12T10:32:52.101Z",
  "event_id": 1,
  "provider": "Microsoft-Windows-Sysmon",
  "source": "Sysmon",
  "computer_name": "CLIENT01",
  "message": "Process Create:",
  "image": "C:\\Windows\\System32\\spoolsv.exe",
  "commandline": "\"C:\\Windows\\System32\\spoolsv.exe\" --flag-7523 --config-2",
  "user": "ABYAH\\bwilson",
  "processid": 4769
 },
 {
  "@timestamp": "2021-07-03T10:24:41.284Z",
  "event_id": 4776,
  "provider": "Security-Auditing",
  "source": "Security-Auditing",
  "computer_name": "CLIENT03",
  "message": "The credential validation occurred.",
  "package_authentication_package": "MICROSOFT_AUTHENTICATION_PACKAGE_V1_0",
  "account_account_name": "NETWORK SERVICE",
  "computer_computer_name": "CLIENT03"
 },
 {
  "@timestamp": "2021-01-09T13:11:10.507Z",
  "event_id": 6005,
  "provider": "System",
  "source": "System",
  "computer_name": "DEV-01",
  "message": "The Event log service was started."
 },
 {
  "@timestamp": "2021-11-24T03:41:55.514Z",
  "event_id": 15,
  "provider": "Microsoft-Windows-Sysmon",
  "source": "Sysmon",
  "computer_name": "CLIENT05",
  "message": "FileCreateStreamHash:",
  "image": "C:\\Windows\\System32\\lsass.exe",
  "targetfilename": "C:\\Users\\LOCAL SERVICE\\Downloads\\setup_1.exe:Zone.Identifier"
 },
 {
  "@timestamp": "2021-11-15T00:31:41.786Z",
  "event_id": 4672,
  "provider": "Security-Auditing",
  "source": "Security-Auditing",
  "computer_name": "HR-DESK-01",
  "message": "Special privileges assigned to new logon.",
  "subject_account_name": "User1",
  "privileges": "SeTcbPrivilege SeBackupPrivilege SeDebugPrivilege"
 },
 {
  "@timestamp": "2021-12-21T03:38:51.921Z",
  "event_id": 4624,
  "provider": "Security-Auditing",
  "source": "Security-Auditing",
  "computer_name": "CLIENT02",
  "message": "An account was successfully logged on.",
  "subject_security_id": "S-1-5-18",
  "subject_account_name": "CLIENT02$",
  "subject_account_domain": "ABYAH",
  "logon_logon_type": "11",
  "new_logon_account_name": "lnguyen",
  "new_logon_authentication_package": "NTLM",
  "network_source_address": "10.0.0.10"
 },
 {
  "@timestamp": "2021-02-26T05:27:34.877Z",
  "event_id": 1100,
  "provider": "Security-Auditing",
  "source": "Security-Auditing",
  "computer_name": "CLIENT05",
  "message": "Security event 1100 occurred.",
  "details": "Event ID 1100 logged for ABYAH\\ogarcia"
 },
 {
  "@timestamp": "2021-12-19T08:12:32.932Z",
  "event_id": 4634,
  "provider": "Security-Auditing",
  "source": "Security-Auditing",
  "computer_name": "CLIENT04",
  "message": "An account was logged off.",
  "target_account_name": "asmith"
 },
 {
  "@timestamp": "2021-05-02T03:55:31.571Z",
  "event_id": 15,
  "provider": "Microsoft-Windows-Sysmon",
  "source": "Sysmon",
  "computer_name": "IT-DESK-01",
  "message": "FileCreateStreamHash:",
  "image": "C:\\Program Files\\WindowsApps\\...\\RuntimeBroker.exe",
  "targetfilename": "C:\\Users\\NETWORK SERVICE\\Downloads\\setup_6.exe:Zone.Identifier"
 },
 {
  "@timestamp": "2021-11-10T00:34:17.283Z",
  "event_id": 6006,
  "provider": "System",
  "source": "System",
  "computer_name": "CLIENT04",
  "message": "The Event log service was stopped."
 },
 {
  "@timestamp": "2021-05-21T01:38:07.465Z",
  "event_id": 6013,
  "provider": "System",
  "source": "System",
  "computer_name": "CLIENT04",
  "message": "The system uptime is 714253 seconds."
 },
 {
  "@timestamp": "2021-09-04T04:46:09.748Z",
  "event_id": 6013,
  "provider": "System",
  "source": "System",
  "computer_name": "SQL01",
  "message": "The system uptime is 8378722 seconds."
 },
 {
  "@timestamp": "2021-12-27T16:36:29.141Z",
  "event_id": 6005,
  "provider": "System",
  "source": "System",
  "computer_name": "CLIENT01",
  "message": "The Event log service was started."
 },
 {
  "@timestamp": "2021-07-17T23:05:21.752Z",
  "event_id": 6006,
  "provider": "System",
  "source": "System",
  "computer_name": "WEB01",
  "message": "The Event log service was stopped."
 },
 {
  "@timestamp": "2021-12-21T23:56:05.956Z",
  "event_id": 8,
  "provider": "Microsoft-Windows-Sysmon",
  "source": "Sysmon",
  "computer_name": "CLIENT02",
  "message": "Sysmon event 8"
 },
 {
  "@timestamp": "2021-10-17T17:54:50.349Z",
  "event_id": 1,
  "provider": "Microsoft-Windows-Sysmon",
  "source": "Sysmon",
  "computer_name": "CLIENT03",
  "message": "Process Create:",
  "image": "C:\\Windows\\System32\\spoolsv.exe",
  "commandline": "\"C:\\Windows\\System32\\spoolsv.exe\" --flag-1800 --config-6",
  "user": "ABYAH\\klee",
  "processid": 8748
 },
 {
  "@timestamp": "2021-09-22T01:38:25.285Z",
  "event_id": 6013,
  "provider": "System",
  "source": "System",
  "computer_name": "CLIENT02",
  "message": "The system uptime is 4880038 seconds."
 },
 {
  "@timestamp": "2021-11-05T08:17:29.713Z",
  "event_id": 6013,
  "provider": "System",
  "source": "System",
  "computer_name": "HR-DESK-02",
  "message": "The system uptime is 5437828 seconds."
 },
 {
  "@timestamp": "2021-02-20T09:46:45.723Z",
  "event_id": 4776,
  "provider": "Security-Auditing",
  "source": "Security-Auditing",
  "computer_name": "CLIENT01",
  "message": "The credential validation occurred.",
  "package_authentication_package": "MICROSOFT_AUTHENTICATION_PACKAGE_V1_0",
  "account_account_name": "SYSTEM",
  "computer_computer_name": "CLIENT01"
 },
 {
  "@timestamp": "2021-07-16T17:00:21.448Z",
  "event_id": 10,
  "provider": "Microsoft-Windows-Sysmon",
  "source": "Sysmon",
  "computer_name": "TEST-01",
  "message": "Sysmon event 10"
 },
 {
  "@timestamp": "2021-04-18T22:10:43.499Z",
  "event_id": 1100,
  "provider": "Security-Auditing",
  "source": "Security-Auditing",
  "computer_name": "DEV-01",
  "message": "Security event 1100 occurred.",
  "details": "Event ID 1100 logged for ABYAH\\asmith"
 },
 {
  "@timestamp": "2021-09-12T02:13:47.642Z",
  "event_id": 4624,
  "provider": "Security-Auditing",
  "source": "Security-Auditing",
  "computer_name": "DEV-01",
  "message": "An account was successfully logged on.",
  "subject_security_id": "S-1-5-18",
  "subject_account_name": "DEV-01$",
  "subject_account_domain": "ABYAH",
  "logon_logon_type": "10",
  "new_logon_account_name": "User1",
  "new_logon_authentication_package": "Kerberos",
  "network_source_address": "192.168.1.30"
 },
 {
  "@timestamp": "2021-03-20T18:10:39.460Z",
  "event_id": 6006,
  "provider": "System",
  "source": "System",
  "computer_name": "DC01",
  "message": "The Event log service was stopped."
 },
 {
  "@timestamp": "2021-12-16T07:24:58.650Z",
  "event_id": 6013,
  "provider": "System",
  "source": "System",
  "computer_name": "TEST-01",
  "message": "The system uptime is 2309515 seconds."
 },
 {
  "@timestamp": "2021-04-04T18:18:11.985Z",
  "event_id": 4634,
  "provider": "Security-Auditing",
  "source": "Security-Auditing",
  "computer_name": "EXCH01",
  "message": "An account was logged off.",
  "target_account_name": "jdoe"
 },
 {
  "@timestamp": "2021-04-14T19:17:20.888Z",
  "event_id": 6013,
  "provider": "System",
  "source": "System",
  "computer_name": "CLIENT05",
  "message": "The system uptime is 6193060 seconds."
 },
 {
  "@timestamp": "2021-09-13T07:54:25.606Z",
  "event_id": 11,
  "provider": "Microsoft-Windows-Sysmon",
  "source": "Sysmon",
  "computer_name": "TEST-01",
  "message": "File created:",
  "image": "C:\\Windows\\explorer.exe",
  "targetfilename": "C:\\Users\\ABYAH\\jane.doe\\Documents\\file_97.tmp",
  "processid": 8600
 },
 {
  "@timestamp": "2021-05-01T17:53:21.881Z",
  "event_id": 1100,
  "provider": "Security-Auditing",
  "source": "Security-Auditing",
  "computer_name": "HR-DESK-01",
  "message": "Security event 1100 occurred.",
  "details": "Event ID 1100 logged for ABYAH\\bwilson"
 },
 {
  "@timestamp": "2021-07-14T06:40:01.733Z",
  "event_id": 4672,
  "provider": "Security-Auditing",
  "source": "Security-Auditing",
  "computer_name": "HR-DESK-02",
  "message": "Special privileges assigned to new logon.",
  "subject_account_name": "jdoe",
  "privileges": "SeTcbPrivilege SeBackupPrivilege SeDebugPrivilege"
 },
 {
  "@timestamp": "2021-01-11T19:15:10.682Z",
  "event_id": 1102,
  "provider": "Security-Auditing",
  "source": "Security-Auditing",
  "computer_name": "HR-DESK-02",
  "message": "Security event 1102 occurred.",
  "details": "Event ID 1102 logged for LOCAL SERVICE"
 },
 {
  "@timestamp": "2021-09-17T06:54:58.265Z",
  "event_id": 11,
  "provider": "Microsoft-Windows-Sysmon",
  "source": "Sysmon",
  "computer_name": "HR-DESK-01",
  "message": "File created:",
  "image": "C:\\Windows\\explorer.exe",
  "targetfilename": "C:\\Users\\SYSTEM\\Documents\\file_59.tmp",
  "processid": 7046
 },
 {
  "@timestamp": "2021-03-10T02:57:01.311Z",
  "event_id": 3,
  "provider": "Microsoft-Windows-Sysmon",
  "source": "Sysmon",
  "computer_name": "CLIENT04",
  "message": "Network connection detected:",
  "image": "C:\\Windows\\System32\\lsass.exe",
  "user": "ABYAH\\abyah",
  "destinationip": "13.107.42.14",
  "destinationport": "3389",
  "protocol": "tcp"
 },
 {
  "@timestamp": "2021-09-21T03:51:38.957Z",
  "event_id": 1100,
  "provider": "Security-Auditing",
  "source": "Security-Auditing",
  "computer_name": "IT-DESK-01",
  "message": "Security event 1100 occurred.",
  "details": "Event ID 1100 logged for ABYAH\\mperez"
 },
 {
  "@timestamp": "2021-01-24T01:43:43.516Z",
  "event_id": 4672,
  "provider": "Security-Auditing",
  "source": "Security-Auditing",
  "computer_name": "SQL01",
  "message": "Special privileges assigned to new logon.",
  "subject_account_name": "mperez",
  "privileges": "SeTcbPrivilege SeBackupPrivilege SeDebugPrivilege"
 },
 {
  "@timestamp": "2021-12-18T03:45:49.721Z",
  "event_id": 8,
  "provider": "Microsoft-Windows-Sysmon",
  "source": "Sysmon",
  "computer_name": "CLIENT02",
  "message": "Sysmon event 8"
 },
 {
  "@timestamp": "2021-05-26T12:53:52.842Z",
  "event_id": 10,
  "provider": "Microsoft-Windows-Sysmon",
  "source": "Sysmon",
  "computer_name": "DC02",
  "message": "Sysmon event 10"
 },
 {
  "@timestamp": "2021-02-04T04:54:16.876Z",
  "event_id": 7,
  "provider": "Microsoft-Windows-Sysmon",
  "source": "Sysmon",
  "computer_name": "HR-DESK-02",
  "message": "Image loaded:",
  "image": "C:\\Windows\\System32\\winlogon.exe",
  "imageloaded": "C:\\Windows\\System32\\ws2_32.dll",
  "processid": 2831
 },
 {
  "@timestamp": "2021-08-07T08:06:21.757Z",
  "event_id": 7,
  "provider": "Microsoft-Windows-Sysmon",
  "source": "Sysmon",
  "computer_name": "CLIENT01",
  "message": "Image loaded:",
  "image": "C:\\Windows\\explorer.exe",
  "imageloaded": "C:\\Windows\\System32\\ole32.dll",
  "processid": 2213
 },
 {
  "@timestamp": "2021-05-23T14:21:50.561Z",
  "event_id": 1100,
  "provider": "Security-Auditing",
  "source": "Security-Auditing",
  "computer_name": "CLIENT04",
  "message": "Security event 1100 occurred.",
  "details": "Event ID 1100 logged for ABYAH\\mperez"
 },
 {
  "@timestamp": "2021-03-17T09:01:14.479Z",
  "event_id": 10,
  "provider": "Microsoft-Windows-Sysmon",
  "source": "Sysmon",
  "computer_name": "APP01",
  "message": "Sysmon event 10"
 },
 {
  "@timestamp": "2021-08-23T14:43:18.258Z",
  "event_id": 6005,
  "provider": "System",
  "source": "System",
  "computer_name": "CLIENT03",
  "message": "The Event log service was started."
 },
 {
  "@timestamp": "2021-07-09T20:14:01.971Z",
  "event_id": 11,
  "provider": "Microsoft-Windows-Sysmon",
  "source": "Sysmon",
  "computer_name": "CLIENT03",
  "message": "File created:",
  "image": "C:\\Program Files\\Google\\Chrome\\chrome.exe",
  "targetfilename": "C:\\Users\\WORKGROUP\\User2\\Documents\\file_28.tmp",
  "processid": 5963
 },
 {
  "@timestamp": "2021-12-28T16:25:30.733Z",
  "event_id": 4624,
  "provider": "Security-Auditing",
  "source": "Security-Auditing",
  "computer_name": "DEV-02",
  "message": "An account was successfully logged on.",
  "subject_security_id": "S-1-5-18",
  "subject_account_name": "DEV-02$",
  "subject_account_domain": "ABYAH",
  "logon_logon_type": "8",
  "new_logon_account_name": "klee",
  "new_logon_authentication_package": "Kerberos",
  "network_source_address": "10.0.0.1"
 },
 {
  "@timestamp": "2021-07-28T15:41:10.991Z",
  "event_id": 10,
  "provider": "Microsoft-Windows-Sysmon",
  "source": "Sysmon",
  "computer_name": "CLIENT05",
  "message": "Sysmon event 10"
 },
 {
  "@timestamp": "2021-11-03T10:14:19.311Z",
  "event_id": 4672,
  "provider": "Security-Auditing",
  "source": "Security-Auditing",
  "computer_name": "DC01",
  "message": "Special privileges assigned to new logon.",
  "subject_account_name": "svc_monitor",
  "privileges": "SeTcbPrivilege SeBackupPrivilege SeDebugPrivilege"
 },
 {
  "@timestamp": "2021-06-16T14:36:58.753Z",
  "event_id": 6005,
  "provider": "System",
  "source": "System",
  "computer_name": "EXCH01",
  "message": "The Event log service was started."
 },
 {
  "@timestamp": "2021-11-02T12:40:06.437Z",
  "event_id": 15,
  "provider": "Microsoft-Windows-Sysmon",
  "source": "Sysmon",
  "computer_name": "CLIENT05",
  "message": "FileCreateStreamHash:",
  "image": "C:\\Program Files\\Microsoft Office\\root\\Office16\\WINWORD.EXE",
  "targetfilename": "C:\\Users\\ABYAH\\abyah\\Downloads\\setup_9.exe:Zone.Identifier"
 },
 {
  "@timestamp": "2021-01-15T18:33:15.350Z",
  "event_id": 1102,
  "provider": "Security-Auditing",
  "source": "Security-Auditing",
  "computer_name": "SQL01",
  "message": "Security event 1102 occurred.",
  "details": "Event ID 1102 logged for ABYAH\\john.smith"
 },
 {
  "@timestamp": "2021-03-02T19:17:35.384Z",
  "event_id": 4672,
  "provider": "Security-Auditing",
  "source": "Security-Auditing",
  "computer_name": "IT-DESK-01",
  "message": "Special privileges assigned to new logon.",
  "subject_account_name": "mperez",
  "privileges": "SeTcbPrivilege SeBackupPrivilege SeDebugPrivilege"
 },
 {
  "@timestamp": "2021-05-02T06:14:15.699Z",
  "event_id": 4776,
  "provider": "Security-Auditing",
  "source": "Security-Auditing",
  "computer_name": "DEV-02",
  "message": "The credential validation occurred.",
  "package_authentication_package": "MICROSOFT_AUTHENTICATION_PACKAGE_V1_0",
  "account_account_name": "LOCAL SERVICE",
  "computer_computer_name": "DEV-02"
 },
 {
  "@timestamp": "2021-06-26T20:04:12.589Z",
  "event_id": 8,
  "provider": "Microsoft-Windows-Sysmon",
  "source": "Sysmon",
  "computer_name": "DC02",
  "message": "Sysmon event 8"
 },
 {
  "@timestamp": "2021-09-19T06:38:31.407Z",
  "event_id": 4634,
  "provider": "Security-Auditing",
  "source": "Security-Auditing",
  "computer_name": "WEB01",
  "message": "An account was logged off.",
  "target_account_name": "svc_monitor"
 },
 {
  "@timestamp": "2021-10-26T20:39:48.567Z",
  "event_id": 6013,
  "provider": "System",
  "source": "System",
  "computer_name": "EXCH01",
  "message": "The system uptime is 108306 seconds."
 },
 {
  "@timestamp": "2021-11-06T10:32:30.626Z",
  "event_id": 6013,
  "provider": "System",
  "source": "System",
  "computer_name": "DEV-01",
  "message": "The system uptime is 4860630 seconds."
 },
 {
  "@timestamp": "2021-05-22T17:32:19.740Z",
  "event_id": 7,
  "provider": "Microsoft-Windows-Sysmon",
  "source": "Sysmon",
  "computer_name": "CLIENT04",
  "message": "Image loaded:",
  "image": "C:\\Windows\\System32\\winlogon.exe",
  "imageloaded": "C:\\Windows\\System32\\advapi32.dll",
  "processid": 2826
 },
 {
  "@timestamp": "2021-08-16T05:11:04.878Z",
  "event_id": 3,
  "provider": "Microsoft-Windows-Sysmon",
  "source": "Sysmon",
  "computer_name": "DEV-02",
  "message": "Network connection detected:",
  "image": "C:\\Windows\\System32\\svchost.exe",
  "user": "ABYAH\\ogarcia",
  "destinationip": "142.250.80.46",
  "destinationport": "53",
  "protocol": "tcp"
 },
 {
  "@timestamp": "2021-03-07T03:48:14.318Z",
  "event_id": 1100,
  "provider": "Security-Auditing",
  "source": "Security-Auditing",
  "computer_name": "TEST-01",
  "message": "Security event 1100 occurred.",
  "details": "Event ID 1100 logged for ABYAH\\ogarcia"
 },
 {
  "@timestamp": "2021-02-22T09:59:39.315Z",
  "event_id": 6005,
  "provider": "System",
  "source": "System",
  "computer_name": "DEV-01",
  "message": "The Event log service was started."
 },
 {
  "@timestamp": "2021-07-26T05:54:10.724Z",
  "event_id": 4672,
  "provider": "Security-Auditing",
  "source": "Security-Auditing",
  "computer_name": "EXCH01",
  "message": "Special privileges assigned to new logon.",
  "subject_account_name": "ogarcia",
  "privileges": "SeTcbPrivilege SeBackupPrivilege SeDebugPrivilege"
 },
 {
  "@timestamp": "2021-12-09T07:59:16.583Z",
  "event_id": 7,
  "provider": "Microsoft-Windows-Sysmon",
  "source": "Sysmon",
  "computer_name": "HR-DESK-02",
  "message": "Image loaded:",
  "image": "C:\\Windows\\System32\\lsass.exe",
  "imageloaded": "C:\\Windows\\System32\\user32.dll",
  "processid": 7075
 },
