 {
  "@timestamp": "2021-09-05T10:16:50.538Z",
  "event_id": 3,
  "provider": "Microsoft-Windows-Sysmon",
  "source": "Sysmon",
  "computer_name": "CLIENT04",
  "message": "Network connection detected:",
  "image": "C:\\Windows\\System32\\lsass.exe",
  "user": "WORKGROUP\\User1",
  "destinationip": "142.250.80.46",
  "destinationport": "3389",
  "protocol": "tcp"
 },
 {
  "@timestamp": "2021-04-19T00:28:20.182Z",
  "event_id": 6013,
  "provider": "System",
  "source": "System",
  "computer_name": "DEV-02",
  "message": "The system uptime is 6930217 seconds."
 },
 {
  "@timestamp": "2021-07-25T15:39:59.406Z",
  "event_id": 4624,
  "provider": "Security-Auditing",
  "source": "Security-Auditing",
  "computer_name": "FILE01",
  "message": "An account was successfully logged on.",
  "subject_security_id": "S-1-5-18",
  "subject_account_name": "FILE01$",
  "subject_account_domain": "ABYAH",
  "logon_logon_type": "2",
  "new_logon_account_name": "admin",
  "new_logon_authentication_package": "NTLM",
  "network_source_address": "10.0.0.10"
 },
 {
  "@timestamp": "2021-12-05T05:39:46.214Z",
  "event_id": 15,
  "provider": "Microsoft-Windows-Sysmon",
  "source": "Sysmon",
  "computer_name": "IT-DESK-01",
  "message": "FileCreateStreamHash:",
  "image": "C:\\Windows\\System32\\lsass.exe",
  "targetfilename": "C:\\Users\\ABYAH\\abyah\\Downloads\\setup_8.exe:Zone.Identifier"
 },
 {
  "@timestamp": "2021-02-10T20:42:49.464Z",
  "event_id": 1102,
  "provider": "Security-Auditing",
  "source": "Security-Auditing",
  "computer_name": "HR-DESK-01",
  "message": "Security event 1102 occurred.",
  "details": "Event ID 1102 logged for SYSTEM"
 },
 {
  "@timestamp": "2021-10-12T12:21:01.781Z",
  "event_id": 4624,
  "provider": "Security-Auditing",
  "source": "Security-Auditing",
  "computer_name": "SQL01",
  "message": "An account was successfully logged on.",
  "subject_security_id": "S-1-5-18",
  "subject_account_name": "SQL01$",
  "subject_account_domain": "ABYAH",
  "logon_logon_type": "10",
  "new_logon_account_name": "bwilson",
  "new_logon_authentication_package": "NTLM",
  "network_source_address": "10.10.10.10"
 },
 {
  "@timestamp": "2021-10-06T04:34:14.957Z",
  "event_id": 1102,
  "provider": "Security-Auditing",
  "source": "Security-Auditing",
  "computer_name": "CLIENT02",
  "message": "Security event 1102 occurred.",
  "details": "Event ID 1102 logged for ABYAH\\lnguyen"
 },
 {
  "@timestamp": "2021-10-08T11:57:04.183Z",
  "event_id": 6013,
  "provider": "System",
  "source": "System",
  "computer_name": "APP01",
  "message": "The system uptime is 8280640 seconds."
 },
 {
  "@timestamp": "2021-10-08T17:47:02.458Z",
  "event_id": 10,
  "provider": "Microsoft-Windows-Sysmon",
  "source": "Sysmon",
  "computer_name": "HR-DESK-02",
  "message": "Sysmon event 10"
 },
 {
  "@timestamp": "2021-11-26T08:14:21.786Z",
  "event_id": 6013,
  "provider": "System",
  "source": "System",
  "computer_name": "DC01",
  "message": "The system uptime is 1860067 seconds."
 },
 {
  "@timestamp": "2021-07-28T02:56:02.654Z",
  "event_id": 4776,
  "provider": "Security-Auditing",
  "source": "Security-Auditing",
  "computer_name": "FILE01",
  "message": "The credential validation occurred.",
  "package_authentication_package": "MICROSOFT_AUTHENTICATION_PACKAGE_V1_0",
  "account_account_name": "LOCAL SERVICE",
  "computer_computer_name": "FILE01"
 },
 {
  "@timestamp": "2021-05-15T21:37:25.206Z",
  "event_id": 7,
  "provider": "Microsoft-Windows-Sysmon",
  "source": "Sysmon",
  "computer_name": "SQL01",
  "message": "Image loaded:",
  "image": "C:\\Program Files\\WindowsApps\\...\\RuntimeBroker.exe",
  "imageloaded": "C:\\Windows\\System32\\ntdll.dll",
  "processid": 7911
 },
 {
  "@timestamp": "2021-06-11T16:52:20.299Z",
  "event_id": 1102,
  "provider": "Security-Auditing",
  "source": "Security-Auditing",
  "computer_name": "DEV-01",
  "message": "Security event 1102 occurred.",
  "details": "Event ID 1102 logged for ABYAH\\john.smith"
 },
 {
  "@timestamp": "2021-02-14T22:26:32.750Z",
  "event_id": 10,
  "provider": "Microsoft-Windows-Sysmon",
  "source": "Sysmon",
  "computer_name": "DEV-02",
  "message": "Sysmon event 10"
 },
 {
  "@timestamp": "2021-10-18T16:35:28.392Z",
  "event_id": 6013,
  "provider": "System",
  "source": "System",
  "computer_name": "WEB01",
  "message": "The system uptime is 5179225 seconds."
 },
 {
  "@timestamp": "2021-09-25T10:18:20.572Z",
  "event_id": 3,
  "provider": "Microsoft-Windows-Sysmon",
  "source": "Sysmon",
  "computer_name": "IT-DESK-01",
  "message": "Network connection detected:",
  "image": "C:\\Program Files\\Microsoft Edge\\msedge.exe",
  "user": "ABYAH\\svc_monitor",
  "destinationip": "10.0.0.1",
  "destinationport": "3389",
  "protocol": "tcp"
 },
 {
  "@timestamp": "2021-11-26T10:47:21.665Z",
  "event_id": 8,
  "provider": "Microsoft-Windows-Sysmon",
  "source": "Sysmon",
  "computer_name": "DEV-02",
  "message": "Sysmon event 8"
 },
 {
  "@timestamp": "2021-07-10T23:14:59.270Z",
  "event_id": 11,
  "provider": "Microsoft-Windows-Sysmon",
  "source": "Sysmon",
  "computer_name": "CLIENT05",
  "message": "File created:",
  "image": "C:\\Program Files\\Microsoft Office\\root\\Office16\\EXCEL.EXE",
  "targetfilename": "C:\\Users\\ABYAH\\john.smith\\Documents\\file_60.tmp",
  "processid": 6982
 },
 {
  "@timestamp": "2021-03-16T14:03:58.186Z",
  "event_id": 4634,
  "provider": "Security-Auditing",
  "source": "Security-Auditing",
  "computer_name": "CLIENT05",
  "message": "An account was logged off.",
  "target_account_name": "ogarcia"
 },
 {
  "@timestamp": "2021-10-19T17:05:34.158Z",
  "event_id": 7,
  "provider": "Microsoft-Windows-Sysmon",
  "source": "Sysmon",
  "computer_name": "HR-DESK-01",
  "message": "Image loaded:",
  "image": "C:\\Program Files\\Google\\Chrome\\chrome.exe",
  "imageloaded": "C:\\Windows\\System32\\user32.dll",
  "processid": 3060
 },
 {
  "@timestamp": "2021-06-09T12:15:52.204Z",
  "event_id": 4672,
  "provider": "Security-Auditing",
  "source": "Security-Auditing",
  "computer_name": "TEST-01",
  "message": "Special privileges assigned to new logon.",
  "subject_account_name": "SYSTEM",
  "privileges": "SeTcbPrivilege SeBackupPrivilege SeDebugPrivilege"
 },
 {
  "@timestamp": "2021-11-13T20:19:36.897Z",
  "event_id": 6005,
  "provider": "System",
  "source": "System",
  "computer_name": "HR-DESK-01",
  "message": "The Event log service was started."
 },
 {
  "@timestamp": "2021-06-23T17:13:32.633Z",
  "event_id": 4672,
  "provider": "Security-Auditing",
  "source": "Security-Auditing",
  "computer_name": "CLIENT04",
  "message": "Special privileges assigned to new logon.",
  "subject_account_name": "mperez",
  "privileges": "SeTcbPrivilege SeBackupPrivilege SeDebugPrivilege"
 },
 {
  "@timestamp": "2021-05-19T07:41:09.466Z",
  "event_id": 4776,
  "provider": "Security-Auditing",
  "source": "Security-Auditing",
  "computer_name": "SQL01",
  "message": "The credential validation occurred.",
  "package_authentication_package": "MICROSOFT_AUTHENTICATION_PACKAGE_V1_0",
  "account_account_name": "mperez",
  "computer_computer_name": "SQL01"
 },
 {
  "@timestamp": "2021-11-06T23:00:59.926Z",
  "event_id": 10,
  "provider": "Microsoft-Windows-Sysmon",
  "source": "Sysmon",
  "computer_name": "DEV-02",
  "message": "Sysmon event 10"
 },
 {
  "@timestamp": "2021-08-20T14:58:44.887Z",
  "event_id": 6013,
  "provider": "System",
  "source": "System",
  "computer_name": "CLIENT02",
  "message": "The system uptime is 1570805 seconds."
 },
 {
  "@timestamp": "2021-02-01T01:01:13.271Z",
  "event_id": 4624,
  "provider": "Security-Auditing",
  "source": "Security-Auditing",
  "computer_name": "TEST-01",
  "message": "An account was successfully logged on.",
  "subject_security_id": "S-1-5-18",
  "subject_account_name": "TEST-01$",
  "subject_account_domain": "ABYAH",
  "logon_logon_type": "11",
  "new_logon_account_name": "SYSTEM",
  "new_logon_authentication_package": "Kerberos",
  "network_source_address": "192.168.1.100"
 },
 {
  "@timestamp": "2021-09-23T16:52:25.915Z",
  "event_id": 4634,
  "provider": "Security-Auditing",
  "source": "Security-Auditing",
  "computer_name": "DC01",
  "message": "An account was logged off.",
  "target_account_name": "svc_backup"
 },
 {
  "@timestamp": "2021-12-16T13:22:00.251Z",
  "event_id": 4634,
  "provider": "Security-Auditing",
  "source": "Security-Auditing",
  "computer_name": "DEV-01",
  "message": "An account was logged off.",
  "target_account_name": "admin"
 },
 {
  "@timestamp": "2021-02-05T04:52:56.687Z",
  "event_id": 10,
  "provider": "Microsoft-Windows-Sysmon",
  "source": "Sysmon",
  "computer_name": "DC02",
  "message": "Sysmon event 10"
 },
 {
  "@timestamp": "2021-06-19T05:30:04.706Z",
  "event_id": 4776,
  "provider": "Security-Auditing",
  "source": "Security-Auditing",
  "computer_name": "IT-DESK-01",
  "message": "The credential validation occurred.",
  "package_authentication_package": "MICROSOFT_AUTHENTICATION_PACKAGE_V1_0",
  "account_account_name": "rbrown",
  "computer_computer_name": "IT-DESK-01"
 },
 {
  "@timestamp": "2021-03-10T04:38:48.905Z",
  "event_id": 6013,
  "provider": "System",
  "source": "System",
  "computer_name": "HR-DESK-01",
  "message": "The system uptime is 3286607 seconds."
 },
 {
  "@timestamp": "2021-11-02T03:28:29.872Z",
  "event_id": 4624,
  "provider": "Security-Auditing",
  "source": "Security-Auditing",
  "computer_name": "DEV-01",
  "message": "An account was successfully logged on.",
  "subject_security_id": "S-1-5-18",
  "subject_account_name": "DEV-01$",
  "subject_account_domain": "ABYAH",
  "logon_logon_type": "10",
  "new_logon_account_name": "jdoe",
  "new_logon_authentication_package": "Kerberos",
  "network_source_address": "192.168.1.20"
 },
 {
  "@timestamp": "2021-07-09T18:07:31.861Z",
  "event_id": 1102,
  "provider": "Security-Auditing",
  "source": "Security-Auditing",
  "computer_name": "TEST-01",
  "message": "Security event 1102 occurred.",
  "details": "Event ID 1102 logged for ABYAH\\mperez"
 },
 {
  "@timestamp": "2021-03-07T07:07:54.426Z",
  "event_id": 1100,
  "provider": "Security-Auditing",
  "source": "Security-Auditing",
  "computer_name": "WEB01",
  "message": "Security event 1100 occurred.",
  "details": "Event ID 1100 logged for ABYAH\\john.smith"
 },
 {
  "@timestamp": "2021-03-04T15:18:04.753Z",
  "event_id": 3,
  "provider": "Microsoft-Windows-Sysmon",
  "source": "Sysmon",
  "computer_name": "HR-DESK-01",
  "message": "Network connection detected:",
  "image": "C:\\Windows\\System32\\spoolsv.exe",
  "user": "ABYAH\\svc_monitor",
  "destinationip": "8.8.8.8",
  "destinationport": "443",
  "protocol": "tcp"
 },
 {
  "@timestamp": "2021-05-18T23:47:26.811Z",
  "event_id": 4634,
  "provider": "Security-Auditing",
  "source": "Security-Auditing",
  "computer_name": "HR-DESK-01",
  "message": "An account was logged off.",
  "target_account_name": "lnguyen"
 },
 {
  "@timestamp": "2021-11-28T06:41:08.555Z",
  "event_id": 1102,
  "provider": "Security-Auditing",
  "source": "Security-Auditing",
  "computer_name": "IT-DESK-01",
  "message": "Security event 1102 occurred.",
  "details": "Event ID 1102 logged for ABYAH\\bwilson"
 },
 {
  "@timestamp": "2021-12-20T13:13:56.468Z",
  "event_id": 4624,
  "provider": "Security-Auditing",
  "source": "Security-Auditing",
  "computer_name": "CLIENT03",
  "message": "An account was successfully logged on.",
  "subject_security_id": "S-1-5-18",
  "subject_account_name": "CLIENT03$",
  "subject_account_domain": "ABYAH",
  "logon_logon_type": "10",
  "new_logon_account_name": "bwilson",
  "new_logon_authentication_package": "Kerberos",
  "network_source_address": "10.0.0.25"
 },
 {
  "@timestamp": "2021-05-22T18:45:37.456Z",
  "event_id": 1,
  "provider": "Microsoft-Windows-Sysmon",
  "source": "Sysmon",
  "computer_name": "SQL01",
  "message": "Process Create:",
  "image": "C:\\Program Files\\Google\\Chrome\\chrome.exe",
  "commandline": "\"C:\\Program Files\\Google\\Chrome\\chrome.exe\" --flag-3116 --config-6",
  "user": "LOCAL SERVICE",
  "processid": 4134
 },
 {
  "@timestamp": "2021-02-25T18:24:23.378Z",
  "event_id": 7,
  "provider": "Microsoft-Windows-Sysmon",
  "source": "Sysmon",
  "computer_name": "DC01",
  "message": "Image loaded:",
  "image": "C:\\Windows\\explorer.exe",
  "imageloaded": "C:\\Windows\\System32\\ws2_32.dll",
  "processid": 8995
 },
 {
  "@timestamp": "2021-05-11T04:49:59.172Z",
  "event_id": 6005,
  "provider": "System",
  "source": "System",
  "computer_name": "WEB01",
  "message": "The Event log service was started."
 },
 {
  "@timestamp": "2021-11-16T00:40:28.174Z",
  "event_id": 4624,
  "provider": "Security-Auditing",
  "source": "Security-Auditing",
  "computer_name": "TEST-01",
  "message": "An account was successfully logged on.",
  "subject_security_id": "S-1-5-18",
  "subject_account_name": "TEST-01$",
  "subject_account_domain": "ABYAH",
  "logon_logon_type": "8",
  "new_logon_account_name": "abyah",
  "new_logon_authentication_package": "NTLM",
  "network_source_address": "10.0.0.25"
 },
 {
  "@timestamp": "2021-02-26T00:02:18.517Z",
  "event_id": 1,
  "provider": "Microsoft-Windows-Sysmon",
  "source": "Sysmon",
  "computer_name": "APP01",
  "message": "Process Create:",
  "image": "C:\\Program Files\\Google\\Chrome\\chrome.exe",
  "commandline": "\"C:\\Program Files\\Google\\Chrome\\chrome.exe\" --flag-9869 --config-8",
  "user": "LOCAL SERVICE",
  "processid": 8725
 },
 {
  "@timestamp": "2021-05-18T13:20:19.279Z",
  "event_id": 4634,
  "provider": "Security-Auditing",
  "source": "Security-Auditing",
  "computer_name": "DEV-02",
  "message": "An account was logged off.",
  "target_account_name": "NETWORK SERVICE"
 },
 {
  "@timestamp": "2021-03-06T05:39:03.864Z",
  "event_id": 6006,
  "provider": "System",
  "source": "System",
  "computer_name": "HR-DESK-01",
  "message": "The Event log service was stopped."
 },
 {
  "@timestamp": "2021-02-01T11:55:24.609Z",
  "event_id": 15,
  "provider": "Microsoft-Windows-Sysmon",
  "source": "Sysmon",
  "computer_name": "IT-DESK-01",
  "message": "FileCreateStreamHash:",
  "image": "C:\\Program Files\\Microsoft Office\\root\\Office16\\EXCEL.EXE",
  "targetfilename": "C:\\Users\\ABYAH\\jdoe\\Downloads\\setup_4.exe:Zone.Identifier"
 },
 {
  "@timestamp": "2021-08-01T12:16:43.628Z",
  "event_id": 3,
  "provider": "Microsoft-Windows-Sysmon",
  "source": "Sysmon",
  "computer_name": "DC02",
  "message": "Network connection detected:",
  "image": "C:\\Program Files\\Microsoft Office\\root\\Office16\\WINWORD.EXE",
  "user": "ABYAH\\svc_sql",
  "destinationip": "142.250.80.46",
  "destinationport": "443",
  "protocol": "tcp"
 },
 {
  "@timestamp": "2021-02-15T11:40:08.155Z",
  "event_id": 7,
  "provider": "Microsoft-Windows-Sysmon",
  "source": "Sysmon",
  "computer_name": "CLIENT04",
  "message": "Image loaded:",
  "image": "C:\\Program Files\\Microsoft Office\\root\\Office16\\WINWORD.EXE",
  "imageloaded": "C:\\Windows\\System32\\user32.dll",
  "processid": 8612
 },
 {
  "@timestamp": "2021-12-01T21:28:25.232Z",
  "event_id": 4624,
  "provider": "Security-Auditing",
  "source": "Security-Auditing",
  "computer_name": "EXCH01",
  "message": "An account was successfully logged on.",
  "subject_security_id": "S-1-5-18",
  "subject_account_name": "EXCH01$",
  "subject_account_domain": "ABYAH",
  "logon_logon_type": "11",
  "new_logon_account_name": "lnguyen",
  "new_logon_authentication_package": "Negotiate",
  "network_source_address": "10.0.0.25"
 },
 {
  "@timestamp": "2021-08-27T23:19:13.671Z",
  "event_id": 7,
  "provider": "Microsoft-Windows-Sysmon",
  "source": "Sysmon",
  "computer_name": "FILE01",
  "message": "Image loaded:",
  "image": "C:\\Program Files\\Microsoft Office\\root\\Office16\\WINWORD.EXE",
  "imageloaded": "C:\\Windows\\System32\\ntdll.dll",
  "processid": 3555
 },
 {
  "@timestamp": "2021-07-28T06:19:33.315Z",
  "event_id": 8,
  "provider": "Microsoft-Windows-Sysmon",
  "source": "Sysmon",
  "computer_name": "DC02",
  "message": "Sysmon event 8"
 },
 {
  "@timestamp": "2021-05-14T08:27:30.472Z",
  "event_id": 4672,
  "provider": "Security-Auditing",
  "source": "Security-Auditing",
  "computer_name": "SQL01",
  "message": "Special privileges assigned to new logon.",
  "subject_account_name": "mperez",
  "privileges": "SeTcbPrivilege SeBackupPrivilege SeDebugPrivilege"
 },
 {
  "@timestamp": "2021-12-10T02:34:20.811Z",
  "event_id": 1,
  "provider": "Microsoft-Windows-Sysmon",
  "source": "Sysmon",
  "computer_name": "CLIENT04",
  "message": "Process Create:",
  "image": "C:\\Windows\\System32\\winlogon.exe",
  "commandline": "\"C:\\Windows\\System32\\winlogon.exe\" --flag-3710 --config-1",
  "user": "NETWORK SERVICE",
  "processid": 4474
 },
 {
  "@timestamp": "2021-05-25T08:13:13.136Z",
  "event_id": 4634,
  "provider": "Security-Auditing",
  "source": "Security-Auditing",
  "computer_name": "DC01",
  "message": "An account was logged off.",
  "target_account_name": "NETWORK SERVICE"
 },
 {
  "@timestamp": "2021-10-19T07:52:16.142Z",
  "event_id": 4624,
  "provider": "Security-Auditing",
  "source": "Security-Auditing",
  "computer_name": "DC02",
  "message": "An account was successfully logged on.",
  "subject_security_id": "S-1-5-18",
  "subject_account_name": "DC02$",
  "subject_account_domain": "ABYAH",
  "logon_logon_type": "11",
  "new_logon_account_name": "User1",
  "new_logon_authentication_package": "NTLM",
  "network_source_address": "172.16.0.1"
 },
 {
  "@timestamp": "2021-05-22T16:25:23.435Z",
  "event_id": 1102,
  "provider": "Security-Auditing",
  "source": "Security-Auditing",
  "computer_name": "DEV-02",
  "message": "Security event 1102 occurred.",
  "details": "Event ID 1102 logged for ABYAH\\svc_monitor"
 },
 {
  "@timestamp": "2021-03-28T14:28:24.635Z",
  "event_id": 6005,
  "provider": "System",
  "source": "System",
  "computer_name": "CLIENT05",
  "message": "The Event log service was started."
 },
 {
  "@timestamp": "2021-05-05T18:11:31.605Z",
  "event_id": 6006,
  "provider": "System",
  "source": "System",
  "computer_name": "CLIENT03",
  "message": "The Event log service was stopped."
 },
 {
  "@timestamp": "2021-06-05T22:26:52.551Z",
  "event_id": 4634,
  "provider": "Security-Auditing",
  "source": "Security-Auditing",
  "computer_name": "APP01",
  "message": "An account was logged off.",
  "target_account_name": "User2"
 },
 {
  "@timestamp": "2021-02-14T12:03:39.463Z",
  "event_id": 6005,
  "provider": "System",
  "source": "System",
  "computer_name": "FILE01",
  "message": "The Event log service was started."
 },
 {
  "@timestamp": "2021-08-03T22:18:11.864Z",
  "event_id": 1102,
  "provider": "Security-Auditing",
  "source": "Security-Auditing",
  "computer_name": "TEST-01",
  "message": "Security event 1102 occurred.",
  "details": "Event ID 1102 logged for ABYAH\\jdoe"
 },
 {
  "@timestamp": "2021-08-20T07:07:11.359Z",
  "event_id": 4776,
  "provider": "Security-Auditing",
  "source": "Security-Auditing",
  "computer_name": "DEV-01",
  "message": "The credential validation occurred.",
  "package_authentication_package": "MICROSOFT_AUTHENTICATION_PACKAGE_V1_0",
  "account_account_name": "ogarcia",
  "computer_computer_name": "DEV-01"
 },
 {
  "@timestamp": "2021-07-05T07:04:58.602Z",
  "event_id": 4776,
  "provider": "Security-Auditing",
  "source": "Security-Auditing",
  "computer_name": "EXCH01",
  "message": "The credential validation occurred.",
  "package_authentication_package": "MICROSOFT_AUTHENTICATION_PACKAGE_V1_0",
  "account_account_name": "jane.doe",
  "computer_computer_name": "EXCH01"
 },
 {
  "@timestamp": "2021-04-21T09:58:30.579Z",
  "event_id": 6006,
  "provider": "System",
  "source": "System",
  "computer_name": "IT-DESK-01",
  "message": "The Event log service was stopped."
 },
 {
  "@timestamp": "2021-06-17T04:29:56.923Z",
  "event_id": 3,
  "provider": "Microsoft-Windows-Sysmon",
  "source": "Sysmon",
  "computer_name": "TEST-01",
  "message": "Network connection detected:",
  "image": "C:\\Program Files\\WindowsApps\\...\\RuntimeBroker.exe",
  "user": "ABYAH\\ogarcia",
  "destinationip": "142.250.80.46",
  "destinationport": "53",
  "protocol": "tcp"
 },
 {
  "@timestamp": "2021-06-22T20:56:35.683Z",
  "event_id": 6013,
  "provider": "System",
  "source": "System",
  "computer_name": "SQL01",
  "message": "The system uptime is 8309620 seconds."
 },
 {
  "@timestamp": "2021-06-17T03:58:17.785Z",
  "event_id": 4624,
  "provider": "Security-Auditing",
  "source": "Security-Auditing",
  "computer_name": "DEV-02",
  "message": "An account was successfully logged on.",
  "subject_security_id": "S-1-5-18",
  "subject_account_name": "DEV-02$",
  "subject_account_domain": "ABYAH",
  "logon_logon_type": "10",
  "new_logon_account_name": "mperez",
  "new_logon_authentication_package": "NTLM",
  "network_source_address": "10.0.0.20"
 },
 {
  "@timestamp": "2021-08-14T03:39:01.571Z",
  "event_id": 10,
  "provider": "Microsoft-Windows-Sysmon",
  "source": "Sysmon",
  "computer_name": "TEST-01",
  "message": "Sysmon event 10"
 },
 {
  "@timestamp": "2021-12-12T11:23:51.199Z",
  "event_id": 6006,
  "provider": "System",
  "source": "System",
  "computer_name": "WEB01",
  "message": "The Event log service was stopped."
 },
 {
  "@timestamp": "2021-02-18T16:25:50.873Z",
  "event_id": 6005,
  "provider": "System",
  "source": "System",
  "computer_name": "TEST-01",
  "message": "The Event log service was started."
 },
 {
  "@timestamp": "2021-09-20T00:04:31.173Z",
  "event_id": 8,
  "provider": "Microsoft-Windows-Sysmon",
  "source": "Sysmon",
  "computer_name": "TEST-01",
  "message": "Sysmon event 8"
 },
 {
  "@timestamp": "2021-02-24T05:56:26.619Z",
  "event_id": 8,
  "provider": "Microsoft-Windows-Sysmon",
  "source": "Sysmon",
  "computer_name": "DC01",
  "message": "Sysmon event 8"
 },
 {
  "@timestamp": "2021-11-28T08:11:03.499Z",
  "event_id": 4634,
  "provider": "Security-Auditing",
  "source": "Security-Auditing",
  "computer_name": "FILE01",
  "message": "An account was logged off.",
  "target_account_name": "rbrown"
 },
 {
  "@timestamp": "2021-07-20T00:21:17.352Z",
  "event_id": 4634,
  "provider": "Security-Auditing",
  "source": "Security-Auditing",
  "computer_name": "DEV-01",
  "message": "An account was logged off.",
  "target_account_name": "jdoe"
 },
 {
  "@timestamp": "2021-12-25T02:38:52.404Z",
  "event_id": 4672,
  "provider": "Security-Auditing",
  "source": "Security-Auditing",
  "computer_name": "APP01",
  "message": "Special privileges assigned to new logon.",
  "subject_account_name": "admin",
  "privileges": "SeTcbPrivilege SeBackupPrivilege SeDebugPrivilege"
 },
 {
  "@timestamp": "2021-03-16T22:06:02.935Z",
  "event_id": 1,
  "provider": "Microsoft-Windows-Sysmon",
  "source": "Sysmon",
  "computer_name": "CLIENT01",
  "message": "Process Create:",
  "image": "C:\\Windows\\System32\\svchost.exe",
  "commandline": "\"C:\\Windows\\System32\\svchost.exe\" --flag-8763 --config-4",
  "user": "ABYAH\\asmith",
  "processid": 3064
 },
 {
  "@timestamp": "2021-02-06T07:51:02.926Z",
  "event_id": 1100,
  "provider": "Security-Auditing",
  "source": "Security-Auditing",
  "computer_name": "APP01",
  "message": "Security event 1100 occurred.",
  "details": "Event ID 1100 logged for ABYAH\\rbrown"
 },
 {
  "@timestamp": "2021-06-14T22:16:51.309Z",
  "event_id": 15,
  "provider": "Microsoft-Windows-Sysmon",
  "source": "Sysmon",
  "computer_name": "DC02",
  "message": "FileCreateStreamHash:",
  "image": "C:\\Windows\\System32\\winlogon.exe",
  "targetfilename": "C:\\Users\\WORKGROUP\\User2\\Downloads\\setup_2.exe:Zone.Identifier"
 },
 {
  "@timestamp": "2021-07-07T02:50:04.637Z",
  "event_id": 4634,
  "provider": "Security-Auditing",
  "source": "Security-Auditing",
  "computer_name": "CLIENT02",
  "message": "An account was logged off.",
  "target_account_name": "NETWORK SERVICE"
 },
 {
  "@timestamp": "2021-08-18T06:22:01.798Z",
  "event_id": 15,
  "provider": "Microsoft-Windows-Sysmon",
  "source": "Sysmon",
  "computer_name": "TEST-01",
  "message": "FileCreateStreamHash:",
  "image": "C:\\Windows\\System32\\svchost.exe",
  "targetfilename": "C:\\Users\\LOCAL SERVICE\\Downloads\\setup_6.exe:Zone.Identifier"
 },
 {
  "@timestamp": "2021-02-18T03:14:06.252Z",
  "event_id": 6005,
  "provider": "System",
  "source": "System",
  "computer_name": "EXCH01",
  "message": "The Event log service was started."
 },
 {
  "@timestamp": "2021-04-09T03:15:22.766Z",
  "event_id": 1100,
  "provider": "Security-Auditing",
  "source": "Security-Auditing",
  "computer_name": "DEV-01",
  "message": "Security event 1100 occurred.",
  "details": "Event ID 1100 logged for SYSTEM"
 },
 {
  "@timestamp": "2021-07-09T15:07:41.669Z",
  "event_id": 1,
  "provider": "Microsoft-Windows-Sysmon",
  "source": "Sysmon",
  "computer_name": "IT-DESK-01",
  "message": "Process Create:",
  "image": "C:\\Program Files\\Microsoft Office\\root\\Office16\\EXCEL.EXE",
  "commandline": "\"C:\\Program Files\\Microsoft Office\\root\\Office16\\EXCEL.EXE\" --flag-7301 --config-3",
  "user": "SYSTEM",
  "processid": 5423
 },
 {
  "@timestamp": "2021-05-11T07:48:39.388Z",
  "event_id": 1102,
  "provider": "Security-Auditing",
  "source": "Security-Auditing",
  "computer_name": "SQL01",
  "message": "Security event 1102 occurred.",
  "details": "Event ID 1102 logged for ABYAH\\jdoe"
 },
 {
  "@timestamp": "2021-08-25T17:54:16.846Z",
  "event_id": 4624,
  "provider": "Security-Auditing",
  "source": "Security-Auditing",
  "computer_name": "DC01",
  "message": "An account was successfully logged on.",
  "subject_security_id": "S-1-5-18",
  "subject_account_name": "DC01$",
  "subject_account_domain": "ABYAH",
  "logon_logon_type": "10",
  "new_logon_account_name": "svc_backup",
  "new_logon_authentication_package": "NTLM",
  "network_source_address": "192.168.1.100"
 },
 {
  "@timestamp": "2021-03-05T05:28:46.595Z",
  "event_id": 7,
  "provider": "Microsoft-Windows-Sysmon",
  "source": "Sysmon",
  "computer_name": "DC02",
  "message": "Image loaded:",
  "image": "C:\\Windows\\System32\\winlogon.exe",
  "imageloaded": "C:\\Windows\\System32\\advapi32.dll",
  "processid": 1094
 },
 {
  "@timestamp": "2021-08-05T10:11:28.704Z",
  "event_id": 1102,
  "provider": "Security-Auditing",
  "source": "Security-Auditing",
  "computer_name": "HR-DESK-02",
  "message": "Security event 1102 occurred.",
  "details": "Event ID 1102 logged for NETWORK SERVICE"
 },
 {
  "@timestamp": "2021-02-23T18:02:25.550Z",
  "event_id": 6005,
  "provider": "System",
  "source": "System",
  "computer_name": "CLIENT05",
  "message": "The Event log service was started."
 },
 {
  "@timestamp": "2021-04-01T13:13:46.383Z",
  "event_id": 4672,
  "provider": "Security-Auditing",
  "source": "Security-Auditing",
  "computer_name": "TEST-01",
  "message": "Special privileges assigned to new logon.",
  "subject_account_name": "LOCAL SERVICE",
  "privileges": "SeTcbPrivilege SeBackupPrivilege SeDebugPrivilege"
 },
 {
  "@timestamp": "2021-05-06T10:28:56.844Z",
  "event_id": 1100,
  "provider": "Security-Auditing",
  "source": "Security-Auditing",
  "computer_name": "DEV-02",
  "message": "Security event 1100 occurred.",
  "details": "Event ID 1100 logged for ABYAH\\jdoe"
 },
 {
  "@timestamp": "2021-06-07T22:16:36.973Z",
  "event_id": 7,
  "provider": "Microsoft-Windows-Sysmon",
  "source": "Sysmon",
  "computer_name": "CLIENT01",
  "message": "Image loaded:",
  "image": "C:\\Program Files\\Microsoft Office\\root\\Office16\\WINWORD.EXE",
  "imageloaded": "C:\\Windows\\System32\\advapi32.dll",
  "processid": 3057
 },
 {
  "@timestamp": "2021-11-21T23:57:12.269Z",
  "event_id": 10,
  "provider": "Microsoft-Windows-Sysmon",
  "source": "Sysmon",
  "computer_name": "DEV-02",
  "message": "Sysmon event 10"
 },
 {
  "@timestamp": "2021-03-06T14:59:28.367Z",
  "event_id": 6006,
  "provider": "System",
  "source": "System",
  "computer_name": "DC01",
  "message": "The Event log service was stopped."
 },
 {
  "@timestamp": "2021-09-09T15:55:07.324Z",
  "event_id": 11,
  "provider": "Microsoft-Windows-Sysmon",
  "source": "Sysmon",
  "computer_name": "CLIENT01",
  "message": "File created:",
  "image": "C:\\Windows\\System32\\svchost.exe",
  "targetfilename": "C:\\Users\\ABYAH\\abyah\\Documents\\file_62.tmp",
  "processid": 1155
 },
 {
  "@timestamp": "2021-03-06T02:54:43.741Z",
  "event_id": 1100,
  "provider": "Security-Auditing",
  "source": "Security-Auditing",
  "computer_name": "APP01",
  "message": "Security event 1100 occurred.",
  "details": "Event ID 1100 logged for ABYAH\\svc_monitor"
 },
 {
  "@timestamp": "2021-11-05T06:42:17.236Z",
  "event_id": 11,
  "provider": "Microsoft-Windows-Sysmon",
  "source": "Sysmon",
  "computer_name": "DC01",
  "message": "File created:",
  "image": "C:\\Windows\\System32\\svchost.exe",
  "targetfilename": "C:\\Users\\ABYAH\\lnguyen\\Documents\\file_7.tmp",
  "processid": 4075
 },
 {
  "@timestamp": "2021-09-10T11:58:49.963Z",
  "event_id": 1102,
  "provider": "Security-Auditing",
  "source": "Security-Auditing",
  "computer_name": "EXCH01",
  "message": "Security event 1102 occurred.",
  "details": "Event ID 1102 logged for ABYAH\\svc_monitor"
 },
 {
  "@timestamp": "2021-06-22T23:26:15.656Z",
  "event_id": 4624,
  "provider": "Security-Auditing",
  "source": "Security-Auditing",
  "computer_name": "WEB01",
  "message": "An account was successfully logged on.",
  "subject_security_id": "S-1-5-18",
  "subject_account_name": "WEB01$",
  "subject_account_domain": "ABYAH",
  "logon_logon_type": "8",
  "new_logon_account_name": "NETWORK SERVICE",
  "new_logon_authentication_package": "Kerberos",
  "network_source_address": "192.168.1.100"
 },
 {
  "@timestamp": "2021-09-13T23:39:58.411Z",
  "event_id": 6005,
  "provider": "System",
  "source": "System",
  "computer_name": "CLIENT04",
  "message": "The Event log service was started."
 },
 {
  "@timestamp": "2021-12-04T07:45:41.417Z",
  "event_id": 10,
  "provider": "Microsoft-Windows-Sysmon",
  "source": "Sysmon",
  "computer_name": "CLIENT04",
  "message": "Sysmon event 10"
 },
 {
  "@timestamp": "2021-10-13T15:31:12.603Z",
  "event_id": 6006,
  "provider": "System",
  "source": "System",
  "computer_name": "FILE01",
  "message": "The Event log service was stopped."
 },
 {
  "@timestamp": "2021-02-17T20:34:33.773Z",
  "event_id": 10,
  "provider": "Microsoft-Windows-Sysmon",
  "source": "Sysmon",
  "computer_name": "EXCH01",
  "message": "Sysmon event 10"
 },
 {
  "@timestamp": "2021-04-27T09:11:50.624Z",
  "event_id": 6013,
  "provider": "System",
  "source": "System",
  "computer_name": "CLIENT01",
  "message": "The system uptime is 681962 seconds."
 },
 {
  "@timestamp": "2021-09-06T09:38:50.575Z",
  "event_id": 1,
  "provider": "Microsoft-Windows-Sysmon",
  "source": "Sysmon",
  "computer_name": "HR-DESK-01",
  "message": "Process Create:",
  "image": "C:\\Program Files\\Microsoft Office\\root\\Office16\\EXCEL.EXE",
  "commandline": "\"C:\\Program Files\\Microsoft Office\\root\\Office16\\EXCEL.EXE\" --flag-8476 --config-1",
  "user": "ABYAH\\jdoe",
  "processid": 6836
 },
 {
  "@timestamp": "2021-01-28T13:23:41.376Z",
  "event_id": 7,
  "provider": "Microsoft-Windows-Sysmon",
  "source": "Sysmon",
  "computer_name": "CLIENT02",
  "message": "Image loaded:",
  "image": "C:\\Program Files\\Microsoft Edge\\msedge.exe",
  "imageloaded": "C:\\Windows\\System32\\advapi32.dll",
  "processid": 7500
 },
 {
  "@timestamp": "2021-10-01T14:22:51.331Z",
  "event_id": 4672,
  "provider": "Security-Auditing",
  "source": "Security-Auditing",
  "computer_name": "CLIENT02",
  "message": "Special privileges assigned to new logon.",
  "subject_account_name": "svc_sql",
  "privileges": "SeTcbPrivilege SeBackupPrivilege SeDebugPrivilege"
 },
 {
  "@timestamp": "2021-06-14T05:52:36.321Z",
  "event_id": 4776,
  "provider": "Security-Auditing",
  "source": "Security-Auditing",
  "computer_name": "CLIENT02",
  "message": "The credential validation occurred.",
  "package_authentication_package": "MICROSOFT_AUTHENTICATION_PACKAGE_V1_0",
  "account_account_name": "jane.doe",
  "computer_computer_name": "CLIENT02"
 },
 {
  "@timestamp": "2021-06-23T17:09:09.821Z",
  "event_id": 6006,
  "provider": "System",
  "source": "System",
  "computer_name": "WEB01",
  "message": "The Event log service was stopped."
 },
 {
  "@timestamp": "2021-07-02T10:36:27.558Z",
  "event_id": 3,
  "provider": "Microsoft-Windows-Sysmon",
  "source": "Sysmon",
  "computer_name": "DEV-01",
  "message": "Network connection detected:",
  "image": "C:\\Windows\\System32\\spoolsv.exe",
  "user": "ABYAH\\lnguyen",
  "destinationip": "142.250.80.46",
  "destinationport": "53",
  "protocol": "tcp"
 },
 {
  "@timestamp": "2021-11-07T07:49:58.405Z",
  "event_id": 8,
  "provider": "Microsoft-Windows-Sysmon",
  "source": "Sysmon",
  "computer_name": "TEST-01",
  "message": "Sysmon event 8"
 },
 {
  "@timestamp": "2021-10-24T23:49:13.621Z",
  "event_id": 6005,
  "provider": "System",
  "source": "System",
  "computer_name": "HR-DESK-01",
  "message": "The Event log service was started."
 },
 {
  "@timestamp": "2021-05-21T19:14:59.584Z",
  "event_id": 6006,
  "provider": "System",
  "source": "System",
  "computer_name": "WEB01",
  "message": "The Event log service was stopped."
 },
 {
  "@timestamp": "2021-09-08T02:48:46.182Z",
  "event_id": 15,
  "provider": "Microsoft-Windows-Sysmon",
  "source": "Sysmon",
  "computer_name": "DC02",
  "message": "FileCreateStreamHash:",
  "image": "C:\\Program Files\\Google\\Chrome\\chrome.exe",
  "targetfilename": "C:\\Users\\WORKGROUP\\User2\\Downloads\\setup_7.exe:Zone.Identifier"
 },
 {
  "@timestamp": "2021-08-17T13:53:33.561Z",
  "event_id": 10,
  "provider": "Microsoft-Windows-Sysmon",
  "source": "Sysmon",
  "computer_name": "CLIENT02",
  "message": "Sysmon event 10"
 },
 {
  "@timestamp": "2021-02-04T12:39:16.357Z",
  "event_id": 4624,
  "provider": "Security-Auditing",
  "source": "Security-Auditing",
  "computer_name": "TEST-01",
  "message": "An account was successfully logged on.",
  "subject_security_id": "S-1-5-18",
  "subject_account_name": "TEST-01$",
  "subject_account_domain": "ABYAH",
  "logon_logon_type": "2",
  "new_logon_account_name": "svc_backup",
  "new_logon_authentication_package": "NTLM",
  "network_source_address": "192.168.1.30"
 },
 {
  "@timestamp": "2021-11-03T16:45:48.578Z",
  "event_id": 4672,
  "provider": "Security-Auditing",
  "source": "Security-Auditing",
  "computer_name": "DEV-01",
  "message": "Special privileges assigned to new logon.",
  "subject_account_name": "admin",
  "privileges": "SeTcbPrivilege SeBackupPrivilege SeDebugPrivilege"
 },
 {
  "@timestamp": "2021-11-15T08:52:01.459Z",
  "event_id": 11,
  "provider": "Microsoft-Windows-Sysmon",
  "source": "Sysmon",
  "computer_name": "TEST-01",
  "message": "File created:",
  "image": "C:\\Windows\\explorer.exe",
  "targetfilename": "C:\\Users\\ABYAH\\mperez\\Documents\\file_97.tmp",
  "processid": 5454
 },
 {
  "@timestamp": "2021-12-23T19:34:40.426Z",
  "event_id": 4634,
  "provider": "Security-Auditing",
  "source": "Security-Auditing",
  "computer_name": "CLIENT03",
  "message": "An account was logged off.",
  "target_account_name": "User1"
 },
 {
  "@timestamp": "2021-07-03T09:08:09.554Z",
  "event_id": 1,
  "provider": "Microsoft-Windows-Sysmon",
  "source": "Sysmon",
  "computer_name": "FILE01",
  "message": "Process Create:",
  "image": "C:\\Windows\\System32\\lsass.exe",
  "commandline": "\"C:\\Windows\\System32\\lsass.exe\" --flag-6083 --config-1",
  "user": "ABYAH\\lnguyen",
  "processid": 5860
 },
 {
  "@timestamp": "2021-09-19T20:49:58.323Z",
  "event_id": 4672,
  "provider": "Security-Auditing",
  "source": "Security-Auditing",
  "computer_name": "CLIENT04",
  "message": "Special privileges assigned to new logon.",
  "subject_account_name": "bwilson",
  "privileges": "SeTcbPrivilege SeBackupPrivilege SeDebugPrivilege"
 },
 {
  "@timestamp": "2021-06-15T21:17:14.189Z",
  "event_id": 1,
  "provider": "Microsoft-Windows-Sysmon",
  "source": "Sysmon",
  "computer_name": "CLIENT01",
  "message": "Process Create:",
  "image": "C:\\Program Files\\Microsoft Edge\\msedge.exe",
  "commandline": "\"C:\\Program Files\\Microsoft Edge\\msedge.exe\" --flag-2910 --config-1",
  "user": "NETWORK SERVICE",
  "processid": 1484
 },
 {
  "@timestamp": "2021-02-28T04:34:40.467Z",
  "event_id": 4672,
  "provider": "Security-Auditing",
  "source": "Security-Auditing",
  "computer_name": "DC02",
  "message": "Special privileges assigned to new logon.",
  "subject_account_name": "klee",
  "privileges": "SeTcbPrivilege SeBackupPrivilege SeDebugPrivilege"
 },
 {
  "@timestamp": "2021-02-21T10:03:32.173Z",
  "event_id": 1100,
  "provider": "Security-Auditing",
  "source": "Security-Auditing",
  "computer_name": "CLIENT01",
  "message": "Security event 1100 occurred.",
  "details": "Event ID 1100 logged for ABYAH\\bwilson"
 },
 {
  "@timestamp": "2021-05-22T04:47:37.467Z",
  "event_id": 6013,
  "provider": "System",
  "source": "System",
  "computer_name": "DC02",
  "message": "The system uptime is 7632204 seconds."
 },
 {
  "@timestamp": "2021-07-09T04:47:41.640Z",
  "event_id": 4776,
  "provider": "Security-Auditing",
  "source": "Security-Auditing",
  "computer_name": "DC02",
  "message": "The credential validation occurred.",
  "package_authentication_package": "MICROSOFT_AUTHENTICATION_PACKAGE_V1_0",
  "account_account_name": "ogarcia",
  "computer_computer_name": "DC02"
 },
 {
  "@timestamp": "2021-09-17T15:25:39.778Z",
  "event_id": 6006,
  "provider": "System",
  "source": "System",
  "computer_name": "CLIENT02",
  "message": "The Event log service was stopped."
 },
 {
  "@timestamp": "2021-02-06T02:09:15.388Z",
  "event_id": 6013,
  "provider": "System",
  "source": "System",
  "computer_name": "CLIENT03",
  "message": "The system uptime is 9654390 seconds."
 },
 {
  "@timestamp": "2021-08-02T22:25:09.574Z",
  "event_id": 6006,
  "provider": "System",
  "source": "System",
  "computer_name": "EXCH01",
  "message": "The Event log service was stopped."
 },
 {
  "@timestamp": "2021-12-26T06:24:05.213Z",
  "event_id": 6006,
  "provider": "System",
  "source": "System",
  "computer_name": "CLIENT02",
  "message": "The Event log service was stopped."
 },
 {
  "@timestamp": "2021-12-11T15:06:57.964Z",
  "event_id": 1102,
  "provider": "Security-Auditing",
  "source": "Security-Auditing",
  "computer_name": "DC02",
  "message": "Security event 1102 occurred.",
  "details": "Event ID 1102 logged for ABYAH\\john.smith"
 },
 {
  "@timestamp": "2021-05-17T15:02:47.920Z",
  "event_id": 1102,
  "provider": "Security-Auditing",
  "source": "Security-Auditing",
  "computer_name": "CLIENT05",
  "message": "Security event 1102 occurred.",
  "details": "Event ID 1102 logged for ABYAH\\klee"
 },
 {
  "@timestamp": "2021-05-13T18:39:17.626Z",
  "event_id": 6013,
  "provider": "System",
  "source": "System",
  "computer_name": "WEB01",
  "message": "The system uptime is 4207261 seconds."
 },
 {
  "@timestamp": "2021-02-14T13:32:21.667Z",
  "event_id": 15,
  "provider": "Microsoft-Windows-Sysmon",
  "source": "Sysmon",
  "computer_name": "DC02",
  "message": "FileCreateStreamHash:",
  "image": "C:\\Windows\\explorer.exe",
  "targetfilename": "C:\\Users\\ABYAH\\admin\\Downloads\\setup_7.exe:Zone.Identifier"
 },
 {
  "@timestamp": "2021-04-24T04:19:39.561Z",
  "event_id": 1100,
  "provider": "Security-Auditing",
  "source": "Security-Auditing",
  "computer_name": "CLIENT04",
  "message": "Security event 1100 occurred.",
  "details": "Event ID 1100 logged for ABYAH\\jane.doe"
 },
 {
  "@timestamp": "2021-04-21T12:59:04.995Z",
  "event_id": 15,
  "provider": "Microsoft-Windows-Sysmon",
  "source": "Sysmon",
  "computer_name": "DC02",
  "message": "FileCreateStreamHash:",
  "image": "C:\\Windows\\System32\\spoolsv.exe",
  "targetfilename": "C:\\Users\\ABYAH\\abyah\\Downloads\\setup_4.exe:Zone.Identifier"
 },
 {
  "@timestamp": "2021-02-21T11:46:28.757Z",
  "event_id": 4624,
  "provider": "Security-Auditing",
  "source": "Security-Auditing",
  "computer_name": "HR-DESK-01",
  "message": "An account was successfully logged on.",
  "subject_security_id": "S-1-5-18",
  "subject_account_name": "HR-DESK-01$",
  "subject_account_domain": "ABYAH",
  "logon_logon_type": "10",
  "new_logon_account_name": "mperez",
  "new_logon_authentication_package": "Negotiate",
  "network_source_address": "172.16.0.1"
 },
 {
  "@timestamp": "2021-08-24T16:00:43.323Z",
  "event_id": 15,
  "provider": "Microsoft-Windows-Sysmon",
  "source": "Sysmon",
  "computer_name": "EXCH01",
  "message": "FileCreateStreamHash:",
  "image": "C:\\Program Files\\WindowsApps\\...\\RuntimeBroker.exe",
  "targetfilename": "C:\\Users\\ABYAH\\john.smith\\Downloads\\setup_8.exe:Zone.Identifier"
 },
 {
  "@timestamp": "2021-09-18T00:29:18.512Z",
  "event_id": 4634,
  "provider": "Security-Auditing",
  "source": "Security-Auditing",
  "computer_name": "CLIENT04",
  "message": "An account was logged off.",
  "target_account_name": "john.smith"
 },
 {
  "@timestamp": "2021-06-10T10:24:20.544Z",
  "event_id": 11,
  "provider": "Microsoft-Windows-Sysmon",
  "source": "Sysmon",
  "computer_name": "HR-DESK-02",
  "message": "File created:",
  "image": "C:\\Windows\\System32\\svchost.exe",
  "targetfilename": "C:\\Users\\ABYAH\\klee\\Documents\\file_50.tmp",
  "processid": 4622
 },
 {
  "@timestamp": "2021-11-25T03:13:58.733Z",
  "event_id": 11,
  "provider": "Microsoft-Windows-Sysmon",
  "source": "Sysmon",
  "computer_name": "TEST-01",
  "message": "File created:",
  "image": "C:\\Program Files\\WindowsApps\\...\\RuntimeBroker.exe",
  "targetfilename": "C:\\Users\\ABYAH\\abyah\\Documents\\file_19.tmp",
  "processid": 3302
 },
 {
  "@timestamp": "2021-01-08T15:38:47.684Z",
  "event_id": 3,
  "provider": "Microsoft-Windows-Sysmon",
  "source": "Sysmon",
  "computer_name": "WEB01",
  "message": "Network connection detected:",
  "image": "C:\\Program Files\\Microsoft Office\\root\\Office16\\EXCEL.EXE",
  "user": "ABYAH\\bwilson",
  "destinationip": "13.107.42.14",
  "destinationport": "443",
  "protocol": "tcp"
 },
 {
  "@timestamp": "2021-08-24T01:58:48.194Z",
  "event_id": 7,
  "provider": "Microsoft-Windows-Sysmon",
  "source": "Sysmon",
  "computer_name": "EXCH01",
  "message": "Image loaded:",
  "image": "C:\\Windows\\System32\\winlogon.exe",
  "imageloaded": "C:\\Windows\\System32\\ntdll.dll",
  "processid": 4796
 },
 {
  "@timestamp": "2021-11-16T22:47:22.711Z",
  "event_id": 1100,
  "provider": "Security-Auditing",
  "source": "Security-Auditing",
  "computer_name": "DEV-01",
  "message": "Security event 1100 occurred.",
  "details": "Event ID 1100 logged for WORKGROUP\\User1"
 },
 {
  "@timestamp": "2021-10-05T00:04:14.314Z",
  "event_id": 4672,
  "provider": "Security-Auditing",
  "source": "Security-Auditing",
  "computer_name": "APP01",
  "message": "Special privileges assigned to new logon.",
  "subject_account_name": "User2",
  "privileges": "SeTcbPrivilege SeBackupPrivilege SeDebugPrivilege"
 },
 {
  "@timestamp": "2021-12-01T21:35:56.429Z",
  "event_id": 6005,
  "provider": "System",
  "source": "System",
  "computer_name": "CLIENT02",
  "message": "The Event log service was started."
 },
 {
  "@timestamp": "2021-02-08T19:09:34.237Z",
  "event_id": 1100,
  "provider": "Security-Auditing",
  "source": "Security-Auditing",
  "computer_name": "SQL01",
  "message": "Security event 1100 occurred.",
  "details": "Event ID 1100 logged for ABYAH\\lnguyen"
 },
 {
  "@timestamp": "2021-10-08T17:53:09.891Z",
  "event_id": 6013,
  "provider": "System",
  "source": "System",
  "computer_name": "CLIENT03",
  "message": "The system uptime is 7358611 seconds."
 },
 {
  "@timestamp": "2021-12-01T22:43:13.355Z",
  "event_id": 4634,
  "provider": "Security-Auditing",
  "source": "Security-Auditing",
  "computer_name": "DC01",
  "message": "An account was logged off.",
  "target_account_name": "mperez"
 },
 {
  "@timestamp": "2021-12-13T02:19:46.163Z",
  "event_id": 4776,
  "provider": "Security-Auditing",
  "source": "Security-Auditing",
  "computer_name": "EXCH01",
  "message": "The credential validation occurred.",
  "package_authentication_package": "MICROSOFT_AUTHENTICATION_PACKAGE_V1_0",
  "account_account_name": "svc_sql",
  "computer_computer_name": "EXCH01"
 },
 {
  "@timestamp": "2021-06-14T02:57:42.837Z",
  "event_id": 6013,
  "provider": "System",
  "source": "System",
  "computer_name": "CLIENT03",
  "message": "The system uptime is 5461399 seconds."
 },
 {
  "@timestamp": "2021-01-13T22:39:38.395Z",
  "event_id": 1102,
  "provider": "Security-Auditing",
  "source": "Security-Auditing",
  "computer_name": "SQL01",
  "message": "Security event 1102 occurred.",
  "details": "Event ID 1102 logged for ABYAH\\jdoe"
 },
 {
  "@timestamp": "2021-02-24T19:31:47.616Z",
  "event_id": 3,
  "provider": "Microsoft-Windows-Sysmon",
  "source": "Sysmon",
  "computer_name": "CLIENT01",
  "message": "Network connection detected:",
  "image": "C:\\Program Files\\Google\\Chrome\\chrome.exe",
  "user": "ABYAH\\bwilson",
  "destinationip": "13.107.42.14",
  "destinationport": "53",
  "protocol": "tcp"
 },
 {
  "@timestamp": "2021-02-26T01:43:35.713Z",
  "event_id": 10,
  "provider": "Microsoft-Windows-Sysmon",
  "source": "Sysmon",
  "computer_name": "DC02",
  "message": "Sysmon event 10"
 },
 {
  "@timestamp": "2021-04-05T23:51:09.769Z",
  "event_id": 11,
  "provider": "Microsoft-Windows-Sysmon",
  "source": "Sysmon",
  "computer_name": "FILE01",
  "message": "File created:",
  "image": "C:\\Windows\\System32\\svchost.exe",
  "targetfilename": "C:\\Users\\ABYAH\\svc_monitor\\Documents\\file_87.tmp",
  "processid": 9154
 },
 {
  "@timestamp": "2021-02-20T09:17:07.106Z",
  "event_id": 1100,
  "provider": "Security-Auditing",
  "source": "Security-Auditing",
  "computer_name": "DC02",
  "message": "Security event 1100 occurred.",
  "details": "Event ID 1100 logged for ABYAH\\jane.doe"
 },
 {
  "@timestamp": "2021-05-05T10:15:31.398Z",
  "event_id": 1102,
  "provider": "Security-Auditing",
  "source": "Security-Auditing",
  "computer_name": "CLIENT02",
  "message": "Security event 1102 occurred.",
  "details": "Event ID 1102 logged for ABYAH\\abyah"
 },
 {
  "@timestamp": "2021-06-18T08:30:47.611Z",
  "event_id": 6005,
  "provider": "System",
  "source": "System",
  "computer_name": "DEV-02",
  "message": "The Event log service was started."
 },
 {
  "@timestamp": "2021-11-21T06:05:03.717Z",
  "event_id": 4776,
  "provider": "Security-Auditing",
  "source": "Security-Auditing",
  "computer_name": "DEV-02",
  "message": "The credential validation occurred.",
  "package_authentication_package": "MICROSOFT_AUTHENTICATION_PACKAGE_V1_0",
  "account_account_name": "User1",
  "computer_computer_name": "DEV-02"
 },
 {
  "@timestamp": "2021-01-10T20:15:47.706Z",
  "event_id": 1100,
  "provider": "Security-Auditing",
  "source": "Security-Auditing",
  "computer_name": "SQL01",
  "message": "Security event 1100 occurred.",
  "details": "Event ID 1100 logged for LOCAL SERVICE"
 },
 {
  "@timestamp": "2021-01-22T23:55:09.970Z",
  "event_id": 4672,
  "provider": "Security-Auditing",
  "source": "Security-Auditing",
  "computer_name": "SQL01",
  "message": "Special privileges assigned to new logon.",
  "subject_account_name": "mperez",
  "privileges": "SeTcbPrivilege SeBackupPrivilege SeDebugPrivilege"
 },
 {
  "@timestamp": "2021-04-04T01:58:24.880Z",
  "event_id": 6006,
  "provider": "System",
  "source": "System",
  "computer_name": "HR-DESK-01",
  "message": "The Event log service was stopped."
 },
 {
  "@timestamp": "2021-09-15T14:50:27.953Z",
  "event_id": 1102,
  "provider": "Security-Auditing",
  "source": "Security-Auditing",
  "computer_name": "SQL01",
  "message": "Security event 1102 occurred.",
  "details": "Event ID 1102 logged for ABYAH\\lnguyen"
 },
 {
  "@timestamp": "2021-07-21T17:28:44.291Z",
  "event_id": 10,
  "provider": "Microsoft-Windows-Sysmon",
  "source": "Sysmon",
  "computer_name": "DEV-01",
  "message": "Sysmon event 10"
 },
 {
  "@timestamp": "2021-03-25T18:31:23.912Z",
  "event_id": 6013,
  "provider": "System",
  "source": "System",
  "computer_name": "CLIENT03",
  "message": "The system uptime is 9261485 seconds."
 },
