 {
  "@timestamp": "2021-06-20T05:53:53.126Z",
  "event_id": 6013,
  "provider": "System",
  "source": "System",
  "computer_name": "DC01",
  "message": "The system uptime is 9164866 seconds."
 },
 {
  "@timestamp": "2021-06-23T11:45:34.300Z",
  "event_id": 4776,
  "provider": "Security-Auditing",
  "source": "Security-Auditing",
  "computer_name": "CLIENT02",
  "message": "The credential validation occurred.",
  "package_authentication_package": "MICROSOFT_AUTHENTICATION_PACKAGE_V1_0",
  "account_account_name": "svc_monitor",
  "computer_computer_name": "CLIENT02"
 },
 {
  "@timestamp": "2021-07-24T22:21:16.678Z",
  "event_id": 4634,
  "provider": "Security-Auditing",
  "source": "Security-Auditing",
  "computer_name": "HR-DESK-02",
  "message": "An account was logged off.",
  "target_account_name": "jane.doe"
 },
 {
  "@timestamp": "2021-07-17T17:32:46.227Z",
  "event_id": 7,
  "provider": "Microsoft-Windows-Sysmon",
  "source": "Sysmon",
  "computer_name": "APP01",
  "message": "Image loaded:",
  "image": "C:\\Windows\\System32\\winlogon.exe",
  "imageloaded": "C:\\Windows\\System32\\kernel32.dll",
  "processid": 8683
 },
 {
  "@timestamp": "2021-03-02T02:38:29.140Z",
  "event_id": 15,
  "provider": "Microsoft-Windows-Sysmon",
  "source": "Sysmon",
  "computer_name": "CLIENT01",
  "message": "FileCreateStreamHash:",
  "image": "C:\\Windows\\System32\\winlogon.exe",
  "targetfilename": "C:\\Users\\ABYAH\\admin\\Downloads\\setup_4.exe:Zone.Identifier"
 },
 {
  "@timestamp": "2021-03-08T22:11:20.443Z",
  "event_id": 1102,
  "provider": "Security-Auditing",
  "source": "Security-Auditing",
  "computer_name": "HR-DESK-02",
  "message": "Security event 1102 occurred.",
  "details": "Event ID 1102 logged for ABYAH\\jdoe"
 },
 {
  "@timestamp": "2021-03-24T14:29:26.200Z",
  "event_id": 10,
  "provider": "Microsoft-Windows-Sysmon",
  "source": "Sysmon",
  "computer_name": "WEB01",
  "message": "Sysmon event 10"
 },
 {
  "@timestamp": "2021-09-28T08:19:08.369Z",
  "event_id": 15,
  "provider": "Microsoft-Windows-Sysmon",
  "source": "Sysmon",
  "computer_name": "IT-DESK-01",
  "message": "FileCreateStreamHash:",
  "image": "C:\\Windows\\System32\\winlogon.exe",
  "targetfilename": "C:\\Users\\SYSTEM\\Downloads\\setup_7.exe:Zone.Identifier"
 },
 {
  "@timestamp": "2021-06-20T14:56:26.423Z",
  "event_id": 4624,
  "provider": "Security-Auditing",
  "source": "Security-Auditing",
  "computer_name": "APP01",
  "message": "An account was successfully logged on.",
  "subject_security_id": "S-1-5-18",
  "subject_account_name": "APP01$",
  "subject_account_domain": "ABYAH",
  "logon_logon_type": "11",
  "new_logon_account_name": "NETWORK SERVICE",
  "new_logon_authentication_package": "Negotiate",
  "network_source_address": "192.168.1.104"
 },
 {
  "@timestamp": "2021-05-26T14:36:42.917Z",
  "event_id": 6005,
  "provider": "System",
  "source": "System",
  "computer_name": "TEST-01",
  "message": "The Event log service was started."
 },
 {
  "@timestamp": "2021-02-27T21:45:16.128Z",
  "event_id": 6013,
  "provider": "System",
  "source": "System",
  "computer_name": "DC01",
  "message": "The system uptime is 9956120 seconds."
 },
 {
  "@timestamp": "2021-03-21T23:59:23.248Z",
  "event_id": 7,
  "provider": "Microsoft-Windows-Sysmon",
  "source": "Sysmon",
  "computer_name": "HR-DESK-02",
  "message": "Image loaded:",
  "image": "C:\\Program Files\\Microsoft Office\\root\\Office16\\EXCEL.EXE",
  "imageloaded": "C:\\Windows\\System32\\kernel32.dll",
  "processid": 7897
 },
 {
  "@timestamp": "2021-10-26T21:03:29.513Z",
  "event_id": 1102,
  "provider": "Security-Auditing",
  "source": "Security-Auditing",
  "computer_name": "EXCH01",
  "message": "Security event 1102 occurred.",
  "details": "Event ID 1102 logged for WORKGROUP\\User2"
 },
 {
  "@timestamp": "2021-05-21T09:11:00.963Z",
  "event_id": 6013,
  "provider": "System",
  "source": "System",
  "computer_name": "APP01",
  "message": "The system uptime is 4136764 seconds."
 },
 {
  "@timestamp": "2021-01-13T11:50:35.167Z",
  "event_id": 6006,
  "provider": "System",
  "source": "System",
  "computer_name": "DEV-01",
  "message": "The Event log service was stopped."
 },
 {
  "@timestamp": "2021-08-15T17:14:27.329Z",
  "event_id": 4672,
  "provider": "Security-Auditing",
  "source": "Security-Auditing",
  "computer_name": "DC02",
  "message": "Special privileges assigned to new logon.",
  "subject_account_name": "klee",
  "privileges": "SeTcbPrivilege SeBackupPrivilege SeDebugPrivilege"
 },
 {
  "@timestamp": "2021-10-05T04:29:07.882Z",
  "event_id": 6013,
  "provider": "System",
  "source": "System",
  "computer_name": "WEB01",
  "message": "The system uptime is 7120412 seconds."
 },
 {
  "@timestamp": "2021-06-06T13:00:05.572Z",
  "event_id": 4776,
  "provider": "Security-Auditing",
  "source": "Security-Auditing",
  "computer_name": "CLIENT01",
  "message": "The credential validation occurred.",
  "package_authentication_package": "MICROSOFT_AUTHENTICATION_PACKAGE_V1_0",
  "account_account_name": "User2",
  "computer_computer_name": "CLIENT01"
 },
 {
  "@timestamp": "2021-09-03T06:08:50.545Z",
  "event_id": 8,
  "provider": "Microsoft-Windows-Sysmon",
  "source": "Sysmon",
  "computer_name": "CLIENT04",
  "message": "Sysmon event 8"
 },
 {
  "@timestamp": "2021-01-03T21:53:35.231Z",
  "event_id": 6006,
  "provider": "System",
  "source": "System",
  "computer_name": "IT-DESK-01",
  "message": "The Event log service was stopped."
 },
 {
  "@timestamp": "2021-06-28T21:14:02.382Z",
  "event_id": 4672,
  "provider": "Security-Auditing",
  "source": "Security-Auditing",
  "computer_name": "FILE01",
  "message": "Special privileges assigned to new logon.",
  "subject_account_name": "NETWORK SERVICE",
  "privileges": "SeTcbPrivilege SeBackupPrivilege SeDebugPrivilege"
 },
 {
  "@timestamp": "2021-08-04T17:59:49.835Z",
  "event_id": 15,
  "provider": "Microsoft-Windows-Sysmon",
  "source": "Sysmon",
  "computer_name": "DC01",
  "message": "FileCreateStreamHash:",
  "image": "C:\\Windows\\System32\\lsass.exe",
  "targetfilename": "C:\\Users\\ABYAH\\lnguyen\\Downloads\\setup_6.exe:Zone.Identifier"
 },
 {
  "@timestamp": "2021-05-23T16:14:20.970Z",
  "event_id": 4634,
  "provider": "Security-Auditing",
  "source": "Security-Auditing",
  "computer_name": "HR-DESK-01",
  "message": "An account was logged off.",
  "target_account_name": "LOCAL SERVICE"
 },
 {
  "@timestamp": "2021-11-04T16:16:34.968Z",
  "event_id": 1102,
  "provider": "Security-Auditing",
  "source": "Security-Auditing",
  "computer_name": "EXCH01",
  "message": "Security event 1102 occurred.",
  "details": "Event ID 1102 logged for ABYAH\\svc_backup"
 },
 {
  "@timestamp": "2021-02-12T04:52:45.991Z",
  "event_id": 6013,
  "provider": "System",
  "source": "System",
  "computer_name": "APP01",
  "message": "The system uptime is 9946990 seconds."
 },
 {
  "@timestamp": "2021-07-13T06:41:39.314Z",
  "event_id": 6006,
  "provider": "System",
  "source": "System",
  "computer_name": "SQL01",
  "message": "The Event log service was stopped."
 },
 {
  "@timestamp": "2021-09-23T16:02:29.103Z",
  "event_id": 3,
  "provider": "Microsoft-Windows-Sysmon",
  "source": "Sysmon",
  "computer_name": "HR-DESK-02",
  "message": "Network connection detected:",
  "image": "C:\\Program Files\\Google\\Chrome\\chrome.exe",
  "user": "ABYAH\\jdoe",
  "destinationip": "8.8.8.8",
  "destinationport": "443",
  "protocol": "tcp"
 },
 {
  "@timestamp": "2021-11-03T04:51:48.476Z",
  "event_id": 1,
  "provider": "Microsoft-Windows-Sysmon",
  "source": "Sysmon",
  "computer_name": "CLIENT02",
  "message": "Process Create:",
  "image": "C:\\Windows\\explorer.exe",
  "commandline": "\"C:\\Windows\\explorer.exe\" --flag-2645 --config-3",
  "user": "ABYAH\\svc_monitor",
  "processid": 2701
 },
 {
  "@timestamp": "2021-11-03T15:36:45.174Z",
  "event_id": 4776,
  "provider": "Security-Auditing",
  "source": "Security-Auditing",
  "computer_name": "DC01",
  "message": "The credential validation occurred.",
  "package_authentication_package": "MICROSOFT_AUTHENTICATION_PACKAGE_V1_0",
  "account_account_name": "abyah",
  "computer_computer_name": "DC01"
 },
 {
  "@timestamp": "2021-08-14T23:24:59.695Z",
  "event_id": 6005,
  "provider": "System",
  "source": "System",
  "computer_name": "CLIENT05",
  "message": "The Event log service was started."
 },
 {
  "@timestamp": "2021-08-27T03:06:31.225Z",
  "event_id": 8,
  "provider": "Microsoft-Windows-Sysmon",
  "source": "Sysmon",
  "computer_name": "HR-DESK-02",
  "message": "Sysmon event 8"
 },
 {
  "@timestamp": "2021-12-09T03:40:28.448Z",
  "event_id": 1,
  "provider": "Microsoft-Windows-Sysmon",
  "source": "Sysmon",
  "computer_name": "DEV-01",
  "message": "Process Create:",
  "image": "C:\\Program Files\\Microsoft Office\\root\\Office16\\EXCEL.EXE",
  "commandline": "\"C:\\Program Files\\Microsoft Office\\root\\Office16\\EXCEL.EXE\" --flag-7236 --config-6",
  "user": "ABYAH\\rbrown",
  "processid": 3829
 },
 {
  "@timestamp": "2021-05-06T04:14:28.193Z",
  "event_id": 4624,
  "provider": "Security-Auditing",
  "source": "Security-Auditing",
  "computer_name": "FILE01",
  "message": "An account was successfully logged on.",
  "subject_security_id": "S-1-5-18",
  "subject_account_name": "FILE01$",
  "subject_account_domain": "ABYAH",
  "logon_logon_type": "11",
  "new_logon_account_name": "NETWORK SERVICE",
  "new_logon_authentication_package": "Kerberos",
  "network_source_address": "192.168.1.100"
 },
 {
  "@timestamp": "2021-10-20T19:28:40.861Z",
  "event_id": 4776,
  "provider": "Security-Auditing",
  "source": "Security-Auditing",
  "computer_name": "SQL01",
  "message": "The credential validation occurred.",
  "package_authentication_package": "MICROSOFT_AUTHENTICATION_PACKAGE_V1_0",
  "account_account_name": "abyah",
  "computer_computer_name": "SQL01"
 },
 {
  "@timestamp": "2021-03-20T05:28:48.964Z",
  "event_id": 4634,
  "provider": "Security-Auditing",
  "source": "Security-Auditing",
  "computer_name": "CLIENT04",
  "message": "An account was logged off.",
  "target_account_name": "LOCAL SERVICE"
 },
 {
  "@timestamp": "2021-07-21T08:08:03.749Z",
  "event_id": 4776,
  "provider": "Security-Auditing",
  "source": "Security-Auditing",
  "computer_name": "DEV-01",
  "message": "The credential validation occurred.",
  "package_authentication_package": "MICROSOFT_AUTHENTICATION_PACKAGE_V1_0",
  "account_account_name": "NETWORK SERVICE",
  "computer_computer_name": "DEV-01"
 },
 {
  "@timestamp": "2021-02-02T02:02:39.989Z",
  "event_id": 11,
  "provider": "Microsoft-Windows-Sysmon",
  "source": "Sysmon",
  "computer_name": "CLIENT01",
  "message": "File created:",
  "image": "C:\\Program Files\\Microsoft Edge\\msedge.exe",
  "targetfilename": "C:\\Users\\ABYAH\\svc_monitor\\Documents\\file_15.tmp",
  "processid": 1505
 },
 {
  "@timestamp": "2021-06-06T20:59:02.418Z",
  "event_id": 15,
  "provider": "Microsoft-Windows-Sysmon",
  "source": "Sysmon",
  "computer_name": "DC02",
  "message": "FileCreateStreamHash:",
  "image": "C:\\Program Files\\WindowsApps\\...\\RuntimeBroker.exe",
  "targetfilename": "C:\\Users\\NETWORK SERVICE\\Downloads\\setup_6.exe:Zone.Identifier"
 },
 {
  "@timestamp": "2021-01-07T17:53:38.466Z",
  "event_id": 8,
  "provider": "Microsoft-Windows-Sysmon",
  "source": "Sysmon",
  "computer_name": "SQL01",
  "message": "Sysmon event 8"
 },
 {
  "@timestamp": "2021-04-27T18:57:11.855Z",
  "event_id": 4672,
  "provider": "Security-Auditing",
  "source": "Security-Auditing",
  "computer_name": "DEV-02",
  "message": "Special privileges assigned to new logon.",
  "subject_account_name": "asmith",
  "privileges": "SeTcbPrivilege SeBackupPrivilege SeDebugPrivilege"
 },
 {
  "@timestamp": "2021-05-17T17:34:55.122Z",
  "event_id": 3,
  "provider": "Microsoft-Windows-Sysmon",
  "source": "Sysmon",
  "computer_name": "CLIENT03",
  "message": "Network connection detected:",
  "image": "C:\\Program Files\\Microsoft Office\\root\\Office16\\WINWORD.EXE",
  "user": "ABYAH\\bwilson",
  "destinationip": "142.250.80.46",
  "destinationport": "3389",
  "protocol": "tcp"
 },
 {
  "@timestamp": "2021-07-11T09:13:36.460Z",
  "event_id": 6013,
  "provider": "System",
  "source": "System",
  "computer_name": "DEV-01",
  "message": "The system uptime is 2854738 seconds."
 },
 {
  "@timestamp": "2021-02-06T20:49:18.450Z",
  "event_id": 4634,
  "provider": "Security-Auditing",
  "source": "Security-Auditing",
  "computer_name": "CLIENT01",
  "message": "An account was logged off.",
  "target_account_name": "klee"
 },
 {
  "@timestamp": "2021-02-13T01:46:32.371Z",
  "event_id": 7,
  "provider": "Microsoft-Windows-Sysmon",
  "source": "Sysmon",
  "computer_name": "SQL01",
  "message": "Image loaded:",
  "image": "C:\\Program Files\\Microsoft Office\\root\\Office16\\EXCEL.EXE",
  "imageloaded": "C:\\Windows\\System32\\ole32.dll",
  "processid": 8626
 },
 {
  "@timestamp": "2021-03-07T20:45:17.795Z",
  "event_id": 4634,
  "provider": "Security-Auditing",
  "source": "Security-Auditing",
  "computer_name": "APP01",
  "message": "An account was logged off.",
  "target_account_name": "john.smith"
 },
 {
  "@timestamp": "2021-09-10T16:22:50.780Z",
  "event_id": 6005,
  "provider": "System",
  "source": "System",
  "computer_name": "CLIENT03",
  "message": "The Event log service was started."
 },
 {
  "@timestamp": "2021-12-09T05:07:40.476Z",
  "event_id": 6005,
  "provider": "System",
  "source": "System",
  "computer_name": "SQL01",
  "message": "The Event log service was started."
 },
 {
  "@timestamp": "2021-12-02T15:04:14.307Z",
  "event_id": 4634,
  "provider": "Security-Auditing",
  "source": "Security-Auditing",
  "computer_name": "HR-DESK-01",
  "message": "An account was logged off.",
  "target_account_name": "klee"
 },
 {
  "@timestamp": "2021-08-13T09:42:25.218Z",
  "event_id": 1,
  "provider": "Microsoft-Windows-Sysmon",
  "source": "Sysmon",
  "computer_name": "APP01",
  "message": "Process Create:",
  "image": "C:\\Program Files\\Microsoft Office\\root\\Office16\\WINWORD.EXE",
  "commandline": "\"C:\\Program Files\\Microsoft Office\\root\\Office16\\WINWORD.EXE\" --flag-3167 --config-4",
  "user": "ABYAH\\john.smith",
  "processid": 6760
 },
 {
  "@timestamp": "2021-04-15T05:53:00.943Z",
  "event_id": 6006,
  "provider": "System",
  "source": "System",
  "computer_name": "WEB01",
  "message": "The Event log service was stopped."
 },
 {
  "@timestamp": "2021-01-20T21:29:35.127Z",
  "event_id": 1100,
  "provider": "Security-Auditing",
  "source": "Security-Auditing",
  "computer_name": "EXCH01",
  "message": "Security event 1100 occurred.",
  "details": "Event ID 1100 logged for ABYAH\\svc_backup"
 },
 {
  "@timestamp": "2021-07-06T01:45:30.451Z",
  "event_id": 4776,
  "provider": "Security-Auditing",
  "source": "Security-Auditing",
  "computer_name": "TEST-01",
  "message": "The credential validation occurred.",
  "package_authentication_package": "MICROSOFT_AUTHENTICATION_PACKAGE_V1_0",
  "account_account_name": "klee",
  "computer_computer_name": "TEST-01"
 },
 {
  "@timestamp": "2021-11-26T20:37:12.662Z",
  "event_id": 3,
  "provider": "Microsoft-Windows-Sysmon",
  "source": "Sysmon",
  "computer_name": "SQL01",
  "message": "Network connection detected:",
  "image": "C:\\Program Files\\Microsoft Edge\\msedge.exe",
  "user": "WORKGROUP\\User2",
  "destinationip": "1.1.1.1",
  "destinationport": "80",
  "protocol": "tcp"
 },
 {
  "@timestamp": "2021-04-20T16:19:34.753Z",
  "event_id": 4776,
  "provider": "Security-Auditing",
  "source": "Security-Auditing",
  "computer_name": "IT-DESK-01",
  "message": "The credential validation occurred.",
  "package_authentication_package": "MICROSOFT_AUTHENTICATION_PACKAGE_V1_0",
  "account_account_name": "ogarcia",
  "computer_computer_name": "IT-DESK-01"
 },
 {
  "@timestamp": "2021-09-04T11:06:43.188Z",
  "event_id": 7,
  "provider": "Microsoft-Windows-Sysmon",
  "source": "Sysmon",
  "computer_name": "HR-DESK-01",
  "message": "Image loaded:",
  "image": "C:\\Windows\\explorer.exe",
  "imageloaded": "C:\\Windows\\System32\\user32.dll",
  "processid": 7791
 },
 {
  "@timestamp": "2021-03-03T15:59:45.871Z",
  "event_id": 1102,
  "provider": "Security-Auditing",
  "source": "Security-Auditing",
  "computer_name": "HR-DESK-02",
  "message": "Security event 1102 occurred.",
  "details": "Event ID 1102 logged for ABYAH\\ogarcia"
 },
 {
  "@timestamp": "2021-04-27T16:53:07.412Z",
  "event_id": 4672,
  "provider": "Security-Auditing",
  "source": "Security-Auditing",
  "computer_name": "CLIENT03",
  "message": "Special privileges assigned to new logon.",
  "subject_account_name": "svc_backup",
  "privileges": "SeTcbPrivilege SeBackupPrivilege SeDebugPrivilege"
 },
 {
  "@timestamp": "2021-12-28T08:37:38.563Z",
  "event_id": 6006,
  "provider": "System",
  "source": "System",
  "computer_name": "SQL01",
  "message": "The Event log service was stopped."
 },
 {
  "@timestamp": "2021-07-24T06:15:34.367Z",
  "event_id": 4624,
  "provider": "Security-Auditing",
  "source": "Security-Auditing",
  "computer_name": "CLIENT02",
  "message": "An account was successfully logged on.",
  "subject_security_id": "S-1-5-18",
  "subject_account_name": "CLIENT02$",
  "subject_account_domain": "ABYAH",
  "logon_logon_type": "10",
  "new_logon_account_name": "LOCAL SERVICE",
  "new_logon_authentication_package": "Kerberos",
  "network_source_address": "192.168.1.105"
 },
 {
  "@timestamp": "2021-03-03T19:43:51.633Z",
  "event_id": 4624,
  "provider": "Security-Auditing",
  "source": "Security-Auditing",
  "computer_name": "APP01",
  "message": "An account was successfully logged on.",
  "subject_security_id": "S-1-5-18",
  "subject_account_name": "APP01$",
  "subject_account_domain": "ABYAH",
  "logon_logon_type": "10",
  "new_logon_account_name": "LOCAL SERVICE",
  "new_logon_authentication_package": "NTLM",
  "network_source_address": "192.168.1.100"
 },
 {
  "@timestamp": "2021-10-08T01:35:36.632Z",
  "event_id": 4634,
  "provider": "Security-Auditing",
  "source": "Security-Auditing",
  "computer_name": "CLIENT05",
  "message": "An account was logged off.",
  "target_account_name": "asmith"
 },
 {
  "@timestamp": "2021-03-23T01:10:45.416Z",
  "event_id": 3,
  "provider": "Microsoft-Windows-Sysmon",
  "source": "Sysmon",
  "computer_name": "FILE01",
  "message": "Network connection detected:",
  "image": "C:\\Windows\\System32\\spoolsv.exe",
  "user": "ABYAH\\asmith",
  "destinationip": "8.8.8.8",
  "destinationport": "3389",
  "protocol": "tcp"
 },
 {
  "@timestamp": "2021-04-23T17:10:35.268Z",
  "event_id": 1100,
  "provider": "Security-Auditing",
  "source": "Security-Auditing",
  "computer_name": "DEV-02",
  "message": "Security event 1100 occurred.",
  "details": "Event ID 1100 logged for NETWORK SERVICE"
 },
 {
  "@timestamp": "2021-11-01T21:00:38.779Z",
  "event_id": 6013,
  "provider": "System",
  "source": "System",
  "computer_name": "DC02",
  "message": "The system uptime is 8167424 seconds."
 },
 {
  "@timestamp": "2021-03-12T21:53:38.458Z",
  "event_id": 6006,
  "provider": "System",
  "source": "System",
  "computer_name": "HR-DESK-02",
  "message": "The Event log service was stopped."
 },
 {
  "@timestamp": "2021-06-11T06:03:07.265Z",
  "event_id": 4634,
  "provider": "Security-Auditing",
  "source": "Security-Auditing",
  "computer_name": "EXCH01",
  "message": "An account was logged off.",
  "target_account_name": "asmith"
 },
 {
  "@timestamp": "2021-07-14T18:14:29.163Z",
  "event_id": 6005,
  "provider": "System",
  "source": "System",
  "computer_name": "CLIENT02",
  "message": "The Event log service was started."
 },
 {
  "@timestamp": "2021-01-07T20:05:17.627Z",
  "event_id": 6006,
  "provider": "System",
  "source": "System",
  "computer_name": "CLIENT03",
  "message": "The Event log service was stopped."
 },
 {
  "@timestamp": "2021-06-25T22:31:11.119Z",
  "event_id": 4634,
  "provider": "Security-Auditing",
  "source": "Security-Auditing",
  "computer_name": "CLIENT02",
  "message": "An account was logged off.",
  "target_account_name": "LOCAL SERVICE"
 },
 {
  "@timestamp": "2021-02-13T23:47:41.897Z",
  "event_id": 7,
  "provider": "Microsoft-Windows-Sysmon",
  "source": "Sysmon",
  "computer_name": "FILE01",
  "message": "Image loaded:",
  "image": "C:\\Windows\\explorer.exe",
  "imageloaded": "C:\\Windows\\System32\\ws2_32.dll",
  "processid": 6314
 },
 {
  "@timestamp": "2021-10-10T11:00:22.635Z",
  "event_id": 7,
  "provider": "Microsoft-Windows-Sysmon",
  "source": "Sysmon",
  "computer_name": "HR-DESK-01",
  "message": "Image loaded:",
  "image": "C:\\Windows\\System32\\svchost.exe",
  "imageloaded": "C:\\Windows\\System32\\ntdll.dll",
  "processid": 7419
 },
 {
  "@timestamp": "2021-05-26T18:36:12.693Z",
  "event_id": 4672,
  "provider": "Security-Auditing",
  "source": "Security-Auditing",
  "computer_name": "DEV-02",
  "message": "Special privileges assigned to new logon.",
  "subject_account_name": "asmith",
  "privileges": "SeTcbPrivilege SeBackupPrivilege SeDebugPrivilege"
 },
 {
  "@timestamp": "2021-09-19T16:00:06.131Z",
  "event_id": 1102,
  "provider": "Security-Auditing",
  "source": "Security-Auditing",
  "computer_name": "HR-DESK-01",
  "message": "Security event 1102 occurred.",
  "details": "Event ID 1102 logged for ABYAH\\john.smith"
 },
 {
  "@timestamp": "2021-05-10T23:12:02.421Z",
  "event_id": 6006,
  "provider": "System",
  "source": "System",
  "computer_name": "CLIENT05",
  "message": "The Event log service was stopped."
 },
 {
  "@timestamp": "2021-02-14T07:41:28.118Z",
  "event_id": 4776,
  "provider": "Security-Auditing",
  "source": "Security-Auditing",
  "computer_name": "CLIENT02",
  "message": "The credential validation occurred.",
  "package_authentication_package": "MICROSOFT_AUTHENTICATION_PACKAGE_V1_0",
  "account_account_name": "svc_sql",
  "computer_computer_name": "CLIENT02"
 },
 {
  "@timestamp": "2021-01-02T21:56:52.752Z",
  "event_id": 4672,
  "provider": "Security-Auditing",
  "source": "Security-Auditing",
  "computer_name": "APP01",
  "message": "Special privileges assigned to new logon.",
  "subject_account_name": "svc_monitor",
  "privileges": "SeTcbPrivilege SeBackupPrivilege SeDebugPrivilege"
 },
 {
  "@timestamp": "2021-08-19T19:14:38.553Z",
  "event_id": 1,
  "provider": "Microsoft-Windows-Sysmon",
  "source": "Sysmon",
  "computer_name": "DC01",
  "message": "Process Create:",
  "image": "C:\\Windows\\System32\\spoolsv.exe",
  "commandline": "\"C:\\Windows\\System32\\spoolsv.exe\" --flag-8760 --config-9",
  "user": "ABYAH\\lnguyen",
  "processid": 9398
 },
 {
  "@timestamp": "2021-06-25T19:01:47.467Z",
  "event_id": 1,
  "provider": "Microsoft-Windows-Sysmon",
  "source": "Sysmon",
  "computer_name": "WEB01",
  "message": "Process Create:",
  "image": "C:\\Windows\\System32\\winlogon.exe",
  "commandline": "\"C:\\Windows\\System32\\winlogon.exe\" --flag-5345 --config-3",
  "user": "ABYAH\\rbrown",
  "processid": 5848
 },
 {
  "@timestamp": "2021-05-04T09:31:06.366Z",
  "event_id": 1100,
  "provider": "Security-Auditing",
  "source": "Security-Auditing",
  "computer_name": "DC02",
  "message": "Security event 1100 occurred.",
  "details": "Event ID 1100 logged for ABYAH\\jane.doe"
 },
 {
  "@timestamp": "2021-10-25T11:54:50.179Z",
  "event_id": 1102,
  "provider": "Security-Auditing",
  "source": "Security-Auditing",
  "computer_name": "DEV-01",
  "message": "Security event 1102 occurred.",
  "details": "Event ID 1102 logged for ABYAH\\jane.doe"
 },
 {
  "@timestamp": "2021-03-19T03:59:41.304Z",
  "event_id": 6013,
  "provider": "System",
  "source": "System",
  "computer_name": "FILE01",
  "message": "The system uptime is 7752158 seconds."
 },
 {
  "@timestamp": "2021-09-10T21:00:19.815Z",
  "event_id": 10,
  "provider": "Microsoft-Windows-Sysmon",
  "source": "Sysmon",
  "computer_name": "TEST-01",
  "message": "Sysmon event 10"
 },
 {
  "@timestamp": "2021-10-23T18:19:30.893Z",
  "event_id": 6013,
  "provider": "System",
  "source": "System",
  "computer_name": "DC01",
  "message": "The system uptime is 1778718 seconds."
 },
 {
  "@timestamp": "2021-05-05T14:56:24.602Z",
  "event_id": 6006,
  "provider": "System",
  "source": "System",
  "computer_name": "DEV-02",
  "message": "The Event log service was stopped."
 },
 {
  "@timestamp": "2021-04-25T14:17:58.517Z",
  "event_id": 8,
  "provider": "Microsoft-Windows-Sysmon",
  "source": "Sysmon",
  "computer_name": "CLIENT04",
  "message": "Sysmon event 8"
 },
 {
  "@timestamp": "2021-04-22T14:06:24.403Z",
  "event_id": 15,
  "provider": "Microsoft-Windows-Sysmon",
  "source": "Sysmon",
  "computer_name": "HR-DESK-02",
  "message": "FileCreateStreamHash:",
  "image": "C:\\Windows\\System32\\winlogon.exe",
  "targetfilename": "C:\\Users\\ABYAH\\ogarcia\\Downloads\\setup_4.exe:Zone.Identifier"
 },
 {
  "@timestamp": "2021-06-19T11:56:08.418Z",
  "event_id": 4634,
  "provider": "Security-Auditing",
  "source": "Security-Auditing",
  "computer_name": "DEV-02",
  "message": "An account was logged off.",
  "target_account_name": "jdoe"
 },
 {
  "@timestamp": "2021-08-10T15:35:10.422Z",
  "event_id": 1100,
  "provider": "Security-Auditing",
  "source": "Security-Auditing",
  "computer_name": "DEV-02",
  "message": "Security event 1100 occurred.",
  "details": "Event ID 1100 logged for ABYAH\\jdoe"
 },
 {
  "@timestamp": "2021-06-03T00:07:54.183Z",
  "event_id": 4776,
  "provider": "Security-Auditing",
  "source": "Security-Auditing",
  "computer_name": "FILE01",
  "message": "The credential validation occurred.",
  "package_authentication_package": "MICROSOFT_AUTHENTICATION_PACKAGE_V1_0",
  "account_account_name": "klee",
  "computer_computer_name": "FILE01"
 },
 {
  "@timestamp": "2021-05-19T21:49:04.376Z",
  "event_id": 1102,
  "provider": "Security-Auditing",
  "source": "Security-Auditing",
  "computer_name": "WEB01",
  "message": "Security event 1102 occurred.",
  "details": "Event ID 1102 logged for ABYAH\\jane.doe"
 },
 {
  "@timestamp": "2021-02-21T14:51:19.578Z",
  "event_id": 4634,
  "provider": "Security-Auditing",
  "source": "Security-Auditing",
  "computer_name": "DC02",
  "message": "An account was logged off.",
  "target_account_name": "LOCAL SERVICE"
 },
 {
  "@timestamp": "2021-10-14T03:37:55.930Z",
  "event_id": 1102,
  "provider": "Security-Auditing",
  "source": "Security-Auditing",
  "computer_name": "DEV-01",
  "message": "Security event 1102 occurred.",
  "details": "Event ID 1102 logged for LOCAL SERVICE"
 },
 {
  "@timestamp": "2021-03-24T02:11:16.429Z",
  "event_id": 4672,
  "provider": "Security-Auditing",
  "source": "Security-Auditing",
  "computer_name": "DC02",
  "message": "Special privileges assigned to new logon.",
  "subject_account_name": "abyah",
  "privileges": "SeTcbPrivilege SeBackupPrivilege SeDebugPrivilege"
 },
 {
  "@timestamp": "2021-09-01T23:31:02.698Z",
  "event_id": 10,
  "provider": "Microsoft-Windows-Sysmon",
  "source": "Sysmon",
  "computer_name": "DC01",
  "message": "Sysmon event 10"
 },
 {
  "@timestamp": "2021-12-07T13:44:18.267Z",
  "event_id": 1102,
  "provider": "Security-Auditing",
  "source": "Security-Auditing",
  "computer_name": "CLIENT02",
  "message": "Security event 1102 occurred.",
  "details": "Event ID 1102 logged for ABYAH\\rbrown"
 },
 {
  "@timestamp": "2021-03-13T19:56:06.744Z",
  "event_id": 4672,
  "provider": "Security-Auditing",
  "source": "Security-Auditing",
  "computer_name": "DC02",
  "message": "Special privileges assigned to new logon.",
  "subject_account_name": "lnguyen",
  "privileges": "SeTcbPrivilege SeBackupPrivilege SeDebugPrivilege"
 },
 {
  "@timestamp": "2021-10-21T04:58:55.101Z",
  "event_id": 6005,
  "provider": "System",
  "source": "System",
  "computer_name": "HR-DESK-02",
  "message": "The Event log service was started."
 },
 {
  "@timestamp": "2021-03-26T07:44:07.837Z",
  "event_id": 4672,
  "provider": "Security-Auditing",
  "source": "Security-Auditing",
  "computer_name": "APP01",
  "message": "Special privileges assigned to new logon.",
  "subject_account_name": "User1",
  "privileges": "SeTcbPrivilege SeBackupPrivilege SeDebugPrivilege"
 },
 {
  "@timestamp": "2021-12-08T06:52:19.873Z",
  "event_id": 11,
  "provider": "Microsoft-Windows-Sysmon",
  "source": "Sysmon",
  "computer_name": "HR-DESK-02",
  "message": "File created:",
  "image": "C:\\Windows\\System32\\svchost.exe",
  "targetfilename": "C:\\Users\\ABYAH\\jane.doe\\Documents\\file_94.tmp",
  "processid": 5532
 },
 {
  "@timestamp": "2021-03-19T20:01:44.305Z",
  "event_id": 1100,
  "provider": "Security-Auditing",
  "source": "Security-Auditing",
  "computer_name": "TEST-01",
  "message": "Security event 1100 occurred.",
  "details": "Event ID 1100 logged for ABYAH\\rbrown"
 },
 {
  "@timestamp": "2021-01-05T17:19:17.101Z",
  "event_id": 11,
  "provider": "Microsoft-Windows-Sysmon",
  "source": "Sysmon",
  "computer_name": "DEV-02",
  "message": "File created:",
  "image": "C:\\Program Files\\WindowsApps\\...\\RuntimeBroker.exe",
  "targetfilename": "C:\\Users\\WORKGROUP\\User2\\Documents\\file_20.tmp",
  "processid": 8384
 },
 {
  "@timestamp": "2021-12-09T19:57:18.211Z",
  "event_id": 6013,
  "provider": "System",
  "source": "System",
  "computer_name": "TEST-01",
  "message": "The system uptime is 5021118 seconds."
 },
 {
  "@timestamp": "2021-08-11T02:22:15.602Z",
  "event_id": 8,
  "provider": "Microsoft-Windows-Sysmon",
  "source": "Sysmon",
  "computer_name": "CLIENT03",
  "message": "Sysmon event 8"
 },
 {
  "@timestamp": "2021-09-25T04:15:43.629Z",
  "event_id": 3,
  "provider": "Microsoft-Windows-Sysmon",
  "source": "Sysmon",
  "computer_name": "DC01",
  "message": "Network connection detected:",
  "image": "C:\\Windows\\System32\\svchost.exe",
  "user": "ABYAH\\svc_sql",
  "destinationip": "1.1.1.1",
  "destinationport": "80",
  "protocol": "tcp"
 },
 {
  "@timestamp": "2021-09-01T13:40:30.848Z",
  "event_id": 1,
  "provider": "Microsoft-Windows-Sysmon",
  "source": "Sysmon",
  "computer_name": "DEV-01",
  "message": "Process Create:",
  "image": "C:\\Program Files\\Google\\Chrome\\chrome.exe",
  "commandline": "\"C:\\Program Files\\Google\\Chrome\\chrome.exe\" --flag-3276 --config-5",
  "user": "WORKGROUP\\User2",
  "processid": 7912
 },
 {
  "@timestamp": "2021-03-06T05:07:08.626Z",
  "event_id": 6006,
  "provider": "System",
  "source": "System",
  "computer_name": "APP01",
  "message": "The Event log service was stopped."
 },
 {
  "@timestamp": "2021-06-27T17:52:13.892Z",
  "event_id": 6013,
  "provider": "System",
  "source": "System",
  "computer_name": "EXCH01",
  "message": "The system uptime is 3028034 seconds."
 },
 {
  "@timestamp": "2021-04-10T08:08:17.173Z",
  "event_id": 3,
  "provider": "Microsoft-Windows-Sysmon",
  "source": "Sysmon",
  "computer_name": "APP01",
  "message": "Network connection detected:",
  "image": "C:\\Program Files\\Google\\Chrome\\chrome.exe",
  "user": "ABYAH\\svc_monitor",
  "destinationip": "142.250.80.46",
  "destinationport": "80",
  "protocol": "tcp"
 },
 {
  "@timestamp": "2021-05-25T17:37:41.709Z",
  "event_id": 1102,
  "provider": "Security-Auditing",
  "source": "Security-Auditing",
  "computer_name": "SQL01",
  "message": "Security event 1102 occurred.",
  "details": "Event ID 1102 logged for ABYAH\\jane.doe"
 },
 {
  "@timestamp": "2021-03-06T16:46:19.535Z",
  "event_id": 4672,
  "provider": "Security-Auditing",
  "source": "Security-Auditing",
  "computer_name": "EXCH01",
  "message": "Special privileges assigned to new logon.",
  "subject_account_name": "bwilson",
  "privileges": "SeTcbPrivilege SeBackupPrivilege SeDebugPrivilege"
 },
 {
  "@timestamp": "2021-02-02T16:45:06.884Z",
  "event_id": 8,
  "provider": "Microsoft-Windows-Sysmon",
  "source": "Sysmon",
  "computer_name": "IT-DESK-01",
  "message": "Sysmon event 8"
 },
 {
  "@timestamp": "2021-11-08T14:59:48.809Z",
  "event_id": 4776,
  "provider": "Security-Auditing",
  "source": "Security-Auditing",
  "computer_name": "CLIENT01",
  "message": "The credential validation occurred.",
  "package_authentication_package": "MICROSOFT_AUTHENTICATION_PACKAGE_V1_0",
  "account_account_name": "asmith",
  "computer_computer_name": "CLIENT01"
 },
 {
  "@timestamp": "2021-11-12T09:16:28.234Z",
  "event_id": 4672,
  "provider": "Security-Auditing",
  "source": "Security-Auditing",
  "computer_name": "CLIENT05",
  "message": "Special privileges assigned to new logon.",
  "subject_account_name": "LOCAL SERVICE",
  "privileges": "SeTcbPrivilege SeBackupPrivilege SeDebugPrivilege"
 },
 {
  "@timestamp": "2021-10-22T20:39:31.921Z",
  "event_id": 4624,
  "provider": "Security-Auditing",
  "source": "Security-Auditing",
  "computer_name": "DEV-02",
  "message": "An account was successfully logged on.",
  "subject_security_id": "S-1-5-18",
  "subject_account_name": "DEV-02$",
  "subject_account_domain": "ABYAH",
  "logon_logon_type": "10",
  "new_logon_account_name": "NETWORK SERVICE",
  "new_logon_authentication_package": "Kerberos",
  "network_source_address": "192.168.1.104"
 },
 {
  "@timestamp": "2021-04-02T06:31:16.627Z",
  "event_id": 4672,
  "provider": "Security-Auditing",
  "source": "Security-Auditing",
  "computer_name": "IT-DESK-01",
  "message": "Special privileges assigned to new logon.",
  "subject_account_name": "ogarcia",
  "privileges": "SeTcbPrivilege SeBackupPrivilege SeDebugPrivilege"
 },
 {
  "@timestamp": "2021-08-27T08:54:14.248Z",
  "event_id": 7,
  "provider": "Microsoft-Windows-Sysmon",
  "source": "Sysmon",
  "computer_name": "EXCH01",
  "message": "Image loaded:",
  "image": "C:\\Windows\\System32\\svchost.exe",
  "imageloaded": "C:\\Windows\\System32\\ole32.dll",
  "processid": 1825
 },
 {
  "@timestamp": "2021-01-21T14:31:15.545Z",
  "event_id": 1,
  "provider": "Microsoft-Windows-Sysmon",
  "source": "Sysmon",
  "computer_name": "CLIENT01",
  "message": "Process Create:",
  "image": "C:\\Windows\\System32\\svchost.exe",
  "commandline": "\"C:\\Windows\\System32\\svchost.exe\" --flag-7255 --config-8",
  "user": "ABYAH\\john.smith",
  "processid": 6954
 },
 {
  "@timestamp": "2021-02-24T23:58:47.424Z",
  "event_id": 7,
  "provider": "Microsoft-Windows-Sysmon",
  "source": "Sysmon",
  "computer_name": "DEV-01",
  "message": "Image loaded:",
  "image": "C:\\Windows\\System32\\winlogon.exe",
  "imageloaded": "C:\\Windows\\System32\\advapi32.dll",
  "processid": 4839
 },
 {
  "@timestamp": "2021-08-25T18:02:11.352Z",
  "event_id": 6006,
  "provider": "System",
  "source": "System",
  "computer_name": "EXCH01",
  "message": "The Event log service was stopped."
 },
 {
  "@timestamp": "2021-10-24T09:43:53.569Z",
  "event_id": 6005,
  "provider": "System",
  "source": "System",
  "computer_name": "HR-DESK-02",
  "message": "The Event log service was started."
 },
 {
  "@timestamp": "2021-12-17T03:09:47.792Z",
  "event_id": 4634,
  "provider": "Security-Auditing",
  "source": "Security-Auditing",
  "computer_name": "IT-DESK-01",
  "message": "An account was logged off.",
  "target_account_name": "User2"
 },
 {
  "@timestamp": "2021-09-02T18:51:39.461Z",
  "event_id": 8,
  "provider": "Microsoft-Windows-Sysmon",
  "source": "Sysmon",
  "computer_name": "CLIENT02",
  "message": "Sysmon event 8"
 },
 {
  "@timestamp": "2021-07-04T14:45:15.557Z",
  "event_id": 6005,
  "provider": "System",
  "source": "System",
  "computer_name": "CLIENT04",
  "message": "The Event log service was started."
 },
 {
  "@timestamp": "2021-02-15T10:40:21.440Z",
  "event_id": 4634,
  "provider": "Security-Auditing",
  "source": "Security-Auditing",
  "computer_name": "SQL01",
  "message": "An account was logged off.",
  "target_account_name": "svc_monitor"
 },
 {
  "@timestamp": "2021-06-04T01:56:26.564Z",
  "event_id": 8,
  "provider": "Microsoft-Windows-Sysmon",
  "source": "Sysmon",
  "computer_name": "CLIENT01",
  "message": "Sysmon event 8"
 },
 {
  "@timestamp": "2021-10-02T22:31:07.817Z",
  "event_id": 15,
  "provider": "Microsoft-Windows-Sysmon",
  "source": "Sysmon",
  "computer_name": "DEV-02",
  "message": "FileCreateStreamHash:",
  "image": "C:\\Program Files\\Microsoft Office\\root\\Office16\\EXCEL.EXE",
  "targetfilename": "C:\\Users\\WORKGROUP\\User2\\Downloads\\setup_7.exe:Zone.Identifier"
 },
 {
  "@timestamp": "2021-04-01T05:18:48.689Z",
  "event_id": 1100,
  "provider": "Security-Auditing",
  "source": "Security-Auditing",
  "computer_name": "DC02",
  "message": "Security event 1100 occurred.",
  "details": "Event ID 1100 logged for ABYAH\\jane.doe"
 },
 {
  "@timestamp": "2021-04-10T03:57:34.591Z",
  "event_id": 3,
  "provider": "Microsoft-Windows-Sysmon",
  "source": "Sysmon",
  "computer_name": "EXCH01",
  "message": "Network connection detected:",
  "image": "C:\\Windows\\System32\\svchost.exe",
  "user": "ABYAH\\john.smith",
  "destinationip": "8.8.8.8",
  "destinationport": "53",
  "protocol": "tcp"
 },
 {
  "@timestamp": "2021-01-25T07:32:54.110Z",
  "event_id": 15,
  "provider": "Microsoft-Windows-Sysmon",
  "source": "Sysmon",
  "computer_name": "EXCH01",
  "message": "FileCreateStreamHash:",
  "image": "C:\\Program Files\\Microsoft Office\\root\\Office16\\WINWORD.EXE",
  "targetfilename": "C:\\Users\\WORKGROUP\\User2\\Downloads\\setup_4.exe:Zone.Identifier"
 },
 {
  "@timestamp": "2021-12-08T03:09:59.828Z",
  "event_id": 7,
  "provider": "Microsoft-Windows-Sysmon",
  "source": "Sysmon",
  "computer_name": "IT-DESK-01",
  "message": "Image loaded:",
  "image": "C:\\Program Files\\Microsoft Edge\\msedge.exe",
  "imageloaded": "C:\\Windows\\System32\\ws2_32.dll",
  "processid": 7048
 },
 {
  "@timestamp": "2021-02-25T19:34:31.818Z",
  "event_id": 1,
  "provider": "Microsoft-Windows-Sysmon",
  "source": "Sysmon",
  "computer_name": "TEST-01",
  "message": "Process Create:",
  "image": "C:\\Windows\\System32\\winlogon.exe",
  "commandline": "\"C:\\Windows\\System32\\winlogon.exe\" --flag-6979 --config-8",
  "user": "ABYAH\\jane.doe",
  "processid": 4740
 },
 {
  "@timestamp": "2021-09-02T19:37:09.634Z",
  "event_id": 4672,
  "provider": "Security-Auditing",
  "source": "Security-Auditing",
  "computer_name": "DEV-01",
  "message": "Special privileges assigned to new logon.",
  "subject_account_name": "User1",
  "privileges": "SeTcbPrivilege SeBackupPrivilege SeDebugPrivilege"
 },
 {
  "@timestamp": "2021-11-02T13:11:01.383Z",
  "event_id": 1102,
  "provider": "Security-Auditing",
  "source": "Security-Auditing",
  "computer_name": "WEB01",
  "message": "Security event 1102 occurred.",
  "details": "Event ID 1102 logged for ABYAH\\admin"
 },
 {
  "@timestamp": "2021-01-25T07:34:04.972Z",
  "event_id": 15,
  "provider": "Microsoft-Windows-Sysmon",
  "source": "Sysmon",
  "computer_name": "EXCH01",
  "message": "FileCreateStreamHash:",
  "image": "C:\\Windows\\System32\\winlogon.exe",
  "targetfilename": "C:\\Users\\ABYAH\\svc_sql\\Downloads\\setup_7.exe:Zone.Identifier"
 },
 {
  "@timestamp": "2021-01-15T20:24:44.727Z",
  "event_id": 6005,
  "provider": "System",
  "source": "System",
  "computer_name": "DEV-01",
  "message": "The Event log service was started."
 },
 {
  "@timestamp": "2021-10-03T03:34:22.183Z",
  "event_id": 11,
  "provider": "Microsoft-Windows-Sysmon",
  "source": "Sysmon",
  "computer_name": "CLIENT02",
  "message": "File created:",
  "image": "C:\\Program Files\\Microsoft Office\\root\\Office16\\EXCEL.EXE",
  "targetfilename": "C:\\Users\\ABYAH\\klee\\Documents\\file_6.tmp",
  "processid": 2733
 },
 {
  "@timestamp": "2021-06-15T07:00:47.204Z",
  "event_id": 4672,
  "provider": "Security-Auditing",
  "source": "Security-Auditing",
  "computer_name": "CLIENT04",
  "message": "Special privileges assigned to new logon.",
  "subject_account_name": "svc_backup",
  "privileges": "SeTcbPrivilege SeBackupPrivilege SeDebugPrivilege"
 },
 {
  "@timestamp": "2021-06-17T09:11:54.329Z",
  "event_id": 11,
  "provider": "Microsoft-Windows-Sysmon",
  "source": "Sysmon",
  "computer_name": "APP01",
  "message": "File created:",
  "image": "C:\\Windows\\System32\\winlogon.exe",
  "targetfilename": "C:\\Users\\ABYAH\\svc_monitor\\Documents\\file_3.tmp",
  "processid": 3149
 },
 {
  "@timestamp": "2021-03-04T21:22:53.272Z",
  "event_id": 1100,
  "provider": "Security-Auditing",
  "source": "Security-Auditing",
  "computer_name": "CLIENT05",
  "message": "Security event 1100 occurred.",
  "details": "Event ID 1100 logged for ABYAH\\bwilson"
 },
 {
  "@timestamp": "2021-12-09T07:18:04.845Z",
  "event_id": 4672,
  "provider": "Security-Auditing",
  "source": "Security-Auditing",
  "computer_name": "WEB01",
  "message": "Special privileges assigned to new logon.",
  "subject_account_name": "mperez",
  "privileges": "SeTcbPrivilege SeBackupPrivilege SeDebugPrivilege"
 },
 {
  "@timestamp": "2021-08-15T11:50:37.549Z",
  "event_id": 4776,
  "provider": "Security-Auditing",
  "source": "Security-Auditing",
  "computer_name": "HR-DESK-02",
  "message": "The credential validation occurred.",
  "package_authentication_package": "MICROSOFT_AUTHENTICATION_PACKAGE_V1_0",
  "account_account_name": "john.smith",
  "computer_computer_name": "HR-DESK-02"
 },
 {
  "@timestamp": "2021-12-09T13:01:22.293Z",
  "event_id": 1100,
  "provider": "Security-Auditing",
  "source": "Security-Auditing",
  "computer_name": "DEV-02",
  "message": "Security event 1100 occurred.",
  "details": "Event ID 1100 logged for ABYAH\\svc_backup"
 },
 {
  "@timestamp": "2021-01-20T12:50:34.337Z",
  "event_id": 7,
  "provider": "Microsoft-Windows-Sysmon",
  "source": "Sysmon",
  "computer_name": "CLIENT03",
  "message": "Image loaded:",
  "image": "C:\\Windows\\explorer.exe",
  "imageloaded": "C:\\Windows\\System32\\user32.dll",
  "processid": 9748
 },
 {
  "@timestamp": "2021-02-14T22:18:48.510Z",
  "event_id": 15,
  "provider": "Microsoft-Windows-Sysmon",
  "source": "Sysmon",
  "computer_name": "DEV-01",
  "message": "FileCreateStreamHash:",
  "image": "C:\\Windows\\System32\\spoolsv.exe",
  "targetfilename": "C:\\Users\\ABYAH\\jane.doe\\Downloads\\setup_3.exe:Zone.Identifier"
 },
 {
  "@timestamp": "2021-07-25T00:20:15.874Z",
  "event_id": 10,
  "provider": "Microsoft-Windows-Sysmon",
  "source": "Sysmon",
  "computer_name": "EXCH01",
  "message": "Sysmon event 10"
 },
 {
  "@timestamp": "2021-01-02T15:54:44.582Z",
  "event_id": 1,
  "provider": "Microsoft-Windows-Sysmon",
  "source": "Sysmon",
  "computer_name": "DC01",
  "message": "Process Create:",
  "image": "C:\\Program Files\\Microsoft Edge\\msedge.exe",
  "commandline": "\"C:\\Program Files\\Microsoft Edge\\msedge.exe\" --flag-9854 --config-4",
  "user": "LOCAL SERVICE",
  "processid": 2915
 },
 {
  "@timestamp": "2021-11-09T02:37:34.596Z",
  "event_id": 10,
  "provider": "Microsoft-Windows-Sysmon",
  "source": "Sysmon",
  "computer_name": "DEV-01",
  "message": "Sysmon event 10"
 },
 {
  "@timestamp": "2021-01-24T16:05:39.303Z",
  "event_id": 1,
  "provider": "Microsoft-Windows-Sysmon",
  "source": "Sysmon",
  "computer_name": "CLIENT04",
  "message": "Process Create:",
  "image": "C:\\Program Files\\Google\\Chrome\\chrome.exe",
  "commandline": "\"C:\\Program Files\\Google\\Chrome\\chrome.exe\" --flag-4782 --config-3",
  "user": "ABYAH\\bwilson",
  "processid": 3636
 },
 {
  "@timestamp": "2021-11-23T11:46:18.887Z",
  "event_id": 6005,
  "provider": "System",
  "source": "System",
  "computer_name": "CLIENT02",
  "message": "The Event log service was started."
 },
 {
  "@timestamp": "2021-08-23T19:53:11.397Z",
  "event_id": 1100,
  "provider": "Security-Auditing",
  "source": "Security-Auditing",
  "computer_name": "DEV-02",
  "message": "Security event 1100 occurred.",
  "details": "Event ID 1100 logged for ABYAH\\bwilson"
 },
 {
  "@timestamp": "2021-05-01T13:59:25.671Z",
  "event_id": 1100,
  "provider": "Security-Auditing",
  "source": "Security-Auditing",
  "computer_name": "IT-DESK-01",
  "message": "Security event 1100 occurred.",
  "details": "Event ID 1100 logged for ABYAH\\svc_backup"
 },
 {
  "@timestamp": "2021-02-07T15:27:38.644Z",
  "event_id": 6005,
  "provider": "System",
  "source": "System",
  "computer_name": "HR-DESK-01",
  "message": "The Event log service was started."
 },
 {
  "@timestamp": "2021-03-11T23:38:54.959Z",
  "event_id": 3,
  "provider": "Microsoft-Windows-Sysmon",
  "source": "Sysmon",
  "computer_name": "TEST-01",
  "message": "Network connection detected:",
  "image": "C:\\Program Files\\WindowsApps\\...\\RuntimeBroker.exe",
  "user": "LOCAL SERVICE",
  "destinationip": "1.1.1.1",
  "destinationport": "80",
  "protocol": "tcp"
 },
 {
  "@timestamp": "2021-10-03T05:32:04.280Z",
  "event_id": 1102,
  "provider": "Security-Auditing",
  "source": "Security-Auditing",
  "computer_name": "DC01",
  "message": "Security event 1102 occurred.",
  "details": "Event ID 1102 logged for ABYAH\\svc_monitor"
 },
 {
  "@timestamp": "2021-02-12T13:30:04.134Z",
  "event_id": 3,
  "provider": "Microsoft-Windows-Sysmon",
  "source": "Sysmon",
  "computer_name": "TEST-01",
  "message": "Network connection detected:",
  "image": "C:\\Program Files\\Microsoft Office\\root\\Office16\\WINWORD.EXE",
  "user": "ABYAH\\ogarcia",
  "destinationip": "1.1.1.1",
  "destinationport": "3389",
  "protocol": "tcp"
 },
 {
  "@timestamp": "2021-04-11T13:08:51.891Z",
  "event_id": 6006,
  "provider": "System",
  "source": "System",
  "computer_name": "EXCH01",
  "message": "The Event log service was stopped."
 },
 {
  "@timestamp": "2021-11-06T17:11:56.612Z",
  "event_id": 6005,
  "provider": "System",
  "source": "System",
  "computer_name": "DEV-01",
  "message": "The Event log service was started."
 },
 {
  "@timestamp": "2021-01-02T08:15:11.147Z",
  "event_id": 4634,
  "provider": "Security-Auditing",
  "source": "Security-Auditing",
  "computer_name": "APP01",
  "message": "An account was logged off.",
  "target_account_name": "bwilson"
 },
 {
  "@timestamp": "2021-11-04T04:18:30.732Z",
  "event_id": 4634,
  "provider": "Security-Auditing",
  "source": "Security-Auditing",
  "computer_name": "DEV-02",
  "message": "An account was logged off.",
  "target_account_name": "john.smith"
 },
 {
  "@timestamp": "2021-04-01T06:06:31.273Z",
  "event_id": 6013,
  "provider": "System",
  "source": "System",
  "computer_name": "DEV-02",
  "message": "The system uptime is 4570969 seconds."
 },
 {
  "@timestamp": "2021-04-16T13:56:56.798Z",
  "event_id": 4776,
  "provider": "Security-Auditing",
  "source": "Security-Auditing",
  "computer_name": "SQL01",
  "message": "The credential validation occurred.",
  "package_authentication_package": "MICROSOFT_AUTHENTICATION_PACKAGE_V1_0",
  "account_account_name": "svc_monitor",
  "computer_computer_name": "SQL01"
 },
 {
  "@timestamp": "2021-12-21T03:45:38.853Z",
  "event_id": 6005,
  "provider": "System",
  "source": "System",
  "computer_name": "CLIENT03",
  "message": "The Event log service was started."
 },
 {
  "@timestamp": "2021-02-20T04:00:32.839Z",
  "event_id": 4634,
  "provider": "Security-Auditing",
  "source": "Security-Auditing",
  "computer_name": "CLIENT04",
  "message": "An account was logged off.",
  "target_account_name": "john.smith"
 },
 {
  "@timestamp": "2021-06-03T18:16:02.482Z",
  "event_id": 10,
  "provider": "Microsoft-Windows-Sysmon",
  "source": "Sysmon",
  "computer_name": "DEV-02",
  "message": "Sysmon event 10"
 },
 {
  "@timestamp": "2021-12-09T01:59:56.201Z",
  "event_id": 10,
  "provider": "Microsoft-Windows-Sysmon",
  "source": "Sysmon",
  "computer_name": "EXCH01",
  "message": "Sysmon event 10"
 },
 {
  "@timestamp": "2021-08-23T19:39:30.268Z",
  "event_id": 1100,
  "provider": "Security-Auditing",
  "source": "Security-Auditing",
  "computer_name": "TEST-01",
  "message": "Security event 1100 occurred.",
  "details": "Event ID 1100 logged for ABYAH\\rbrown"
 },
 {
  "@timestamp": "2021-03-06T10:39:15.835Z",
  "event_id": 6006,
  "provider": "System",
  "source": "System",
  "computer_name": "DC02",
  "message": "The Event log service was stopped."
 },
 {
  "@timestamp": "2021-06-09T09:43:49.683Z",
  "event_id": 11,
  "provider": "Microsoft-Windows-Sysmon",
  "source": "Sysmon",
  "computer_name": "FILE01",
  "message": "File created:",
  "image": "C:\\Program Files\\Google\\Chrome\\chrome.exe",
  "targetfilename": "C:\\Users\\ABYAH\\svc_monitor\\Documents\\file_47.tmp",
  "processid": 6158
 },
